
==============================================

!Tue Mar 01 23:47:34 ICT 2022

Processing file SUBFLOW_UTIL_PROJECT\CHECK_EMPTY_SOAP_REQUEST_SUBFLOW.subflow.
Successfully added file SUBFLOW_UTIL_PROJECT\CHECK_EMPTY_SOAP_REQUEST_SUBFLOW.subflow to BAR file.

==============================================

!Tue Mar 01 23:47:34 ICT 2022

Processing file SUBFLOW_UTIL_PROJECT\CHECK_EMPTY_SOAP_SUBFLOW.subflow.
Successfully added file SUBFLOW_UTIL_PROJECT\CHECK_EMPTY_SOAP_SUBFLOW.subflow to BAR file.

==============================================

!Tue Mar 01 23:47:34 ICT 2022

Processing file SUBFLOW_UTIL_PROJECT\CHECK_EOD_SUBFLOW.esql.
Successfully added file SUBFLOW_UTIL_PROJECT\CHECK_EOD_SUBFLOW.esql to BAR file.

==============================================

!Tue Mar 01 23:47:34 ICT 2022

Processing file SUBFLOW_UTIL_PROJECT\CHECK_EOD_SUBFLOW.subflow.
Successfully added file SUBFLOW_UTIL_PROJECT\CHECK_EOD_SUBFLOW.subflow to BAR file.

==============================================

!Tue Mar 01 23:47:34 ICT 2022

Processing file SUBFLOW_UTIL_PROJECT\CHECK_EOD_WS_SUBFLOW.subflow.
Successfully added file SUBFLOW_UTIL_PROJECT\CHECK_EOD_WS_SUBFLOW.subflow to BAR file.

==============================================

!Tue Mar 01 23:47:34 ICT 2022

Processing file SUBFLOW_UTIL_PROJECT\DECRYPT_DOTNET_SOAP_SUBFLOW.esql.
Successfully added file SUBFLOW_UTIL_PROJECT\DECRYPT_DOTNET_SOAP_SUBFLOW.esql to BAR file.

==============================================

!Tue Mar 01 23:47:34 ICT 2022

Processing file SUBFLOW_UTIL_PROJECT\DECRYPT_DOTNET_SOAP_SUBFLOW.subflow.
Successfully added file SUBFLOW_UTIL_PROJECT\DECRYPT_DOTNET_SOAP_SUBFLOW.subflow to BAR file.

==============================================

!Tue Mar 01 23:47:34 ICT 2022

Processing file SUBFLOW_UTIL_PROJECT\DECRYPT_DOTNET_SUBFLOW.esql.
Successfully added file SUBFLOW_UTIL_PROJECT\DECRYPT_DOTNET_SUBFLOW.esql to BAR file.

==============================================

!Tue Mar 01 23:47:34 ICT 2022

Processing file SUBFLOW_UTIL_PROJECT\DECRYPT_DOTNET_SUBFLOW.subflow.
Successfully added file SUBFLOW_UTIL_PROJECT\DECRYPT_DOTNET_SUBFLOW.subflow to BAR file.

==============================================

!Tue Mar 01 23:47:34 ICT 2022

Processing file SUBFLOW_UTIL_PROJECT\ESQL_UTIL.esql.
Successfully added file SUBFLOW_UTIL_PROJECT\ESQL_UTIL.esql to BAR file.

==============================================

!Tue Mar 01 23:47:34 ICT 2022

Processing file SUBFLOW_UTIL_PROJECT\FAULT_MESSAGE.esql.
Successfully added file SUBFLOW_UTIL_PROJECT\FAULT_MESSAGE.esql to BAR file.

==============================================

!Tue Mar 01 23:47:34 ICT 2022

Processing file SUBFLOW_UTIL_PROJECT\FILTER_UTIL.esql.
Successfully added file SUBFLOW_UTIL_PROJECT\FILTER_UTIL.esql to BAR file.

==============================================

!Tue Mar 01 23:47:34 ICT 2022

Processing file SUBFLOW_UTIL_PROJECT\ISO_NETWORK_MANAGEMENT_SUBFLOW.subflow.
Successfully added file SUBFLOW_UTIL_PROJECT\ISO_NETWORK_MANAGEMENT_SUBFLOW.subflow to BAR file.

==============================================

!Tue Mar 01 23:47:34 ICT 2022

Processing file SUBFLOW_UTIL_PROJECT\ISO_UTIL.esql.
Successfully added file SUBFLOW_UTIL_PROJECT\ISO_UTIL.esql to BAR file.

==============================================

!Tue Mar 01 23:47:34 ICT 2022

Processing file SUBFLOW_UTIL_PROJECT\REVERSAL_QUEUE_SUBFLOW.subflow.
Successfully added file SUBFLOW_UTIL_PROJECT\REVERSAL_QUEUE_SUBFLOW.subflow to BAR file.

==============================================

!Tue Mar 01 23:47:34 ICT 2022

Processing file SUBFLOW_UTIL_PROJECT\WS_EXTRACT_SUBFLOW.subflow.
Successfully added file SUBFLOW_UTIL_PROJECT\WS_EXTRACT_SUBFLOW.subflow to BAR file.

==============================================

!Tue Mar 01 23:47:34 ICT 2022

Processing file SUBFLOW_UTIL_PROJECT\WS_LOG_ERROR.esql.
Successfully added file SUBFLOW_UTIL_PROJECT\WS_LOG_ERROR.esql to BAR file.

==============================================

!Tue Mar 01 23:47:34 ICT 2022

Processing file SUBFLOW_UTIL_PROJECT\WS_LOG_ERROR.subflow.
Successfully added file SUBFLOW_UTIL_PROJECT\WS_LOG_ERROR.subflow to BAR file.

==============================================

!Tue Mar 01 23:47:34 ICT 2022

Processing file SUBFLOW_UTIL_PROJECT\WS_MBASE_SUBFLOW.esql.
Successfully added file SUBFLOW_UTIL_PROJECT\WS_MBASE_SUBFLOW.esql to BAR file.

==============================================

!Tue Mar 01 23:47:34 ICT 2022

Processing file SUBFLOW_UTIL_PROJECT\WS_MBASE_SUBFLOW.subflow.
Successfully added file SUBFLOW_UTIL_PROJECT\WS_MBASE_SUBFLOW.subflow to BAR file.

==============================================

!Tue Mar 01 23:47:34 ICT 2022

Processing file SUBFLOW_UTIL_PROJECT\WS_ROUTER.esql.
Successfully added file SUBFLOW_UTIL_PROJECT\WS_ROUTER.esql to BAR file.

==============================================

!Tue Mar 01 23:47:34 ICT 2022

Processing file SUBFLOW_UTIL_PROJECT\WS_ROUTER_SUBFLOW.esql.
Successfully added file SUBFLOW_UTIL_PROJECT\WS_ROUTER_SUBFLOW.esql to BAR file.

==============================================

!Tue Mar 01 23:47:35 ICT 2022

Processing file SUBFLOW_UTIL_PROJECT\WS_ROUTER_SUBFLOW.subflow.
Successfully added file SUBFLOW_UTIL_PROJECT\WS_ROUTER_SUBFLOW.subflow to BAR file.

==============================================

!Tue Mar 01 23:47:35 ICT 2022

Processing file SUBFLOW_UTIL_PROJECT\WS_UTIL.esql.
Successfully added file SUBFLOW_UTIL_PROJECT\WS_UTIL.esql to BAR file.

==============================================

!Tue Mar 01 23:47:35 ICT 2022

Processing file SUBFLOW_UTIL_PROJECT\library.descriptor.
Successfully added file SUBFLOW_UTIL_PROJECT\library.descriptor to BAR file.
Elapsed time: 0.001 second(s).

Successfully added file SUBFLOW_UTIL_PROJECT\library.descriptor to BAR file.

==============================================

!Tue Mar 01 23:47:35 ICT 2022

Processing file SUBFLOW_UTIL_PROJECT\library.descriptor.
Successfully added file SUBFLOW_UTIL_PROJECT\library.descriptor to BAR file.
Elapsed time: 0 second(s).

Successfully added file SUBFLOW_UTIL_PROJECT\library.descriptor to BAR file.
