AMQCO2004I: Formatter started at:2:42:55 PM WIB Tuesday, August 6, 2024
8/6/24 14:42:55.808  AMQUT0007I: The java.util.logging configuration is now set to /opt/mqm/amqp/config/amqptraceOff.properties.
8/6/24 14:42:55.913  AMQXR0005I: Running com.ibm.mq.MQXRService.RunMQXRService version p920-L200709.
AMQCO2005I: Formatter stopped at:2:42:55 PM WIB Tuesday, August 6, 2024
AMQCO2004I: Formatter started at:2:42:55 PM WIB Tuesday, August 6, 2024
8/6/24 14:42:55.965  AMQUT0007I: The java.util.logging configuration is now set to /MQHA/PAYBROKERQM/data/PAYBROKER!QM/./amqp/amqptraceOff.properties.
8/6/24 14:42:57.165  AMQXR0015I: AMQP Service started successfully (0 channels running, 0 channels stopped). PID(1338).
AMQCO2004I: Formatter started at:12:17:59 PM WIB Saturday, August 10, 2024
8/10/24 12:17:59.437  AMQUT0007I: The java.util.logging configuration is now set to /opt/mqm/amqp/config/amqptraceOff.properties.
8/10/24 12:17:59.611  AMQXR0005I: Running com.ibm.mq.MQXRService.RunMQXRService version p920-L200709.
AMQCO2005I: Formatter stopped at:12:17:59 PM WIB Saturday, August 10, 2024
AMQCO2004I: Formatter started at:12:17:59 PM WIB Saturday, August 10, 2024
8/10/24 12:17:59.624  AMQUT0007I: The java.util.logging configuration is now set to /MQHA/PAYBROKERQM/data/PAYBROKER!QM/./amqp/amqptraceOff.properties.
8/10/24 12:18:01.924  AMQXR0015I: AMQP Service started successfully (0 channels running, 0 channels stopped). PID(926).
AMQCO2004I: Formatter started at:12:18:06 PM WIB Saturday, August 10, 2024
8/10/24 12:18:06.524  AMQUT0007I: The java.util.logging configuration is now set to /opt/mqm/amqp/config/amqptraceOff.properties.
8/10/24 12:18:06.621  AMQXR0005I: Running com.ibm.mq.MQXRService.RunMQXRService version p920-L200709.
AMQCO2005I: Formatter stopped at:12:18:06 PM WIB Saturday, August 10, 2024
AMQCO2004I: Formatter started at:12:18:06 PM WIB Saturday, August 10, 2024
8/10/24 12:18:06.626  AMQUT0007I: The java.util.logging configuration is now set to /MQHA/PAYBROKERQM/data/PAYBROKER!QM/./amqp/amqptraceOff.properties.
8/10/24 12:18:08.640  AMQXR0015I: AMQP Service started successfully (0 channels running, 0 channels stopped). PID(853).
AMQCO2004I: Formatter started at:12:18:12 PM WIB Saturday, August 10, 2024
8/10/24 12:18:12.101  AMQUT0007I: The java.util.logging configuration is now set to /opt/mqm/amqp/config/amqptraceOff.properties.
8/10/24 12:18:12.213  AMQXR0005I: Running com.ibm.mq.MQXRService.RunMQXRService version p920-L200709.
AMQCO2005I: Formatter stopped at:12:18:12 PM WIB Saturday, August 10, 2024
AMQCO2004I: Formatter started at:12:18:12 PM WIB Saturday, August 10, 2024
8/10/24 12:18:12.217  AMQUT0007I: The java.util.logging configuration is now set to /MQHA/PAYBROKERQM/data/PAYBROKER!QM/./amqp/amqptraceOff.properties.
8/10/24 12:18:14.351  AMQXR0015I: AMQP Service started successfully (0 channels running, 0 channels stopped). PID(831).
AMQCO2004I: Formatter started at:12:18:18 PM WIB Saturday, August 10, 2024
8/10/24 12:18:18.328  AMQUT0007I: The java.util.logging configuration is now set to /opt/mqm/amqp/config/amqptraceOff.properties.
8/10/24 12:18:18.463  AMQXR0005I: Running com.ibm.mq.MQXRService.RunMQXRService version p920-L200709.
AMQCO2005I: Formatter stopped at:12:18:18 PM WIB Saturday, August 10, 2024
AMQCO2004I: Formatter started at:12:18:18 PM WIB Saturday, August 10, 2024
8/10/24 12:18:18.469  AMQUT0007I: The java.util.logging configuration is now set to /MQHA/PAYBROKERQM/data/PAYBROKER!QM/./amqp/amqptraceOff.properties.
8/10/24 12:18:20.432  AMQXR0015I: AMQP Service started successfully (0 channels running, 0 channels stopped). PID(852).
AMQCO2004I: Formatter started at:12:18:24 PM WIB Saturday, August 10, 2024
8/10/24 12:18:24.767  AMQUT0007I: The java.util.logging configuration is now set to /opt/mqm/amqp/config/amqptraceOff.properties.
8/10/24 12:18:24.892  AMQXR0005I: Running com.ibm.mq.MQXRService.RunMQXRService version p920-L200709.
AMQCO2005I: Formatter stopped at:12:18:24 PM WIB Saturday, August 10, 2024
AMQCO2004I: Formatter started at:12:18:24 PM WIB Saturday, August 10, 2024
8/10/24 12:18:24.897  AMQUT0007I: The java.util.logging configuration is now set to /MQHA/PAYBROKERQM/data/PAYBROKER!QM/./amqp/amqptraceOff.properties.
8/10/24 12:18:26.955  AMQXR0015I: AMQP Service started successfully (0 channels running, 0 channels stopped). PID(849).
AMQCO2004I: Formatter started at:12:18:32 PM WIB Saturday, August 10, 2024
8/10/24 12:18:32.723  AMQUT0007I: The java.util.logging configuration is now set to /opt/mqm/amqp/config/amqptraceOff.properties.
8/10/24 12:18:32.881  AMQXR0005I: Running com.ibm.mq.MQXRService.RunMQXRService version p920-L200709.
AMQCO2005I: Formatter stopped at:12:18:32 PM WIB Saturday, August 10, 2024
AMQCO2004I: Formatter started at:12:18:32 PM WIB Saturday, August 10, 2024
8/10/24 12:18:32.887  AMQUT0007I: The java.util.logging configuration is now set to /MQHA/PAYBROKERQM/data/PAYBROKER!QM/./amqp/amqptraceOff.properties.
8/10/24 12:18:35.354  AMQXR0015I: AMQP Service started successfully (0 channels running, 0 channels stopped). PID(852).
AMQCO2004I: Formatter started at:12:18:43 PM WIB Saturday, August 10, 2024
8/10/24 12:18:43.174  AMQUT0007I: The java.util.logging configuration is now set to /opt/mqm/amqp/config/amqptraceOff.properties.
8/10/24 12:18:43.343  AMQXR0005I: Running com.ibm.mq.MQXRService.RunMQXRService version p920-L200709.
AMQCO2005I: Formatter stopped at:12:18:43 PM WIB Saturday, August 10, 2024
AMQCO2004I: Formatter started at:12:18:43 PM WIB Saturday, August 10, 2024
8/10/24 12:18:43.351  AMQUT0007I: The java.util.logging configuration is now set to /MQHA/PAYBROKERQM/data/PAYBROKER!QM/./amqp/amqptraceOff.properties.
8/10/24 12:18:46.044  AMQXR0015I: AMQP Service started successfully (0 channels running, 0 channels stopped). PID(852).
AMQCO2004I: Formatter started at:12:18:57 PM WIB Saturday, August 10, 2024
8/10/24 12:18:57.502  AMQUT0007I: The java.util.logging configuration is now set to /opt/mqm/amqp/config/amqptraceOff.properties.
8/10/24 12:18:57.652  AMQXR0005I: Running com.ibm.mq.MQXRService.RunMQXRService version p920-L200709.
AMQCO2005I: Formatter stopped at:12:18:57 PM WIB Saturday, August 10, 2024
AMQCO2004I: Formatter started at:12:18:57 PM WIB Saturday, August 10, 2024
8/10/24 12:18:57.657  AMQUT0007I: The java.util.logging configuration is now set to /MQHA/PAYBROKERQM/data/PAYBROKER!QM/./amqp/amqptraceOff.properties.
8/10/24 12:19:00.416  AMQXR0015I: AMQP Service started successfully (0 channels running, 0 channels stopped). PID(853).
AMQCO2004I: Formatter started at:12:19:18 PM WIB Saturday, August 10, 2024
8/10/24 12:19:18.348  AMQUT0007I: The java.util.logging configuration is now set to /opt/mqm/amqp/config/amqptraceOff.properties.
8/10/24 12:19:18.547  AMQXR0005I: Running com.ibm.mq.MQXRService.RunMQXRService version p920-L200709.
AMQCO2005I: Formatter stopped at:12:19:18 PM WIB Saturday, August 10, 2024
AMQCO2004I: Formatter started at:12:19:18 PM WIB Saturday, August 10, 2024
8/10/24 12:19:18.554  AMQUT0007I: The java.util.logging configuration is now set to /MQHA/PAYBROKERQM/data/PAYBROKER!QM/./amqp/amqptraceOff.properties.
8/10/24 12:19:21.078  AMQXR0015I: AMQP Service started successfully (0 channels running, 0 channels stopped). PID(848).
AMQCO2004I: Formatter started at:12:19:52 PM WIB Saturday, August 10, 2024
8/10/24 12:19:52.015  AMQUT0007I: The java.util.logging configuration is now set to /opt/mqm/amqp/config/amqptraceOff.properties.
8/10/24 12:19:52.193  AMQXR0005I: Running com.ibm.mq.MQXRService.RunMQXRService version p920-L200709.
AMQCO2005I: Formatter stopped at:12:19:52 PM WIB Saturday, August 10, 2024
AMQCO2004I: Formatter started at:12:19:52 PM WIB Saturday, August 10, 2024
8/10/24 12:19:52.201  AMQUT0007I: The java.util.logging configuration is now set to /MQHA/PAYBROKERQM/data/PAYBROKER!QM/./amqp/amqptraceOff.properties.
8/10/24 12:19:54.858  AMQXR0015I: AMQP Service started successfully (0 channels running, 0 channels stopped). PID(851).
AMQCO2004I: Formatter started at:12:20:24 PM WIB Saturday, August 10, 2024
8/10/24 12:20:24.204  AMQUT0007I: The java.util.logging configuration is now set to /opt/mqm/amqp/config/amqptraceOff.properties.
8/10/24 12:20:24.381  AMQXR0005I: Running com.ibm.mq.MQXRService.RunMQXRService version p920-L200709.
AMQCO2005I: Formatter stopped at:12:20:24 PM WIB Saturday, August 10, 2024
AMQCO2004I: Formatter started at:12:20:24 PM WIB Saturday, August 10, 2024
8/10/24 12:20:24.389  AMQUT0007I: The java.util.logging configuration is now set to /MQHA/PAYBROKERQM/data/PAYBROKER!QM/./amqp/amqptraceOff.properties.
8/10/24 12:20:26.773  AMQXR0015I: AMQP Service started successfully (0 channels running, 0 channels stopped). PID(824).
AMQCO2004I: Formatter started at:12:37:56 PM WIB Saturday, August 10, 2024
8/10/24 12:37:56.795  AMQUT0007I: The java.util.logging configuration is now set to /opt/mqm/amqp/config/amqptraceOff.properties.
8/10/24 12:37:56.963  AMQXR0005I: Running com.ibm.mq.MQXRService.RunMQXRService version p920-L200709.
AMQCO2005I: Formatter stopped at:12:37:56 PM WIB Saturday, August 10, 2024
AMQCO2004I: Formatter started at:12:37:56 PM WIB Saturday, August 10, 2024
8/10/24 12:37:56.969  AMQUT0007I: The java.util.logging configuration is now set to /MQHA/PAYBROKERQM/data/PAYBROKER!QM/./amqp/amqptraceOff.properties.
8/10/24 12:37:59.388  AMQXR0015I: AMQP Service started successfully (0 channels running, 0 channels stopped). PID(824).
AMQCO2004I: Formatter started at:1:33:13 PM WIB Saturday, August 10, 2024
8/10/24 13:33:13.284  AMQUT0007I: The java.util.logging configuration is now set to /opt/mqm/amqp/config/amqptraceOff.properties.
8/10/24 13:33:16.176  AMQXR0005I: Running com.ibm.mq.MQXRService.RunMQXRService version p920-L200709.
AMQCO2005I: Formatter stopped at:1:33:16 PM WIB Saturday, August 10, 2024
AMQCO2004I: Formatter started at:1:33:16 PM WIB Saturday, August 10, 2024
8/10/24 13:33:16.296  AMQUT0007I: The java.util.logging configuration is now set to /MQHA/PAYBROKERQM/data/PAYBROKER!QM/./amqp/amqptraceOff.properties.
8/10/24 13:33:54.753  AMQXR0015I: AMQP Service started successfully (0 channels running, 0 channels stopped). PID(824).
AMQCO2004I: Formatter started at:1:42:43 PM WIB Saturday, August 10, 2024
8/10/24 13:42:43.010  AMQUT0007I: The java.util.logging configuration is now set to /opt/mqm/amqp/config/amqptraceOff.properties.
8/10/24 13:42:43.186  AMQXR0005I: Running com.ibm.mq.MQXRService.RunMQXRService version p920-L200709.
AMQCO2005I: Formatter stopped at:1:42:43 PM WIB Saturday, August 10, 2024
AMQCO2004I: Formatter started at:1:42:43 PM WIB Saturday, August 10, 2024
8/10/24 13:42:43.194  AMQUT0007I: The java.util.logging configuration is now set to /MQHA/PAYBROKERQM/data/PAYBROKER!QM/./amqp/amqptraceOff.properties.
8/10/24 13:42:46.101  AMQXR0015I: AMQP Service started successfully (0 channels running, 0 channels stopped). PID(880).
AMQCO2004I: Formatter started at:12:54:11 AM WIB Sunday, August 11, 2024
8/11/24 00:54:11.009  AMQUT0007I: The java.util.logging configuration is now set to /opt/mqm/amqp/config/amqptraceOff.properties.
8/11/24 00:54:11.134  AMQXR0005I: Running com.ibm.mq.MQXRService.RunMQXRService version p920-L200709.
AMQCO2005I: Formatter stopped at:12:54:11 AM WIB Sunday, August 11, 2024
AMQCO2004I: Formatter started at:12:54:11 AM WIB Sunday, August 11, 2024
8/11/24 00:54:11.138  AMQUT0007I: The java.util.logging configuration is now set to /MQHA/PAYBROKERQM/data/PAYBROKER!QM/./amqp/amqptraceOff.properties.
8/11/24 00:54:12.924  AMQXR0015I: AMQP Service started successfully (0 channels running, 0 channels stopped). PID(879).
AMQCO2004I: Formatter started at:2:41:57 AM WIB Sunday, August 11, 2024
8/11/24 02:41:57.139  AMQUT0007I: The java.util.logging configuration is now set to /opt/mqm/amqp/config/amqptraceOff.properties.
8/11/24 02:41:57.326  AMQXR0005I: Running com.ibm.mq.MQXRService.RunMQXRService version p920-L200709.
AMQCO2005I: Formatter stopped at:2:41:57 AM WIB Sunday, August 11, 2024
AMQCO2004I: Formatter started at:2:41:57 AM WIB Sunday, August 11, 2024
8/11/24 02:41:57.334  AMQUT0007I: The java.util.logging configuration is now set to /MQHA/PAYBROKERQM/data/PAYBROKER!QM/./amqp/amqptraceOff.properties.
8/11/24 02:42:00.318  AMQXR0015I: AMQP Service started successfully (0 channels running, 0 channels stopped). PID(822).
AMQCO2004I: Formatter started at:12:28:16 PM WIB Sunday, August 11, 2024
8/11/24 12:28:16.517  AMQUT0007I: The java.util.logging configuration is now set to /opt/mqm/amqp/config/amqptraceOff.properties.
8/11/24 12:28:16.668  AMQXR0005I: Running com.ibm.mq.MQXRService.RunMQXRService version p920-L200709.
AMQCO2005I: Formatter stopped at:12:28:16 PM WIB Sunday, August 11, 2024
AMQCO2004I: Formatter started at:12:28:16 PM WIB Sunday, August 11, 2024
8/11/24 12:28:16.673  AMQUT0007I: The java.util.logging configuration is now set to /MQHA/PAYBROKERQM/data/PAYBROKER!QM/./amqp/amqptraceOff.properties.
8/11/24 12:28:18.853  AMQXR0015I: AMQP Service started successfully (0 channels running, 0 channels stopped). PID(823).
AMQCO2004I: Formatter started at:3:51:21 PM WIB Sunday, August 11, 2024
8/11/24 15:51:21.085  AMQUT0007I: The java.util.logging configuration is now set to /opt/mqm/amqp/config/amqptraceOff.properties.
8/11/24 15:51:24.387  AMQXR0005I: Running com.ibm.mq.MQXRService.RunMQXRService version p920-L200709.
AMQCO2005I: Formatter stopped at:3:51:24 PM WIB Sunday, August 11, 2024
AMQCO2004I: Formatter started at:3:51:24 PM WIB Sunday, August 11, 2024
8/11/24 15:51:24.530  AMQUT0007I: The java.util.logging configuration is now set to /MQHA/PAYBROKERQM/data/PAYBROKER!QM/./amqp/amqptraceOff.properties.
8/11/24 15:52:07.440  AMQXR0015I: AMQP Service started successfully (0 channels running, 0 channels stopped). PID(804).
AMQCO2004I: Formatter started at:10:27:04 PM WIB Monday, August 12, 2024
8/12/24 22:27:04.829  AMQUT0007I: The java.util.logging configuration is now set to /opt/mqm/amqp/config/amqptraceOff.properties.
8/12/24 22:27:04.956  AMQXR0005I: Running com.ibm.mq.MQXRService.RunMQXRService version p920-L200709.
AMQCO2005I: Formatter stopped at:10:27:04 PM WIB Monday, August 12, 2024
AMQCO2004I: Formatter started at:10:27:04 PM WIB Monday, August 12, 2024
8/12/24 22:27:04.961  AMQUT0007I: The java.util.logging configuration is now set to /MQHA/PAYBROKERQM/data/PAYBROKER!QM/./amqp/amqptraceOff.properties.
8/12/24 22:27:06.756  AMQXR0015I: AMQP Service started successfully (0 channels running, 0 channels stopped). PID(821).
AMQCO2004I: Formatter started at:11:48:20 PM WIB Saturday, August 17, 2024
8/17/24 23:48:20.399  AMQUT0007I: The java.util.logging configuration is now set to /opt/mqm/amqp/config/amqptraceOff.properties.
8/17/24 23:48:20.573  AMQXR0005I: Running com.ibm.mq.MQXRService.RunMQXRService version p920-L200709.
AMQCO2005I: Formatter stopped at:11:48:20 PM WIB Saturday, August 17, 2024
AMQCO2004I: Formatter started at:11:48:20 PM WIB Saturday, August 17, 2024
8/17/24 23:48:20.579  AMQUT0007I: The java.util.logging configuration is now set to /MQHA/PAYBROKERQM/data/PAYBROKER!QM/./amqp/amqptraceOff.properties.
8/17/24 23:48:22.785  AMQXR0015I: AMQP Service started successfully (0 channels running, 0 channels stopped). PID(879).
AMQCO2004I: Formatter started at:11:51:10 PM WIB Saturday, August 17, 2024
8/17/24 23:51:10.658  AMQUT0007I: The java.util.logging configuration is now set to /opt/mqm/amqp/config/amqptraceOff.properties.
8/17/24 23:51:10.925  AMQXR0005I: Running com.ibm.mq.MQXRService.RunMQXRService version p920-L200709.
AMQCO2005I: Formatter stopped at:11:51:10 PM WIB Saturday, August 17, 2024
AMQCO2004I: Formatter started at:11:51:10 PM WIB Saturday, August 17, 2024
8/17/24 23:51:10.939  AMQUT0007I: The java.util.logging configuration is now set to /MQHA/PAYBROKERQM/data/PAYBROKER!QM/./amqp/amqptraceOff.properties.
8/17/24 23:51:13.533  AMQXR0015I: AMQP Service started successfully (0 channels running, 0 channels stopped). PID(808).
AMQCO2004I: Formatter started at:12:08:55 AM WIB Sunday, August 18, 2024
8/18/24 00:08:55.711  AMQUT0007I: The java.util.logging configuration is now set to /opt/mqm/amqp/config/amqptraceOff.properties.
8/18/24 00:08:55.947  AMQXR0005I: Running com.ibm.mq.MQXRService.RunMQXRService version p920-L200709.
AMQCO2005I: Formatter stopped at:12:08:55 AM WIB Sunday, August 18, 2024
AMQCO2004I: Formatter started at:12:08:55 AM WIB Sunday, August 18, 2024
8/18/24 00:08:55.971  AMQUT0007I: The java.util.logging configuration is now set to /MQHA/PAYBROKERQM/data/PAYBROKER!QM/./amqp/amqptraceOff.properties.
8/18/24 00:09:00.012  AMQXR0015I: AMQP Service started successfully (0 channels running, 0 channels stopped). PID(823).
AMQCO2004I: Formatter started at:11:22:22 AM WIB Tuesday, August 20, 2024
8/20/24 11:22:22.956  AMQUT0007I: The java.util.logging configuration is now set to /opt/mqm/amqp/config/amqptraceOff.properties.
8/20/24 11:22:23.087  AMQXR0005I: Running com.ibm.mq.MQXRService.RunMQXRService version p920-L200709.
AMQCO2005I: Formatter stopped at:11:22:23 AM WIB Tuesday, August 20, 2024
AMQCO2004I: Formatter started at:11:22:23 AM WIB Tuesday, August 20, 2024
8/20/24 11:22:23.092  AMQUT0007I: The java.util.logging configuration is now set to /MQHA/PAYBROKERQM/data/PAYBROKER!QM/./amqp/amqptraceOff.properties.
8/20/24 11:22:25.463  AMQXR0015I: AMQP Service started successfully (0 channels running, 0 channels stopped). PID(824).
AMQCO2004I: Formatter started at:2:42:41 PM WIB Tuesday, August 20, 2024
8/20/24 14:42:41.552  AMQUT0007I: The java.util.logging configuration is now set to /opt/mqm/amqp/config/amqptraceOff.properties.
8/20/24 14:42:41.726  AMQXR0005I: Running com.ibm.mq.MQXRService.RunMQXRService version p920-L200709.
AMQCO2005I: Formatter stopped at:2:42:41 PM WIB Tuesday, August 20, 2024
AMQCO2004I: Formatter started at:2:42:41 PM WIB Tuesday, August 20, 2024
8/20/24 14:42:41.734  AMQUT0007I: The java.util.logging configuration is now set to /MQHA/PAYBROKERQM/data/PAYBROKER!QM/./amqp/amqptraceOff.properties.
8/20/24 14:42:44.722  AMQXR0015I: AMQP Service started successfully (0 channels running, 0 channels stopped). PID(820).
AMQCO2004I: Formatter started at:2:54:29 AM WIB Sunday, August 25, 2024
8/25/24 02:54:29.535  AMQUT0007I: The java.util.logging configuration is now set to /opt/mqm/amqp/config/amqptraceOff.properties.
8/25/24 02:54:29.692  AMQXR0005I: Running com.ibm.mq.MQXRService.RunMQXRService version p920-L200709.
AMQCO2005I: Formatter stopped at:2:54:29 AM WIB Sunday, August 25, 2024
AMQCO2004I: Formatter started at:2:54:29 AM WIB Sunday, August 25, 2024
8/25/24 02:54:29.697  AMQUT0007I: The java.util.logging configuration is now set to /MQHA/PAYBROKERQM/data/PAYBROKER!QM/./amqp/amqptraceOff.properties.
8/25/24 02:54:32.384  AMQXR0015I: AMQP Service started successfully (0 channels running, 0 channels stopped). PID(827).
AMQCO2004I: Formatter started at:11:59:35 AM WIB Sunday, August 25, 2024
8/25/24 11:59:35.818  AMQUT0007I: The java.util.logging configuration is now set to /opt/mqm/amqp/config/amqptraceOff.properties.
8/25/24 11:59:35.944  AMQXR0005I: Running com.ibm.mq.MQXRService.RunMQXRService version p920-L200709.
AMQCO2005I: Formatter stopped at:11:59:35 AM WIB Sunday, August 25, 2024
AMQCO2004I: Formatter started at:11:59:35 AM WIB Sunday, August 25, 2024
8/25/24 11:59:35.948  AMQUT0007I: The java.util.logging configuration is now set to /MQHA/PAYBROKERQM/data/PAYBROKER!QM/./amqp/amqptraceOff.properties.
8/25/24 11:59:37.536  AMQXR0015I: AMQP Service started successfully (0 channels running, 0 channels stopped). PID(880).
AMQCO2004I: Formatter started at:12:11:59 PM WIB Sunday, August 25, 2024
8/25/24 12:11:59.593  AMQUT0007I: The java.util.logging configuration is now set to /opt/mqm/amqp/config/amqptraceOff.properties.
8/25/24 12:11:59.759  AMQXR0005I: Running com.ibm.mq.MQXRService.RunMQXRService version p920-L200709.
AMQCO2005I: Formatter stopped at:12:11:59 PM WIB Sunday, August 25, 2024
AMQCO2004I: Formatter started at:12:11:59 PM WIB Sunday, August 25, 2024
8/25/24 12:11:59.780  AMQUT0007I: The java.util.logging configuration is now set to /MQHA/PAYBROKERQM/data/PAYBROKER!QM/./amqp/amqptraceOff.properties.
8/25/24 12:12:02.096  AMQXR0015I: AMQP Service started successfully (0 channels running, 0 channels stopped). PID(809).
AMQCO2004I: Formatter started at:12:20:19 PM WIB Sunday, August 25, 2024
8/25/24 12:20:19.688  AMQUT0007I: The java.util.logging configuration is now set to /opt/mqm/amqp/config/amqptraceOff.properties.
8/25/24 12:20:19.881  AMQXR0005I: Running com.ibm.mq.MQXRService.RunMQXRService version p920-L200709.
AMQCO2005I: Formatter stopped at:12:20:19 PM WIB Sunday, August 25, 2024
AMQCO2004I: Formatter started at:12:20:19 PM WIB Sunday, August 25, 2024
8/25/24 12:20:19.888  AMQUT0007I: The java.util.logging configuration is now set to /MQHA/PAYBROKERQM/data/PAYBROKER!QM/./amqp/amqptraceOff.properties.
8/25/24 12:20:22.487  AMQXR0015I: AMQP Service started successfully (0 channels running, 0 channels stopped). PID(823).
AMQCO2004I: Formatter started at:12:24:36 PM WIB Sunday, August 25, 2024
8/25/24 12:24:36.591  AMQUT0007I: The java.util.logging configuration is now set to /opt/mqm/amqp/config/amqptraceOff.properties.
8/25/24 12:24:36.793  AMQXR0005I: Running com.ibm.mq.MQXRService.RunMQXRService version p920-L200709.
AMQCO2005I: Formatter stopped at:12:24:36 PM WIB Sunday, August 25, 2024
AMQCO2004I: Formatter started at:12:24:36 PM WIB Sunday, August 25, 2024
8/25/24 12:24:36.802  AMQUT0007I: The java.util.logging configuration is now set to /MQHA/PAYBROKERQM/data/PAYBROKER!QM/./amqp/amqptraceOff.properties.
8/25/24 12:24:39.210  AMQXR0015I: AMQP Service started successfully (0 channels running, 0 channels stopped). PID(809).
AMQCO2004I: Formatter started at:11:02:43 AM WIB Tuesday, August 27, 2024
8/27/24 11:02:43.347  AMQUT0007I: The java.util.logging configuration is now set to /opt/mqm/amqp/config/amqptraceOff.properties.
8/27/24 11:02:43.468  AMQXR0005I: Running com.ibm.mq.MQXRService.RunMQXRService version p920-L200709.
AMQCO2005I: Formatter stopped at:11:02:43 AM WIB Tuesday, August 27, 2024
AMQCO2004I: Formatter started at:11:02:43 AM WIB Tuesday, August 27, 2024
8/27/24 11:02:43.473  AMQUT0007I: The java.util.logging configuration is now set to /MQHA/PAYBROKERQM/data/PAYBROKER!QM/./amqp/amqptraceOff.properties.
8/27/24 11:02:45.717  AMQXR0015I: AMQP Service started successfully (0 channels running, 0 channels stopped). PID(878).
AMQCO2004I: Formatter started at:2:56:20 PM WIB Saturday, August 31, 2024
8/31/24 14:56:20.902  AMQUT0007I: The java.util.logging configuration is now set to /opt/mqm/amqp/config/amqptraceOff.properties.
8/31/24 14:56:21.057  AMQXR0005I: Running com.ibm.mq.MQXRService.RunMQXRService version p920-L200709.
AMQCO2005I: Formatter stopped at:2:56:21 PM WIB Saturday, August 31, 2024
AMQCO2004I: Formatter started at:2:56:21 PM WIB Saturday, August 31, 2024
8/31/24 14:56:21.063  AMQUT0007I: The java.util.logging configuration is now set to /MQHA/PAYBROKERQM/data/PAYBROKER!QM/./amqp/amqptraceOff.properties.
8/31/24 14:56:23.472  AMQXR0015I: AMQP Service started successfully (0 channels running, 0 channels stopped). PID(883).
AMQCO2004I: Formatter started at:7:51:26 PM WIB Sunday, September 1, 2024
9/1/24 19:51:26.947  AMQUT0007I: The java.util.logging configuration is now set to /opt/mqm/amqp/config/amqptraceOff.properties.
9/1/24 19:51:27.071  AMQXR0005I: Running com.ibm.mq.MQXRService.RunMQXRService version p920-L200709.
AMQCO2005I: Formatter stopped at:7:51:27 PM WIB Sunday, September 1, 2024
AMQCO2004I: Formatter started at:7:51:27 PM WIB Sunday, September 1, 2024
9/1/24 19:51:27.075  AMQUT0007I: The java.util.logging configuration is now set to /MQHA/PAYBROKERQM/data/PAYBROKER!QM/./amqp/amqptraceOff.properties.
9/1/24 19:51:29.966  AMQXR0015I: AMQP Service started successfully (0 channels running, 0 channels stopped). PID(834).
AMQCO2004I: Formatter started at:2:55:26 AM WIB Tuesday, September 3, 2024
9/3/24 02:55:26.227  AMQUT0007I: The java.util.logging configuration is now set to /opt/mqm/amqp/config/amqptraceOff.properties.
9/3/24 02:55:26.413  AMQXR0005I: Running com.ibm.mq.MQXRService.RunMQXRService version p920-L200709.
AMQCO2005I: Formatter stopped at:2:55:26 AM WIB Tuesday, September 3, 2024
AMQCO2004I: Formatter started at:2:55:26 AM WIB Tuesday, September 3, 2024
9/3/24 02:55:26.427  AMQUT0007I: The java.util.logging configuration is now set to /MQHA/PAYBROKERQM/data/PAYBROKER!QM/./amqp/amqptraceOff.properties.
9/3/24 02:55:29.367  AMQXR0015I: AMQP Service started successfully (0 channels running, 0 channels stopped). PID(880).
AMQCO2004I: Formatter started at:7:55:49 PM WIB Tuesday, September 3, 2024
9/3/24 19:55:49.789  AMQUT0007I: The java.util.logging configuration is now set to /opt/mqm/amqp/config/amqptraceOff.properties.
9/3/24 19:55:49.999  AMQXR0005I: Running com.ibm.mq.MQXRService.RunMQXRService version p920-L200709.
AMQCO2005I: Formatter stopped at:7:55:50 PM WIB Tuesday, September 3, 2024
AMQCO2004I: Formatter started at:7:55:50 PM WIB Tuesday, September 3, 2024
9/3/24 19:55:50.012  AMQUT0007I: The java.util.logging configuration is now set to /MQHA/PAYBROKERQM/data/PAYBROKER!QM/./amqp/amqptraceOff.properties.
9/3/24 19:55:52.887  AMQXR0015I: AMQP Service started successfully (0 channels running, 0 channels stopped). PID(882).
AMQCO2004I: Formatter started at:10:36:31 AM WIB Monday, September 9, 2024
9/9/24 10:36:30.984  AMQUT0007I: The java.util.logging configuration is now set to /opt/mqm/amqp/config/amqptraceOff.properties.
9/9/24 10:36:31.217  AMQXR0005I: Running com.ibm.mq.MQXRService.RunMQXRService version p920-L200709.
AMQCO2005I: Formatter stopped at:10:36:31 AM WIB Monday, September 9, 2024
AMQCO2004I: Formatter started at:10:36:31 AM WIB Monday, September 9, 2024
9/9/24 10:36:31.245  AMQUT0007I: The java.util.logging configuration is now set to /MQHA/PAYBROKERQM/data/PAYBROKER!QM/./amqp/amqptraceOff.properties.
9/9/24 10:36:34.746  AMQXR0015I: AMQP Service started successfully (0 channels running, 0 channels stopped). PID(886).
AMQCO2004I: Formatter started at:11:07:43 AM WIB Monday, September 9, 2024
9/9/24 11:07:43.124  AMQUT0007I: The java.util.logging configuration is now set to /opt/mqm/amqp/config/amqptraceOff.properties.
9/9/24 11:07:43.344  AMQXR0005I: Running com.ibm.mq.MQXRService.RunMQXRService version p920-L200709.
AMQCO2005I: Formatter stopped at:11:07:43 AM WIB Monday, September 9, 2024
AMQCO2004I: Formatter started at:11:07:43 AM WIB Monday, September 9, 2024
9/9/24 11:07:43.357  AMQUT0007I: The java.util.logging configuration is now set to /MQHA/PAYBROKERQM/data/PAYBROKER!QM/./amqp/amqptraceOff.properties.
9/9/24 11:07:46.459  AMQXR0015I: AMQP Service started successfully (0 channels running, 0 channels stopped). PID(836).
AMQCO2004I: Formatter started at:4:45:20 PM WIB Friday, September 13, 2024
9/13/24 16:45:20.655  AMQUT0007I: The java.util.logging configuration is now set to /opt/mqm/amqp/config/amqptraceOff.properties.
9/13/24 16:45:20.844  AMQXR0005I: Running com.ibm.mq.MQXRService.RunMQXRService version p920-L200709.
AMQCO2005I: Formatter stopped at:4:45:20 PM WIB Friday, September 13, 2024
AMQCO2004I: Formatter started at:4:45:20 PM WIB Friday, September 13, 2024
9/13/24 16:45:20.850  AMQUT0007I: The java.util.logging configuration is now set to /MQHA/PAYBROKERQM/data/PAYBROKER!QM/./amqp/amqptraceOff.properties.
9/13/24 16:45:24.425  AMQXR0015I: AMQP Service started successfully (0 channels running, 0 channels stopped). PID(836).
AMQCO2004I: Formatter started at:8:38:21 PM WIB Friday, September 13, 2024
9/13/24 20:38:21.768  AMQUT0007I: The java.util.logging configuration is now set to /opt/mqm/amqp/config/amqptraceOff.properties.
9/13/24 20:38:21.967  AMQXR0005I: Running com.ibm.mq.MQXRService.RunMQXRService version p920-L200709.
AMQCO2005I: Formatter stopped at:8:38:21 PM WIB Friday, September 13, 2024
AMQCO2004I: Formatter started at:8:38:21 PM WIB Friday, September 13, 2024
9/13/24 20:38:21.988  AMQUT0007I: The java.util.logging configuration is now set to /MQHA/PAYBROKERQM/data/PAYBROKER!QM/./amqp/amqptraceOff.properties.
9/13/24 20:38:25.440  AMQXR0015I: AMQP Service started successfully (0 channels running, 0 channels stopped). PID(884).
AMQCO2004I: Formatter started at:8:13:53 PM WIB Monday, September 16, 2024
9/16/24 20:13:53.369  AMQUT0007I: The java.util.logging configuration is now set to /opt/mqm/amqp/config/amqptraceOff.properties.
9/16/24 20:13:53.553  AMQXR0005I: Running com.ibm.mq.MQXRService.RunMQXRService version p920-L200709.
AMQCO2005I: Formatter stopped at:8:13:53 PM WIB Monday, September 16, 2024
AMQCO2004I: Formatter started at:8:13:53 PM WIB Monday, September 16, 2024
9/16/24 20:13:53.568  AMQUT0007I: The java.util.logging configuration is now set to /MQHA/PAYBROKERQM/data/PAYBROKER!QM/./amqp/amqptraceOff.properties.
9/16/24 20:13:56.728  AMQXR0015I: AMQP Service started successfully (0 channels running, 0 channels stopped). PID(839).
AMQCO2004I: Formatter started at:12:11:54 AM WIB Friday, September 20, 2024
9/20/24 00:11:54.353  AMQUT0007I: The java.util.logging configuration is now set to /opt/mqm/amqp/config/amqptraceOff.properties.
9/20/24 00:11:54.550  AMQXR0005I: Running com.ibm.mq.MQXRService.RunMQXRService version p920-L200709.
AMQCO2005I: Formatter stopped at:12:11:54 AM WIB Friday, September 20, 2024
AMQCO2004I: Formatter started at:12:11:54 AM WIB Friday, September 20, 2024
9/20/24 00:11:54.556  AMQUT0007I: The java.util.logging configuration is now set to /MQHA/PAYBROKERQM/data/PAYBROKER!QM/./amqp/amqptraceOff.properties.
9/20/24 00:11:57.413  AMQXR0015I: AMQP Service started successfully (0 channels running, 0 channels stopped). PID(885).
AMQCO2004I: Formatter started at:6:02:06 AM WIB Saturday, September 21, 2024
9/21/24 06:02:06.922  AMQUT0007I: The java.util.logging configuration is now set to /opt/mqm/amqp/config/amqptraceOff.properties.
9/21/24 06:02:07.151  AMQXR0005I: Running com.ibm.mq.MQXRService.RunMQXRService version p920-L200709.
AMQCO2005I: Formatter stopped at:6:02:07 AM WIB Saturday, September 21, 2024
AMQCO2004I: Formatter started at:6:02:07 AM WIB Saturday, September 21, 2024
9/21/24 06:02:07.168  AMQUT0007I: The java.util.logging configuration is now set to /MQHA/PAYBROKERQM/data/PAYBROKER!QM/./amqp/amqptraceOff.properties.
9/21/24 06:02:10.142  AMQXR0015I: AMQP Service started successfully (0 channels running, 0 channels stopped). PID(887).
AMQCO2004I: Formatter started at:11:43:11 PM WIB Sunday, September 22, 2024
9/22/24 23:43:11.637  AMQUT0007I: The java.util.logging configuration is now set to /opt/mqm/amqp/config/amqptraceOff.properties.
9/22/24 23:43:11.841  AMQXR0005I: Running com.ibm.mq.MQXRService.RunMQXRService version p920-L200709.
AMQCO2005I: Formatter stopped at:11:43:11 PM WIB Sunday, September 22, 2024
AMQCO2004I: Formatter started at:11:43:11 PM WIB Sunday, September 22, 2024
9/22/24 23:43:11.847  AMQUT0007I: The java.util.logging configuration is now set to /MQHA/PAYBROKERQM/data/PAYBROKER!QM/./amqp/amqptraceOff.properties.
9/22/24 23:43:15.548  AMQXR0015I: AMQP Service started successfully (0 channels running, 0 channels stopped). PID(887).
AMQCO2004I: Formatter started at:3:20:13 PM WIB Saturday, September 28, 2024
9/28/24 15:20:13.064  AMQUT0007I: The java.util.logging configuration is now set to /opt/mqm/amqp/config/amqptraceOff.properties.
9/28/24 15:20:13.250  AMQXR0005I: Running com.ibm.mq.MQXRService.RunMQXRService version p920-L200709.
AMQCO2005I: Formatter stopped at:3:20:13 PM WIB Saturday, September 28, 2024
AMQCO2004I: Formatter started at:3:20:13 PM WIB Saturday, September 28, 2024
9/28/24 15:20:13.257  AMQUT0007I: The java.util.logging configuration is now set to /MQHA/PAYBROKERQM/data/PAYBROKER!QM/./amqp/amqptraceOff.properties.
9/28/24 15:20:16.077  AMQXR0015I: AMQP Service started successfully (0 channels running, 0 channels stopped). PID(837).
AMQCO2004I: Formatter started at:4:24:57 AM WIB Monday, September 30, 2024
9/30/24 04:24:57.176  AMQUT0007I: The java.util.logging configuration is now set to /opt/mqm/amqp/config/amqptraceOff.properties.
9/30/24 04:24:57.368  AMQXR0005I: Running com.ibm.mq.MQXRService.RunMQXRService version p920-L200709.
AMQCO2005I: Formatter stopped at:4:24:57 AM WIB Monday, September 30, 2024
AMQCO2004I: Formatter started at:4:24:57 AM WIB Monday, September 30, 2024
9/30/24 04:24:57.381  AMQUT0007I: The java.util.logging configuration is now set to /MQHA/PAYBROKERQM/data/PAYBROKER!QM/./amqp/amqptraceOff.properties.
9/30/24 04:25:00.242  AMQXR0015I: AMQP Service started successfully (0 channels running, 0 channels stopped). PID(839).
AMQCO2004I: Formatter started at:7:57:52 PM WIB Monday, September 30, 2024
9/30/24 19:57:52.529  AMQUT0007I: The java.util.logging configuration is now set to /opt/mqm/amqp/config/amqptraceOff.properties.
9/30/24 19:57:52.780  AMQXR0005I: Running com.ibm.mq.MQXRService.RunMQXRService version p920-L200709.
AMQCO2005I: Formatter stopped at:7:57:52 PM WIB Monday, September 30, 2024
AMQCO2004I: Formatter started at:7:57:52 PM WIB Monday, September 30, 2024
9/30/24 19:57:52.786  AMQUT0007I: The java.util.logging configuration is now set to /MQHA/PAYBROKERQM/data/PAYBROKER!QM/./amqp/amqptraceOff.properties.
9/30/24 19:57:55.803  AMQXR0015I: AMQP Service started successfully (0 channels running, 0 channels stopped). PID(838).
AMQCO2004I: Formatter started at:12:05:16 AM WIB Friday, October 4, 2024
10/4/24 00:05:16.678  AMQUT0007I: The java.util.logging configuration is now set to /opt/mqm/amqp/config/amqptraceOff.properties.
10/4/24 00:05:16.901  AMQXR0005I: Running com.ibm.mq.MQXRService.RunMQXRService version p920-L200709.
AMQCO2005I: Formatter stopped at:12:05:16 AM WIB Friday, October 4, 2024
AMQCO2004I: Formatter started at:12:05:16 AM WIB Friday, October 4, 2024
10/4/24 00:05:16.908  AMQUT0007I: The java.util.logging configuration is now set to /MQHA/PAYBROKERQM/data/PAYBROKER!QM/./amqp/amqptraceOff.properties.
10/4/24 00:05:19.700  AMQXR0015I: AMQP Service started successfully (0 channels running, 0 channels stopped). PID(836).
AMQCO2004I: Formatter started at:5:48:03 PM WIB Saturday, October 5, 2024
10/5/24 17:48:03.703  AMQUT0007I: The java.util.logging configuration is now set to /opt/mqm/amqp/config/amqptraceOff.properties.
10/5/24 17:48:03.869  AMQXR0005I: Running com.ibm.mq.MQXRService.RunMQXRService version p920-L200709.
AMQCO2005I: Formatter stopped at:5:48:03 PM WIB Saturday, October 5, 2024
AMQCO2004I: Formatter started at:5:48:03 PM WIB Saturday, October 5, 2024
10/5/24 17:48:03.875  AMQUT0007I: The java.util.logging configuration is now set to /MQHA/PAYBROKERQM/data/PAYBROKER!QM/./amqp/amqptraceOff.properties.
10/5/24 17:48:06.831  AMQXR0015I: AMQP Service started successfully (0 channels running, 0 channels stopped). PID(882).
AMQCO2004I: Formatter started at:7:35:24 PM WIB Sunday, October 6, 2024
10/6/24 19:35:24.333  AMQUT0007I: The java.util.logging configuration is now set to /opt/mqm/amqp/config/amqptraceOff.properties.
10/6/24 19:35:24.511  AMQXR0005I: Running com.ibm.mq.MQXRService.RunMQXRService version p920-L200709.
AMQCO2005I: Formatter stopped at:7:35:24 PM WIB Sunday, October 6, 2024
AMQCO2004I: Formatter started at:7:35:24 PM WIB Sunday, October 6, 2024
10/6/24 19:35:24.519  AMQUT0007I: The java.util.logging configuration is now set to /MQHA/PAYBROKERQM/data/PAYBROKER!QM/./amqp/amqptraceOff.properties.
10/6/24 19:35:27.635  AMQXR0015I: AMQP Service started successfully (0 channels running, 0 channels stopped). PID(836).
AMQCO2004I: Formatter started at:7:36:59 PM WIB Monday, October 7, 2024
10/7/24 19:36:59.269  AMQUT0007I: The java.util.logging configuration is now set to /opt/mqm/amqp/config/amqptraceOff.properties.
10/7/24 19:36:59.453  AMQXR0005I: Running com.ibm.mq.MQXRService.RunMQXRService version p920-L200709.
AMQCO2005I: Formatter stopped at:7:36:59 PM WIB Monday, October 7, 2024
AMQCO2004I: Formatter started at:7:36:59 PM WIB Monday, October 7, 2024
10/7/24 19:36:59.463  AMQUT0007I: The java.util.logging configuration is now set to /MQHA/PAYBROKERQM/data/PAYBROKER!QM/./amqp/amqptraceOff.properties.
10/7/24 19:37:02.775  AMQXR0015I: AMQP Service started successfully (0 channels running, 0 channels stopped). PID(886).
AMQCO2004I: Formatter started at:3:30:56 PM WIB Tuesday, October 8, 2024
10/8/24 15:30:56.542  AMQUT0007I: The java.util.logging configuration is now set to /opt/mqm/amqp/config/amqptraceOff.properties.
10/8/24 15:30:56.902  AMQXR0005I: Running com.ibm.mq.MQXRService.RunMQXRService version p920-L200709.
AMQCO2005I: Formatter stopped at:3:30:56 PM WIB Tuesday, October 8, 2024
AMQCO2004I: Formatter started at:3:30:56 PM WIB Tuesday, October 8, 2024
10/8/24 15:30:56.915  AMQUT0007I: The java.util.logging configuration is now set to /MQHA/PAYBROKERQM/data/PAYBROKER!QM/./amqp/amqptraceOff.properties.
10/8/24 15:31:00.693  AMQXR0015I: AMQP Service started successfully (0 channels running, 0 channels stopped). PID(884).
AMQCO2004I: Formatter started at:4:08:42 AM WIB Thursday, October 10, 2024
10/10/24 04:08:41.964  AMQUT0007I: The java.util.logging configuration is now set to /opt/mqm/amqp/config/amqptraceOff.properties.
10/10/24 04:08:42.239  AMQXR0005I: Running com.ibm.mq.MQXRService.RunMQXRService version p920-L200709.
AMQCO2005I: Formatter stopped at:4:08:42 AM WIB Thursday, October 10, 2024
AMQCO2004I: Formatter started at:4:08:42 AM WIB Thursday, October 10, 2024
10/10/24 04:08:42.250  AMQUT0007I: The java.util.logging configuration is now set to /MQHA/PAYBROKERQM/data/PAYBROKER!QM/./amqp/amqptraceOff.properties.
10/10/24 04:08:47.548  AMQXR0015I: AMQP Service started successfully (0 channels running, 0 channels stopped). PID(838).
AMQCO2004I: Formatter started at:12:57:35 PM WIB Thursday, October 10, 2024
10/10/24 12:57:35.392  AMQUT0007I: The java.util.logging configuration is now set to /opt/mqm/amqp/config/amqptraceOff.properties.
10/10/24 12:57:35.708  AMQXR0005I: Running com.ibm.mq.MQXRService.RunMQXRService version p920-L200709.
AMQCO2005I: Formatter stopped at:12:57:35 PM WIB Thursday, October 10, 2024
AMQCO2004I: Formatter started at:12:57:35 PM WIB Thursday, October 10, 2024
10/10/24 12:57:35.719  AMQUT0007I: The java.util.logging configuration is now set to /MQHA/PAYBROKERQM/data/PAYBROKER!QM/./amqp/amqptraceOff.properties.
10/10/24 12:57:39.313  AMQXR0015I: AMQP Service started successfully (0 channels running, 0 channels stopped). PID(837).
AMQCO2004I: Formatter started at:4:03:59 PM WIB Thursday, October 10, 2024
10/10/24 16:03:58.995  AMQUT0007I: The java.util.logging configuration is now set to /opt/mqm/amqp/config/amqptraceOff.properties.
10/10/24 16:03:59.380  AMQXR0005I: Running com.ibm.mq.MQXRService.RunMQXRService version p920-L200709.
AMQCO2005I: Formatter stopped at:4:03:59 PM WIB Thursday, October 10, 2024
AMQCO2004I: Formatter started at:4:03:59 PM WIB Thursday, October 10, 2024
10/10/24 16:03:59.431  AMQUT0007I: The java.util.logging configuration is now set to /MQHA/PAYBROKERQM/data/PAYBROKER!QM/./amqp/amqptraceOff.properties.
10/10/24 16:04:02.004  AMQXR0015I: AMQP Service started successfully (0 channels running, 0 channels stopped). PID(839).
AMQCO2004I: Formatter started at:12:55:10 PM WIB Saturday, October 12, 2024
10/12/24 12:55:10.877  AMQUT0007I: The java.util.logging configuration is now set to /opt/mqm/amqp/config/amqptraceOff.properties.
10/12/24 12:55:11.368  AMQXR0005I: Running com.ibm.mq.MQXRService.RunMQXRService version p920-L200709.
AMQCO2005I: Formatter stopped at:12:55:11 PM WIB Saturday, October 12, 2024
AMQCO2004I: Formatter started at:12:55:11 PM WIB Saturday, October 12, 2024
10/12/24 12:55:11.375  AMQUT0007I: The java.util.logging configuration is now set to /MQHA/PAYBROKERQM/data/PAYBROKER!QM/./amqp/amqptraceOff.properties.
10/12/24 12:55:15.210  AMQXR0015I: AMQP Service started successfully (0 channels running, 0 channels stopped). PID(885).
AMQCO2004I: Formatter started at:3:55:19 PM WIB Sunday, October 13, 2024
10/13/24 15:55:19.037  AMQUT0007I: The java.util.logging configuration is now set to /opt/mqm/amqp/config/amqptraceOff.properties.
10/13/24 15:55:19.390  AMQXR0005I: Running com.ibm.mq.MQXRService.RunMQXRService version p920-L200709.
AMQCO2005I: Formatter stopped at:3:55:19 PM WIB Sunday, October 13, 2024
AMQCO2004I: Formatter started at:3:55:19 PM WIB Sunday, October 13, 2024
10/13/24 15:55:19.418  AMQUT0007I: The java.util.logging configuration is now set to /MQHA/PAYBROKERQM/data/PAYBROKER!QM/./amqp/amqptraceOff.properties.
10/13/24 15:55:23.656  AMQXR0015I: AMQP Service started successfully (0 channels running, 0 channels stopped). PID(882).
AMQCO2004I: Formatter started at:3:43:15 PM WIB Tuesday, October 15, 2024
10/15/24 15:43:14.933  AMQUT0007I: The java.util.logging configuration is now set to /opt/mqm/amqp/config/amqptraceOff.properties.
10/15/24 15:43:15.280  AMQXR0005I: Running com.ibm.mq.MQXRService.RunMQXRService version p920-L200709.
AMQCO2005I: Formatter stopped at:3:43:15 PM WIB Tuesday, October 15, 2024
AMQCO2004I: Formatter started at:3:43:15 PM WIB Tuesday, October 15, 2024
10/15/24 15:43:15.297  AMQUT0007I: The java.util.logging configuration is now set to /MQHA/PAYBROKERQM/data/PAYBROKER!QM/./amqp/amqptraceOff.properties.
10/15/24 15:43:18.150  AMQXR0015I: AMQP Service started successfully (0 channels running, 0 channels stopped). PID(885).
AMQCO2004I: Formatter started at:4:57:47 PM WIB Saturday, October 19, 2024
10/19/24 16:57:47.194  AMQUT0007I: The java.util.logging configuration is now set to /opt/mqm/amqp/config/amqptraceOff.properties.
10/19/24 16:57:47.519  AMQXR0005I: Running com.ibm.mq.MQXRService.RunMQXRService version p920-L200709.
AMQCO2005I: Formatter stopped at:4:57:47 PM WIB Saturday, October 19, 2024
AMQCO2004I: Formatter started at:4:57:47 PM WIB Saturday, October 19, 2024
10/19/24 16:57:47.525  AMQUT0007I: The java.util.logging configuration is now set to /MQHA/PAYBROKERQM/data/PAYBROKER!QM/./amqp/amqptraceOff.properties.
10/19/24 16:57:50.094  AMQXR0015I: AMQP Service started successfully (0 channels running, 0 channels stopped). PID(883).
AMQCO2004I: Formatter started at:2:36:19 AM WIB Monday, October 21, 2024
10/21/24 02:36:19.399  AMQUT0007I: The java.util.logging configuration is now set to /opt/mqm/amqp/config/amqptraceOff.properties.
10/21/24 02:36:19.985  AMQXR0005I: Running com.ibm.mq.MQXRService.RunMQXRService version p920-L200709.
AMQCO2005I: Formatter stopped at:2:36:20 AM WIB Monday, October 21, 2024
AMQCO2004I: Formatter started at:2:36:20 AM WIB Monday, October 21, 2024
10/21/24 02:36:20.018  AMQUT0007I: The java.util.logging configuration is now set to /MQHA/PAYBROKERQM/data/PAYBROKER!QM/./amqp/amqptraceOff.properties.
10/21/24 02:36:25.448  AMQXR0015I: AMQP Service started successfully (0 channels running, 0 channels stopped). PID(839).
AMQCO2004I: Formatter started at:2:40:56 AM WIB Monday, October 21, 2024
10/21/24 02:40:56.695  AMQUT0007I: The java.util.logging configuration is now set to /opt/mqm/amqp/config/amqptraceOff.properties.
10/21/24 02:40:56.820  AMQXR0005I: Running com.ibm.mq.MQXRService.RunMQXRService version p920-L200709.
AMQCO2005I: Formatter stopped at:2:40:56 AM WIB Monday, October 21, 2024
AMQCO2004I: Formatter started at:2:40:56 AM WIB Monday, October 21, 2024
10/21/24 02:40:56.826  AMQUT0007I: The java.util.logging configuration is now set to /MQHA/PAYBROKERQM/data/PAYBROKER!QM/./amqp/amqptraceOff.properties.
10/21/24 02:41:01.358  AMQXR0015I: AMQP Service started successfully (0 channels running, 0 channels stopped). PID(810).
AMQCO2004I: Formatter started at:2:47:51 AM WIB Monday, October 21, 2024
10/21/24 02:47:51.355  AMQUT0007I: The java.util.logging configuration is now set to /opt/mqm/amqp/config/amqptraceOff.properties.
10/21/24 02:47:51.661  AMQXR0005I: Running com.ibm.mq.MQXRService.RunMQXRService version p920-L200709.
AMQCO2005I: Formatter stopped at:2:47:51 AM WIB Monday, October 21, 2024
AMQCO2004I: Formatter started at:2:47:51 AM WIB Monday, October 21, 2024
10/21/24 02:47:51.674  AMQUT0007I: The java.util.logging configuration is now set to /MQHA/PAYBROKERQM/data/PAYBROKER!QM/./amqp/amqptraceOff.properties.
10/21/24 02:47:56.103  AMQXR0015I: AMQP Service started successfully (0 channels running, 0 channels stopped). PID(808).
