
==============================================

!Mon Jan 17 00:14:20 ICT 2022

Processing file WS_CLIENT_ADAPTER_APP\WS_CLIENT_ADAPTER_FLOW.msgflow.
Successfully added file WS_CLIENT_ADAPTER_APP\WS_CLIENT_ADAPTER_FLOW.msgflow to BAR file.

==============================================

!Mon Jan 17 00:14:20 ICT 2022

Processing file WS_CLIENT_ADAPTER_APP\SOAP_PROCESS_SUBFLOW.subflow.
Successfully added file WS_CLIENT_ADAPTER_APP\SOAP_PROCESS_SUBFLOW.subflow to BAR file.

==============================================

!Mon Jan 17 00:14:20 ICT 2022

Processing file WS_CLIENT_ADAPTER_APP\SOAP_REQUEST.subflow.
Successfully added file WS_CLIENT_ADAPTER_APP\SOAP_REQUEST.subflow to BAR file.

==============================================

!Mon Jan 17 00:14:20 ICT 2022

Processing file WS_CLIENT_ADAPTER_APP\STORE_PAY_WS_BILLER_REQ.esql.
Successfully added file WS_CLIENT_ADAPTER_APP\STORE_PAY_WS_BILLER_REQ.esql to BAR file.

==============================================

!Mon Jan 17 00:14:20 ICT 2022

Processing file WS_CLIENT_ADAPTER_APP\STORE_PAY_WS_BILLER_REQ.subflow.
Successfully added file WS_CLIENT_ADAPTER_APP\STORE_PAY_WS_BILLER_REQ.subflow to BAR file.

==============================================

!Mon Jan 17 00:14:20 ICT 2022

Processing file WS_CLIENT_ADAPTER_APP\WS_CLIENT_ADAPTER_FLOW.esql.
Successfully added file WS_CLIENT_ADAPTER_APP\WS_CLIENT_ADAPTER_FLOW.esql to BAR file.

==============================================

!Mon Jan 17 00:14:20 ICT 2022

Processing file WS_CLIENT_ADAPTER_APP\application.descriptor.
Successfully added file WS_CLIENT_ADAPTER_APP\application.descriptor to BAR file.
Elapsed time: 0 second(s).

Successfully added file WS_CLIENT_ADAPTER_APP\application.descriptor to BAR file.

==============================================

!Mon Jan 17 00:14:20 ICT 2022

Processing file WS_CLIENT_ADAPTER_APP\application.descriptor.
Successfully added file WS_CLIENT_ADAPTER_APP\application.descriptor to BAR file.
Elapsed time: 0 second(s).

Successfully added file WS_CLIENT_ADAPTER_APP\application.descriptor to BAR file.

==============================================

!Mon Jan 17 00:14:20 ICT 2022

Processing file WS_CLIENT_ADAPTER_APP\subflow\SOAP_PROCESS_SUBFLOW.esql.
Successfully added file WS_CLIENT_ADAPTER_APP\subflow\SOAP_PROCESS_SUBFLOW.esql to BAR file.

==============================================

!Mon Jan 17 00:14:20 ICT 2022

Processing file WS_CLIENT_ADAPTER_APP\subflow\SOAP_REQUEST.esql.
Successfully added file WS_CLIENT_ADAPTER_APP\subflow\SOAP_REQUEST.esql to BAR file.

==============================================

!Mon Jan 17 00:14:20 ICT 2022

Processing file SUBFLOW_LOGDB_LIB.
Library file SUBFLOW_LOGDB_LIB.libzip successfully added to the BAR.
Library compiled contents:
    
    Processing file SUBFLOW_LOGDB_LIB\LOG_DB_SOAP_SUBFLOW.esql.
    Successfully added file SUBFLOW_LOGDB_LIB\LOG_DB_SOAP_SUBFLOW.esql to BAR file.
    
    
    Processing file SUBFLOW_LOGDB_LIB\LOG_DB_SOAP.subflow.
    Successfully added file SUBFLOW_LOGDB_LIB\LOG_DB_SOAP.subflow to BAR file.
    
    
    Processing file SUBFLOW_LOGDB_LIB\LOG_DB_REST_CLIENT_SUBFLOW.esql.
    Successfully added file SUBFLOW_LOGDB_LIB\LOG_DB_REST_CLIENT_SUBFLOW.esql to BAR file.
    
    
    Processing file SUBFLOW_LOGDB_LIB\LOG_DB_SOAP_CLIENT.subflow.
    Successfully added file SUBFLOW_LOGDB_LIB\LOG_DB_SOAP_CLIENT.subflow to BAR file.
    
    
    Processing file SUBFLOW_LOGDB_LIB\library.descriptor.
    Successfully added file SUBFLOW_LOGDB_LIB\library.descriptor to BAR file.
    Elapsed time: 0 second(s).
    
    Successfully added file SUBFLOW_LOGDB_LIB\library.descriptor to BAR file.
    
    
    Processing file SUBFLOW_LOGDB_LIB\LOG_DB_REST_CLIENT.subflow.
    Successfully added file SUBFLOW_LOGDB_LIB\LOG_DB_REST_CLIENT.subflow to BAR file.
    
    
    Processing file SUBFLOW_LOGDB_LIB\LOG_DB_SUBFLOW.subflow.
    Successfully added file SUBFLOW_LOGDB_LIB\LOG_DB_SUBFLOW.subflow to BAR file.
    
    
    Processing file SUBFLOW_LOGDB_LIB\LOG_DB_ERROR_SUBFLOW.subflow.
    Successfully added file SUBFLOW_LOGDB_LIB\LOG_DB_ERROR_SUBFLOW.subflow to BAR file.
    
    
    Processing file SUBFLOW_LOGDB_LIB\LOG_DB_SOAP_CLIENT_SUBFLOW.esql.
    Successfully added file SUBFLOW_LOGDB_LIB\LOG_DB_SOAP_CLIENT_SUBFLOW.esql to BAR file.
    

Elapsed time: 0.23 second(s).

