AMQCO2004I: Formatter started at:2:42:49 PM WIB Tuesday, August 6, 2024
8/6/24 14:42:49.572  AMQUT0007I: The java.util.logging configuration is now set to /opt/mqm/amqp/config/amqptraceOff.properties.
8/6/24 14:42:49.679  AMQXR0005I: Running com.ibm.mq.MQXRService.RunMQXRService version p920-L200709.
AMQCO2005I: Formatter stopped at:2:42:49 PM WIB Tuesday, August 6, 2024
AMQCO2004I: Formatter started at:2:42:49 PM WIB Tuesday, August 6, 2024
8/6/24 14:42:49.730  AMQUT0007I: The java.util.logging configuration is now set to /MQHA/DUMBROKERQM/data/DUMBROKER!QM/./amqp/amqptraceOff.properties.
8/6/24 14:42:51.611  AMQXR0015I: AMQP Service started successfully (0 channels running, 0 channels stopped). PID(285).
AMQCO2004I: Formatter started at:12:17:57 PM WIB Saturday, August 10, 2024
8/10/24 12:17:57.600  AMQUT0007I: The java.util.logging configuration is now set to /opt/mqm/amqp/config/amqptraceOff.properties.
8/10/24 12:17:57.716  AMQXR0005I: Running com.ibm.mq.MQXRService.RunMQXRService version p920-L200709.
AMQCO2005I: Formatter stopped at:12:17:57 PM WIB Saturday, August 10, 2024
AMQCO2004I: Formatter started at:12:17:57 PM WIB Saturday, August 10, 2024
8/10/24 12:17:57.722  AMQUT0007I: The java.util.logging configuration is now set to /MQHA/DUMBROKERQM/data/DUMBROKER!QM/./amqp/amqptraceOff.properties.
8/10/24 12:18:00.283  AMQXR0015I: AMQP Service started successfully (0 channels running, 0 channels stopped). PID(270).
AMQCO2004I: Formatter started at:12:18:05 PM WIB Saturday, August 10, 2024
8/10/24 12:18:05.616  AMQUT0007I: The java.util.logging configuration is now set to /opt/mqm/amqp/config/amqptraceOff.properties.
8/10/24 12:18:05.739  AMQXR0005I: Running com.ibm.mq.MQXRService.RunMQXRService version p920-L200709.
AMQCO2005I: Formatter stopped at:12:18:05 PM WIB Saturday, August 10, 2024
AMQCO2004I: Formatter started at:12:18:05 PM WIB Saturday, August 10, 2024
8/10/24 12:18:05.744  AMQUT0007I: The java.util.logging configuration is now set to /MQHA/DUMBROKERQM/data/DUMBROKER!QM/./amqp/amqptraceOff.properties.
8/10/24 12:18:07.929  AMQXR0015I: AMQP Service started successfully (0 channels running, 0 channels stopped). PID(269).
AMQCO2004I: Formatter started at:12:18:11 PM WIB Saturday, August 10, 2024
8/10/24 12:18:11.361  AMQUT0007I: The java.util.logging configuration is now set to /opt/mqm/amqp/config/amqptraceOff.properties.
8/10/24 12:18:11.558  AMQXR0005I: Running com.ibm.mq.MQXRService.RunMQXRService version p920-L200709.
AMQCO2005I: Formatter stopped at:12:18:11 PM WIB Saturday, August 10, 2024
AMQCO2004I: Formatter started at:12:18:11 PM WIB Saturday, August 10, 2024
8/10/24 12:18:11.569  AMQUT0007I: The java.util.logging configuration is now set to /MQHA/DUMBROKERQM/data/DUMBROKER!QM/./amqp/amqptraceOff.properties.
8/10/24 12:18:13.663  AMQXR0015I: AMQP Service started successfully (0 channels running, 0 channels stopped). PID(270).
AMQCO2004I: Formatter started at:12:18:17 PM WIB Saturday, August 10, 2024
8/10/24 12:18:17.088  AMQUT0007I: The java.util.logging configuration is now set to /opt/mqm/amqp/config/amqptraceOff.properties.
8/10/24 12:18:17.232  AMQXR0005I: Running com.ibm.mq.MQXRService.RunMQXRService version p920-L200709.
AMQCO2005I: Formatter stopped at:12:18:17 PM WIB Saturday, August 10, 2024
AMQCO2004I: Formatter started at:12:18:17 PM WIB Saturday, August 10, 2024
8/10/24 12:18:17.239  AMQUT0007I: The java.util.logging configuration is now set to /MQHA/DUMBROKERQM/data/DUMBROKER!QM/./amqp/amqptraceOff.properties.
8/10/24 12:18:19.370  AMQXR0015I: AMQP Service started successfully (0 channels running, 0 channels stopped). PID(269).
AMQCO2004I: Formatter started at:12:18:23 PM WIB Saturday, August 10, 2024
8/10/24 12:18:23.818  AMQUT0007I: The java.util.logging configuration is now set to /opt/mqm/amqp/config/amqptraceOff.properties.
8/10/24 12:18:23.966  AMQXR0005I: Running com.ibm.mq.MQXRService.RunMQXRService version p920-L200709.
AMQCO2005I: Formatter stopped at:12:18:23 PM WIB Saturday, August 10, 2024
AMQCO2004I: Formatter started at:12:18:23 PM WIB Saturday, August 10, 2024
8/10/24 12:18:23.973  AMQUT0007I: The java.util.logging configuration is now set to /MQHA/DUMBROKERQM/data/DUMBROKER!QM/./amqp/amqptraceOff.properties.
8/10/24 12:18:26.407  AMQXR0015I: AMQP Service started successfully (0 channels running, 0 channels stopped). PID(268).
AMQCO2004I: Formatter started at:12:18:31 PM WIB Saturday, August 10, 2024
8/10/24 12:18:31.468  AMQUT0007I: The java.util.logging configuration is now set to /opt/mqm/amqp/config/amqptraceOff.properties.
8/10/24 12:18:31.587  AMQXR0005I: Running com.ibm.mq.MQXRService.RunMQXRService version p920-L200709.
AMQCO2005I: Formatter stopped at:12:18:31 PM WIB Saturday, August 10, 2024
AMQCO2004I: Formatter started at:12:18:31 PM WIB Saturday, August 10, 2024
8/10/24 12:18:31.592  AMQUT0007I: The java.util.logging configuration is now set to /MQHA/DUMBROKERQM/data/DUMBROKER!QM/./amqp/amqptraceOff.properties.
8/10/24 12:18:34.449  AMQXR0015I: AMQP Service started successfully (0 channels running, 0 channels stopped). PID(270).
AMQCO2004I: Formatter started at:12:18:41 PM WIB Saturday, August 10, 2024
8/10/24 12:18:41.966  AMQUT0007I: The java.util.logging configuration is now set to /opt/mqm/amqp/config/amqptraceOff.properties.
8/10/24 12:18:42.110  AMQXR0005I: Running com.ibm.mq.MQXRService.RunMQXRService version p920-L200709.
AMQCO2005I: Formatter stopped at:12:18:42 PM WIB Saturday, August 10, 2024
AMQCO2004I: Formatter started at:12:18:42 PM WIB Saturday, August 10, 2024
8/10/24 12:18:42.116  AMQUT0007I: The java.util.logging configuration is now set to /MQHA/DUMBROKERQM/data/DUMBROKER!QM/./amqp/amqptraceOff.properties.
8/10/24 12:18:44.944  AMQXR0015I: AMQP Service started successfully (0 channels running, 0 channels stopped). PID(270).
AMQCO2004I: Formatter started at:12:18:56 PM WIB Saturday, August 10, 2024
8/10/24 12:18:56.140  AMQUT0007I: The java.util.logging configuration is now set to /opt/mqm/amqp/config/amqptraceOff.properties.
8/10/24 12:18:56.261  AMQXR0005I: Running com.ibm.mq.MQXRService.RunMQXRService version p920-L200709.
AMQCO2005I: Formatter stopped at:12:18:56 PM WIB Saturday, August 10, 2024
AMQCO2004I: Formatter started at:12:18:56 PM WIB Saturday, August 10, 2024
8/10/24 12:18:56.266  AMQUT0007I: The java.util.logging configuration is now set to /MQHA/DUMBROKERQM/data/DUMBROKER!QM/./amqp/amqptraceOff.properties.
8/10/24 12:18:59.090  AMQXR0015I: AMQP Service started successfully (0 channels running, 0 channels stopped). PID(270).
AMQCO2004I: Formatter started at:12:19:16 PM WIB Saturday, August 10, 2024
8/10/24 12:19:16.958  AMQUT0007I: The java.util.logging configuration is now set to /opt/mqm/amqp/config/amqptraceOff.properties.
8/10/24 12:19:17.079  AMQXR0005I: Running com.ibm.mq.MQXRService.RunMQXRService version p920-L200709.
AMQCO2005I: Formatter stopped at:12:19:17 PM WIB Saturday, August 10, 2024
AMQCO2004I: Formatter started at:12:19:17 PM WIB Saturday, August 10, 2024
8/10/24 12:19:17.084  AMQUT0007I: The java.util.logging configuration is now set to /MQHA/DUMBROKERQM/data/DUMBROKER!QM/./amqp/amqptraceOff.properties.
8/10/24 12:19:19.785  AMQXR0015I: AMQP Service started successfully (0 channels running, 0 channels stopped). PID(270).
AMQCO2004I: Formatter started at:12:19:50 PM WIB Saturday, August 10, 2024
8/10/24 12:19:50.891  AMQUT0007I: The java.util.logging configuration is now set to /opt/mqm/amqp/config/amqptraceOff.properties.
8/10/24 12:19:51.069  AMQXR0005I: Running com.ibm.mq.MQXRService.RunMQXRService version p920-L200709.
AMQCO2005I: Formatter stopped at:12:19:51 PM WIB Saturday, August 10, 2024
AMQCO2004I: Formatter started at:12:19:51 PM WIB Saturday, August 10, 2024
8/10/24 12:19:51.075  AMQUT0007I: The java.util.logging configuration is now set to /MQHA/DUMBROKERQM/data/DUMBROKER!QM/./amqp/amqptraceOff.properties.
8/10/24 12:19:53.985  AMQXR0015I: AMQP Service started successfully (0 channels running, 0 channels stopped). PID(270).
AMQCO2004I: Formatter started at:12:20:22 PM WIB Saturday, August 10, 2024
8/10/24 12:20:22.911  AMQUT0007I: The java.util.logging configuration is now set to /opt/mqm/amqp/config/amqptraceOff.properties.
8/10/24 12:20:23.057  AMQXR0005I: Running com.ibm.mq.MQXRService.RunMQXRService version p920-L200709.
AMQCO2005I: Formatter stopped at:12:20:23 PM WIB Saturday, August 10, 2024
AMQCO2004I: Formatter started at:12:20:23 PM WIB Saturday, August 10, 2024
8/10/24 12:20:23.066  AMQUT0007I: The java.util.logging configuration is now set to /MQHA/DUMBROKERQM/data/DUMBROKER!QM/./amqp/amqptraceOff.properties.
8/10/24 12:20:25.746  AMQXR0015I: AMQP Service started successfully (0 channels running, 0 channels stopped). PID(233).
AMQCO2004I: Formatter started at:12:37:55 PM WIB Saturday, August 10, 2024
8/10/24 12:37:55.620  AMQUT0007I: The java.util.logging configuration is now set to /opt/mqm/amqp/config/amqptraceOff.properties.
8/10/24 12:37:55.744  AMQXR0005I: Running com.ibm.mq.MQXRService.RunMQXRService version p920-L200709.
AMQCO2005I: Formatter stopped at:12:37:55 PM WIB Saturday, August 10, 2024
AMQCO2004I: Formatter started at:12:37:55 PM WIB Saturday, August 10, 2024
8/10/24 12:37:55.748  AMQUT0007I: The java.util.logging configuration is now set to /MQHA/DUMBROKERQM/data/DUMBROKER!QM/./amqp/amqptraceOff.properties.
8/10/24 12:37:58.525  AMQXR0015I: AMQP Service started successfully (0 channels running, 0 channels stopped). PID(233).
AMQCO2004I: Formatter started at:1:33:06 PM WIB Saturday, August 10, 2024
8/10/24 13:33:06.035  AMQUT0007I: The java.util.logging configuration is now set to /opt/mqm/amqp/config/amqptraceOff.properties.
8/10/24 13:33:06.664  AMQXR0005I: Running com.ibm.mq.MQXRService.RunMQXRService version p920-L200709.
AMQCO2005I: Formatter stopped at:1:33:06 PM WIB Saturday, August 10, 2024
AMQCO2004I: Formatter started at:1:33:06 PM WIB Saturday, August 10, 2024
8/10/24 13:33:06.713  AMQUT0007I: The java.util.logging configuration is now set to /MQHA/DUMBROKERQM/data/DUMBROKER!QM/./amqp/amqptraceOff.properties.
8/10/24 13:33:39.978  AMQXR0015I: AMQP Service started successfully (0 channels running, 0 channels stopped). PID(233).
AMQCO2004I: Formatter started at:1:42:42 PM WIB Saturday, August 10, 2024
8/10/24 13:42:42.206  AMQUT0007I: The java.util.logging configuration is now set to /opt/mqm/amqp/config/amqptraceOff.properties.
8/10/24 13:42:42.417  AMQXR0005I: Running com.ibm.mq.MQXRService.RunMQXRService version p920-L200709.
AMQCO2005I: Formatter stopped at:1:42:42 PM WIB Saturday, August 10, 2024
AMQCO2004I: Formatter started at:1:42:42 PM WIB Saturday, August 10, 2024
8/10/24 13:42:42.425  AMQUT0007I: The java.util.logging configuration is now set to /MQHA/DUMBROKERQM/data/DUMBROKER!QM/./amqp/amqptraceOff.properties.
8/10/24 13:42:45.532  AMQXR0015I: AMQP Service started successfully (0 channels running, 0 channels stopped). PID(233).
AMQCO2004I: Formatter started at:12:54:10 AM WIB Sunday, August 11, 2024
8/11/24 00:54:10.436  AMQUT0007I: The java.util.logging configuration is now set to /opt/mqm/amqp/config/amqptraceOff.properties.
8/11/24 00:54:10.541  AMQXR0005I: Running com.ibm.mq.MQXRService.RunMQXRService version p920-L200709.
AMQCO2005I: Formatter stopped at:12:54:10 AM WIB Sunday, August 11, 2024
AMQCO2004I: Formatter started at:12:54:10 AM WIB Sunday, August 11, 2024
8/11/24 00:54:10.551  AMQUT0007I: The java.util.logging configuration is now set to /MQHA/DUMBROKERQM/data/DUMBROKER!QM/./amqp/amqptraceOff.properties.
8/11/24 00:54:12.493  AMQXR0015I: AMQP Service started successfully (0 channels running, 0 channels stopped). PID(233).
AMQCO2004I: Formatter started at:2:41:56 AM WIB Sunday, August 11, 2024
8/11/24 02:41:56.323  AMQUT0007I: The java.util.logging configuration is now set to /opt/mqm/amqp/config/amqptraceOff.properties.
8/11/24 02:41:56.567  AMQXR0005I: Running com.ibm.mq.MQXRService.RunMQXRService version p920-L200709.
AMQCO2005I: Formatter stopped at:2:41:56 AM WIB Sunday, August 11, 2024
AMQCO2004I: Formatter started at:2:41:56 AM WIB Sunday, August 11, 2024
8/11/24 02:41:56.577  AMQUT0007I: The java.util.logging configuration is now set to /MQHA/DUMBROKERQM/data/DUMBROKER!QM/./amqp/amqptraceOff.properties.
8/11/24 02:41:59.717  AMQXR0015I: AMQP Service started successfully (0 channels running, 0 channels stopped). PID(233).
AMQCO2004I: Formatter started at:12:28:15 PM WIB Sunday, August 11, 2024
8/11/24 12:28:15.835  AMQUT0007I: The java.util.logging configuration is now set to /opt/mqm/amqp/config/amqptraceOff.properties.
8/11/24 12:28:15.984  AMQXR0005I: Running com.ibm.mq.MQXRService.RunMQXRService version p920-L200709.
AMQCO2005I: Formatter stopped at:12:28:15 PM WIB Sunday, August 11, 2024
AMQCO2004I: Formatter started at:12:28:15 PM WIB Sunday, August 11, 2024
8/11/24 12:28:15.992  AMQUT0007I: The java.util.logging configuration is now set to /MQHA/DUMBROKERQM/data/DUMBROKER!QM/./amqp/amqptraceOff.properties.
8/11/24 12:28:18.557  AMQXR0015I: AMQP Service started successfully (0 channels running, 0 channels stopped). PID(233).
AMQCO2004I: Formatter started at:3:51:11 PM WIB Sunday, August 11, 2024
8/11/24 15:51:11.539  AMQUT0007I: The java.util.logging configuration is now set to /opt/mqm/amqp/config/amqptraceOff.properties.
8/11/24 15:51:12.290  AMQXR0005I: Running com.ibm.mq.MQXRService.RunMQXRService version p920-L200709.
AMQCO2005I: Formatter stopped at:3:51:12 PM WIB Sunday, August 11, 2024
AMQCO2004I: Formatter started at:3:51:12 PM WIB Sunday, August 11, 2024
8/11/24 15:51:12.314  AMQUT0007I: The java.util.logging configuration is now set to /MQHA/DUMBROKERQM/data/DUMBROKER!QM/./amqp/amqptraceOff.properties.
8/11/24 15:51:52.187  AMQXR0015I: AMQP Service started successfully (0 channels running, 0 channels stopped). PID(233).
AMQCO2004I: Formatter started at:10:27:04 PM WIB Monday, August 12, 2024
8/12/24 22:27:04.161  AMQUT0007I: The java.util.logging configuration is now set to /opt/mqm/amqp/config/amqptraceOff.properties.
8/12/24 22:27:04.275  AMQXR0005I: Running com.ibm.mq.MQXRService.RunMQXRService version p920-L200709.
AMQCO2005I: Formatter stopped at:10:27:04 PM WIB Monday, August 12, 2024
AMQCO2004I: Formatter started at:10:27:04 PM WIB Monday, August 12, 2024
8/12/24 22:27:04.280  AMQUT0007I: The java.util.logging configuration is now set to /MQHA/DUMBROKERQM/data/DUMBROKER!QM/./amqp/amqptraceOff.properties.
8/12/24 22:27:06.222  AMQXR0015I: AMQP Service started successfully (0 channels running, 0 channels stopped). PID(233).
AMQCO2004I: Formatter started at:11:48:19 PM WIB Saturday, August 17, 2024
8/17/24 23:48:19.608  AMQUT0007I: The java.util.logging configuration is now set to /opt/mqm/amqp/config/amqptraceOff.properties.
8/17/24 23:48:19.736  AMQXR0005I: Running com.ibm.mq.MQXRService.RunMQXRService version p920-L200709.
AMQCO2005I: Formatter stopped at:11:48:19 PM WIB Saturday, August 17, 2024
AMQCO2004I: Formatter started at:11:48:19 PM WIB Saturday, August 17, 2024
8/17/24 23:48:19.743  AMQUT0007I: The java.util.logging configuration is now set to /MQHA/DUMBROKERQM/data/DUMBROKER!QM/./amqp/amqptraceOff.properties.
8/17/24 23:48:22.091  AMQXR0015I: AMQP Service started successfully (0 channels running, 0 channels stopped). PID(233).
AMQCO2004I: Formatter started at:11:51:09 PM WIB Saturday, August 17, 2024
8/17/24 23:51:09.027  AMQUT0007I: The java.util.logging configuration is now set to /opt/mqm/amqp/config/amqptraceOff.properties.
8/17/24 23:51:09.166  AMQXR0005I: Running com.ibm.mq.MQXRService.RunMQXRService version p920-L200709.
AMQCO2005I: Formatter stopped at:11:51:09 PM WIB Saturday, August 17, 2024
AMQCO2004I: Formatter started at:11:51:09 PM WIB Saturday, August 17, 2024
8/17/24 23:51:09.170  AMQUT0007I: The java.util.logging configuration is now set to /MQHA/DUMBROKERQM/data/DUMBROKER!QM/./amqp/amqptraceOff.properties.
8/17/24 23:51:12.239  AMQXR0015I: AMQP Service started successfully (0 channels running, 0 channels stopped). PID(233).
AMQCO2004I: Formatter started at:12:08:54 AM WIB Sunday, August 18, 2024
8/18/24 00:08:54.755  AMQUT0007I: The java.util.logging configuration is now set to /opt/mqm/amqp/config/amqptraceOff.properties.
8/18/24 00:08:54.948  AMQXR0005I: Running com.ibm.mq.MQXRService.RunMQXRService version p920-L200709.
AMQCO2005I: Formatter stopped at:12:08:54 AM WIB Sunday, August 18, 2024
AMQCO2004I: Formatter started at:12:08:54 AM WIB Sunday, August 18, 2024
8/18/24 00:08:54.955  AMQUT0007I: The java.util.logging configuration is now set to /MQHA/DUMBROKERQM/data/DUMBROKER!QM/./amqp/amqptraceOff.properties.
8/18/24 00:08:59.584  AMQXR0015I: AMQP Service started successfully (0 channels running, 0 channels stopped). PID(233).
AMQCO2004I: Formatter started at:11:22:22 AM WIB Tuesday, August 20, 2024
8/20/24 11:22:22.054  AMQUT0007I: The java.util.logging configuration is now set to /opt/mqm/amqp/config/amqptraceOff.properties.
8/20/24 11:22:22.148  AMQXR0005I: Running com.ibm.mq.MQXRService.RunMQXRService version p920-L200709.
AMQCO2005I: Formatter stopped at:11:22:22 AM WIB Tuesday, August 20, 2024
AMQCO2004I: Formatter started at:11:22:22 AM WIB Tuesday, August 20, 2024
8/20/24 11:22:22.153  AMQUT0007I: The java.util.logging configuration is now set to /MQHA/DUMBROKERQM/data/DUMBROKER!QM/./amqp/amqptraceOff.properties.
8/20/24 11:22:24.563  AMQXR0015I: AMQP Service started successfully (0 channels running, 0 channels stopped). PID(233).
AMQCO2004I: Formatter started at:2:42:40 PM WIB Tuesday, August 20, 2024
8/20/24 14:42:40.596  AMQUT0007I: The java.util.logging configuration is now set to /opt/mqm/amqp/config/amqptraceOff.properties.
8/20/24 14:42:40.731  AMQXR0005I: Running com.ibm.mq.MQXRService.RunMQXRService version p920-L200709.
AMQCO2005I: Formatter stopped at:2:42:40 PM WIB Tuesday, August 20, 2024
AMQCO2004I: Formatter started at:2:42:40 PM WIB Tuesday, August 20, 2024
8/20/24 14:42:40.736  AMQUT0007I: The java.util.logging configuration is now set to /MQHA/DUMBROKERQM/data/DUMBROKER!QM/./amqp/amqptraceOff.properties.
8/20/24 14:42:44.090  AMQXR0015I: AMQP Service started successfully (0 channels running, 0 channels stopped). PID(233).
AMQCO2004I: Formatter started at:2:54:28 AM WIB Sunday, August 25, 2024
8/25/24 02:54:28.549  AMQUT0007I: The java.util.logging configuration is now set to /opt/mqm/amqp/config/amqptraceOff.properties.
8/25/24 02:54:28.674  AMQXR0005I: Running com.ibm.mq.MQXRService.RunMQXRService version p920-L200709.
AMQCO2005I: Formatter stopped at:2:54:28 AM WIB Sunday, August 25, 2024
AMQCO2004I: Formatter started at:2:54:28 AM WIB Sunday, August 25, 2024
8/25/24 02:54:28.680  AMQUT0007I: The java.util.logging configuration is now set to /MQHA/DUMBROKERQM/data/DUMBROKER!QM/./amqp/amqptraceOff.properties.
8/25/24 02:54:31.680  AMQXR0015I: AMQP Service started successfully (0 channels running, 0 channels stopped). PID(233).
AMQCO2004I: Formatter started at:11:59:35 AM WIB Sunday, August 25, 2024
8/25/24 11:59:35.058  AMQUT0007I: The java.util.logging configuration is now set to /opt/mqm/amqp/config/amqptraceOff.properties.
8/25/24 11:59:35.133  AMQXR0005I: Running com.ibm.mq.MQXRService.RunMQXRService version p920-L200709.
AMQCO2005I: Formatter stopped at:11:59:35 AM WIB Sunday, August 25, 2024
AMQCO2004I: Formatter started at:11:59:35 AM WIB Sunday, August 25, 2024
8/25/24 11:59:35.136  AMQUT0007I: The java.util.logging configuration is now set to /MQHA/DUMBROKERQM/data/DUMBROKER!QM/./amqp/amqptraceOff.properties.
8/25/24 11:59:36.876  AMQXR0015I: AMQP Service started successfully (0 channels running, 0 channels stopped). PID(233).
AMQCO2004I: Formatter started at:12:11:58 PM WIB Sunday, August 25, 2024
8/25/24 12:11:58.250  AMQUT0007I: The java.util.logging configuration is now set to /opt/mqm/amqp/config/amqptraceOff.properties.
8/25/24 12:11:58.414  AMQXR0005I: Running com.ibm.mq.MQXRService.RunMQXRService version p920-L200709.
AMQCO2005I: Formatter stopped at:12:11:58 PM WIB Sunday, August 25, 2024
AMQCO2004I: Formatter started at:12:11:58 PM WIB Sunday, August 25, 2024
8/25/24 12:11:58.419  AMQUT0007I: The java.util.logging configuration is now set to /MQHA/DUMBROKERQM/data/DUMBROKER!QM/./amqp/amqptraceOff.properties.
8/25/24 12:12:01.015  AMQXR0015I: AMQP Service started successfully (0 channels running, 0 channels stopped). PID(233).
AMQCO2004I: Formatter started at:12:20:18 PM WIB Sunday, August 25, 2024
8/25/24 12:20:18.806  AMQUT0007I: The java.util.logging configuration is now set to /opt/mqm/amqp/config/amqptraceOff.properties.
8/25/24 12:20:18.962  AMQXR0005I: Running com.ibm.mq.MQXRService.RunMQXRService version p920-L200709.
AMQCO2005I: Formatter stopped at:12:20:18 PM WIB Sunday, August 25, 2024
AMQCO2004I: Formatter started at:12:20:18 PM WIB Sunday, August 25, 2024
8/25/24 12:20:18.969  AMQUT0007I: The java.util.logging configuration is now set to /MQHA/DUMBROKERQM/data/DUMBROKER!QM/./amqp/amqptraceOff.properties.
8/25/24 12:20:21.886  AMQXR0015I: AMQP Service started successfully (0 channels running, 0 channels stopped). PID(233).
AMQCO2004I: Formatter started at:12:24:35 PM WIB Sunday, August 25, 2024
8/25/24 12:24:35.232  AMQUT0007I: The java.util.logging configuration is now set to /opt/mqm/amqp/config/amqptraceOff.properties.
8/25/24 12:24:35.365  AMQXR0005I: Running com.ibm.mq.MQXRService.RunMQXRService version p920-L200709.
AMQCO2005I: Formatter stopped at:12:24:35 PM WIB Sunday, August 25, 2024
AMQCO2004I: Formatter started at:12:24:35 PM WIB Sunday, August 25, 2024
8/25/24 12:24:35.373  AMQUT0007I: The java.util.logging configuration is now set to /MQHA/DUMBROKERQM/data/DUMBROKER!QM/./amqp/amqptraceOff.properties.
8/25/24 12:24:37.989  AMQXR0015I: AMQP Service started successfully (0 channels running, 0 channels stopped). PID(233).
AMQCO2004I: Formatter started at:11:02:42 AM WIB Tuesday, August 27, 2024
8/27/24 11:02:42.606  AMQUT0007I: The java.util.logging configuration is now set to /opt/mqm/amqp/config/amqptraceOff.properties.
8/27/24 11:02:42.757  AMQXR0005I: Running com.ibm.mq.MQXRService.RunMQXRService version p920-L200709.
AMQCO2005I: Formatter stopped at:11:02:42 AM WIB Tuesday, August 27, 2024
AMQCO2004I: Formatter started at:11:02:42 AM WIB Tuesday, August 27, 2024
8/27/24 11:02:42.761  AMQUT0007I: The java.util.logging configuration is now set to /MQHA/DUMBROKERQM/data/DUMBROKER!QM/./amqp/amqptraceOff.properties.
8/27/24 11:02:44.965  AMQXR0015I: AMQP Service started successfully (0 channels running, 0 channels stopped). PID(233).
AMQCO2004I: Formatter started at:2:56:20 PM WIB Saturday, August 31, 2024
8/31/24 14:56:20.162  AMQUT0007I: The java.util.logging configuration is now set to /opt/mqm/amqp/config/amqptraceOff.properties.
8/31/24 14:56:20.349  AMQXR0005I: Running com.ibm.mq.MQXRService.RunMQXRService version p920-L200709.
AMQCO2005I: Formatter stopped at:2:56:20 PM WIB Saturday, August 31, 2024
AMQCO2004I: Formatter started at:2:56:20 PM WIB Saturday, August 31, 2024
8/31/24 14:56:20.355  AMQUT0007I: The java.util.logging configuration is now set to /MQHA/DUMBROKERQM/data/DUMBROKER!QM/./amqp/amqptraceOff.properties.
8/31/24 14:56:23.173  AMQXR0015I: AMQP Service started successfully (0 channels running, 0 channels stopped). PID(233).
AMQCO2004I: Formatter started at:7:51:25 PM WIB Sunday, September 1, 2024
9/1/24 19:51:25.732  AMQUT0007I: The java.util.logging configuration is now set to /opt/mqm/amqp/config/amqptraceOff.properties.
9/1/24 19:51:25.862  AMQXR0005I: Running com.ibm.mq.MQXRService.RunMQXRService version p920-L200709.
AMQCO2005I: Formatter stopped at:7:51:25 PM WIB Sunday, September 1, 2024
AMQCO2004I: Formatter started at:7:51:25 PM WIB Sunday, September 1, 2024
9/1/24 19:51:25.867  AMQUT0007I: The java.util.logging configuration is now set to /MQHA/DUMBROKERQM/data/DUMBROKER!QM/./amqp/amqptraceOff.properties.
9/1/24 19:51:28.473  AMQXR0015I: AMQP Service started successfully (0 channels running, 0 channels stopped). PID(233).
AMQCO2004I: Formatter started at:2:55:24 AM WIB Tuesday, September 3, 2024
9/3/24 02:55:24.878  AMQUT0007I: The java.util.logging configuration is now set to /opt/mqm/amqp/config/amqptraceOff.properties.
9/3/24 02:55:25.029  AMQXR0005I: Running com.ibm.mq.MQXRService.RunMQXRService version p920-L200709.
AMQCO2005I: Formatter stopped at:2:55:25 AM WIB Tuesday, September 3, 2024
AMQCO2004I: Formatter started at:2:55:25 AM WIB Tuesday, September 3, 2024
9/3/24 02:55:25.041  AMQUT0007I: The java.util.logging configuration is now set to /MQHA/DUMBROKERQM/data/DUMBROKER!QM/./amqp/amqptraceOff.properties.
9/3/24 02:55:28.284  AMQXR0015I: AMQP Service started successfully (0 channels running, 0 channels stopped). PID(233).
AMQCO2004I: Formatter started at:7:55:49 PM WIB Tuesday, September 3, 2024
9/3/24 19:55:49.028  AMQUT0007I: The java.util.logging configuration is now set to /opt/mqm/amqp/config/amqptraceOff.properties.
9/3/24 19:55:49.224  AMQXR0005I: Running com.ibm.mq.MQXRService.RunMQXRService version p920-L200709.
AMQCO2005I: Formatter stopped at:7:55:49 PM WIB Tuesday, September 3, 2024
AMQCO2004I: Formatter started at:7:55:49 PM WIB Tuesday, September 3, 2024
9/3/24 19:55:49.236  AMQUT0007I: The java.util.logging configuration is now set to /MQHA/DUMBROKERQM/data/DUMBROKER!QM/./amqp/amqptraceOff.properties.
9/3/24 19:55:52.310  AMQXR0015I: AMQP Service started successfully (0 channels running, 0 channels stopped). PID(236).
AMQCO2004I: Formatter started at:10:36:29 AM WIB Monday, September 9, 2024
9/9/24 10:36:29.978  AMQUT0007I: The java.util.logging configuration is now set to /opt/mqm/amqp/config/amqptraceOff.properties.
9/9/24 10:36:30.132  AMQXR0005I: Running com.ibm.mq.MQXRService.RunMQXRService version p920-L200709.
AMQCO2005I: Formatter stopped at:10:36:30 AM WIB Monday, September 9, 2024
AMQCO2004I: Formatter started at:10:36:30 AM WIB Monday, September 9, 2024
9/9/24 10:36:30.137  AMQUT0007I: The java.util.logging configuration is now set to /MQHA/DUMBROKERQM/data/DUMBROKER!QM/./amqp/amqptraceOff.properties.
9/9/24 10:36:33.891  AMQXR0015I: AMQP Service started successfully (0 channels running, 0 channels stopped). PID(236).
AMQCO2004I: Formatter started at:11:07:42 AM WIB Monday, September 9, 2024
9/9/24 11:07:42.384  AMQUT0007I: The java.util.logging configuration is now set to /opt/mqm/amqp/config/amqptraceOff.properties.
9/9/24 11:07:42.551  AMQXR0005I: Running com.ibm.mq.MQXRService.RunMQXRService version p920-L200709.
AMQCO2005I: Formatter stopped at:11:07:42 AM WIB Monday, September 9, 2024
AMQCO2004I: Formatter started at:11:07:42 AM WIB Monday, September 9, 2024
9/9/24 11:07:42.557  AMQUT0007I: The java.util.logging configuration is now set to /MQHA/DUMBROKERQM/data/DUMBROKER!QM/./amqp/amqptraceOff.properties.
9/9/24 11:07:45.793  AMQXR0015I: AMQP Service started successfully (0 channels running, 0 channels stopped). PID(236).
AMQCO2004I: Formatter started at:4:45:19 PM WIB Friday, September 13, 2024
9/13/24 16:45:19.855  AMQUT0007I: The java.util.logging configuration is now set to /opt/mqm/amqp/config/amqptraceOff.properties.
9/13/24 16:45:20.044  AMQXR0005I: Running com.ibm.mq.MQXRService.RunMQXRService version p920-L200709.
AMQCO2005I: Formatter stopped at:4:45:20 PM WIB Friday, September 13, 2024
AMQCO2004I: Formatter started at:4:45:20 PM WIB Friday, September 13, 2024
9/13/24 16:45:20.051  AMQUT0007I: The java.util.logging configuration is now set to /MQHA/DUMBROKERQM/data/DUMBROKER!QM/./amqp/amqptraceOff.properties.
9/13/24 16:45:23.939  AMQXR0015I: AMQP Service started successfully (0 channels running, 0 channels stopped). PID(236).
AMQCO2004I: Formatter started at:8:38:20 PM WIB Friday, September 13, 2024
9/13/24 20:38:20.640  AMQUT0007I: The java.util.logging configuration is now set to /opt/mqm/amqp/config/amqptraceOff.properties.
9/13/24 20:38:20.807  AMQXR0005I: Running com.ibm.mq.MQXRService.RunMQXRService version p920-L200709.
AMQCO2005I: Formatter stopped at:8:38:20 PM WIB Friday, September 13, 2024
AMQCO2004I: Formatter started at:8:38:20 PM WIB Friday, September 13, 2024
9/13/24 20:38:20.813  AMQUT0007I: The java.util.logging configuration is now set to /MQHA/DUMBROKERQM/data/DUMBROKER!QM/./amqp/amqptraceOff.properties.
9/13/24 20:38:24.582  AMQXR0015I: AMQP Service started successfully (0 channels running, 0 channels stopped). PID(236).
AMQCO2004I: Formatter started at:8:13:52 PM WIB Monday, September 16, 2024
9/16/24 20:13:52.408  AMQUT0007I: The java.util.logging configuration is now set to /opt/mqm/amqp/config/amqptraceOff.properties.
9/16/24 20:13:52.539  AMQXR0005I: Running com.ibm.mq.MQXRService.RunMQXRService version p920-L200709.
AMQCO2005I: Formatter stopped at:8:13:52 PM WIB Monday, September 16, 2024
AMQCO2004I: Formatter started at:8:13:52 PM WIB Monday, September 16, 2024
9/16/24 20:13:52.545  AMQUT0007I: The java.util.logging configuration is now set to /MQHA/DUMBROKERQM/data/DUMBROKER!QM/./amqp/amqptraceOff.properties.
9/16/24 20:13:56.076  AMQXR0015I: AMQP Service started successfully (0 channels running, 0 channels stopped). PID(236).
AMQCO2004I: Formatter started at:12:11:53 AM WIB Friday, September 20, 2024
9/20/24 00:11:53.205  AMQUT0007I: The java.util.logging configuration is now set to /opt/mqm/amqp/config/amqptraceOff.properties.
9/20/24 00:11:53.360  AMQXR0005I: Running com.ibm.mq.MQXRService.RunMQXRService version p920-L200709.
AMQCO2005I: Formatter stopped at:12:11:53 AM WIB Friday, September 20, 2024
AMQCO2004I: Formatter started at:12:11:53 AM WIB Friday, September 20, 2024
9/20/24 00:11:53.368  AMQUT0007I: The java.util.logging configuration is now set to /MQHA/DUMBROKERQM/data/DUMBROKER!QM/./amqp/amqptraceOff.properties.
9/20/24 00:11:56.559  AMQXR0015I: AMQP Service started successfully (0 channels running, 0 channels stopped). PID(236).
AMQCO2004I: Formatter started at:6:02:05 AM WIB Saturday, September 21, 2024
9/21/24 06:02:05.625  AMQUT0007I: The java.util.logging configuration is now set to /opt/mqm/amqp/config/amqptraceOff.properties.
9/21/24 06:02:05.774  AMQXR0005I: Running com.ibm.mq.MQXRService.RunMQXRService version p920-L200709.
AMQCO2005I: Formatter stopped at:6:02:05 AM WIB Saturday, September 21, 2024
AMQCO2004I: Formatter started at:6:02:05 AM WIB Saturday, September 21, 2024
9/21/24 06:02:05.780  AMQUT0007I: The java.util.logging configuration is now set to /MQHA/DUMBROKERQM/data/DUMBROKER!QM/./amqp/amqptraceOff.properties.
9/21/24 06:02:09.032  AMQXR0015I: AMQP Service started successfully (0 channels running, 0 channels stopped). PID(236).
AMQCO2004I: Formatter started at:11:43:10 PM WIB Sunday, September 22, 2024
9/22/24 23:43:10.472  AMQUT0007I: The java.util.logging configuration is now set to /opt/mqm/amqp/config/amqptraceOff.properties.
9/22/24 23:43:10.651  AMQXR0005I: Running com.ibm.mq.MQXRService.RunMQXRService version p920-L200709.
AMQCO2005I: Formatter stopped at:11:43:10 PM WIB Sunday, September 22, 2024
AMQCO2004I: Formatter started at:11:43:10 PM WIB Sunday, September 22, 2024
9/22/24 23:43:10.661  AMQUT0007I: The java.util.logging configuration is now set to /MQHA/DUMBROKERQM/data/DUMBROKER!QM/./amqp/amqptraceOff.properties.
9/22/24 23:43:14.861  AMQXR0015I: AMQP Service started successfully (0 channels running, 0 channels stopped). PID(234).
AMQCO2004I: Formatter started at:3:20:11 PM WIB Saturday, September 28, 2024
9/28/24 15:20:11.793  AMQUT0007I: The java.util.logging configuration is now set to /opt/mqm/amqp/config/amqptraceOff.properties.
9/28/24 15:20:11.932  AMQXR0005I: Running com.ibm.mq.MQXRService.RunMQXRService version p920-L200709.
AMQCO2005I: Formatter stopped at:3:20:11 PM WIB Saturday, September 28, 2024
AMQCO2004I: Formatter started at:3:20:11 PM WIB Saturday, September 28, 2024
9/28/24 15:20:11.939  AMQUT0007I: The java.util.logging configuration is now set to /MQHA/DUMBROKERQM/data/DUMBROKER!QM/./amqp/amqptraceOff.properties.
9/28/24 15:20:15.047  AMQXR0015I: AMQP Service started successfully (0 channels running, 0 channels stopped). PID(235).
AMQCO2004I: Formatter started at:4:24:56 AM WIB Monday, September 30, 2024
9/30/24 04:24:56.175  AMQUT0007I: The java.util.logging configuration is now set to /opt/mqm/amqp/config/amqptraceOff.properties.
9/30/24 04:24:56.304  AMQXR0005I: Running com.ibm.mq.MQXRService.RunMQXRService version p920-L200709.
AMQCO2005I: Formatter stopped at:4:24:56 AM WIB Monday, September 30, 2024
AMQCO2004I: Formatter started at:4:24:56 AM WIB Monday, September 30, 2024
9/30/24 04:24:56.312  AMQUT0007I: The java.util.logging configuration is now set to /MQHA/DUMBROKERQM/data/DUMBROKER!QM/./amqp/amqptraceOff.properties.
9/30/24 04:24:59.602  AMQXR0015I: AMQP Service started successfully (0 channels running, 0 channels stopped). PID(236).
AMQCO2004I: Formatter started at:7:57:51 PM WIB Monday, September 30, 2024
9/30/24 19:57:51.179  AMQUT0007I: The java.util.logging configuration is now set to /opt/mqm/amqp/config/amqptraceOff.properties.
9/30/24 19:57:51.327  AMQXR0005I: Running com.ibm.mq.MQXRService.RunMQXRService version p920-L200709.
AMQCO2005I: Formatter stopped at:7:57:51 PM WIB Monday, September 30, 2024
AMQCO2004I: Formatter started at:7:57:51 PM WIB Monday, September 30, 2024
9/30/24 19:57:51.333  AMQUT0007I: The java.util.logging configuration is now set to /MQHA/DUMBROKERQM/data/DUMBROKER!QM/./amqp/amqptraceOff.properties.
9/30/24 19:57:54.796  AMQXR0015I: AMQP Service started successfully (0 channels running, 0 channels stopped). PID(236).
AMQCO2004I: Formatter started at:12:05:15 AM WIB Friday, October 4, 2024
10/4/24 00:05:15.720  AMQUT0007I: The java.util.logging configuration is now set to /opt/mqm/amqp/config/amqptraceOff.properties.
10/4/24 00:05:15.866  AMQXR0005I: Running com.ibm.mq.MQXRService.RunMQXRService version p920-L200709.
AMQCO2005I: Formatter stopped at:12:05:15 AM WIB Friday, October 4, 2024
AMQCO2004I: Formatter started at:12:05:15 AM WIB Friday, October 4, 2024
10/4/24 00:05:15.872  AMQUT0007I: The java.util.logging configuration is now set to /MQHA/DUMBROKERQM/data/DUMBROKER!QM/./amqp/amqptraceOff.properties.
10/4/24 00:05:19.046  AMQXR0015I: AMQP Service started successfully (0 channels running, 0 channels stopped). PID(234).
AMQCO2004I: Formatter started at:5:48:02 PM WIB Saturday, October 5, 2024
10/5/24 17:48:02.928  AMQUT0007I: The java.util.logging configuration is now set to /opt/mqm/amqp/config/amqptraceOff.properties.
10/5/24 17:48:03.070  AMQXR0005I: Running com.ibm.mq.MQXRService.RunMQXRService version p920-L200709.
AMQCO2005I: Formatter stopped at:5:48:03 PM WIB Saturday, October 5, 2024
AMQCO2004I: Formatter started at:5:48:03 PM WIB Saturday, October 5, 2024
10/5/24 17:48:03.078  AMQUT0007I: The java.util.logging configuration is now set to /MQHA/DUMBROKERQM/data/DUMBROKER!QM/./amqp/amqptraceOff.properties.
10/5/24 17:48:06.138  AMQXR0015I: AMQP Service started successfully (0 channels running, 0 channels stopped). PID(236).
AMQCO2004I: Formatter started at:7:35:23 PM WIB Sunday, October 6, 2024
10/6/24 19:35:23.449  AMQUT0007I: The java.util.logging configuration is now set to /opt/mqm/amqp/config/amqptraceOff.properties.
10/6/24 19:35:23.615  AMQXR0005I: Running com.ibm.mq.MQXRService.RunMQXRService version p920-L200709.
AMQCO2005I: Formatter stopped at:7:35:23 PM WIB Sunday, October 6, 2024
AMQCO2004I: Formatter started at:7:35:23 PM WIB Sunday, October 6, 2024
10/6/24 19:35:23.623  AMQUT0007I: The java.util.logging configuration is now set to /MQHA/DUMBROKERQM/data/DUMBROKER!QM/./amqp/amqptraceOff.properties.
10/6/24 19:35:27.095  AMQXR0015I: AMQP Service started successfully (0 channels running, 0 channels stopped). PID(236).
AMQCO2004I: Formatter started at:7:36:57 PM WIB Monday, October 7, 2024
10/7/24 19:36:57.976  AMQUT0007I: The java.util.logging configuration is now set to /opt/mqm/amqp/config/amqptraceOff.properties.
10/7/24 19:36:58.095  AMQXR0005I: Running com.ibm.mq.MQXRService.RunMQXRService version p920-L200709.
AMQCO2005I: Formatter stopped at:7:36:58 PM WIB Monday, October 7, 2024
AMQCO2004I: Formatter started at:7:36:58 PM WIB Monday, October 7, 2024
10/7/24 19:36:58.100  AMQUT0007I: The java.util.logging configuration is now set to /MQHA/DUMBROKERQM/data/DUMBROKER!QM/./amqp/amqptraceOff.properties.
10/7/24 19:37:01.352  AMQXR0015I: AMQP Service started successfully (0 channels running, 0 channels stopped). PID(236).
AMQCO2004I: Formatter started at:3:30:55 PM WIB Tuesday, October 8, 2024
10/8/24 15:30:55.673  AMQUT0007I: The java.util.logging configuration is now set to /opt/mqm/amqp/config/amqptraceOff.properties.
10/8/24 15:30:55.892  AMQXR0005I: Running com.ibm.mq.MQXRService.RunMQXRService version p920-L200709.
AMQCO2005I: Formatter stopped at:3:30:55 PM WIB Tuesday, October 8, 2024
AMQCO2004I: Formatter started at:3:30:55 PM WIB Tuesday, October 8, 2024
10/8/24 15:30:55.902  AMQUT0007I: The java.util.logging configuration is now set to /MQHA/DUMBROKERQM/data/DUMBROKER!QM/./amqp/amqptraceOff.properties.
10/8/24 15:31:00.157  AMQXR0015I: AMQP Service started successfully (0 channels running, 0 channels stopped). PID(236).
AMQCO2004I: Formatter started at:4:08:41 AM WIB Thursday, October 10, 2024
10/10/24 04:08:41.076  AMQUT0007I: The java.util.logging configuration is now set to /opt/mqm/amqp/config/amqptraceOff.properties.
10/10/24 04:08:41.339  AMQXR0005I: Running com.ibm.mq.MQXRService.RunMQXRService version p920-L200709.
AMQCO2005I: Formatter stopped at:4:08:41 AM WIB Thursday, October 10, 2024
AMQCO2004I: Formatter started at:4:08:41 AM WIB Thursday, October 10, 2024
10/10/24 04:08:41.344  AMQUT0007I: The java.util.logging configuration is now set to /MQHA/DUMBROKERQM/data/DUMBROKER!QM/./amqp/amqptraceOff.properties.
10/10/24 04:08:47.314  AMQXR0015I: AMQP Service started successfully (0 channels running, 0 channels stopped). PID(236).
AMQCO2004I: Formatter started at:12:57:34 PM WIB Thursday, October 10, 2024
10/10/24 12:57:34.244  AMQUT0007I: The java.util.logging configuration is now set to /opt/mqm/amqp/config/amqptraceOff.properties.
10/10/24 12:57:34.470  AMQXR0005I: Running com.ibm.mq.MQXRService.RunMQXRService version p920-L200709.
AMQCO2005I: Formatter stopped at:12:57:34 PM WIB Thursday, October 10, 2024
AMQCO2004I: Formatter started at:12:57:34 PM WIB Thursday, October 10, 2024
10/10/24 12:57:34.492  AMQUT0007I: The java.util.logging configuration is now set to /MQHA/DUMBROKERQM/data/DUMBROKER!QM/./amqp/amqptraceOff.properties.
10/10/24 12:57:39.063  AMQXR0015I: AMQP Service started successfully (0 channels running, 0 channels stopped). PID(236).
AMQCO2004I: Formatter started at:4:03:57 PM WIB Thursday, October 10, 2024
10/10/24 16:03:57.368  AMQUT0007I: The java.util.logging configuration is now set to /opt/mqm/amqp/config/amqptraceOff.properties.
10/10/24 16:03:57.561  AMQXR0005I: Running com.ibm.mq.MQXRService.RunMQXRService version p920-L200709.
AMQCO2005I: Formatter stopped at:4:03:57 PM WIB Thursday, October 10, 2024
AMQCO2004I: Formatter started at:4:03:57 PM WIB Thursday, October 10, 2024
10/10/24 16:03:57.570  AMQUT0007I: The java.util.logging configuration is now set to /MQHA/DUMBROKERQM/data/DUMBROKER!QM/./amqp/amqptraceOff.properties.
10/10/24 16:04:01.082  AMQXR0015I: AMQP Service started successfully (0 channels running, 0 channels stopped). PID(236).
AMQCO2004I: Formatter started at:12:55:09 PM WIB Saturday, October 12, 2024
10/12/24 12:55:09.748  AMQUT0007I: The java.util.logging configuration is now set to /opt/mqm/amqp/config/amqptraceOff.properties.
10/12/24 12:55:10.002  AMQXR0005I: Running com.ibm.mq.MQXRService.RunMQXRService version p920-L200709.
AMQCO2005I: Formatter stopped at:12:55:10 PM WIB Saturday, October 12, 2024
AMQCO2004I: Formatter started at:12:55:10 PM WIB Saturday, October 12, 2024
10/12/24 12:55:10.032  AMQUT0007I: The java.util.logging configuration is now set to /MQHA/DUMBROKERQM/data/DUMBROKER!QM/./amqp/amqptraceOff.properties.
10/12/24 12:55:14.416  AMQXR0015I: AMQP Service started successfully (0 channels running, 0 channels stopped). PID(235).
AMQCO2004I: Formatter started at:3:55:17 PM WIB Sunday, October 13, 2024
10/13/24 15:55:17.430  AMQUT0007I: The java.util.logging configuration is now set to /opt/mqm/amqp/config/amqptraceOff.properties.
10/13/24 15:55:17.632  AMQXR0005I: Running com.ibm.mq.MQXRService.RunMQXRService version p920-L200709.
AMQCO2005I: Formatter stopped at:3:55:17 PM WIB Sunday, October 13, 2024
AMQCO2004I: Formatter started at:3:55:17 PM WIB Sunday, October 13, 2024
10/13/24 15:55:17.647  AMQUT0007I: The java.util.logging configuration is now set to /MQHA/DUMBROKERQM/data/DUMBROKER!QM/./amqp/amqptraceOff.properties.
10/13/24 15:55:22.848  AMQXR0015I: AMQP Service started successfully (0 channels running, 0 channels stopped). PID(236).
AMQCO2004I: Formatter started at:3:43:13 PM WIB Tuesday, October 15, 2024
10/15/24 15:43:13.719  AMQUT0007I: The java.util.logging configuration is now set to /opt/mqm/amqp/config/amqptraceOff.properties.
10/15/24 15:43:13.921  AMQXR0005I: Running com.ibm.mq.MQXRService.RunMQXRService version p920-L200709.
AMQCO2005I: Formatter stopped at:3:43:13 PM WIB Tuesday, October 15, 2024
AMQCO2004I: Formatter started at:3:43:13 PM WIB Tuesday, October 15, 2024
10/15/24 15:43:13.932  AMQUT0007I: The java.util.logging configuration is now set to /MQHA/DUMBROKERQM/data/DUMBROKER!QM/./amqp/amqptraceOff.properties.
10/15/24 15:43:17.503  AMQXR0015I: AMQP Service started successfully (0 channels running, 0 channels stopped). PID(236).
AMQCO2004I: Formatter started at:4:57:45 PM WIB Saturday, October 19, 2024
10/19/24 16:57:45.518  AMQUT0007I: The java.util.logging configuration is now set to /opt/mqm/amqp/config/amqptraceOff.properties.
10/19/24 16:57:45.683  AMQXR0005I: Running com.ibm.mq.MQXRService.RunMQXRService version p920-L200709.
AMQCO2005I: Formatter stopped at:4:57:45 PM WIB Saturday, October 19, 2024
AMQCO2004I: Formatter started at:4:57:45 PM WIB Saturday, October 19, 2024
10/19/24 16:57:45.691  AMQUT0007I: The java.util.logging configuration is now set to /MQHA/DUMBROKERQM/data/DUMBROKER!QM/./amqp/amqptraceOff.properties.
10/19/24 16:57:49.472  AMQXR0015I: AMQP Service started successfully (0 channels running, 0 channels stopped). PID(235).
AMQCO2004I: Formatter started at:2:36:17 AM WIB Monday, October 21, 2024
10/21/24 02:36:17.685  AMQUT0007I: The java.util.logging configuration is now set to /opt/mqm/amqp/config/amqptraceOff.properties.
10/21/24 02:36:17.937  AMQXR0005I: Running com.ibm.mq.MQXRService.RunMQXRService version p920-L200709.
AMQCO2005I: Formatter stopped at:2:36:17 AM WIB Monday, October 21, 2024
AMQCO2004I: Formatter started at:2:36:17 AM WIB Monday, October 21, 2024
10/21/24 02:36:17.947  AMQUT0007I: The java.util.logging configuration is now set to /MQHA/DUMBROKERQM/data/DUMBROKER!QM/./amqp/amqptraceOff.properties.
10/21/24 02:36:24.238  AMQXR0015I: AMQP Service started successfully (0 channels running, 0 channels stopped). PID(236).
AMQCO2004I: Formatter started at:2:40:55 AM WIB Monday, October 21, 2024
10/21/24 02:40:55.191  AMQUT0007I: The java.util.logging configuration is now set to /opt/mqm/amqp/config/amqptraceOff.properties.
10/21/24 02:40:55.416  AMQXR0005I: Running com.ibm.mq.MQXRService.RunMQXRService version p920-L200709.
AMQCO2005I: Formatter stopped at:2:40:55 AM WIB Monday, October 21, 2024
AMQCO2004I: Formatter started at:2:40:55 AM WIB Monday, October 21, 2024
10/21/24 02:40:55.423  AMQUT0007I: The java.util.logging configuration is now set to /MQHA/DUMBROKERQM/data/DUMBROKER!QM/./amqp/amqptraceOff.properties.
10/21/24 02:41:00.306  AMQXR0015I: AMQP Service started successfully (0 channels running, 0 channels stopped). PID(236).
AMQCO2004I: Formatter started at:2:47:50 AM WIB Monday, October 21, 2024
10/21/24 02:47:50.361  AMQUT0007I: The java.util.logging configuration is now set to /opt/mqm/amqp/config/amqptraceOff.properties.
10/21/24 02:47:50.568  AMQXR0005I: Running com.ibm.mq.MQXRService.RunMQXRService version p920-L200709.
AMQCO2005I: Formatter stopped at:2:47:50 AM WIB Monday, October 21, 2024
AMQCO2004I: Formatter started at:2:47:50 AM WIB Monday, October 21, 2024
10/21/24 02:47:50.576  AMQUT0007I: The java.util.logging configuration is now set to /MQHA/DUMBROKERQM/data/DUMBROKER!QM/./amqp/amqptraceOff.properties.
10/21/24 02:47:55.353  AMQXR0015I: AMQP Service started successfully (0 channels running, 0 channels stopped). PID(236).
