
==============================================

!Tue Jan 25 16:53:05 ICT 2022

Processing file MANUAL_ADVICE_APP\WS_MAN_ADVICE_FLOW.msgflow.
Successfully added file MANUAL_ADVICE_APP\WS_MAN_ADVICE_FLOW.msgflow to BAR file.

==============================================

!Tue Jan 25 16:53:05 ICT 2022

Processing file MANUAL_ADVICE_APP\MANUAL_ADVICE_FLOW.esql.
Successfully added file MANUAL_ADVICE_APP\MANUAL_ADVICE_FLOW.esql to BAR file.

==============================================

!Tue Jan 25 16:53:05 ICT 2022

Processing file MANUAL_ADVICE_APP\application.descriptor.
Successfully added file MANUAL_ADVICE_APP\application.descriptor to BAR file.
Elapsed time: 0 second(s).

Successfully added file MANUAL_ADVICE_APP\application.descriptor to BAR file.

==============================================

!Tue Jan 25 16:53:05 ICT 2022

Processing file MANUAL_ADVICE_APP\application.descriptor.
Successfully added file MANUAL_ADVICE_APP\application.descriptor to BAR file.
Elapsed time: 0.001 second(s).

Successfully added file MANUAL_ADVICE_APP\application.descriptor to BAR file.

==============================================

!Tue Jan 25 16:53:05 ICT 2022

Processing file MANUAL_ADVICE_APP\gen\MANUAL_ADVICE_FLOW.subflow.
Successfully added file MANUAL_ADVICE_APP\gen\MANUAL_ADVICE_FLOW.subflow to BAR file.

==============================================

!Tue Jan 25 16:53:05 ICT 2022

Processing file MANUAL_ADVICE_APP\gen\MANUAL_ADVICE_SUB_FLOW.subflow.
Successfully added file MANUAL_ADVICE_APP\gen\MANUAL_ADVICE_SUB_FLOW.subflow to BAR file.

==============================================

!Tue Jan 25 16:53:05 ICT 2022
Generating .xsdzip file for message set "PLN_MA_SET" 

Generating schema for no XML Wire format
Generating schema using the lax option


Processing File : "/PLN_MA_SET_PROJECT/PLN_MA_SET/id/co/btn/soa/pln/PlnManualAdvice.mxsd"



Processing File : "/PLN_MA_SET_PROJECT/PLN_MA_SET/id/co/btn/soa/pln/PlnManualAdviceServiceInterface_InlineSchema1.mxsd"



Processing File : "/PLN_MA_SET_PROJECT/PLN_MA_SET/id/co/btn/soa/pln/PlnManualAdviceWSExport.mxsd"



Processing File : "/PLN_MA_SET_PROJECT/PLN_MA_SET/org/xmlsoap/schemas/soap/envelope/soapenv11.mxsd"



Processing File : "/PLN_MA_SET_PROJECT/PLN_MA_SET/soap.mxsd"

Saving File : "/PLN_MA_SET_PROJECT/.GeneratedSchemas/id/co/btn/soa/pln/PlnManualAdvice.xsd" 

Saving File : "/PLN_MA_SET_PROJECT/.GeneratedSchemas/id/co/btn/soa/pln/PlnManualAdviceServiceInterface_InlineSchema1.xsd" 

Saving File : "/PLN_MA_SET_PROJECT/.GeneratedSchemas/id/co/btn/soa/pln/PlnManualAdviceWSExport.xsd" 

Saving File : "/PLN_MA_SET_PROJECT/.GeneratedSchemas/org/xmlsoap/schemas/soap/envelope/soapenv11.xsd" 

Saving File : "/PLN_MA_SET_PROJECT/.GeneratedSchemas/soap.xsd" 

Processing file "/PLN_MA_SET_PROJECT/PLN_MA_SET/id/co/btn/soa/pln/PlnManualAdviceServiceInterface.wsdl" 

Saving file "/PLN_MA_SET_PROJECT/.ModifiedWSDLs/id/co/btn/soa/pln/PlnManualAdviceServiceInterface.wsdl" 

Processing file "/PLN_MA_SET_PROJECT/PLN_MA_SET/id/co/btn/soa/pln/PlnManualAdviceWSExport.wsdl" 

Saving file "/PLN_MA_SET_PROJECT/.ModifiedWSDLs/id/co/btn/soa/pln/PlnManualAdviceWSExport.wsdl" 

Saving file "/PLN_MA_SET_PROJECT/.KeywordsFile/meta-inf/keywords.txt" 

Saving file "/PLN_MA_SET_PROJECT/PLN_MA_SET/messageSet.mset" 


Elapsed time: 0.069 seconds
Warnings: 0


Operation complete



