AMQCO2004I: Formatter started at:2:42:51 PM WIB Tuesday, August 6, 2024
8/6/24 14:42:51.568  AMQUT0007I: The java.util.logging configuration is now set to /opt/mqm/amqp/config/amqptraceOff.properties.
8/6/24 14:42:51.678  AMQXR0005I: Running com.ibm.mq.MQXRService.RunMQXRService version p920-L200709.
AMQCO2005I: Formatter stopped at:2:42:51 PM WIB Tuesday, August 6, 2024
AMQCO2004I: Formatter started at:2:42:51 PM WIB Tuesday, August 6, 2024
8/6/24 14:42:51.741  AMQUT0007I: The java.util.logging configuration is now set to /MQHA/ITMBROKERQM/data/ITMBROKER!QM/./amqp/amqptraceOff.properties.
8/6/24 14:42:53.672  AMQXR0015I: AMQP Service started successfully (0 channels running, 0 channels stopped). PID(602).
AMQCO2004I: Formatter started at:12:17:58 PM WIB Saturday, August 10, 2024
8/10/24 12:17:58.311  AMQUT0007I: The java.util.logging configuration is now set to /opt/mqm/amqp/config/amqptraceOff.properties.
8/10/24 12:17:58.431  AMQXR0005I: Running com.ibm.mq.MQXRService.RunMQXRService version p920-L200709.
AMQCO2005I: Formatter stopped at:12:17:58 PM WIB Saturday, August 10, 2024
AMQCO2004I: Formatter started at:12:17:58 PM WIB Saturday, August 10, 2024
8/10/24 12:17:58.436  AMQUT0007I: The java.util.logging configuration is now set to /MQHA/ITMBROKERQM/data/ITMBROKER!QM/./amqp/amqptraceOff.properties.
8/10/24 12:18:01.012  AMQXR0015I: AMQP Service started successfully (0 channels running, 0 channels stopped). PID(696).
AMQCO2004I: Formatter started at:12:18:06 PM WIB Saturday, August 10, 2024
8/10/24 12:18:06.155  AMQUT0007I: The java.util.logging configuration is now set to /opt/mqm/amqp/config/amqptraceOff.properties.
8/10/24 12:18:06.247  AMQXR0005I: Running com.ibm.mq.MQXRService.RunMQXRService version p920-L200709.
AMQCO2005I: Formatter stopped at:12:18:06 PM WIB Saturday, August 10, 2024
AMQCO2004I: Formatter started at:12:18:06 PM WIB Saturday, August 10, 2024
8/10/24 12:18:06.252  AMQUT0007I: The java.util.logging configuration is now set to /MQHA/ITMBROKERQM/data/ITMBROKER!QM/./amqp/amqptraceOff.properties.
8/10/24 12:18:08.342  AMQXR0015I: AMQP Service started successfully (0 channels running, 0 channels stopped). PID(660).
AMQCO2004I: Formatter started at:12:18:12 PM WIB Saturday, August 10, 2024
8/10/24 12:18:12.032  AMQUT0007I: The java.util.logging configuration is now set to /opt/mqm/amqp/config/amqptraceOff.properties.
8/10/24 12:18:12.127  AMQXR0005I: Running com.ibm.mq.MQXRService.RunMQXRService version p920-L200709.
AMQCO2005I: Formatter stopped at:12:18:12 PM WIB Saturday, August 10, 2024
AMQCO2004I: Formatter started at:12:18:12 PM WIB Saturday, August 10, 2024
8/10/24 12:18:12.130  AMQUT0007I: The java.util.logging configuration is now set to /MQHA/ITMBROKERQM/data/ITMBROKER!QM/./amqp/amqptraceOff.properties.
8/10/24 12:18:14.207  AMQXR0015I: AMQP Service started successfully (0 channels running, 0 channels stopped). PID(660).
AMQCO2004I: Formatter started at:12:18:17 PM WIB Saturday, August 10, 2024
8/10/24 12:18:17.664  AMQUT0007I: The java.util.logging configuration is now set to /opt/mqm/amqp/config/amqptraceOff.properties.
8/10/24 12:18:17.836  AMQXR0005I: Running com.ibm.mq.MQXRService.RunMQXRService version p920-L200709.
AMQCO2005I: Formatter stopped at:12:18:17 PM WIB Saturday, August 10, 2024
AMQCO2004I: Formatter started at:12:18:17 PM WIB Saturday, August 10, 2024
8/10/24 12:18:17.842  AMQUT0007I: The java.util.logging configuration is now set to /MQHA/ITMBROKERQM/data/ITMBROKER!QM/./amqp/amqptraceOff.properties.
8/10/24 12:18:19.986  AMQXR0015I: AMQP Service started successfully (0 channels running, 0 channels stopped). PID(659).
AMQCO2004I: Formatter started at:12:18:24 PM WIB Saturday, August 10, 2024
8/10/24 12:18:24.219  AMQUT0007I: The java.util.logging configuration is now set to /opt/mqm/amqp/config/amqptraceOff.properties.
8/10/24 12:18:24.353  AMQXR0005I: Running com.ibm.mq.MQXRService.RunMQXRService version p920-L200709.
AMQCO2005I: Formatter stopped at:12:18:24 PM WIB Saturday, August 10, 2024
AMQCO2004I: Formatter started at:12:18:24 PM WIB Saturday, August 10, 2024
8/10/24 12:18:24.358  AMQUT0007I: The java.util.logging configuration is now set to /MQHA/ITMBROKERQM/data/ITMBROKER!QM/./amqp/amqptraceOff.properties.
8/10/24 12:18:26.586  AMQXR0015I: AMQP Service started successfully (0 channels running, 0 channels stopped). PID(659).
AMQCO2004I: Formatter started at:12:18:32 PM WIB Saturday, August 10, 2024
8/10/24 12:18:32.345  AMQUT0007I: The java.util.logging configuration is now set to /opt/mqm/amqp/config/amqptraceOff.properties.
8/10/24 12:18:32.539  AMQXR0005I: Running com.ibm.mq.MQXRService.RunMQXRService version p920-L200709.
AMQCO2005I: Formatter stopped at:12:18:32 PM WIB Saturday, August 10, 2024
AMQCO2004I: Formatter started at:12:18:32 PM WIB Saturday, August 10, 2024
8/10/24 12:18:32.545  AMQUT0007I: The java.util.logging configuration is now set to /MQHA/ITMBROKERQM/data/ITMBROKER!QM/./amqp/amqptraceOff.properties.
8/10/24 12:18:35.191  AMQXR0015I: AMQP Service started successfully (0 channels running, 0 channels stopped). PID(639).
AMQCO2004I: Formatter started at:12:18:42 PM WIB Saturday, August 10, 2024
8/10/24 12:18:42.442  AMQUT0007I: The java.util.logging configuration is now set to /opt/mqm/amqp/config/amqptraceOff.properties.
8/10/24 12:18:42.604  AMQXR0005I: Running com.ibm.mq.MQXRService.RunMQXRService version p920-L200709.
AMQCO2005I: Formatter stopped at:12:18:42 PM WIB Saturday, August 10, 2024
AMQCO2004I: Formatter started at:12:18:42 PM WIB Saturday, August 10, 2024
8/10/24 12:18:42.609  AMQUT0007I: The java.util.logging configuration is now set to /MQHA/ITMBROKERQM/data/ITMBROKER!QM/./amqp/amqptraceOff.properties.
8/10/24 12:18:45.494  AMQXR0015I: AMQP Service started successfully (0 channels running, 0 channels stopped). PID(659).
AMQCO2004I: Formatter started at:12:18:56 PM WIB Saturday, August 10, 2024
8/10/24 12:18:56.907  AMQUT0007I: The java.util.logging configuration is now set to /opt/mqm/amqp/config/amqptraceOff.properties.
8/10/24 12:18:57.068  AMQXR0005I: Running com.ibm.mq.MQXRService.RunMQXRService version p920-L200709.
AMQCO2005I: Formatter stopped at:12:18:57 PM WIB Saturday, August 10, 2024
AMQCO2004I: Formatter started at:12:18:57 PM WIB Saturday, August 10, 2024
8/10/24 12:18:57.077  AMQUT0007I: The java.util.logging configuration is now set to /MQHA/ITMBROKERQM/data/ITMBROKER!QM/./amqp/amqptraceOff.properties.
8/10/24 12:18:59.704  AMQXR0015I: AMQP Service started successfully (0 channels running, 0 channels stopped). PID(639).
AMQCO2004I: Formatter started at:12:19:18 PM WIB Saturday, August 10, 2024
8/10/24 12:19:18.054  AMQUT0007I: The java.util.logging configuration is now set to /opt/mqm/amqp/config/amqptraceOff.properties.
8/10/24 12:19:18.217  AMQXR0005I: Running com.ibm.mq.MQXRService.RunMQXRService version p920-L200709.
AMQCO2005I: Formatter stopped at:12:19:18 PM WIB Saturday, August 10, 2024
AMQCO2004I: Formatter started at:12:19:18 PM WIB Saturday, August 10, 2024
8/10/24 12:19:18.223  AMQUT0007I: The java.util.logging configuration is now set to /MQHA/ITMBROKERQM/data/ITMBROKER!QM/./amqp/amqptraceOff.properties.
8/10/24 12:19:20.898  AMQXR0015I: AMQP Service started successfully (0 channels running, 0 channels stopped). PID(671).
AMQCO2004I: Formatter started at:12:19:51 PM WIB Saturday, August 10, 2024
8/10/24 12:19:51.305  AMQUT0007I: The java.util.logging configuration is now set to /opt/mqm/amqp/config/amqptraceOff.properties.
8/10/24 12:19:51.467  AMQXR0005I: Running com.ibm.mq.MQXRService.RunMQXRService version p920-L200709.
AMQCO2005I: Formatter stopped at:12:19:51 PM WIB Saturday, August 10, 2024
AMQCO2004I: Formatter started at:12:19:51 PM WIB Saturday, August 10, 2024
8/10/24 12:19:51.473  AMQUT0007I: The java.util.logging configuration is now set to /MQHA/ITMBROKERQM/data/ITMBROKER!QM/./amqp/amqptraceOff.properties.
8/10/24 12:19:54.305  AMQXR0015I: AMQP Service started successfully (0 channels running, 0 channels stopped). PID(660).
AMQCO2004I: Formatter started at:12:20:23 PM WIB Saturday, August 10, 2024
8/10/24 12:20:23.611  AMQUT0007I: The java.util.logging configuration is now set to /opt/mqm/amqp/config/amqptraceOff.properties.
8/10/24 12:20:23.783  AMQXR0005I: Running com.ibm.mq.MQXRService.RunMQXRService version p920-L200709.
AMQCO2005I: Formatter stopped at:12:20:23 PM WIB Saturday, August 10, 2024
AMQCO2004I: Formatter started at:12:20:23 PM WIB Saturday, August 10, 2024
8/10/24 12:20:23.789  AMQUT0007I: The java.util.logging configuration is now set to /MQHA/ITMBROKERQM/data/ITMBROKER!QM/./amqp/amqptraceOff.properties.
8/10/24 12:20:26.483  AMQXR0015I: AMQP Service started successfully (0 channels running, 0 channels stopped). PID(631).
AMQCO2004I: Formatter started at:12:37:56 PM WIB Saturday, August 10, 2024
8/10/24 12:37:56.134  AMQUT0007I: The java.util.logging configuration is now set to /opt/mqm/amqp/config/amqptraceOff.properties.
8/10/24 12:37:56.301  AMQXR0005I: Running com.ibm.mq.MQXRService.RunMQXRService version p920-L200709.
AMQCO2005I: Formatter stopped at:12:37:56 PM WIB Saturday, August 10, 2024
AMQCO2004I: Formatter started at:12:37:56 PM WIB Saturday, August 10, 2024
8/10/24 12:37:56.307  AMQUT0007I: The java.util.logging configuration is now set to /MQHA/ITMBROKERQM/data/ITMBROKER!QM/./amqp/amqptraceOff.properties.
8/10/24 12:37:59.041  AMQXR0015I: AMQP Service started successfully (0 channels running, 0 channels stopped). PID(631).
AMQCO2004I: Formatter started at:1:33:07 PM WIB Saturday, August 10, 2024
8/10/24 13:33:07.555  AMQUT0007I: The java.util.logging configuration is now set to /opt/mqm/amqp/config/amqptraceOff.properties.
8/10/24 13:33:08.224  AMQXR0005I: Running com.ibm.mq.MQXRService.RunMQXRService version p920-L200709.
AMQCO2005I: Formatter stopped at:1:33:08 PM WIB Saturday, August 10, 2024
AMQCO2004I: Formatter started at:1:33:08 PM WIB Saturday, August 10, 2024
8/10/24 13:33:08.258  AMQUT0007I: The java.util.logging configuration is now set to /MQHA/ITMBROKERQM/data/ITMBROKER!QM/./amqp/amqptraceOff.properties.
8/10/24 13:33:43.288  AMQXR0015I: AMQP Service started successfully (0 channels running, 0 channels stopped). PID(632).
AMQCO2004I: Formatter started at:1:42:42 PM WIB Saturday, August 10, 2024
8/10/24 13:42:42.604  AMQUT0007I: The java.util.logging configuration is now set to /opt/mqm/amqp/config/amqptraceOff.properties.
8/10/24 13:42:42.792  AMQXR0005I: Running com.ibm.mq.MQXRService.RunMQXRService version p920-L200709.
AMQCO2005I: Formatter stopped at:1:42:42 PM WIB Saturday, August 10, 2024
AMQCO2004I: Formatter started at:1:42:42 PM WIB Saturday, August 10, 2024
8/10/24 13:42:42.798  AMQUT0007I: The java.util.logging configuration is now set to /MQHA/ITMBROKERQM/data/ITMBROKER!QM/./amqp/amqptraceOff.properties.
8/10/24 13:42:45.928  AMQXR0015I: AMQP Service started successfully (0 channels running, 0 channels stopped). PID(656).
AMQCO2004I: Formatter started at:12:54:10 AM WIB Sunday, August 11, 2024
8/11/24 00:54:10.714  AMQUT0007I: The java.util.logging configuration is now set to /opt/mqm/amqp/config/amqptraceOff.properties.
8/11/24 00:54:10.837  AMQXR0005I: Running com.ibm.mq.MQXRService.RunMQXRService version p920-L200709.
AMQCO2005I: Formatter stopped at:12:54:10 AM WIB Sunday, August 11, 2024
AMQCO2004I: Formatter started at:12:54:10 AM WIB Sunday, August 11, 2024
8/11/24 00:54:10.841  AMQUT0007I: The java.util.logging configuration is now set to /MQHA/ITMBROKERQM/data/ITMBROKER!QM/./amqp/amqptraceOff.properties.
8/11/24 00:54:12.686  AMQXR0015I: AMQP Service started successfully (0 channels running, 0 channels stopped). PID(655).
AMQCO2004I: Formatter started at:2:41:56 AM WIB Sunday, August 11, 2024
8/11/24 02:41:56.658  AMQUT0007I: The java.util.logging configuration is now set to /opt/mqm/amqp/config/amqptraceOff.properties.
8/11/24 02:41:56.862  AMQXR0005I: Running com.ibm.mq.MQXRService.RunMQXRService version p920-L200709.
AMQCO2005I: Formatter stopped at:2:41:56 AM WIB Sunday, August 11, 2024
AMQCO2004I: Formatter started at:2:41:56 AM WIB Sunday, August 11, 2024
8/11/24 02:41:56.867  AMQUT0007I: The java.util.logging configuration is now set to /MQHA/ITMBROKERQM/data/ITMBROKER!QM/./amqp/amqptraceOff.properties.
8/11/24 02:42:00.015  AMQXR0015I: AMQP Service started successfully (0 channels running, 0 channels stopped). PID(630).
AMQCO2004I: Formatter started at:12:28:16 PM WIB Sunday, August 11, 2024
8/11/24 12:28:16.101  AMQUT0007I: The java.util.logging configuration is now set to /opt/mqm/amqp/config/amqptraceOff.properties.
8/11/24 12:28:16.226  AMQXR0005I: Running com.ibm.mq.MQXRService.RunMQXRService version p920-L200709.
AMQCO2005I: Formatter stopped at:12:28:16 PM WIB Sunday, August 11, 2024
AMQCO2004I: Formatter started at:12:28:16 PM WIB Sunday, August 11, 2024
8/11/24 12:28:16.232  AMQUT0007I: The java.util.logging configuration is now set to /MQHA/ITMBROKERQM/data/ITMBROKER!QM/./amqp/amqptraceOff.properties.
8/11/24 12:28:18.612  AMQXR0015I: AMQP Service started successfully (0 channels running, 0 channels stopped). PID(629).
AMQCO2004I: Formatter started at:3:51:17 PM WIB Sunday, August 11, 2024
8/11/24 15:51:16.968  AMQUT0007I: The java.util.logging configuration is now set to /opt/mqm/amqp/config/amqptraceOff.properties.
8/11/24 15:51:18.246  AMQXR0005I: Running com.ibm.mq.MQXRService.RunMQXRService version p920-L200709.
AMQCO2005I: Formatter stopped at:3:51:18 PM WIB Sunday, August 11, 2024
AMQCO2004I: Formatter started at:3:51:18 PM WIB Sunday, August 11, 2024
8/11/24 15:51:18.293  AMQUT0007I: The java.util.logging configuration is now set to /MQHA/ITMBROKERQM/data/ITMBROKER!QM/./amqp/amqptraceOff.properties.
8/11/24 15:52:04.433  AMQXR0015I: AMQP Service started successfully (0 channels running, 0 channels stopped). PID(631).
AMQCO2004I: Formatter started at:10:27:04 PM WIB Monday, August 12, 2024
8/12/24 22:27:04.457  AMQUT0007I: The java.util.logging configuration is now set to /opt/mqm/amqp/config/amqptraceOff.properties.
8/12/24 22:27:04.564  AMQXR0005I: Running com.ibm.mq.MQXRService.RunMQXRService version p920-L200709.
AMQCO2005I: Formatter stopped at:10:27:04 PM WIB Monday, August 12, 2024
AMQCO2004I: Formatter started at:10:27:04 PM WIB Monday, August 12, 2024
8/12/24 22:27:04.568  AMQUT0007I: The java.util.logging configuration is now set to /MQHA/ITMBROKERQM/data/ITMBROKER!QM/./amqp/amqptraceOff.properties.
8/12/24 22:27:06.468  AMQXR0015I: AMQP Service started successfully (0 channels running, 0 channels stopped). PID(611).
AMQCO2004I: Formatter started at:11:48:20 PM WIB Saturday, August 17, 2024
8/17/24 23:48:20.015  AMQUT0007I: The java.util.logging configuration is now set to /opt/mqm/amqp/config/amqptraceOff.properties.
8/17/24 23:48:20.196  AMQXR0005I: Running com.ibm.mq.MQXRService.RunMQXRService version p920-L200709.
AMQCO2005I: Formatter stopped at:11:48:20 PM WIB Saturday, August 17, 2024
AMQCO2004I: Formatter started at:11:48:20 PM WIB Saturday, August 17, 2024
8/17/24 23:48:20.201  AMQUT0007I: The java.util.logging configuration is now set to /MQHA/ITMBROKERQM/data/ITMBROKER!QM/./amqp/amqptraceOff.properties.
8/17/24 23:48:22.447  AMQXR0015I: AMQP Service started successfully (0 channels running, 0 channels stopped). PID(655).
AMQCO2004I: Formatter started at:11:51:09 PM WIB Saturday, August 17, 2024
8/17/24 23:51:09.753  AMQUT0007I: The java.util.logging configuration is now set to /opt/mqm/amqp/config/amqptraceOff.properties.
8/17/24 23:51:09.914  AMQXR0005I: Running com.ibm.mq.MQXRService.RunMQXRService version p920-L200709.
AMQCO2005I: Formatter stopped at:11:51:09 PM WIB Saturday, August 17, 2024
AMQCO2004I: Formatter started at:11:51:09 PM WIB Saturday, August 17, 2024
8/17/24 23:51:09.923  AMQUT0007I: The java.util.logging configuration is now set to /MQHA/ITMBROKERQM/data/ITMBROKER!QM/./amqp/amqptraceOff.properties.
8/17/24 23:51:12.885  AMQXR0015I: AMQP Service started successfully (0 channels running, 0 channels stopped). PID(618).
AMQCO2004I: Formatter started at:12:08:55 AM WIB Sunday, August 18, 2024
8/18/24 00:08:55.377  AMQUT0007I: The java.util.logging configuration is now set to /opt/mqm/amqp/config/amqptraceOff.properties.
8/18/24 00:08:55.603  AMQXR0005I: Running com.ibm.mq.MQXRService.RunMQXRService version p920-L200709.
AMQCO2005I: Formatter stopped at:12:08:55 AM WIB Sunday, August 18, 2024
AMQCO2004I: Formatter started at:12:08:55 AM WIB Sunday, August 18, 2024
8/18/24 00:08:55.609  AMQUT0007I: The java.util.logging configuration is now set to /MQHA/ITMBROKERQM/data/ITMBROKER!QM/./amqp/amqptraceOff.properties.
8/18/24 00:08:59.423  AMQXR0015I: AMQP Service started successfully (0 channels running, 0 channels stopped). PID(630).
AMQCO2004I: Formatter started at:11:22:22 AM WIB Tuesday, August 20, 2024
8/20/24 11:22:22.559  AMQUT0007I: The java.util.logging configuration is now set to /opt/mqm/amqp/config/amqptraceOff.properties.
8/20/24 11:22:22.718  AMQXR0005I: Running com.ibm.mq.MQXRService.RunMQXRService version p920-L200709.
AMQCO2005I: Formatter stopped at:11:22:22 AM WIB Tuesday, August 20, 2024
AMQCO2004I: Formatter started at:11:22:22 AM WIB Tuesday, August 20, 2024
8/20/24 11:22:22.730  AMQUT0007I: The java.util.logging configuration is now set to /MQHA/ITMBROKERQM/data/ITMBROKER!QM/./amqp/amqptraceOff.properties.
8/20/24 11:22:25.111  AMQXR0015I: AMQP Service started successfully (0 channels running, 0 channels stopped). PID(631).
AMQCO2004I: Formatter started at:2:42:41 PM WIB Tuesday, August 20, 2024
8/20/24 14:42:41.399  AMQUT0007I: The java.util.logging configuration is now set to /opt/mqm/amqp/config/amqptraceOff.properties.
8/20/24 14:42:41.581  AMQXR0005I: Running com.ibm.mq.MQXRService.RunMQXRService version p920-L200709.
AMQCO2005I: Formatter stopped at:2:42:41 PM WIB Tuesday, August 20, 2024
AMQCO2004I: Formatter started at:2:42:41 PM WIB Tuesday, August 20, 2024
8/20/24 14:42:41.590  AMQUT0007I: The java.util.logging configuration is now set to /MQHA/ITMBROKERQM/data/ITMBROKER!QM/./amqp/amqptraceOff.properties.
8/20/24 14:42:44.540  AMQXR0015I: AMQP Service started successfully (0 channels running, 0 channels stopped). PID(628).
AMQCO2004I: Formatter started at:2:54:29 AM WIB Sunday, August 25, 2024
8/25/24 02:54:29.225  AMQUT0007I: The java.util.logging configuration is now set to /opt/mqm/amqp/config/amqptraceOff.properties.
8/25/24 02:54:29.469  AMQXR0005I: Running com.ibm.mq.MQXRService.RunMQXRService version p920-L200709.
AMQCO2005I: Formatter stopped at:2:54:29 AM WIB Sunday, August 25, 2024
AMQCO2004I: Formatter started at:2:54:29 AM WIB Sunday, August 25, 2024
8/25/24 02:54:29.482  AMQUT0007I: The java.util.logging configuration is now set to /MQHA/ITMBROKERQM/data/ITMBROKER!QM/./amqp/amqptraceOff.properties.
8/25/24 02:54:32.153  AMQXR0015I: AMQP Service started successfully (0 channels running, 0 channels stopped). PID(631).
AMQCO2004I: Formatter started at:11:59:35 AM WIB Sunday, August 25, 2024
8/25/24 11:59:35.486  AMQUT0007I: The java.util.logging configuration is now set to /opt/mqm/amqp/config/amqptraceOff.properties.
8/25/24 11:59:35.596  AMQXR0005I: Running com.ibm.mq.MQXRService.RunMQXRService version p920-L200709.
AMQCO2005I: Formatter stopped at:11:59:35 AM WIB Sunday, August 25, 2024
AMQCO2004I: Formatter started at:11:59:35 AM WIB Sunday, August 25, 2024
8/25/24 11:59:35.604  AMQUT0007I: The java.util.logging configuration is now set to /MQHA/ITMBROKERQM/data/ITMBROKER!QM/./amqp/amqptraceOff.properties.
8/25/24 11:59:37.327  AMQXR0015I: AMQP Service started successfully (0 channels running, 0 channels stopped). PID(633).
AMQCO2004I: Formatter started at:12:11:58 PM WIB Sunday, August 25, 2024
8/25/24 12:11:58.889  AMQUT0007I: The java.util.logging configuration is now set to /opt/mqm/amqp/config/amqptraceOff.properties.
8/25/24 12:11:59.046  AMQXR0005I: Running com.ibm.mq.MQXRService.RunMQXRService version p920-L200709.
AMQCO2005I: Formatter stopped at:12:11:59 PM WIB Sunday, August 25, 2024
AMQCO2004I: Formatter started at:12:11:59 PM WIB Sunday, August 25, 2024
8/25/24 12:11:59.053  AMQUT0007I: The java.util.logging configuration is now set to /MQHA/ITMBROKERQM/data/ITMBROKER!QM/./amqp/amqptraceOff.properties.
8/25/24 12:12:01.493  AMQXR0015I: AMQP Service started successfully (0 channels running, 0 channels stopped). PID(620).
AMQCO2004I: Formatter started at:12:20:19 PM WIB Sunday, August 25, 2024
8/25/24 12:20:19.249  AMQUT0007I: The java.util.logging configuration is now set to /opt/mqm/amqp/config/amqptraceOff.properties.
8/25/24 12:20:19.425  AMQXR0005I: Running com.ibm.mq.MQXRService.RunMQXRService version p920-L200709.
AMQCO2005I: Formatter stopped at:12:20:19 PM WIB Sunday, August 25, 2024
AMQCO2004I: Formatter started at:12:20:19 PM WIB Sunday, August 25, 2024
8/25/24 12:20:19.435  AMQUT0007I: The java.util.logging configuration is now set to /MQHA/ITMBROKERQM/data/ITMBROKER!QM/./amqp/amqptraceOff.properties.
8/25/24 12:20:22.246  AMQXR0015I: AMQP Service started successfully (0 channels running, 0 channels stopped). PID(631).
AMQCO2004I: Formatter started at:12:24:36 PM WIB Sunday, August 25, 2024
8/25/24 12:24:35.995  AMQUT0007I: The java.util.logging configuration is now set to /opt/mqm/amqp/config/amqptraceOff.properties.
8/25/24 12:24:36.181  AMQXR0005I: Running com.ibm.mq.MQXRService.RunMQXRService version p920-L200709.
AMQCO2005I: Formatter stopped at:12:24:36 PM WIB Sunday, August 25, 2024
AMQCO2004I: Formatter started at:12:24:36 PM WIB Sunday, August 25, 2024
8/25/24 12:24:36.187  AMQUT0007I: The java.util.logging configuration is now set to /MQHA/ITMBROKERQM/data/ITMBROKER!QM/./amqp/amqptraceOff.properties.
8/25/24 12:24:38.876  AMQXR0015I: AMQP Service started successfully (0 channels running, 0 channels stopped). PID(620).
AMQCO2004I: Formatter started at:11:02:43 AM WIB Tuesday, August 27, 2024
8/27/24 11:02:43.001  AMQUT0007I: The java.util.logging configuration is now set to /opt/mqm/amqp/config/amqptraceOff.properties.
8/27/24 11:02:43.121  AMQXR0005I: Running com.ibm.mq.MQXRService.RunMQXRService version p920-L200709.
AMQCO2005I: Formatter stopped at:11:02:43 AM WIB Tuesday, August 27, 2024
AMQCO2004I: Formatter started at:11:02:43 AM WIB Tuesday, August 27, 2024
8/27/24 11:02:43.125  AMQUT0007I: The java.util.logging configuration is now set to /MQHA/ITMBROKERQM/data/ITMBROKER!QM/./amqp/amqptraceOff.properties.
8/27/24 11:02:45.298  AMQXR0015I: AMQP Service started successfully (0 channels running, 0 channels stopped). PID(656).
AMQCO2004I: Formatter started at:2:56:20 PM WIB Saturday, August 31, 2024
8/31/24 14:56:20.416  AMQUT0007I: The java.util.logging configuration is now set to /opt/mqm/amqp/config/amqptraceOff.properties.
8/31/24 14:56:20.569  AMQXR0005I: Running com.ibm.mq.MQXRService.RunMQXRService version p920-L200709.
AMQCO2005I: Formatter stopped at:2:56:20 PM WIB Saturday, August 31, 2024
AMQCO2004I: Formatter started at:2:56:20 PM WIB Saturday, August 31, 2024
8/31/24 14:56:20.576  AMQUT0007I: The java.util.logging configuration is now set to /MQHA/ITMBROKERQM/data/ITMBROKER!QM/./amqp/amqptraceOff.properties.
8/31/24 14:56:23.203  AMQXR0015I: AMQP Service started successfully (0 channels running, 0 channels stopped). PID(658).
AMQCO2004I: Formatter started at:7:51:26 PM WIB Sunday, September 1, 2024
9/1/24 19:51:26.163  AMQUT0007I: The java.util.logging configuration is now set to /opt/mqm/amqp/config/amqptraceOff.properties.
9/1/24 19:51:26.330  AMQXR0005I: Running com.ibm.mq.MQXRService.RunMQXRService version p920-L200709.
AMQCO2005I: Formatter stopped at:7:51:26 PM WIB Sunday, September 1, 2024
AMQCO2004I: Formatter started at:7:51:26 PM WIB Sunday, September 1, 2024
9/1/24 19:51:26.336  AMQUT0007I: The java.util.logging configuration is now set to /MQHA/ITMBROKERQM/data/ITMBROKER!QM/./amqp/amqptraceOff.properties.
9/1/24 19:51:29.431  AMQXR0015I: AMQP Service started successfully (0 channels running, 0 channels stopped). PID(639).
AMQCO2004I: Formatter started at:2:55:25 AM WIB Tuesday, September 3, 2024
9/3/24 02:55:25.453  AMQUT0007I: The java.util.logging configuration is now set to /opt/mqm/amqp/config/amqptraceOff.properties.
9/3/24 02:55:25.695  AMQXR0005I: Running com.ibm.mq.MQXRService.RunMQXRService version p920-L200709.
AMQCO2005I: Formatter stopped at:2:55:25 AM WIB Tuesday, September 3, 2024
AMQCO2004I: Formatter started at:2:55:25 AM WIB Tuesday, September 3, 2024
9/3/24 02:55:25.716  AMQUT0007I: The java.util.logging configuration is now set to /MQHA/ITMBROKERQM/data/ITMBROKER!QM/./amqp/amqptraceOff.properties.
9/3/24 02:55:28.904  AMQXR0015I: AMQP Service started successfully (0 channels running, 0 channels stopped). PID(657).
AMQCO2004I: Formatter started at:7:55:49 PM WIB Tuesday, September 3, 2024
9/3/24 19:55:49.377  AMQUT0007I: The java.util.logging configuration is now set to /opt/mqm/amqp/config/amqptraceOff.properties.
9/3/24 19:55:49.516  AMQXR0005I: Running com.ibm.mq.MQXRService.RunMQXRService version p920-L200709.
AMQCO2005I: Formatter stopped at:7:55:49 PM WIB Tuesday, September 3, 2024
AMQCO2004I: Formatter started at:7:55:49 PM WIB Tuesday, September 3, 2024
9/3/24 19:55:49.525  AMQUT0007I: The java.util.logging configuration is now set to /MQHA/ITMBROKERQM/data/ITMBROKER!QM/./amqp/amqptraceOff.properties.
9/3/24 19:55:52.585  AMQXR0015I: AMQP Service started successfully (0 channels running, 0 channels stopped). PID(640).
AMQCO2004I: Formatter started at:10:36:30 AM WIB Monday, September 9, 2024
9/9/24 10:36:30.511  AMQUT0007I: The java.util.logging configuration is now set to /opt/mqm/amqp/config/amqptraceOff.properties.
9/9/24 10:36:30.732  AMQXR0005I: Running com.ibm.mq.MQXRService.RunMQXRService version p920-L200709.
AMQCO2005I: Formatter stopped at:10:36:30 AM WIB Monday, September 9, 2024
AMQCO2004I: Formatter started at:10:36:30 AM WIB Monday, September 9, 2024
9/9/24 10:36:30.738  AMQUT0007I: The java.util.logging configuration is now set to /MQHA/ITMBROKERQM/data/ITMBROKER!QM/./amqp/amqptraceOff.properties.
9/9/24 10:36:34.613  AMQXR0015I: AMQP Service started successfully (0 channels running, 0 channels stopped). PID(640).
AMQCO2004I: Formatter started at:11:07:42 AM WIB Monday, September 9, 2024
9/9/24 11:07:42.923  AMQUT0007I: The java.util.logging configuration is now set to /opt/mqm/amqp/config/amqptraceOff.properties.
9/9/24 11:07:43.095  AMQXR0005I: Running com.ibm.mq.MQXRService.RunMQXRService version p920-L200709.
AMQCO2005I: Formatter stopped at:11:07:43 AM WIB Monday, September 9, 2024
AMQCO2004I: Formatter started at:11:07:43 AM WIB Monday, September 9, 2024
9/9/24 11:07:43.101  AMQUT0007I: The java.util.logging configuration is now set to /MQHA/ITMBROKERQM/data/ITMBROKER!QM/./amqp/amqptraceOff.properties.
9/9/24 11:07:46.206  AMQXR0015I: AMQP Service started successfully (0 channels running, 0 channels stopped). PID(622).
AMQCO2004I: Formatter started at:4:45:20 PM WIB Friday, September 13, 2024
9/13/24 16:45:20.136  AMQUT0007I: The java.util.logging configuration is now set to /opt/mqm/amqp/config/amqptraceOff.properties.
9/13/24 16:45:20.368  AMQXR0005I: Running com.ibm.mq.MQXRService.RunMQXRService version p920-L200709.
AMQCO2005I: Formatter stopped at:4:45:20 PM WIB Friday, September 13, 2024
AMQCO2004I: Formatter started at:4:45:20 PM WIB Friday, September 13, 2024
9/13/24 16:45:20.377  AMQUT0007I: The java.util.logging configuration is now set to /MQHA/ITMBROKERQM/data/ITMBROKER!QM/./amqp/amqptraceOff.properties.
9/13/24 16:45:24.216  AMQXR0015I: AMQP Service started successfully (0 channels running, 0 channels stopped). PID(620).
AMQCO2004I: Formatter started at:8:38:21 PM WIB Friday, September 13, 2024
9/13/24 20:38:21.333  AMQUT0007I: The java.util.logging configuration is now set to /opt/mqm/amqp/config/amqptraceOff.properties.
9/13/24 20:38:21.539  AMQXR0005I: Running com.ibm.mq.MQXRService.RunMQXRService version p920-L200709.
AMQCO2005I: Formatter stopped at:8:38:21 PM WIB Friday, September 13, 2024
AMQCO2004I: Formatter started at:8:38:21 PM WIB Friday, September 13, 2024
9/13/24 20:38:21.555  AMQUT0007I: The java.util.logging configuration is now set to /MQHA/ITMBROKERQM/data/ITMBROKER!QM/./amqp/amqptraceOff.properties.
9/13/24 20:38:25.315  AMQXR0015I: AMQP Service started successfully (0 channels running, 0 channels stopped). PID(660).
AMQCO2004I: Formatter started at:8:13:52 PM WIB Monday, September 16, 2024
9/16/24 20:13:52.907  AMQUT0007I: The java.util.logging configuration is now set to /opt/mqm/amqp/config/amqptraceOff.properties.
9/16/24 20:13:53.032  AMQXR0005I: Running com.ibm.mq.MQXRService.RunMQXRService version p920-L200709.
AMQCO2005I: Formatter stopped at:8:13:53 PM WIB Monday, September 16, 2024
AMQCO2004I: Formatter started at:8:13:53 PM WIB Monday, September 16, 2024
9/16/24 20:13:53.037  AMQUT0007I: The java.util.logging configuration is now set to /MQHA/ITMBROKERQM/data/ITMBROKER!QM/./amqp/amqptraceOff.properties.
9/16/24 20:13:56.389  AMQXR0015I: AMQP Service started successfully (0 channels running, 0 channels stopped). PID(640).
AMQCO2004I: Formatter started at:12:11:53 AM WIB Friday, September 20, 2024
9/20/24 00:11:53.615  AMQUT0007I: The java.util.logging configuration is now set to /opt/mqm/amqp/config/amqptraceOff.properties.
9/20/24 00:11:53.823  AMQXR0005I: Running com.ibm.mq.MQXRService.RunMQXRService version p920-L200709.
AMQCO2005I: Formatter stopped at:12:11:53 AM WIB Friday, September 20, 2024
AMQCO2004I: Formatter started at:12:11:53 AM WIB Friday, September 20, 2024
9/20/24 00:11:53.830  AMQUT0007I: The java.util.logging configuration is now set to /MQHA/ITMBROKERQM/data/ITMBROKER!QM/./amqp/amqptraceOff.properties.
9/20/24 00:11:56.935  AMQXR0015I: AMQP Service started successfully (0 channels running, 0 channels stopped). PID(660).
AMQCO2004I: Formatter started at:6:02:06 AM WIB Saturday, September 21, 2024
9/21/24 06:02:06.361  AMQUT0007I: The java.util.logging configuration is now set to /opt/mqm/amqp/config/amqptraceOff.properties.
9/21/24 06:02:06.597  AMQXR0005I: Running com.ibm.mq.MQXRService.RunMQXRService version p920-L200709.
AMQCO2005I: Formatter stopped at:6:02:06 AM WIB Saturday, September 21, 2024
AMQCO2004I: Formatter started at:6:02:06 AM WIB Saturday, September 21, 2024
9/21/24 06:02:06.609  AMQUT0007I: The java.util.logging configuration is now set to /MQHA/ITMBROKERQM/data/ITMBROKER!QM/./amqp/amqptraceOff.properties.
9/21/24 06:02:10.022  AMQXR0015I: AMQP Service started successfully (0 channels running, 0 channels stopped). PID(640).
AMQCO2004I: Formatter started at:11:43:10 PM WIB Sunday, September 22, 2024
9/22/24 23:43:10.824  AMQUT0007I: The java.util.logging configuration is now set to /opt/mqm/amqp/config/amqptraceOff.properties.
9/22/24 23:43:10.978  AMQXR0005I: Running com.ibm.mq.MQXRService.RunMQXRService version p920-L200709.
AMQCO2005I: Formatter stopped at:11:43:10 PM WIB Sunday, September 22, 2024
AMQCO2004I: Formatter started at:11:43:10 PM WIB Sunday, September 22, 2024
9/22/24 23:43:10.991  AMQUT0007I: The java.util.logging configuration is now set to /MQHA/ITMBROKERQM/data/ITMBROKER!QM/./amqp/amqptraceOff.properties.
9/22/24 23:43:15.039  AMQXR0015I: AMQP Service started successfully (0 channels running, 0 channels stopped). PID(661).
AMQCO2004I: Formatter started at:3:20:12 PM WIB Saturday, September 28, 2024
9/28/24 15:20:12.539  AMQUT0007I: The java.util.logging configuration is now set to /opt/mqm/amqp/config/amqptraceOff.properties.
9/28/24 15:20:12.717  AMQXR0005I: Running com.ibm.mq.MQXRService.RunMQXRService version p920-L200709.
AMQCO2005I: Formatter stopped at:3:20:12 PM WIB Saturday, September 28, 2024
AMQCO2004I: Formatter started at:3:20:12 PM WIB Saturday, September 28, 2024
9/28/24 15:20:12.724  AMQUT0007I: The java.util.logging configuration is now set to /MQHA/ITMBROKERQM/data/ITMBROKER!QM/./amqp/amqptraceOff.properties.
9/28/24 15:20:15.669  AMQXR0015I: AMQP Service started successfully (0 channels running, 0 channels stopped). PID(621).
AMQCO2004I: Formatter started at:4:24:56 AM WIB Monday, September 30, 2024
9/30/24 04:24:56.562  AMQUT0007I: The java.util.logging configuration is now set to /opt/mqm/amqp/config/amqptraceOff.properties.
9/30/24 04:24:56.723  AMQXR0005I: Running com.ibm.mq.MQXRService.RunMQXRService version p920-L200709.
AMQCO2005I: Formatter stopped at:4:24:56 AM WIB Monday, September 30, 2024
AMQCO2004I: Formatter started at:4:24:56 AM WIB Monday, September 30, 2024
9/30/24 04:24:56.729  AMQUT0007I: The java.util.logging configuration is now set to /MQHA/ITMBROKERQM/data/ITMBROKER!QM/./amqp/amqptraceOff.properties.
9/30/24 04:24:59.830  AMQXR0015I: AMQP Service started successfully (0 channels running, 0 channels stopped). PID(619).
AMQCO2004I: Formatter started at:7:57:52 PM WIB Monday, September 30, 2024
9/30/24 19:57:51.987  AMQUT0007I: The java.util.logging configuration is now set to /opt/mqm/amqp/config/amqptraceOff.properties.
9/30/24 19:57:52.183  AMQXR0005I: Running com.ibm.mq.MQXRService.RunMQXRService version p920-L200709.
AMQCO2005I: Formatter stopped at:7:57:52 PM WIB Monday, September 30, 2024
AMQCO2004I: Formatter started at:7:57:52 PM WIB Monday, September 30, 2024
9/30/24 19:57:52.197  AMQUT0007I: The java.util.logging configuration is now set to /MQHA/ITMBROKERQM/data/ITMBROKER!QM/./amqp/amqptraceOff.properties.
9/30/24 19:57:55.686  AMQXR0015I: AMQP Service started successfully (0 channels running, 0 channels stopped). PID(640).
AMQCO2004I: Formatter started at:12:05:16 AM WIB Friday, October 4, 2024
10/4/24 00:05:16.321  AMQUT0007I: The java.util.logging configuration is now set to /opt/mqm/amqp/config/amqptraceOff.properties.
10/4/24 00:05:16.532  AMQXR0005I: Running com.ibm.mq.MQXRService.RunMQXRService version p920-L200709.
AMQCO2005I: Formatter stopped at:12:05:16 AM WIB Friday, October 4, 2024
AMQCO2004I: Formatter started at:12:05:16 AM WIB Friday, October 4, 2024
10/4/24 00:05:16.543  AMQUT0007I: The java.util.logging configuration is now set to /MQHA/ITMBROKERQM/data/ITMBROKER!QM/./amqp/amqptraceOff.properties.
10/4/24 00:05:19.525  AMQXR0015I: AMQP Service started successfully (0 channels running, 0 channels stopped). PID(642).
AMQCO2004I: Formatter started at:5:48:03 PM WIB Saturday, October 5, 2024
10/5/24 17:48:03.497  AMQUT0007I: The java.util.logging configuration is now set to /opt/mqm/amqp/config/amqptraceOff.properties.
10/5/24 17:48:03.757  AMQXR0005I: Running com.ibm.mq.MQXRService.RunMQXRService version p920-L200709.
AMQCO2005I: Formatter stopped at:5:48:03 PM WIB Saturday, October 5, 2024
AMQCO2004I: Formatter started at:5:48:03 PM WIB Saturday, October 5, 2024
10/5/24 17:48:03.763  AMQUT0007I: The java.util.logging configuration is now set to /MQHA/ITMBROKERQM/data/ITMBROKER!QM/./amqp/amqptraceOff.properties.
10/5/24 17:48:06.739  AMQXR0015I: AMQP Service started successfully (0 channels running, 0 channels stopped). PID(661).
AMQCO2004I: Formatter started at:7:35:23 PM WIB Sunday, October 6, 2024
10/6/24 19:35:23.923  AMQUT0007I: The java.util.logging configuration is now set to /opt/mqm/amqp/config/amqptraceOff.properties.
10/6/24 19:35:24.105  AMQXR0005I: Running com.ibm.mq.MQXRService.RunMQXRService version p920-L200709.
AMQCO2005I: Formatter stopped at:7:35:24 PM WIB Sunday, October 6, 2024
AMQCO2004I: Formatter started at:7:35:24 PM WIB Sunday, October 6, 2024
10/6/24 19:35:24.121  AMQUT0007I: The java.util.logging configuration is now set to /MQHA/ITMBROKERQM/data/ITMBROKER!QM/./amqp/amqptraceOff.properties.
10/6/24 19:35:27.554  AMQXR0015I: AMQP Service started successfully (0 channels running, 0 channels stopped). PID(640).
AMQCO2004I: Formatter started at:7:36:59 PM WIB Monday, October 7, 2024
10/7/24 19:36:59.043  AMQUT0007I: The java.util.logging configuration is now set to /opt/mqm/amqp/config/amqptraceOff.properties.
10/7/24 19:36:59.230  AMQXR0005I: Running com.ibm.mq.MQXRService.RunMQXRService version p920-L200709.
AMQCO2005I: Formatter stopped at:7:36:59 PM WIB Monday, October 7, 2024
AMQCO2004I: Formatter started at:7:36:59 PM WIB Monday, October 7, 2024
10/7/24 19:36:59.236  AMQUT0007I: The java.util.logging configuration is now set to /MQHA/ITMBROKERQM/data/ITMBROKER!QM/./amqp/amqptraceOff.properties.
10/7/24 19:37:02.451  AMQXR0015I: AMQP Service started successfully (0 channels running, 0 channels stopped). PID(653).
AMQCO2004I: Formatter started at:3:30:56 PM WIB Tuesday, October 8, 2024
10/8/24 15:30:56.002  AMQUT0007I: The java.util.logging configuration is now set to /opt/mqm/amqp/config/amqptraceOff.properties.
10/8/24 15:30:56.182  AMQXR0005I: Running com.ibm.mq.MQXRService.RunMQXRService version p920-L200709.
AMQCO2005I: Formatter stopped at:3:30:56 PM WIB Tuesday, October 8, 2024
AMQCO2004I: Formatter started at:3:30:56 PM WIB Tuesday, October 8, 2024
10/8/24 15:30:56.195  AMQUT0007I: The java.util.logging configuration is now set to /MQHA/ITMBROKERQM/data/ITMBROKER!QM/./amqp/amqptraceOff.properties.
10/8/24 15:31:00.144  AMQXR0015I: AMQP Service started successfully (0 channels running, 0 channels stopped). PID(660).
AMQCO2004I: Formatter started at:4:08:41 AM WIB Thursday, October 10, 2024
10/10/24 04:08:41.459  AMQUT0007I: The java.util.logging configuration is now set to /opt/mqm/amqp/config/amqptraceOff.properties.
10/10/24 04:08:41.704  AMQXR0005I: Running com.ibm.mq.MQXRService.RunMQXRService version p920-L200709.
AMQCO2005I: Formatter stopped at:4:08:41 AM WIB Thursday, October 10, 2024
AMQCO2004I: Formatter started at:4:08:41 AM WIB Thursday, October 10, 2024
10/10/24 04:08:41.712  AMQUT0007I: The java.util.logging configuration is now set to /MQHA/ITMBROKERQM/data/ITMBROKER!QM/./amqp/amqptraceOff.properties.
10/10/24 04:08:47.611  AMQXR0015I: AMQP Service started successfully (0 channels running, 0 channels stopped). PID(620).
AMQCO2004I: Formatter started at:12:57:34 PM WIB Thursday, October 10, 2024
10/10/24 12:57:34.709  AMQUT0007I: The java.util.logging configuration is now set to /opt/mqm/amqp/config/amqptraceOff.properties.
10/10/24 12:57:34.997  AMQXR0005I: Running com.ibm.mq.MQXRService.RunMQXRService version p920-L200709.
AMQCO2005I: Formatter stopped at:12:57:35 PM WIB Thursday, October 10, 2024
AMQCO2004I: Formatter started at:12:57:35 PM WIB Thursday, October 10, 2024
10/10/24 12:57:35.006  AMQUT0007I: The java.util.logging configuration is now set to /MQHA/ITMBROKERQM/data/ITMBROKER!QM/./amqp/amqptraceOff.properties.
10/10/24 12:57:39.243  AMQXR0015I: AMQP Service started successfully (0 channels running, 0 channels stopped). PID(642).
AMQCO2004I: Formatter started at:4:03:58 PM WIB Thursday, October 10, 2024
10/10/24 16:03:58.281  AMQUT0007I: The java.util.logging configuration is now set to /opt/mqm/amqp/config/amqptraceOff.properties.
10/10/24 16:03:58.481  AMQXR0005I: Running com.ibm.mq.MQXRService.RunMQXRService version p920-L200709.
AMQCO2005I: Formatter stopped at:4:03:58 PM WIB Thursday, October 10, 2024
AMQCO2004I: Formatter started at:4:03:58 PM WIB Thursday, October 10, 2024
10/10/24 16:03:58.497  AMQUT0007I: The java.util.logging configuration is now set to /MQHA/ITMBROKERQM/data/ITMBROKER!QM/./amqp/amqptraceOff.properties.
10/10/24 16:04:01.731  AMQXR0015I: AMQP Service started successfully (0 channels running, 0 channels stopped). PID(620).
AMQCO2004I: Formatter started at:12:55:10 PM WIB Saturday, October 12, 2024
10/12/24 12:55:10.177  AMQUT0007I: The java.util.logging configuration is now set to /opt/mqm/amqp/config/amqptraceOff.properties.
10/12/24 12:55:10.415  AMQXR0005I: Running com.ibm.mq.MQXRService.RunMQXRService version p920-L200709.
AMQCO2005I: Formatter stopped at:12:55:10 PM WIB Saturday, October 12, 2024
AMQCO2004I: Formatter started at:12:55:10 PM WIB Saturday, October 12, 2024
10/12/24 12:55:10.427  AMQUT0007I: The java.util.logging configuration is now set to /MQHA/ITMBROKERQM/data/ITMBROKER!QM/./amqp/amqptraceOff.properties.
10/12/24 12:55:14.775  AMQXR0015I: AMQP Service started successfully (0 channels running, 0 channels stopped). PID(658).
AMQCO2004I: Formatter started at:3:55:17 PM WIB Sunday, October 13, 2024
10/13/24 15:55:17.856  AMQUT0007I: The java.util.logging configuration is now set to /opt/mqm/amqp/config/amqptraceOff.properties.
10/13/24 15:55:18.089  AMQXR0005I: Running com.ibm.mq.MQXRService.RunMQXRService version p920-L200709.
AMQCO2005I: Formatter stopped at:3:55:18 PM WIB Sunday, October 13, 2024
AMQCO2004I: Formatter started at:3:55:18 PM WIB Sunday, October 13, 2024
10/13/24 15:55:18.105  AMQUT0007I: The java.util.logging configuration is now set to /MQHA/ITMBROKERQM/data/ITMBROKER!QM/./amqp/amqptraceOff.properties.
10/13/24 15:55:22.937  AMQXR0015I: AMQP Service started successfully (0 channels running, 0 channels stopped). PID(640).
AMQCO2004I: Formatter started at:3:43:14 PM WIB Tuesday, October 15, 2024
10/15/24 15:43:14.322  AMQUT0007I: The java.util.logging configuration is now set to /opt/mqm/amqp/config/amqptraceOff.properties.
10/15/24 15:43:14.583  AMQXR0005I: Running com.ibm.mq.MQXRService.RunMQXRService version p920-L200709.
AMQCO2005I: Formatter stopped at:3:43:14 PM WIB Tuesday, October 15, 2024
AMQCO2004I: Formatter started at:3:43:14 PM WIB Tuesday, October 15, 2024
10/15/24 15:43:14.617  AMQUT0007I: The java.util.logging configuration is now set to /MQHA/ITMBROKERQM/data/ITMBROKER!QM/./amqp/amqptraceOff.properties.
10/15/24 15:43:17.883  AMQXR0015I: AMQP Service started successfully (0 channels running, 0 channels stopped). PID(660).
AMQCO2004I: Formatter started at:4:57:46 PM WIB Saturday, October 19, 2024
10/19/24 16:57:46.007  AMQUT0007I: The java.util.logging configuration is now set to /opt/mqm/amqp/config/amqptraceOff.properties.
10/19/24 16:57:46.193  AMQXR0005I: Running com.ibm.mq.MQXRService.RunMQXRService version p920-L200709.
AMQCO2005I: Formatter stopped at:4:57:46 PM WIB Saturday, October 19, 2024
AMQCO2004I: Formatter started at:4:57:46 PM WIB Saturday, October 19, 2024
10/19/24 16:57:46.212  AMQUT0007I: The java.util.logging configuration is now set to /MQHA/ITMBROKERQM/data/ITMBROKER!QM/./amqp/amqptraceOff.properties.
10/19/24 16:57:49.562  AMQXR0015I: AMQP Service started successfully (0 channels running, 0 channels stopped). PID(642).
AMQCO2004I: Formatter started at:2:36:18 AM WIB Monday, October 21, 2024
10/21/24 02:36:18.552  AMQUT0007I: The java.util.logging configuration is now set to /opt/mqm/amqp/config/amqptraceOff.properties.
10/21/24 02:36:18.835  AMQXR0005I: Running com.ibm.mq.MQXRService.RunMQXRService version p920-L200709.
AMQCO2005I: Formatter stopped at:2:36:18 AM WIB Monday, October 21, 2024
AMQCO2004I: Formatter started at:2:36:18 AM WIB Monday, October 21, 2024
10/21/24 02:36:18.843  AMQUT0007I: The java.util.logging configuration is now set to /MQHA/ITMBROKERQM/data/ITMBROKER!QM/./amqp/amqptraceOff.properties.
10/21/24 02:36:24.968  AMQXR0015I: AMQP Service started successfully (0 channels running, 0 channels stopped). PID(620).
AMQCO2004I: Formatter started at:2:40:55 AM WIB Monday, October 21, 2024
10/21/24 02:40:55.968  AMQUT0007I: The java.util.logging configuration is now set to /opt/mqm/amqp/config/amqptraceOff.properties.
10/21/24 02:40:56.363  AMQXR0005I: Running com.ibm.mq.MQXRService.RunMQXRService version p920-L200709.
AMQCO2005I: Formatter stopped at:2:40:56 AM WIB Monday, October 21, 2024
AMQCO2004I: Formatter started at:2:40:56 AM WIB Monday, October 21, 2024
10/21/24 02:40:56.391  AMQUT0007I: The java.util.logging configuration is now set to /MQHA/ITMBROKERQM/data/ITMBROKER!QM/./amqp/amqptraceOff.properties.
10/21/24 02:41:00.838  AMQXR0015I: AMQP Service started successfully (0 channels running, 0 channels stopped). PID(619).
AMQCO2004I: Formatter started at:2:47:51 AM WIB Monday, October 21, 2024
10/21/24 02:47:51.060  AMQUT0007I: The java.util.logging configuration is now set to /opt/mqm/amqp/config/amqptraceOff.properties.
10/21/24 02:47:51.355  AMQXR0005I: Running com.ibm.mq.MQXRService.RunMQXRService version p920-L200709.
AMQCO2005I: Formatter stopped at:2:47:51 AM WIB Monday, October 21, 2024
AMQCO2004I: Formatter started at:2:47:51 AM WIB Monday, October 21, 2024
10/21/24 02:47:51.371  AMQUT0007I: The java.util.logging configuration is now set to /MQHA/ITMBROKERQM/data/ITMBROKER!QM/./amqp/amqptraceOff.properties.
10/21/24 02:47:56.092  AMQXR0015I: AMQP Service started successfully (0 channels running, 0 channels stopped). PID(623).
