
==============================================

!Tue Mar 01 23:47:35 ICT 2022

Processing file SUBFLOW_LOGDB_SOAP_LIB\LOG_DB_SOAP_ERROR_REPLY_SUBFLOW.esql.
Successfully added file SUBFLOW_LOGDB_SOAP_LIB\LOG_DB_SOAP_ERROR_REPLY_SUBFLOW.esql to BAR file.

==============================================

!Tue Mar 01 23:47:35 ICT 2022

Processing file SUBFLOW_LOGDB_SOAP_LIB\LOG_DB_SOAP_REPLY_SUBFLOW.subflow.
Successfully added file SUBFLOW_LOGDB_SOAP_LIB\LOG_DB_SOAP_REPLY_SUBFLOW.subflow to BAR file.

==============================================

!Tue Mar 01 23:47:35 ICT 2022

Processing file SUBFLOW_LOGDB_SOAP_LIB\LOG_DB_SOAP_SUBFLOW.esql.
Successfully added file SUBFLOW_LOGDB_SOAP_LIB\LOG_DB_SOAP_SUBFLOW.esql to BAR file.

==============================================

!Tue Mar 01 23:47:35 ICT 2022

Processing file SUBFLOW_LOGDB_SOAP_LIB\LOG_DB_SOAP_SUBFLOW.subflow.
Successfully added file SUBFLOW_LOGDB_SOAP_LIB\LOG_DB_SOAP_SUBFLOW.subflow to BAR file.

==============================================

!Tue Mar 01 23:47:35 ICT 2022

Processing file SUBFLOW_LOGDB_SOAP_LIB\library.descriptor.
Successfully added file SUBFLOW_LOGDB_SOAP_LIB\library.descriptor to BAR file.
Elapsed time: 0.002 second(s).

Successfully added file SUBFLOW_LOGDB_SOAP_LIB\library.descriptor to BAR file.

==============================================

!Tue Mar 01 23:47:35 ICT 2022

Processing file SUBFLOW_LOGDB_SOAP_LIB\library.descriptor.
Successfully added file SUBFLOW_LOGDB_SOAP_LIB\library.descriptor to BAR file.
Elapsed time: 0 second(s).

Successfully added file SUBFLOW_LOGDB_SOAP_LIB\library.descriptor to BAR file.
