
==============================================

!Thu Sep 08 10:22:55 ICT 2022

Processing file ISO_CLIENT_RESPONSE_APP\ISO_CLIENT_RESPONSE_FLOW.msgflow.
Successfully added file ISO_CLIENT_RESPONSE_APP\ISO_CLIENT_RESPONSE_FLOW.msgflow to BAR file.

==============================================

!Thu Sep 08 10:22:55 ICT 2022

Processing file ISO_CLIENT_RESPONSE_APP\ISO_CLIENT_RESPONSE_FLOW.esql.
Successfully added file ISO_CLIENT_RESPONSE_APP\ISO_CLIENT_RESPONSE_FLOW.esql to BAR file.

==============================================

!Thu Sep 08 10:22:55 ICT 2022

Processing file ISO_CLIENT_RESPONSE_APP\VARIABLE_LIB.esql.
Successfully added file ISO_CLIENT_RESPONSE_APP\VARIABLE_LIB.esql to BAR file.

==============================================

!Thu Sep 08 10:22:55 ICT 2022

Processing file ISO_CLIENT_RESPONSE_APP\application.descriptor.
Successfully added file ISO_CLIENT_RESPONSE_APP\application.descriptor to BAR file.
Elapsed time: 0 second(s).

Successfully added file ISO_CLIENT_RESPONSE_APP\application.descriptor to BAR file.

==============================================

!Thu Sep 08 10:22:55 ICT 2022

Processing file ISO_CLIENT_RESPONSE_APP\application.descriptor.
Successfully added file ISO_CLIENT_RESPONSE_APP\application.descriptor to BAR file.
Elapsed time: 0 second(s).

Successfully added file ISO_CLIENT_RESPONSE_APP\application.descriptor to BAR file.

==============================================

!Thu Sep 08 10:22:56 ICT 2022

Processing file SUBFLOW_LOGDB_LIB.
Library file SUBFLOW_LOGDB_LIB.libzip successfully added to the BAR.
Library compiled contents:
    
    Processing file SUBFLOW_LOGDB_LIB\LOG_DB_SOAP_SUBFLOW.esql.
    Successfully added file SUBFLOW_LOGDB_LIB\LOG_DB_SOAP_SUBFLOW.esql to BAR file.
    
    
    Processing file SUBFLOW_LOGDB_LIB\LOG_DB_SOAP.subflow.
    Successfully added file SUBFLOW_LOGDB_LIB\LOG_DB_SOAP.subflow to BAR file.
    
    
    Processing file SUBFLOW_LOGDB_LIB\LOG_DB_REST_CLIENT_SUBFLOW.esql.
    Successfully added file SUBFLOW_LOGDB_LIB\LOG_DB_REST_CLIENT_SUBFLOW.esql to BAR file.
    
    
    Processing file SUBFLOW_LOGDB_LIB\LOG_DB_SOAP_CLIENT.subflow.
    Successfully added file SUBFLOW_LOGDB_LIB\LOG_DB_SOAP_CLIENT.subflow to BAR file.
    
    
    Processing file SUBFLOW_LOGDB_LIB\library.descriptor.
    Successfully added file SUBFLOW_LOGDB_LIB\library.descriptor to BAR file.
    Elapsed time: 0 second(s).
    
    Successfully added file SUBFLOW_LOGDB_LIB\library.descriptor to BAR file.
    
    
    Processing file SUBFLOW_LOGDB_LIB\LOG_DB_REST_CLIENT.subflow.
    Successfully added file SUBFLOW_LOGDB_LIB\LOG_DB_REST_CLIENT.subflow to BAR file.
    
    
    Processing file SUBFLOW_LOGDB_LIB\LOG_DB_SUBFLOW.subflow.
    Successfully added file SUBFLOW_LOGDB_LIB\LOG_DB_SUBFLOW.subflow to BAR file.
    
    
    Processing file SUBFLOW_LOGDB_LIB\LOG_DB_ERROR_SUBFLOW.subflow.
    Successfully added file SUBFLOW_LOGDB_LIB\LOG_DB_ERROR_SUBFLOW.subflow to BAR file.
    
    
    Processing file SUBFLOW_LOGDB_LIB\LOG_DB_SOAP_CLIENT_SUBFLOW.esql.
    Successfully added file SUBFLOW_LOGDB_LIB\LOG_DB_SOAP_CLIENT_SUBFLOW.esql to BAR file.
    

Elapsed time: 0.294 second(s).

