
==============================================

!Sun Jan 16 12:47:44 ICT 2022

Processing file CORE_APP\CORE_FLOW.msgflow.
Successfully added file CORE_APP\CORE_FLOW.msgflow to BAR file.

==============================================

!Sun Jan 16 12:47:44 ICT 2022

Processing file CORE_APP\CORE_FAIL_FLOW.subflow.
Successfully added file CORE_APP\CORE_FAIL_FLOW.subflow to BAR file.

==============================================

!Sun Jan 16 12:47:44 ICT 2022

Processing file CORE_APP\CORE_FLOW.esql.
Successfully added file CORE_APP\CORE_FLOW.esql to BAR file.

==============================================

!Sun Jan 16 12:47:44 ICT 2022

Processing file CORE_APP\SET_MAPPING_ERROR.esql.
Successfully added file CORE_APP\SET_MAPPING_ERROR.esql to BAR file.

==============================================

!Sun Jan 16 12:47:44 ICT 2022

Processing file CORE_APP\SET_MAPPING_ERROR.subflow.
Successfully added file CORE_APP\SET_MAPPING_ERROR.subflow to BAR file.

==============================================

!Sun Jan 16 12:47:44 ICT 2022

Processing file CORE_APP\STORE_PAY_CORE_REQ.subflow.
Successfully added file CORE_APP\STORE_PAY_CORE_REQ.subflow to BAR file.

==============================================

!Sun Jan 16 12:47:44 ICT 2022

Processing file CORE_APP\STORE_PAY_WS_CORE_REQ.subflow.
Successfully added file CORE_APP\STORE_PAY_WS_CORE_REQ.subflow to BAR file.

==============================================

!Sun Jan 16 12:47:44 ICT 2022

Processing file CORE_APP\TIME_REQUEST_CHECK_FLOW.esql.
Successfully added file CORE_APP\TIME_REQUEST_CHECK_FLOW.esql to BAR file.

==============================================

!Sun Jan 16 12:47:44 ICT 2022

Processing file CORE_APP\TIME_REQUEST_CHECK_FLOW.subflow.
Successfully added file CORE_APP\TIME_REQUEST_CHECK_FLOW.subflow to BAR file.

==============================================

!Sun Jan 16 12:47:44 ICT 2022

Processing file CORE_APP\application.descriptor.
Successfully added file CORE_APP\application.descriptor to BAR file.
Elapsed time: 0 second(s).

Successfully added file CORE_APP\application.descriptor to BAR file.

==============================================

!Sun Jan 16 12:47:44 ICT 2022

Processing file CORE_APP\application.descriptor.
Successfully added file CORE_APP\application.descriptor to BAR file.
Elapsed time: 0 second(s).

Successfully added file CORE_APP\application.descriptor to BAR file.

==============================================

!Sun Jan 16 12:47:44 ICT 2022

Processing file SUBFLOW_LOGDB_LIB.
Library file SUBFLOW_LOGDB_LIB.libzip successfully added to the BAR.
Library compiled contents:
    
    Processing file SUBFLOW_LOGDB_LIB\LOG_DB_SOAP_SUBFLOW.esql.
    Successfully added file SUBFLOW_LOGDB_LIB\LOG_DB_SOAP_SUBFLOW.esql to BAR file.
    
    
    Processing file SUBFLOW_LOGDB_LIB\LOG_DB_SOAP.subflow.
    Successfully added file SUBFLOW_LOGDB_LIB\LOG_DB_SOAP.subflow to BAR file.
    
    
    Processing file SUBFLOW_LOGDB_LIB\LOG_DB_REST_CLIENT_SUBFLOW.esql.
    Successfully added file SUBFLOW_LOGDB_LIB\LOG_DB_REST_CLIENT_SUBFLOW.esql to BAR file.
    
    
    Processing file SUBFLOW_LOGDB_LIB\LOG_DB_SOAP_CLIENT.subflow.
    Successfully added file SUBFLOW_LOGDB_LIB\LOG_DB_SOAP_CLIENT.subflow to BAR file.
    
    
    Processing file SUBFLOW_LOGDB_LIB\library.descriptor.
    Successfully added file SUBFLOW_LOGDB_LIB\library.descriptor to BAR file.
    Elapsed time: 0 second(s).
    
    Successfully added file SUBFLOW_LOGDB_LIB\library.descriptor to BAR file.
    
    
    Processing file SUBFLOW_LOGDB_LIB\LOG_DB_REST_CLIENT.subflow.
    Successfully added file SUBFLOW_LOGDB_LIB\LOG_DB_REST_CLIENT.subflow to BAR file.
    
    
    Processing file SUBFLOW_LOGDB_LIB\LOG_DB_SUBFLOW.subflow.
    Successfully added file SUBFLOW_LOGDB_LIB\LOG_DB_SUBFLOW.subflow to BAR file.
    
    
    Processing file SUBFLOW_LOGDB_LIB\LOG_DB_ERROR_SUBFLOW.subflow.
    Successfully added file SUBFLOW_LOGDB_LIB\LOG_DB_ERROR_SUBFLOW.subflow to BAR file.
    
    
    Processing file SUBFLOW_LOGDB_LIB\LOG_DB_SOAP_CLIENT_SUBFLOW.esql.
    Successfully added file SUBFLOW_LOGDB_LIB\LOG_DB_SOAP_CLIENT_SUBFLOW.esql to BAR file.
    

Elapsed time: 0.236 second(s).

