08/06/2024 03:07:49 PM - Process(411.3) User(admmdw) Program(amqzmuc0)
                    Host(BTNACE01) Installation(Installation1)
                    VRMF(9.2.0.0) QMgr(ITMBROKER.QM)
                    Time(2024-08-06T08:07:49.139Z)
                    CommentInsert1(Linux 6.8.0-39-generic (MQ Linux (x86-64 platform) 64-bit))
                    CommentInsert2(/opt/mqm (Installation1))
                    CommentInsert3(9.2.0.0 (p920-L200709))
                   
AMQ6287I: IBM MQ V9.2.0.0 (p920-L200709).

EXPLANATION:
IBM MQ system information: 
Host Info         :- Linux 6.8.0-39-generic (MQ Linux (x86-64 platform) 64-bit)

Installation      :- /opt/mqm (Installation1) 
Version           :- 9.2.0.0 (p920-L200709)
ACTION:
None.
----- amqxeida.c : 6604 -------------------------------------------------------
08/06/2024 03:07:49 PM - Process(411.3) User(admmdw) Program(amqzmuc0)
                    Host(BTNACE01) Installation(Installation1)
                    VRMF(9.2.0.0) QMgr(ITMBROKER.QM)
                    Time(2024-08-06T08:07:49.138Z)
                    ArithInsert2(1)
                    CommentInsert1(LOGGER-IO)
                   
AMQ5051I: The queue manager task 'LOGGER-IO' has started.

EXPLANATION:
The critical utility task manager has started the LOGGER-IO task. This task has
now started 1 times.
ACTION:
None.
----- amqzmut0.c : 1772 -------------------------------------------------------
08/06/2024 03:07:49 PM - Process(411.4) User(admmdw) Program(amqzmuc0)
                    Host(BTNACE01) Installation(Installation1)
                    VRMF(9.2.0.0) QMgr(ITMBROKER.QM)
                    Time(2024-08-06T08:07:49.146Z)
                    ArithInsert2(1)
                    CommentInsert1(CHECKPOINT)
                   
AMQ5051I: The queue manager task 'CHECKPOINT' has started.

EXPLANATION:
The critical utility task manager has started the CHECKPOINT task. This task
has now started 1 times.
ACTION:
None.
----- amqzmut0.c : 1772 -------------------------------------------------------
08/06/2024 03:07:49 PM - Process(411.1) User(admmdw) Program(amqzmuc0)
                    Host(BTNACE01) Installation(Installation1)
                    VRMF(9.2.0.0) QMgr(ITMBROKER.QM)
                    Time(2024-08-06T08:07:49.150Z)
                    CommentInsert1(CHECKPOINT)
                   
AMQ5041I: The queue manager task 'CHECKPOINT' has ended.

EXPLANATION:
The queue manager task CHECKPOINT has ended.
ACTION:
None.
----- amqzmut0.c : 3908 -------------------------------------------------------
08/06/2024 03:07:49 PM - Process(411.1) User(admmdw) Program(amqzmuc0)
                    Host(BTNACE01) Installation(Installation1)
                    VRMF(9.2.0.0) QMgr(ITMBROKER.QM)
                    Time(2024-08-06T08:07:49.151Z)
                    CommentInsert1(LOGGER-IO)
                   
AMQ5041I: The queue manager task 'LOGGER-IO' has ended.

EXPLANATION:
The queue manager task LOGGER-IO has ended.
ACTION:
None.
----- amqzmut0.c : 3751 -------------------------------------------------------
08/06/2024 03:07:49 PM - Process(469.4) User(admmdw) Program(amqzmuc0)
                    Host(BTNACE01) Installation(Installation1)
                    VRMF(9.2.0.0) QMgr(ITMBROKER.QM)
                    Time(2024-08-06T08:07:49.264Z)
                    ArithInsert2(1)
                    CommentInsert1(LOGGER-IO)
                   
AMQ5051I: The queue manager task 'LOGGER-IO' has started.

EXPLANATION:
The critical utility task manager has started the LOGGER-IO task. This task has
now started 1 times.
ACTION:
None.
----- amqzmut0.c : 1772 -------------------------------------------------------
08/06/2024 03:07:49 PM - Process(436.1) User(admmdw) Program(amqzxma0)
                    Host(BTNACE01) Installation(Installation1)
                    VRMF(9.2.0.0) QMgr(ITMBROKER.QM)
                    Time(2024-08-06T08:07:49.271Z)
                    ArithInsert1(4)
                    CommentInsert1(ITMBROKER.QM)
                   
AMQ7229I: 4 log records accessed on queue manager 'ITMBROKER.QM' during the log
replay phase.

EXPLANATION:
4 log records have been accessed so far on queue manager ITMBROKER.QM during
the log replay phase in order to bring the queue manager back to a previously
known state.
ACTION:
None.
----- amqalms0.c : 1202 -------------------------------------------------------
08/06/2024 03:07:49 PM - Process(436.1) User(admmdw) Program(amqzxma0)
                    Host(BTNACE01) Installation(Installation1)
                    VRMF(9.2.0.0) QMgr(ITMBROKER.QM)
                    Time(2024-08-06T08:07:49.272Z)
                    ArithInsert1(4)
                    CommentInsert1(ITMBROKER.QM)
                   
AMQ7230I: Log replay for queue manager 'ITMBROKER.QM' complete.

EXPLANATION:
The log replay phase of the queue manager restart process has been completed
for queue manager ITMBROKER.QM.
ACTION:
None.
----- amqalms0.c : 1207 -------------------------------------------------------
08/06/2024 03:07:49 PM - Process(469.5) User(admmdw) Program(amqzmuc0)
                    Host(BTNACE01) Installation(Installation1)
                    VRMF(9.2.0.0) QMgr(ITMBROKER.QM)
                    Time(2024-08-06T08:07:49.273Z)
                    ArithInsert2(1)
                    CommentInsert1(CHECKPOINT)
                   
AMQ5051I: The queue manager task 'CHECKPOINT' has started.

EXPLANATION:
The critical utility task manager has started the CHECKPOINT task. This task
has now started 1 times.
ACTION:
None.
----- amqzmut0.c : 1772 -------------------------------------------------------
08/06/2024 03:07:49 PM - Process(436.1) User(admmdw) Program(amqzxma0)
                    Host(BTNACE01) Installation(Installation1)
                    VRMF(9.2.0.0) QMgr(ITMBROKER.QM)
                    Time(2024-08-06T08:07:49.274Z)
                    CommentInsert1(ITMBROKER.QM)
                   
AMQ7231I: 0 log records accessed on queue manager 'ITMBROKER.QM' during the
recovery phase.

EXPLANATION:
0 log records have been accessed so far on queue manager ITMBROKER.QM during
the recovery phase of the transactions manager state.
ACTION:
None.
----- amqatmra.c : 693 --------------------------------------------------------
08/06/2024 03:07:49 PM - Process(436.1) User(admmdw) Program(amqzxma0)
                    Host(BTNACE01) Installation(Installation1)
                    VRMF(9.2.0.0) QMgr(ITMBROKER.QM)
                    Time(2024-08-06T08:07:49.275Z)
                    CommentInsert1(ITMBROKER.QM)
                   
AMQ7232I: Transaction manager state recovered for queue manager 'ITMBROKER.QM'.

EXPLANATION:
The state of transactions at the time the queue manager ended has been
recovered for queue manager ITMBROKER.QM.
ACTION:
None.
----- amqatmra.c : 1024 -------------------------------------------------------
08/06/2024 03:07:49 PM - Process(436.1) User(admmdw) Program(amqzxma0)
                    Host(BTNACE01) Installation(Installation1)
                    VRMF(9.2.0.0) QMgr(ITMBROKER.QM)
                    Time(2024-08-06T08:07:49.277Z)
                    CommentInsert1(ITMBROKER.QM)
                   
AMQ7233I: 0 out of 0 in-flight transactions resolved for queue manager
'ITMBROKER.QM'.

EXPLANATION:
0 transactions out of 0 in-flight at the time queue manager ITMBROKER.QM ended
have been resolved.
ACTION:
None.
----- amqatmra.c : 1607 -------------------------------------------------------
08/06/2024 03:07:49 PM - Process(477.4) User(admmdw) Program(amqzmur0)
                    Host(BTNACE01) Installation(Installation1)
                    VRMF(9.2.0.0) QMgr(ITMBROKER.QM)
                    Time(2024-08-06T08:07:49.295Z)
                    ArithInsert2(1)
                    CommentInsert1(ERROR-LOG)
                   
AMQ5037I: The queue manager task 'ERROR-LOG' has started.

EXPLANATION:
The restartable utility task manager has started the ERROR-LOG task. This task
has now started 1 times.
ACTION:
None.
----- amqzmut0.c : 1772 -------------------------------------------------------
08/06/2024 03:07:49 PM - Process(477.11) User(admmdw) Program(amqzmur0)
                    Host(BTNACE01) Installation(Installation1)
                    VRMF(9.2.0.0) QMgr(ITMBROKER.QM)
                    Time(2024-08-06T08:07:49.295Z)
                    ArithInsert2(5)
                    CommentInsert1(APP-SIGNAL)
                   
AMQ5037I: The queue manager task 'APP-SIGNAL' has started.

EXPLANATION:
The restartable utility task manager has started the APP-SIGNAL task. This task
has now started 5 times.
ACTION:
None.
----- amqzmut0.c : 1772 -------------------------------------------------------
08/06/2024 03:07:49 PM - Process(477.9) User(admmdw) Program(amqzmur0)
                    Host(BTNACE01) Installation(Installation1)
                    VRMF(9.2.0.0) QMgr(ITMBROKER.QM)
                    Time(2024-08-06T08:07:49.295Z)
                    ArithInsert2(4)
                    CommentInsert1(APP-SIGNAL)
                   
AMQ5037I: The queue manager task 'APP-SIGNAL' has started.

EXPLANATION:
The restartable utility task manager has started the APP-SIGNAL task. This task
has now started 4 times.
ACTION:
None.
----- amqzmut0.c : 1772 -------------------------------------------------------
08/06/2024 03:07:49 PM - Process(477.5) User(admmdw) Program(amqzmur0)
                    Host(BTNACE01) Installation(Installation1)
                    VRMF(9.2.0.0) QMgr(ITMBROKER.QM)
                    Time(2024-08-06T08:07:49.295Z)
                    ArithInsert2(1)
                    CommentInsert1(APP-SIGNAL)
                   
AMQ5037I: The queue manager task 'APP-SIGNAL' has started.

EXPLANATION:
The restartable utility task manager has started the APP-SIGNAL task. This task
has now started 1 times.
ACTION:
None.
----- amqzmut0.c : 1772 -------------------------------------------------------
08/06/2024 03:07:49 PM - Process(477.8) User(admmdw) Program(amqzmur0)
                    Host(BTNACE01) Installation(Installation1)
                    VRMF(9.2.0.0) QMgr(ITMBROKER.QM)
                    Time(2024-08-06T08:07:49.295Z)
                    ArithInsert2(3)
                    CommentInsert1(APP-SIGNAL)
                   
AMQ5037I: The queue manager task 'APP-SIGNAL' has started.

EXPLANATION:
The restartable utility task manager has started the APP-SIGNAL task. This task
has now started 3 times.
ACTION:
None.
----- amqzmut0.c : 1772 -------------------------------------------------------
08/06/2024 03:07:49 PM - Process(477.7) User(admmdw) Program(amqzmur0)
                    Host(BTNACE01) Installation(Installation1)
                    VRMF(9.2.0.0) QMgr(ITMBROKER.QM)
                    Time(2024-08-06T08:07:49.295Z)
                    ArithInsert2(2)
                    CommentInsert1(APP-SIGNAL)
                   
AMQ5037I: The queue manager task 'APP-SIGNAL' has started.

EXPLANATION:
The restartable utility task manager has started the APP-SIGNAL task. This task
has now started 2 times.
ACTION:
None.
----- amqzmut0.c : 1772 -------------------------------------------------------
08/06/2024 03:07:49 PM - Process(477.10) User(admmdw) Program(amqzmur0)
                    Host(BTNACE01) Installation(Installation1)
                    VRMF(9.2.0.0) QMgr(ITMBROKER.QM)
                    Time(2024-08-06T08:07:49.295Z)
                    ArithInsert2(6)
                    CommentInsert1(APP-SIGNAL)
                   
AMQ5037I: The queue manager task 'APP-SIGNAL' has started.

EXPLANATION:
The restartable utility task manager has started the APP-SIGNAL task. This task
has now started 6 times.
ACTION:
None.
----- amqzmut0.c : 1772 -------------------------------------------------------
08/06/2024 03:07:49 PM - Process(477.6) User(admmdw) Program(amqzmur0)
                    Host(BTNACE01) Installation(Installation1)
                    VRMF(9.2.0.0) QMgr(ITMBROKER.QM)
                    Time(2024-08-06T08:07:49.295Z)
                    ArithInsert2(7)
                    CommentInsert1(APP-SIGNAL)
                   
AMQ5037I: The queue manager task 'APP-SIGNAL' has started.

EXPLANATION:
The restartable utility task manager has started the APP-SIGNAL task. This task
has now started 7 times.
ACTION:
None.
----- amqzmut0.c : 1772 -------------------------------------------------------
08/06/2024 03:07:49 PM - Process(477.12) User(admmdw) Program(amqzmur0)
                    Host(BTNACE01) Installation(Installation1)
                    VRMF(9.2.0.0) QMgr(ITMBROKER.QM)
                    Time(2024-08-06T08:07:49.295Z)
                    ArithInsert2(8)
                    CommentInsert1(APP-SIGNAL)
                   
AMQ5037I: The queue manager task 'APP-SIGNAL' has started.

EXPLANATION:
The restartable utility task manager has started the APP-SIGNAL task. This task
has now started 8 times.
ACTION:
None.
----- amqzmut0.c : 1772 -------------------------------------------------------
08/06/2024 03:07:49 PM - Process(436.1) User(admmdw) Program(amqzxma0)
                    Host(BTNACE01) Installation(Installation1)
                    VRMF(9.2.0.0) QMgr(ITMBROKER.QM)
                    Time(2024-08-06T08:07:49.702Z)
                    ArithInsert1(83)
                    CommentInsert1(0)
                   
AMQ8048I: Default objects statistics : 83 created. 0 replaced. 0 failed.

EXPLANATION:
Information on the number of objects created or replaced successfully as well
as any failures that occurred while creating the default objects.
ACTION:
None.
----- amqzcdo0.c : 6480 -------------------------------------------------------
08/06/2024 03:07:49 PM - Process(436.1) User(admmdw) Program(amqzxma0)
                    Host(BTNACE01) Installation(Installation1)
                    VRMF(9.2.0.0) QMgr(ITMBROKER.QM)
                    Time(2024-08-06T08:07:49.703Z)
                    CommentInsert1(9.2.0.0)
                    CommentInsert3(ITMBROKER.QM)
                   
AMQ8003I: IBM MQ queue manager 'ITMBROKER.QM' started using V9.2.0.0.

EXPLANATION:
IBM MQ queue manager 'ITMBROKER.QM' started using V9.2.0.0.
ACTION:
None.
----- amqzxma0.c : 5560 -------------------------------------------------------
08/06/2024 03:07:49 PM - Process(477.1) User(admmdw) Program(amqzmur0)
                    Host(BTNACE01) Installation(Installation1)
                    VRMF(9.2.0.0) QMgr(ITMBROKER.QM)
                    Time(2024-08-06T08:07:49.710Z)
                    CommentInsert1(APP-SIGNAL)
                   
AMQ5041I: The queue manager task 'APP-SIGNAL' has ended.

EXPLANATION:
The queue manager task APP-SIGNAL has ended.
ACTION:
None.
----- amqzmut0.c : 3751 -------------------------------------------------------
08/06/2024 03:07:49 PM - Process(477.1) User(admmdw) Program(amqzmur0)
                    Host(BTNACE01) Installation(Installation1)
                    VRMF(9.2.0.0) QMgr(ITMBROKER.QM)
                    Time(2024-08-06T08:07:49.721Z)
                    CommentInsert1(APP-SIGNAL)
                   
AMQ5041I: The queue manager task 'APP-SIGNAL' has ended.

EXPLANATION:
The queue manager task APP-SIGNAL has ended.
ACTION:
None.
----- amqzmut0.c : 3908 -------------------------------------------------------
08/06/2024 03:07:49 PM - Process(477.1) User(admmdw) Program(amqzmur0)
                    Host(BTNACE01) Installation(Installation1)
                    VRMF(9.2.0.0) QMgr(ITMBROKER.QM)
                    Time(2024-08-06T08:07:49.724Z)
                    CommentInsert1(ERROR-LOG)
                   
AMQ5041I: The queue manager task 'ERROR-LOG' has ended.

EXPLANATION:
The queue manager task ERROR-LOG has ended.
ACTION:
None.
----- amqzmut0.c : 3751 -------------------------------------------------------
08/06/2024 03:07:49 PM - Process(469.1) User(admmdw) Program(amqzmuc0)
                    Host(BTNACE01) Installation(Installation1)
                    VRMF(9.2.0.0) QMgr(ITMBROKER.QM)
                    Time(2024-08-06T08:07:49.739Z)
                    CommentInsert1(CHECKPOINT)
                   
AMQ5041I: The queue manager task 'CHECKPOINT' has ended.

EXPLANATION:
The queue manager task CHECKPOINT has ended.
ACTION:
None.
----- amqzmut0.c : 3908 -------------------------------------------------------
08/06/2024 03:07:49 PM - Process(469.1) User(admmdw) Program(amqzmuc0)
                    Host(BTNACE01) Installation(Installation1)
                    VRMF(9.2.0.0) QMgr(ITMBROKER.QM)
                    Time(2024-08-06T08:07:49.745Z)
                    CommentInsert1(LOGGER-IO)
                   
AMQ5041I: The queue manager task 'LOGGER-IO' has ended.

EXPLANATION:
The queue manager task LOGGER-IO has ended.
ACTION:
None.
----- amqzmut0.c : 3751 -------------------------------------------------------
08/06/2024 03:07:49 PM - Process(436.1) User(admmdw) Program(amqzxma0)
                    Host(BTNACE01) Installation(Installation1)
                    VRMF(9.2.0.0) QMgr(ITMBROKER.QM)
                    Time(2024-08-06T08:07:49.750Z)
                    CommentInsert3(ITMBROKER.QM)
                   
AMQ8004I: IBM MQ queue manager 'ITMBROKER.QM' ended.

EXPLANATION:
IBM MQ queue manager 'ITMBROKER.QM' ended.
ACTION:
None.
----- amqzxma0.c : 2066 -------------------------------------------------------
08/06/2024 03:07:50 PM - Process(517.4) User(admmdw) Program(amqzmuc0)
                    Host(BTNACE01) Installation(Installation1)
                    VRMF(9.2.0.0) QMgr(ITMBROKER.QM)
                    Time(2024-08-06T08:07:50.030Z)
                    ArithInsert2(1)
                    CommentInsert1(LOGGER-IO)
                   
AMQ5051I: The queue manager task 'LOGGER-IO' has started.

EXPLANATION:
The critical utility task manager has started the LOGGER-IO task. This task has
now started 1 times.
ACTION:
None.
----- amqzmut0.c : 1772 -------------------------------------------------------
08/06/2024 03:07:50 PM - Process(500.1) User(admmdw) Program(amqzxma0)
                    Host(BTNACE01) Installation(Installation1)
                    VRMF(9.2.0.0) QMgr(ITMBROKER.QM)
                    Time(2024-08-06T08:07:50.040Z)
                    ArithInsert1(5)
                    CommentInsert1(ITMBROKER.QM)
                   
AMQ7229I: 5 log records accessed on queue manager 'ITMBROKER.QM' during the log
replay phase.

EXPLANATION:
5 log records have been accessed so far on queue manager ITMBROKER.QM during
the log replay phase in order to bring the queue manager back to a previously
known state.
ACTION:
None.
----- amqalms0.c : 1202 -------------------------------------------------------
08/06/2024 03:07:50 PM - Process(500.1) User(admmdw) Program(amqzxma0)
                    Host(BTNACE01) Installation(Installation1)
                    VRMF(9.2.0.0) QMgr(ITMBROKER.QM)
                    Time(2024-08-06T08:07:50.041Z)
                    ArithInsert1(5)
                    CommentInsert1(ITMBROKER.QM)
                   
AMQ7230I: Log replay for queue manager 'ITMBROKER.QM' complete.

EXPLANATION:
The log replay phase of the queue manager restart process has been completed
for queue manager ITMBROKER.QM.
ACTION:
None.
----- amqalms0.c : 1207 -------------------------------------------------------
08/06/2024 03:07:50 PM - Process(517.9) User(admmdw) Program(amqzmuc0)
                    Host(BTNACE01) Installation(Installation1)
                    VRMF(9.2.0.0) QMgr(ITMBROKER.QM)
                    Time(2024-08-06T08:07:50.041Z)
                    ArithInsert2(1)
                    CommentInsert1(CHECKPOINT)
                   
AMQ5051I: The queue manager task 'CHECKPOINT' has started.

EXPLANATION:
The critical utility task manager has started the CHECKPOINT task. This task
has now started 1 times.
ACTION:
None.
----- amqzmut0.c : 1772 -------------------------------------------------------
08/06/2024 03:07:50 PM - Process(500.1) User(admmdw) Program(amqzxma0)
                    Host(BTNACE01) Installation(Installation1)
                    VRMF(9.2.0.0) QMgr(ITMBROKER.QM)
                    Time(2024-08-06T08:07:50.043Z)
                    CommentInsert1(ITMBROKER.QM)
                   
AMQ7231I: 0 log records accessed on queue manager 'ITMBROKER.QM' during the
recovery phase.

EXPLANATION:
0 log records have been accessed so far on queue manager ITMBROKER.QM during
the recovery phase of the transactions manager state.
ACTION:
None.
----- amqatmra.c : 693 --------------------------------------------------------
08/06/2024 03:07:50 PM - Process(500.1) User(admmdw) Program(amqzxma0)
                    Host(BTNACE01) Installation(Installation1)
                    VRMF(9.2.0.0) QMgr(ITMBROKER.QM)
                    Time(2024-08-06T08:07:50.044Z)
                    CommentInsert1(ITMBROKER.QM)
                   
AMQ7232I: Transaction manager state recovered for queue manager 'ITMBROKER.QM'.

EXPLANATION:
The state of transactions at the time the queue manager ended has been
recovered for queue manager ITMBROKER.QM.
ACTION:
None.
----- amqatmra.c : 1024 -------------------------------------------------------
08/06/2024 03:07:50 PM - Process(500.1) User(admmdw) Program(amqzxma0)
                    Host(BTNACE01) Installation(Installation1)
                    VRMF(9.2.0.0) QMgr(ITMBROKER.QM)
                    Time(2024-08-06T08:07:50.046Z)
                    CommentInsert1(ITMBROKER.QM)
                   
AMQ7233I: 0 out of 0 in-flight transactions resolved for queue manager
'ITMBROKER.QM'.

EXPLANATION:
0 transactions out of 0 in-flight at the time queue manager ITMBROKER.QM ended
have been resolved.
ACTION:
None.
----- amqatmra.c : 1607 -------------------------------------------------------
08/06/2024 03:07:50 PM - Process(542.4) User(admmdw) Program(amqzmur0)
                    Host(BTNACE01) Installation(Installation1)
                    VRMF(9.2.0.0) QMgr(ITMBROKER.QM)
                    Time(2024-08-06T08:07:50.066Z)
                    ArithInsert2(1)
                    CommentInsert1(ERROR-LOG)
                   
AMQ5037I: The queue manager task 'ERROR-LOG' has started.

EXPLANATION:
The restartable utility task manager has started the ERROR-LOG task. This task
has now started 1 times.
ACTION:
None.
----- amqzmut0.c : 1772 -------------------------------------------------------
08/06/2024 03:07:50 PM - Process(542.6) User(admmdw) Program(amqzmur0)
                    Host(BTNACE01) Installation(Installation1)
                    VRMF(9.2.0.0) QMgr(ITMBROKER.QM)
                    Time(2024-08-06T08:07:50.068Z)
                    ArithInsert2(2)
                    CommentInsert1(APP-SIGNAL)
                   
AMQ5037I: The queue manager task 'APP-SIGNAL' has started.

EXPLANATION:
The restartable utility task manager has started the APP-SIGNAL task. This task
has now started 2 times.
ACTION:
None.
----- amqzmut0.c : 1772 -------------------------------------------------------
08/06/2024 03:07:50 PM - Process(542.5) User(admmdw) Program(amqzmur0)
                    Host(BTNACE01) Installation(Installation1)
                    VRMF(9.2.0.0) QMgr(ITMBROKER.QM)
                    Time(2024-08-06T08:07:50.068Z)
                    ArithInsert2(1)
                    CommentInsert1(APP-SIGNAL)
                   
AMQ5037I: The queue manager task 'APP-SIGNAL' has started.

EXPLANATION:
The restartable utility task manager has started the APP-SIGNAL task. This task
has now started 1 times.
ACTION:
None.
----- amqzmut0.c : 1772 -------------------------------------------------------
08/06/2024 03:07:50 PM - Process(542.7) User(admmdw) Program(amqzmur0)
                    Host(BTNACE01) Installation(Installation1)
                    VRMF(9.2.0.0) QMgr(ITMBROKER.QM)
                    Time(2024-08-06T08:07:50.068Z)
                    ArithInsert2(3)
                    CommentInsert1(APP-SIGNAL)
                   
AMQ5037I: The queue manager task 'APP-SIGNAL' has started.

EXPLANATION:
The restartable utility task manager has started the APP-SIGNAL task. This task
has now started 3 times.
ACTION:
None.
----- amqzmut0.c : 1772 -------------------------------------------------------
08/06/2024 03:07:50 PM - Process(542.8) User(admmdw) Program(amqzmur0)
                    Host(BTNACE01) Installation(Installation1)
                    VRMF(9.2.0.0) QMgr(ITMBROKER.QM)
                    Time(2024-08-06T08:07:50.068Z)
                    ArithInsert2(4)
                    CommentInsert1(APP-SIGNAL)
                   
AMQ5037I: The queue manager task 'APP-SIGNAL' has started.

EXPLANATION:
The restartable utility task manager has started the APP-SIGNAL task. This task
has now started 4 times.
ACTION:
None.
----- amqzmut0.c : 1772 -------------------------------------------------------
08/06/2024 03:07:50 PM - Process(542.10) User(admmdw) Program(amqzmur0)
                    Host(BTNACE01) Installation(Installation1)
                    VRMF(9.2.0.0) QMgr(ITMBROKER.QM)
                    Time(2024-08-06T08:07:50.068Z)
                    ArithInsert2(6)
                    CommentInsert1(APP-SIGNAL)
                   
AMQ5037I: The queue manager task 'APP-SIGNAL' has started.

EXPLANATION:
The restartable utility task manager has started the APP-SIGNAL task. This task
has now started 6 times.
ACTION:
None.
----- amqzmut0.c : 1772 -------------------------------------------------------
08/06/2024 03:07:50 PM - Process(542.9) User(admmdw) Program(amqzmur0)
                    Host(BTNACE01) Installation(Installation1)
                    VRMF(9.2.0.0) QMgr(ITMBROKER.QM)
                    Time(2024-08-06T08:07:50.068Z)
                    ArithInsert2(5)
                    CommentInsert1(APP-SIGNAL)
                   
AMQ5037I: The queue manager task 'APP-SIGNAL' has started.

EXPLANATION:
The restartable utility task manager has started the APP-SIGNAL task. This task
has now started 5 times.
ACTION:
None.
----- amqzmut0.c : 1772 -------------------------------------------------------
08/06/2024 03:07:50 PM - Process(542.13) User(admmdw) Program(amqzmur0)
                    Host(BTNACE01) Installation(Installation1)
                    VRMF(9.2.0.0) QMgr(ITMBROKER.QM)
                    Time(2024-08-06T08:07:50.069Z)
                    ArithInsert2(7)
                    CommentInsert1(APP-SIGNAL)
                   
AMQ5037I: The queue manager task 'APP-SIGNAL' has started.

EXPLANATION:
The restartable utility task manager has started the APP-SIGNAL task. This task
has now started 7 times.
ACTION:
None.
----- amqzmut0.c : 1772 -------------------------------------------------------
08/06/2024 03:07:50 PM - Process(542.12) User(admmdw) Program(amqzmur0)
                    Host(BTNACE01) Installation(Installation1)
                    VRMF(9.2.0.0) QMgr(ITMBROKER.QM)
                    Time(2024-08-06T08:07:50.069Z)
                    ArithInsert2(8)
                    CommentInsert1(APP-SIGNAL)
                   
AMQ5037I: The queue manager task 'APP-SIGNAL' has started.

EXPLANATION:
The restartable utility task manager has started the APP-SIGNAL task. This task
has now started 8 times.
ACTION:
None.
----- amqzmut0.c : 1772 -------------------------------------------------------
08/06/2024 03:07:50 PM - Process(500.1) User(admmdw) Program(amqzxma0)
                    Host(BTNACE01) Installation(Installation1)
                    VRMF(9.2.0.0) QMgr(ITMBROKER.QM)
                    Time(2024-08-06T08:07:50.095Z)
                    CommentInsert1(9.2.0.0)
                    CommentInsert3(ITMBROKER.QM)
                   
AMQ8003I: IBM MQ queue manager 'ITMBROKER.QM' started using V9.2.0.0.

EXPLANATION:
IBM MQ queue manager 'ITMBROKER.QM' started using V9.2.0.0.
ACTION:
None.
----- amqzxma0.c : 5560 -------------------------------------------------------
08/06/2024 03:07:50 PM - Process(542.14) User(admmdw) Program(amqzmur0)
                    Host(BTNACE01) Installation(Installation1)
                    VRMF(9.2.0.0) QMgr(ITMBROKER.QM)
                    Time(2024-08-06T08:07:50.096Z)
                    ArithInsert2(1)
                    CommentInsert1(DEFERRED_DELIVERY)
                   
AMQ5037I: The queue manager task 'DEFERRED_DELIVERY' has started.

EXPLANATION:
The restartable utility task manager has started the DEFERRED_DELIVERY task.
This task has now started 1 times.
ACTION:
None.
----- amqzmut0.c : 1772 -------------------------------------------------------
08/06/2024 03:07:50 PM - Process(542.15) User(admmdw) Program(amqzmur0)
                    Host(BTNACE01) Installation(Installation1)
                    VRMF(9.2.0.0) QMgr(ITMBROKER.QM)
                    Time(2024-08-06T08:07:50.114Z)
                    ArithInsert2(1)
                    CommentInsert1(DEFERRED-MSG)
                   
AMQ5037I: The queue manager task 'DEFERRED-MSG' has started.

EXPLANATION:
The restartable utility task manager has started the DEFERRED-MSG task. This
task has now started 1 times.
ACTION:
None.
----- amqzmut0.c : 1772 -------------------------------------------------------
08/06/2024 03:07:50 PM - Process(561.1) User(admmdw) Program(amqrrmfa)
                    Host(BTNACE01) Installation(Installation1)
                    VRMF(9.2.0.0) QMgr(ITMBROKER.QM)
                    Time(2024-08-06T08:07:50.114Z)
                   
AMQ9410I: Repository manager started.

EXPLANATION:
The repository manager started successfully.
ACTION:
None.
----- amqrrmfa.c : 2104 -------------------------------------------------------
08/06/2024 03:07:50 PM - Process(542.16) User(admmdw) Program(amqzmur0)
                    Host(BTNACE01) Installation(Installation1)
                    VRMF(9.2.0.0) QMgr(ITMBROKER.QM)
                    Time(2024-08-06T08:07:50.114Z)
                    ArithInsert2(1)
                    CommentInsert1(STATISTICS)
                   
AMQ5037I: The queue manager task 'STATISTICS' has started.

EXPLANATION:
The restartable utility task manager has started the STATISTICS task. This task
has now started 1 times.
ACTION:
None.
----- amqzmut0.c : 1772 -------------------------------------------------------
08/06/2024 03:07:50 PM - Process(517.27) User(admmdw) Program(amqzmuc0)
                    Host(BTNACE01) Installation(Installation1)
                    VRMF(9.2.0.0) QMgr(ITMBROKER.QM)
                    Time(2024-08-06T08:07:50.114Z)
                    ArithInsert2(1)
                    CommentInsert1(ASYNCQ)
                   
AMQ5051I: The queue manager task 'ASYNCQ' has started.

EXPLANATION:
The critical utility task manager has started the ASYNCQ task. This task has
now started 1 times.
ACTION:
None.
----- amqzmut0.c : 1772 -------------------------------------------------------
08/06/2024 03:07:50 PM - Process(517.26) User(admmdw) Program(amqzmuc0)
                    Host(BTNACE01) Installation(Installation1)
                    VRMF(9.2.0.0) QMgr(ITMBROKER.QM)
                    Time(2024-08-06T08:07:50.114Z)
                    ArithInsert2(1)
                    CommentInsert1(ACTVTRC)
                   
AMQ5051I: The queue manager task 'ACTVTRC' has started.

EXPLANATION:
The critical utility task manager has started the ACTVTRC task. This task has
now started 1 times.
ACTION:
None.
----- amqzmut0.c : 1772 -------------------------------------------------------
08/06/2024 03:07:50 PM - Process(517.28) User(admmdw) Program(amqzmuc0)
                    Host(BTNACE01) Installation(Installation1)
                    VRMF(9.2.0.0) QMgr(ITMBROKER.QM)
                    Time(2024-08-06T08:07:50.114Z)
                    ArithInsert2(1)
                    CommentInsert1(EXPIRER)
                   
AMQ5051I: The queue manager task 'EXPIRER' has started.

EXPLANATION:
The critical utility task manager has started the EXPIRER task. This task has
now started 1 times.
ACTION:
None.
----- amqzmut0.c : 1772 -------------------------------------------------------
08/06/2024 03:07:50 PM - Process(517.29) User(admmdw) Program(amqzmuc0)
                    Host(BTNACE01) Installation(Installation1)
                    VRMF(9.2.0.0) QMgr(ITMBROKER.QM)
                    Time(2024-08-06T08:07:50.115Z)
                    ArithInsert2(1)
                    CommentInsert1(DUR-SUBS-MGR)
                   
AMQ5051I: The queue manager task 'DUR-SUBS-MGR' has started.

EXPLANATION:
The critical utility task manager has started the DUR-SUBS-MGR task. This task
has now started 1 times.
ACTION:
None.
----- amqzmut0.c : 1772 -------------------------------------------------------
08/06/2024 03:07:50 PM - Process(542.17) User(admmdw) Program(amqzmur0)
                    Host(BTNACE01) Installation(Installation1)
                    VRMF(9.2.0.0) QMgr(ITMBROKER.QM)
                    Time(2024-08-06T08:07:50.117Z)
                    ArithInsert2(1)
                    CommentInsert1(MARKINTSCAN)
                   
AMQ5037I: The queue manager task 'MARKINTSCAN' has started.

EXPLANATION:
The restartable utility task manager has started the MARKINTSCAN task. This
task has now started 1 times.
ACTION:
None.
----- amqzmut0.c : 1772 -------------------------------------------------------
08/06/2024 03:07:50 PM - Process(557.4) User(admmdw) Program(amqzmuf0)
                    Host(BTNACE01) Installation(Installation1)
                    VRMF(9.2.0.0) QMgr(ITMBROKER.QM)
                    Time(2024-08-06T08:07:50.118Z)
                    ArithInsert2(1)
                    CommentInsert1(QPUBSUB-CTRLR)
                   
AMQ5052I: The queue manager task 'QPUBSUB-CTRLR' has started.

EXPLANATION:
The publish/subscribe utility task manager has started the QPUBSUB-CTRLR task.
This task has now started 1 times.
ACTION:
None.
----- amqzmut0.c : 1772 -------------------------------------------------------
08/06/2024 03:07:50 PM - Process(517.30) User(admmdw) Program(amqzmuc0)
                    Host(BTNACE01) Installation(Installation1)
                    VRMF(9.2.0.0) QMgr(ITMBROKER.QM)
                    Time(2024-08-06T08:07:50.118Z)
                    ArithInsert2(1)
                    CommentInsert1(TOPIC-TREE)
                   
AMQ5051I: The queue manager task 'TOPIC-TREE' has started.

EXPLANATION:
The critical utility task manager has started the TOPIC-TREE task. This task
has now started 1 times.
ACTION:
None.
----- amqzmut0.c : 1772 -------------------------------------------------------
08/06/2024 03:07:50 PM - Process(557.5) User(admmdw) Program(amqzmuf0)
                    Host(BTNACE01) Installation(Installation1)
                    VRMF(9.2.0.0) QMgr(ITMBROKER.QM)
                    Time(2024-08-06T08:07:50.118Z)
                    ArithInsert2(1)
                    CommentInsert1(QPUBSUB-QUEUE-NLCACHE)
                   
AMQ5052I: The queue manager task 'QPUBSUB-QUEUE-NLCACHE' has started.

EXPLANATION:
The publish/subscribe utility task manager has started the
QPUBSUB-QUEUE-NLCACHE task. This task has now started 1 times.
ACTION:
None.
----- amqzmut0.c : 1772 -------------------------------------------------------
08/06/2024 03:07:50 PM - Process(517.31) User(admmdw) Program(amqzmuc0)
                    Host(BTNACE01) Installation(Installation1)
                    VRMF(9.2.0.0) QMgr(ITMBROKER.QM)
                    Time(2024-08-06T08:07:50.118Z)
                    ArithInsert2(1)
                    CommentInsert1(RESOURCE_MONITOR)
                   
AMQ5051I: The queue manager task 'RESOURCE_MONITOR' has started.

EXPLANATION:
The critical utility task manager has started the RESOURCE_MONITOR task. This
task has now started 1 times.
ACTION:
None.
----- amqzmut0.c : 1772 -------------------------------------------------------
08/06/2024 03:07:50 PM - Process(517.32) User(admmdw) Program(amqzmuc0)
                    Host(BTNACE01) Installation(Installation1)
                    VRMF(9.2.0.0) QMgr(ITMBROKER.QM)
                    Time(2024-08-06T08:07:50.118Z)
                    ArithInsert2(1)
                    CommentInsert1(Q-DELETION)
                   
AMQ5051I: The queue manager task 'Q-DELETION' has started.

EXPLANATION:
The critical utility task manager has started the Q-DELETION task. This task
has now started 1 times.
ACTION:
None.
----- amqzmut0.c : 1772 -------------------------------------------------------
08/06/2024 03:07:50 PM - Process(557.7) User(admmdw) Program(amqzmuf0)
                    Host(BTNACE01) Installation(Installation1)
                    VRMF(9.2.0.0) QMgr(ITMBROKER.QM)
                    Time(2024-08-06T08:07:50.118Z)
                    ArithInsert2(1)
                    CommentInsert1(PUBSUB-DAEMON)
                   
AMQ5052I: The queue manager task 'PUBSUB-DAEMON' has started.

EXPLANATION:
The publish/subscribe utility task manager has started the PUBSUB-DAEMON task.
This task has now started 1 times.
ACTION:
None.
----- amqzmut0.c : 1772 -------------------------------------------------------
08/06/2024 03:07:50 PM - Process(557.7) User(admmdw) Program(amqzmuf0)
                    Host(BTNACE01) Installation(Installation1)
                    VRMF(9.2.0.0) QMgr(ITMBROKER.QM)
                    Time(2024-08-06T08:07:50.118Z)
                    CommentInsert1(IBM MQ Distributed Pub/Sub Controller)
                   
AMQ5975I: 'IBM MQ Distributed Pub/Sub Controller' has started.

EXPLANATION:
'IBM MQ Distributed Pub/Sub Controller' has started.
ACTION:
None.
----- cmqxzmup.c : 3957 -------------------------------------------------------
08/06/2024 03:07:50 PM - Process(517.34) User(admmdw) Program(amqzmuc0)
                    Host(BTNACE01) Installation(Installation1)
                    VRMF(9.2.0.0) QMgr(ITMBROKER.QM)
                    Time(2024-08-06T08:07:50.118Z)
                    ArithInsert2(1)
                    CommentInsert1(MULTICAST)
                   
AMQ5051I: The queue manager task 'MULTICAST' has started.

EXPLANATION:
The critical utility task manager has started the MULTICAST task. This task has
now started 1 times.
ACTION:
None.
----- amqzmut0.c : 1772 -------------------------------------------------------
08/06/2024 03:07:50 PM - Process(557.6) User(admmdw) Program(amqzmuf0)
                    Host(BTNACE01) Installation(Installation1)
                    VRMF(9.2.0.0) QMgr(ITMBROKER.QM)
                    Time(2024-08-06T08:07:50.118Z)
                    ArithInsert2(1)
                    CommentInsert1(QPUBSUB-SUBPT-NLCACHE)
                   
AMQ5052I: The queue manager task 'QPUBSUB-SUBPT-NLCACHE' has started.

EXPLANATION:
The publish/subscribe utility task manager has started the
QPUBSUB-SUBPT-NLCACHE task. This task has now started 1 times.
ACTION:
None.
----- amqzmut0.c : 1772 -------------------------------------------------------
08/06/2024 03:07:50 PM - Process(517.33) User(admmdw) Program(amqzmuc0)
                    Host(BTNACE01) Installation(Installation1)
                    VRMF(9.2.0.0) QMgr(ITMBROKER.QM)
                    Time(2024-08-06T08:07:50.119Z)
                    ArithInsert2(1)
                    CommentInsert1(PRESERVED-Q)
                   
AMQ5051I: The queue manager task 'PRESERVED-Q' has started.

EXPLANATION:
The critical utility task manager has started the PRESERVED-Q task. This task
has now started 1 times.
ACTION:
None.
----- amqzmut0.c : 1772 -------------------------------------------------------
08/06/2024 03:07:50 PM - Process(514.1) User(admmdw) Program(amqzmgr0)
                    Host(BTNACE01) Installation(Installation1)
                    VRMF(9.2.0.0) QMgr(ITMBROKER.QM)
                    Time(2024-08-06T08:07:50.120Z)
                    ArithInsert1(581)
                    CommentInsert1(SYSTEM.CHANNEL.INITQ)
                   
AMQ5022I: The channel initiator has started. ProcessId(581).

EXPLANATION:
The channel initiator process has started.
ACTION:
None.
----- amqzmgr0.c : 2982 -------------------------------------------------------
08/06/2024 03:07:50 PM - Process(517.35) User(admmdw) Program(amqzmuc0)
                    Host(BTNACE01) Installation(Installation1)
                    VRMF(9.2.0.0) QMgr(ITMBROKER.QM)
                    Time(2024-08-06T08:07:50.121Z)
                    ArithInsert2(1)
                    CommentInsert1(IQM-COMMS-MANAGER)
                   
AMQ5051I: The queue manager task 'IQM-COMMS-MANAGER' has started.

EXPLANATION:
The critical utility task manager has started the IQM-COMMS-MANAGER task. This
task has now started 1 times.
ACTION:
None.
----- amqzmut0.c : 1772 -------------------------------------------------------
08/06/2024 03:07:50 PM - Process(557.8) User(admmdw) Program(amqzmuf0)
                    Host(BTNACE01) Installation(Installation1)
                    VRMF(9.2.0.0) QMgr(ITMBROKER.QM)
                    Time(2024-08-06T08:07:50.122Z)
                    CommentInsert1(IBM MQ Distributed Pub/Sub Fan Out Task)
                   
AMQ5975I: 'IBM MQ Distributed Pub/Sub Fan Out Task' has started.

EXPLANATION:
'IBM MQ Distributed Pub/Sub Fan Out Task' has started.
ACTION:
None.
----- cmqxzmup.c : 386 --------------------------------------------------------
08/06/2024 03:07:50 PM - Process(557.9) User(admmdw) Program(amqzmuf0)
                    Host(BTNACE01) Installation(Installation1)
                    VRMF(9.2.0.0) QMgr(ITMBROKER.QM)
                    Time(2024-08-06T08:07:50.122Z)
                    CommentInsert1(IBM MQ Distributed Pub/Sub Command Task)
                   
AMQ5975I: 'IBM MQ Distributed Pub/Sub Command Task' has started.

EXPLANATION:
'IBM MQ Distributed Pub/Sub Command Task' has started.
ACTION:
None.
----- cmqxzmup.c : 386 --------------------------------------------------------
08/06/2024 03:07:50 PM - Process(514.1) User(admmdw) Program(amqzmgr0)
                    Host(BTNACE01) Installation(Installation1)
                    VRMF(9.2.0.0) QMgr(ITMBROKER.QM)
                    Time(2024-08-06T08:07:50.122Z)
                    ArithInsert1(586)
                    CommentInsert1(SYSTEM.CMDSERVER.1)
                   
AMQ5024I: The command server has started. ProcessId(586).

EXPLANATION:
The command server process has started.
ACTION:
None.
----- amqzmgr0.c : 2991 -------------------------------------------------------
08/06/2024 03:07:50 PM - Process(557.10) User(admmdw) Program(amqzmuf0)
                    Host(BTNACE01) Installation(Installation1)
                    VRMF(9.2.0.0) QMgr(ITMBROKER.QM)
                    Time(2024-08-06T08:07:50.123Z)
                    CommentInsert1(IBM MQ Distributed Pub/Sub Publish Task)
                   
AMQ5975I: 'IBM MQ Distributed Pub/Sub Publish Task' has started.

EXPLANATION:
'IBM MQ Distributed Pub/Sub Publish Task' has started.
ACTION:
None.
----- cmqxzmup.c : 386 --------------------------------------------------------
08/06/2024 03:07:50 PM - Process(514.1) User(admmdw) Program(amqzmgr0)
                    Host(BTNACE01) Installation(Installation1)
                    VRMF(9.2.0.0) QMgr(ITMBROKER.QM)
                    Time(2024-08-06T08:07:50.124Z)
                    ArithInsert1(591)
                    CommentInsert1(SYSTEM.AMQP.SERVICE)
                   
AMQ5028I: The Server 'SYSTEM.AMQP.SERVICE' has started. ProcessId(591).

EXPLANATION:
The Server process has started.
ACTION:
None.
----- amqzmgr0.c : 3007 -------------------------------------------------------
08/06/2024 03:07:50 PM - Process(581.1) User(admmdw) Program(runmqchi)
                    Host(BTNACE01) Installation(Installation1)
                    VRMF(9.2.0.0) QMgr(ITMBROKER.QM)
                    Time(2024-08-06T08:07:50.142Z)
                    CommentInsert1(SYSTEM.CHANNEL.INITQ)
                   
AMQ8024I: IBM MQ channel initiator started.

EXPLANATION:
The channel initiator for queue SYSTEM.CHANNEL.INITQ has been started.
ACTION:
None.
----- amqrimna.c : 917 --------------------------------------------------------
08/06/2024 03:07:50 PM - Process(583.1) User(admmdw) Program(amqfqpub)
                    Host(BTNACE01) Installation(Installation1)
                    VRMF(9.2.0.0) QMgr(ITMBROKER.QM)
                    Time(2024-08-06T08:07:50.152Z)
                    CommentInsert1(ITMBROKER.QM)
                   
AMQ5806I: Queued Publish/Subscribe Daemon started for queue manager
ITMBROKER.QM.

EXPLANATION:
Queued Publish/Subscribe Daemon started for queue manager ITMBROKER.QM.
ACTION:
None.
----- cmqxfcxc.c : 1401 -------------------------------------------------------
08/06/2024 03:07:50 PM - Process(514.1) User(admmdw) Program(amqzmgr0)
                    Host(BTNACE01) Installation(Installation1)
                    VRMF(9.2.0.0) QMgr(ITMBROKER.QM)
                    Time(2024-08-06T08:07:50.238Z)
                    ArithInsert1(679)
                    CommentInsert1(ITMBROKER.QM.QM)
                   
AMQ5026I: The listener 'ITMBROKER.QM.QM' has started. ProcessId(679).

EXPLANATION:
The listener process has started.
ACTION:
None.
----- amqzmgr0.c : 2999 -------------------------------------------------------
08/06/2024 03:07:50 PM - Process(750.1) User(admmdw) Program(runmqchl)
                    Host(BTNACE01) Installation(Installation1)
                    VRMF(9.2.0.0) QMgr(ITMBROKER.QM)
                    Time(2024-08-06T08:07:50.701Z)
                    CommentInsert1(ITM.PAY)
                   
AMQ9002I: Channel 'ITM.PAY' is starting.

EXPLANATION:
Channel 'ITM.PAY' is starting.
ACTION:
None.
----- amqrccca.c : 469 --------------------------------------------------------
08/06/2024 03:07:50 PM - Process(750.1) User(admmdw) Program(runmqchl)
                    Host(BTNACE01) Installation(Installation1)
                    VRMF(9.2.0.0) QMgr(ITMBROKER.QM)
                    Time(2024-08-06T08:07:50.708Z)
                    ArithInsert1(111) ArithInsert2(111)
                    CommentInsert1(localhost (127.0.0.1) (1474))
                    CommentInsert2(TCP/IP)
                    CommentInsert3(ITM.PAY)
                   
AMQ9202E: Remote host not available, retry later.

EXPLANATION:
The attempt to allocate a conversation using TCP/IP to host 'localhost
(127.0.0.1) (1474)' for channel ITM.PAY was not successful. However the error
may be a transitory one and it may be possible to successfully allocate a
TCP/IP conversation later. 

In some cases the remote host cannot be determined and so is shown as '????'.
ACTION:
Try the connection again later. If the failure persists, record the error
values and contact your systems administrator. The return code from TCP/IP is
111 (X'6F'). The reason for the failure may be that this host cannot reach the
destination host. It may also be possible that the listening program at host
'localhost (127.0.0.1) (1474)' was not running.  If this is the case, perform
the relevant operations to start the TCP/IP listening program, and try again.
----- amqccita.c : 1201 -------------------------------------------------------
08/06/2024 03:07:50 PM - Process(750.1) User(admmdw) Program(runmqchl)
                    Host(BTNACE01) Installation(Installation1)
                    VRMF(9.2.0.0) QMgr(ITMBROKER.QM)
                    Time(2024-08-06T08:07:50.708Z)
                    CommentInsert1(ITM.PAY)
                    CommentInsert2(750)
                    CommentInsert3(localhost(1474))
                   
AMQ9999E: Channel 'ITM.PAY' to host 'localhost(1474)' ended abnormally.

EXPLANATION:
The channel program running under process ID 750 for channel 'ITM.PAY' ended
abnormally. The host name is 'localhost(1474)'; in some cases the host name
cannot be determined and so is shown as '????'.
ACTION:
Look at previous error messages for the channel program in the error logs to
determine the cause of the failure. Note that this message can be excluded
completely or suppressed by tuning the "ExcludeMessage" or "SuppressMessage"
attributes under the "QMErrorLog" stanza in qm.ini. Further information can be
found in the System Administration Guide.
----- amqrccca.c : 1121 -------------------------------------------------------
08/06/2024 03:07:50 PM - Process(753.1) User(admmdw) Program(runmqchl)
                    Host(BTNACE01) Installation(Installation1)
                    VRMF(9.2.0.0) QMgr(ITMBROKER.QM)
                    Time(2024-08-06T08:07:50.722Z)
                    CommentInsert1(ITM.PAY)
                   
AMQ9002I: Channel 'ITM.PAY' is starting.

EXPLANATION:
Channel 'ITM.PAY' is starting.
ACTION:
None.
----- amqrccca.c : 469 --------------------------------------------------------
08/06/2024 03:07:50 PM - Process(753.1) User(admmdw) Program(runmqchl)
                    Host(BTNACE01) Installation(Installation1)
                    VRMF(9.2.0.0) QMgr(ITMBROKER.QM)
                    Time(2024-08-06T08:07:50.728Z)
                    ArithInsert1(111) ArithInsert2(111)
                    CommentInsert1(localhost (127.0.0.1) (1474))
                    CommentInsert2(TCP/IP)
                    CommentInsert3(ITM.PAY)
                   
AMQ9202E: Remote host not available, retry later.

EXPLANATION:
The attempt to allocate a conversation using TCP/IP to host 'localhost
(127.0.0.1) (1474)' for channel ITM.PAY was not successful. However the error
may be a transitory one and it may be possible to successfully allocate a
TCP/IP conversation later. 

In some cases the remote host cannot be determined and so is shown as '????'.
ACTION:
Try the connection again later. If the failure persists, record the error
values and contact your systems administrator. The return code from TCP/IP is
111 (X'6F'). The reason for the failure may be that this host cannot reach the
destination host. It may also be possible that the listening program at host
'localhost (127.0.0.1) (1474)' was not running.  If this is the case, perform
the relevant operations to start the TCP/IP listening program, and try again.
----- amqccita.c : 1201 -------------------------------------------------------
08/06/2024 03:07:50 PM - Process(753.1) User(admmdw) Program(runmqchl)
                    Host(BTNACE01) Installation(Installation1)
                    VRMF(9.2.0.0) QMgr(ITMBROKER.QM)
                    Time(2024-08-06T08:07:50.728Z)
                    CommentInsert1(ITM.PAY)
                    CommentInsert2(753)
                    CommentInsert3(localhost(1474))
                   
AMQ9999E: Channel 'ITM.PAY' to host 'localhost(1474)' ended abnormally.

EXPLANATION:
The channel program running under process ID 753 for channel 'ITM.PAY' ended
abnormally. The host name is 'localhost(1474)'; in some cases the host name
cannot be determined and so is shown as '????'.
ACTION:
Look at previous error messages for the channel program in the error logs to
determine the cause of the failure. Note that this message can be excluded
completely or suppressed by tuning the "ExcludeMessage" or "SuppressMessage"
attributes under the "QMErrorLog" stanza in qm.ini. Further information can be
found in the System Administration Guide.
----- amqrccca.c : 1121 -------------------------------------------------------
08/06/2024 03:07:50 PM - Process(759.1) User(admmdw) Program(runmqchl)
                    Host(BTNACE01) Installation(Installation1)
                    VRMF(9.2.0.0) QMgr(ITMBROKER.QM)
                    Time(2024-08-06T08:07:50.736Z)
                    CommentInsert1(ITM.ISO)
                   
AMQ9002I: Channel 'ITM.ISO' is starting.

EXPLANATION:
Channel 'ITM.ISO' is starting.
ACTION:
None.
----- amqrccca.c : 469 --------------------------------------------------------
08/06/2024 03:07:50 PM - Process(759.1) User(admmdw) Program(runmqchl)
                    Host(BTNACE01) Installation(Installation1)
                    VRMF(9.2.0.0) QMgr(ITMBROKER.QM)
                    Time(2024-08-06T08:07:50.743Z)
                    ArithInsert1(111) ArithInsert2(111)
                    CommentInsert1(localhost (127.0.0.1) (1534))
                    CommentInsert2(TCP/IP)
                    CommentInsert3(ITM.ISO)
                   
AMQ9202E: Remote host not available, retry later.

EXPLANATION:
The attempt to allocate a conversation using TCP/IP to host 'localhost
(127.0.0.1) (1534)' for channel ITM.ISO was not successful. However the error
may be a transitory one and it may be possible to successfully allocate a
TCP/IP conversation later. 

In some cases the remote host cannot be determined and so is shown as '????'.
ACTION:
Try the connection again later. If the failure persists, record the error
values and contact your systems administrator. The return code from TCP/IP is
111 (X'6F'). The reason for the failure may be that this host cannot reach the
destination host. It may also be possible that the listening program at host
'localhost (127.0.0.1) (1534)' was not running.  If this is the case, perform
the relevant operations to start the TCP/IP listening program, and try again.
----- amqccita.c : 1201 -------------------------------------------------------
08/06/2024 03:07:50 PM - Process(759.1) User(admmdw) Program(runmqchl)
                    Host(BTNACE01) Installation(Installation1)
                    VRMF(9.2.0.0) QMgr(ITMBROKER.QM)
                    Time(2024-08-06T08:07:50.743Z)
                    CommentInsert1(ITM.ISO)
                    CommentInsert2(759)
                    CommentInsert3(localhost(1534))
                   
AMQ9999E: Channel 'ITM.ISO' to host 'localhost(1534)' ended abnormally.

EXPLANATION:
The channel program running under process ID 759 for channel 'ITM.ISO' ended
abnormally. The host name is 'localhost(1534)'; in some cases the host name
cannot be determined and so is shown as '????'.
ACTION:
Look at previous error messages for the channel program in the error logs to
determine the cause of the failure. Note that this message can be excluded
completely or suppressed by tuning the "ExcludeMessage" or "SuppressMessage"
attributes under the "QMErrorLog" stanza in qm.ini. Further information can be
found in the System Administration Guide.
----- amqrccca.c : 1121 -------------------------------------------------------
08/06/2024 03:07:50 PM - Process(764.1) User(admmdw) Program(runmqchl)
                    Host(BTNACE01) Installation(Installation1)
                    VRMF(9.2.0.0) QMgr(ITMBROKER.QM)
                    Time(2024-08-06T08:07:50.757Z)
                    CommentInsert1(ITM.ISO)
                   
AMQ9002I: Channel 'ITM.ISO' is starting.

EXPLANATION:
Channel 'ITM.ISO' is starting.
ACTION:
None.
----- amqrccca.c : 469 --------------------------------------------------------
08/06/2024 03:07:50 PM - Process(764.1) User(admmdw) Program(runmqchl)
                    Host(BTNACE01) Installation(Installation1)
                    VRMF(9.2.0.0) QMgr(ITMBROKER.QM)
                    Time(2024-08-06T08:07:50.764Z)
                    ArithInsert1(111) ArithInsert2(111)
                    CommentInsert1(localhost (127.0.0.1) (1534))
                    CommentInsert2(TCP/IP)
                    CommentInsert3(ITM.ISO)
                   
AMQ9202E: Remote host not available, retry later.

EXPLANATION:
The attempt to allocate a conversation using TCP/IP to host 'localhost
(127.0.0.1) (1534)' for channel ITM.ISO was not successful. However the error
may be a transitory one and it may be possible to successfully allocate a
TCP/IP conversation later. 

In some cases the remote host cannot be determined and so is shown as '????'.
ACTION:
Try the connection again later. If the failure persists, record the error
values and contact your systems administrator. The return code from TCP/IP is
111 (X'6F'). The reason for the failure may be that this host cannot reach the
destination host. It may also be possible that the listening program at host
'localhost (127.0.0.1) (1534)' was not running.  If this is the case, perform
the relevant operations to start the TCP/IP listening program, and try again.
----- amqccita.c : 1201 -------------------------------------------------------
08/06/2024 03:07:50 PM - Process(764.1) User(admmdw) Program(runmqchl)
                    Host(BTNACE01) Installation(Installation1)
                    VRMF(9.2.0.0) QMgr(ITMBROKER.QM)
                    Time(2024-08-06T08:07:50.764Z)
                    CommentInsert1(ITM.ISO)
                    CommentInsert2(764)
                    CommentInsert3(localhost(1534))
                   
AMQ9999E: Channel 'ITM.ISO' to host 'localhost(1534)' ended abnormally.

EXPLANATION:
The channel program running under process ID 764 for channel 'ITM.ISO' ended
abnormally. The host name is 'localhost(1534)'; in some cases the host name
cannot be determined and so is shown as '????'.
ACTION:
Look at previous error messages for the channel program in the error logs to
determine the cause of the failure. Note that this message can be excluded
completely or suppressed by tuning the "ExcludeMessage" or "SuppressMessage"
attributes under the "QMErrorLog" stanza in qm.ini. Further information can be
found in the System Administration Guide.
----- amqrccca.c : 1121 -------------------------------------------------------
08/06/2024 03:07:52 PM - Process(1110.4) User(admmdw) Program(amqrmppa)
                    Host(BTNACE01) Installation(Installation1)
                    VRMF(9.2.0.0) QMgr(ITMBROKER.QM)
                    Time(2024-08-06T08:07:52.837Z)
                    CommentInsert1(ISO.ITM)
                   
AMQ9002I: Channel 'ISO.ITM' is starting.

EXPLANATION:
Channel 'ISO.ITM' is starting.
ACTION:
None.
----- amqrmrsa.c : 285 --------------------------------------------------------
08/06/2024 03:07:52 PM - Process(1110.4) User(admmdw) Program(amqrmppa)
                    Host(BTNACE01) Installation(Installation1)
                    VRMF(9.2.0.0) QMgr(ITMBROKER.QM)
                    Time(2024-08-06T08:07:52.838Z)
                    CommentInsert1(ISO.ITM)
                   
AMQ9299I: Channel 'ISO.ITM' has started.

EXPLANATION:
The channel 'ISO.ITM' has finished starting.
ACTION:
No action required.
----- amqrmrsa.c : 649 --------------------------------------------------------
08/06/2024 03:07:55 PM - Process(1110.5) User(admmdw) Program(amqrmppa)
                    Host(BTNACE01) Installation(Installation1)
                    VRMF(9.2.0.0) QMgr(ITMBROKER.QM)
                    Time(2024-08-06T08:07:55.814Z)
                    CommentInsert1(PAY.ITM)
                   
AMQ9002I: Channel 'PAY.ITM' is starting.

EXPLANATION:
Channel 'PAY.ITM' is starting.
ACTION:
None.
----- amqrmrsa.c : 285 --------------------------------------------------------
08/06/2024 03:07:55 PM - Process(1110.5) User(admmdw) Program(amqrmppa)
                    Host(BTNACE01) Installation(Installation1)
                    VRMF(9.2.0.0) QMgr(ITMBROKER.QM)
                    Time(2024-08-06T08:07:55.815Z)
                    CommentInsert1(PAY.ITM)
                   
AMQ9299I: Channel 'PAY.ITM' has started.

EXPLANATION:
The channel 'PAY.ITM' has finished starting.
ACTION:
No action required.
----- amqrmrsa.c : 649 --------------------------------------------------------
08/06/2024 03:08:50 PM - Process(6338.1) User(admmdw) Program(runmqchl)
                    Host(BTNACE01) Installation(Installation1)
                    VRMF(9.2.0.0) QMgr(ITMBROKER.QM)
                    Time(2024-08-06T08:08:50.760Z)
                    CommentInsert1(ITM.ISO)
                   
AMQ9002I: Channel 'ITM.ISO' is starting.

EXPLANATION:
Channel 'ITM.ISO' is starting.
ACTION:
None.
----- amqrccca.c : 469 --------------------------------------------------------
08/06/2024 03:08:50 PM - Process(6337.1) User(admmdw) Program(runmqchl)
                    Host(BTNACE01) Installation(Installation1)
                    VRMF(9.2.0.0) QMgr(ITMBROKER.QM)
                    Time(2024-08-06T08:08:50.760Z)
                    CommentInsert1(ITM.PAY)
                   
AMQ9002I: Channel 'ITM.PAY' is starting.

EXPLANATION:
Channel 'ITM.PAY' is starting.
ACTION:
None.
----- amqrccca.c : 469 --------------------------------------------------------
08/06/2024 03:08:50 PM - Process(6338.1) User(admmdw) Program(runmqchl)
                    Host(BTNACE01) Installation(Installation1)
                    VRMF(9.2.0.0) QMgr(ITMBROKER.QM)
                    Time(2024-08-06T08:08:50.776Z)
                    CommentInsert1(ITM.ISO)
                   
AMQ9299I: Channel 'ITM.ISO' has started.

EXPLANATION:
The channel 'ITM.ISO' has finished starting.
ACTION:
No action required.
----- amqrccca.c : 969 --------------------------------------------------------
08/06/2024 03:08:50 PM - Process(6337.1) User(admmdw) Program(runmqchl)
                    Host(BTNACE01) Installation(Installation1)
                    VRMF(9.2.0.0) QMgr(ITMBROKER.QM)
                    Time(2024-08-06T08:08:50.777Z)
                    CommentInsert1(ITM.PAY)
                   
AMQ9299I: Channel 'ITM.PAY' has started.

EXPLANATION:
The channel 'ITM.PAY' has finished starting.
ACTION:
No action required.
----- amqrccca.c : 969 --------------------------------------------------------
