AMQCO2004I: Formatter started at:2:42:58 PM WIB Tuesday, August 6, 2024
8/6/24 14:42:58.122  AMQUT0007I: The java.util.logging configuration is now set to /opt/mqm/amqp/config/amqptraceOff.properties.
8/6/24 14:42:58.200  AMQXR0005I: Running com.ibm.mq.MQXRService.RunMQXRService version p920-L200709.
AMQCO2005I: Formatter stopped at:2:42:58 PM WIB Tuesday, August 6, 2024
AMQCO2004I: Formatter started at:2:42:58 PM WIB Tuesday, August 6, 2024
8/6/24 14:42:58.238  AMQUT0007I: The java.util.logging configuration is now set to /MQHA/SVCBROKERQM/data/SVCBROKER!QM/./amqp/amqptraceOff.properties.
8/6/24 14:42:59.832  AMQXR0015I: AMQP Service started successfully (0 channels running, 0 channels stopped). PID(1751).
AMQCO2004I: Formatter started at:12:18:00 PM WIB Saturday, August 10, 2024
8/10/24 12:18:00.172  AMQUT0007I: The java.util.logging configuration is now set to /opt/mqm/amqp/config/amqptraceOff.properties.
8/10/24 12:18:00.324  AMQXR0005I: Running com.ibm.mq.MQXRService.RunMQXRService version p920-L200709.
AMQCO2005I: Formatter stopped at:12:18:00 PM WIB Saturday, August 10, 2024
AMQCO2004I: Formatter started at:12:18:00 PM WIB Saturday, August 10, 2024
8/10/24 12:18:00.333  AMQUT0007I: The java.util.logging configuration is now set to /MQHA/SVCBROKERQM/data/SVCBROKER!QM/./amqp/amqptraceOff.properties.
8/10/24 12:18:02.426  AMQXR0015I: AMQP Service started successfully (0 channels running, 0 channels stopped). PID(1294).
AMQCO2004I: Formatter started at:12:18:07 PM WIB Saturday, August 10, 2024
8/10/24 12:18:06.985  AMQUT0007I: The java.util.logging configuration is now set to /opt/mqm/amqp/config/amqptraceOff.properties.
8/10/24 12:18:07.182  AMQXR0005I: Running com.ibm.mq.MQXRService.RunMQXRService version p920-L200709.
AMQCO2005I: Formatter stopped at:12:18:07 PM WIB Saturday, August 10, 2024
AMQCO2004I: Formatter started at:12:18:07 PM WIB Saturday, August 10, 2024
8/10/24 12:18:07.192  AMQUT0007I: The java.util.logging configuration is now set to /MQHA/SVCBROKERQM/data/SVCBROKER!QM/./amqp/amqptraceOff.properties.
8/10/24 12:18:08.824  AMQXR0015I: AMQP Service started successfully (0 channels running, 0 channels stopped). PID(1201).
AMQCO2004I: Formatter started at:12:18:12 PM WIB Saturday, August 10, 2024
8/10/24 12:18:12.720  AMQUT0007I: The java.util.logging configuration is now set to /opt/mqm/amqp/config/amqptraceOff.properties.
8/10/24 12:18:12.830  AMQXR0005I: Running com.ibm.mq.MQXRService.RunMQXRService version p920-L200709.
AMQCO2005I: Formatter stopped at:12:18:12 PM WIB Saturday, August 10, 2024
AMQCO2004I: Formatter started at:12:18:12 PM WIB Saturday, August 10, 2024
8/10/24 12:18:12.834  AMQUT0007I: The java.util.logging configuration is now set to /MQHA/SVCBROKERQM/data/SVCBROKER!QM/./amqp/amqptraceOff.properties.
8/10/24 12:18:14.666  AMQXR0015I: AMQP Service started successfully (0 channels running, 0 channels stopped). PID(1200).
AMQCO2004I: Formatter started at:12:18:18 PM WIB Saturday, August 10, 2024
8/10/24 12:18:18.698  AMQUT0007I: The java.util.logging configuration is now set to /opt/mqm/amqp/config/amqptraceOff.properties.
8/10/24 12:18:18.805  AMQXR0005I: Running com.ibm.mq.MQXRService.RunMQXRService version p920-L200709.
AMQCO2005I: Formatter stopped at:12:18:18 PM WIB Saturday, August 10, 2024
AMQCO2004I: Formatter started at:12:18:18 PM WIB Saturday, August 10, 2024
8/10/24 12:18:18.813  AMQUT0007I: The java.util.logging configuration is now set to /MQHA/SVCBROKERQM/data/SVCBROKER!QM/./amqp/amqptraceOff.properties.
8/10/24 12:18:20.608  AMQXR0015I: AMQP Service started successfully (0 channels running, 0 channels stopped). PID(1221).
AMQCO2004I: Formatter started at:12:18:25 PM WIB Saturday, August 10, 2024
8/10/24 12:18:25.435  AMQUT0007I: The java.util.logging configuration is now set to /opt/mqm/amqp/config/amqptraceOff.properties.
8/10/24 12:18:25.634  AMQXR0005I: Running com.ibm.mq.MQXRService.RunMQXRService version p920-L200709.
AMQCO2005I: Formatter stopped at:12:18:25 PM WIB Saturday, August 10, 2024
AMQCO2004I: Formatter started at:12:18:25 PM WIB Saturday, August 10, 2024
8/10/24 12:18:25.640  AMQUT0007I: The java.util.logging configuration is now set to /MQHA/SVCBROKERQM/data/SVCBROKER!QM/./amqp/amqptraceOff.properties.
8/10/24 12:18:27.276  AMQXR0015I: AMQP Service started successfully (0 channels running, 0 channels stopped). PID(1222).
AMQCO2004I: Formatter started at:12:18:33 PM WIB Saturday, August 10, 2024
8/10/24 12:18:33.674  AMQUT0007I: The java.util.logging configuration is now set to /opt/mqm/amqp/config/amqptraceOff.properties.
8/10/24 12:18:33.843  AMQXR0005I: Running com.ibm.mq.MQXRService.RunMQXRService version p920-L200709.
AMQCO2005I: Formatter stopped at:12:18:33 PM WIB Saturday, August 10, 2024
AMQCO2004I: Formatter started at:12:18:33 PM WIB Saturday, August 10, 2024
8/10/24 12:18:33.854  AMQUT0007I: The java.util.logging configuration is now set to /MQHA/SVCBROKERQM/data/SVCBROKER!QM/./amqp/amqptraceOff.properties.
8/10/24 12:18:35.770  AMQXR0015I: AMQP Service started successfully (0 channels running, 0 channels stopped). PID(1201).
AMQCO2004I: Formatter started at:12:18:43 PM WIB Saturday, August 10, 2024
8/10/24 12:18:43.717  AMQUT0007I: The java.util.logging configuration is now set to /opt/mqm/amqp/config/amqptraceOff.properties.
8/10/24 12:18:43.902  AMQXR0005I: Running com.ibm.mq.MQXRService.RunMQXRService version p920-L200709.
AMQCO2005I: Formatter stopped at:12:18:43 PM WIB Saturday, August 10, 2024
AMQCO2004I: Formatter started at:12:18:43 PM WIB Saturday, August 10, 2024
8/10/24 12:18:43.910  AMQUT0007I: The java.util.logging configuration is now set to /MQHA/SVCBROKERQM/data/SVCBROKER!QM/./amqp/amqptraceOff.properties.
8/10/24 12:18:46.317  AMQXR0015I: AMQP Service started successfully (0 channels running, 0 channels stopped). PID(1221).
AMQCO2004I: Formatter started at:12:18:58 PM WIB Saturday, August 10, 2024
8/10/24 12:18:58.421  AMQUT0007I: The java.util.logging configuration is now set to /opt/mqm/amqp/config/amqptraceOff.properties.
8/10/24 12:18:58.600  AMQXR0005I: Running com.ibm.mq.MQXRService.RunMQXRService version p920-L200709.
AMQCO2005I: Formatter stopped at:12:18:58 PM WIB Saturday, August 10, 2024
AMQCO2004I: Formatter started at:12:18:58 PM WIB Saturday, August 10, 2024
8/10/24 12:18:58.606  AMQUT0007I: The java.util.logging configuration is now set to /MQHA/SVCBROKERQM/data/SVCBROKER!QM/./amqp/amqptraceOff.properties.
8/10/24 12:19:00.823  AMQXR0015I: AMQP Service started successfully (0 channels running, 0 channels stopped). PID(1201).
AMQCO2004I: Formatter started at:12:19:19 PM WIB Saturday, August 10, 2024
8/10/24 12:19:19.293  AMQUT0007I: The java.util.logging configuration is now set to /opt/mqm/amqp/config/amqptraceOff.properties.
8/10/24 12:19:19.461  AMQXR0005I: Running com.ibm.mq.MQXRService.RunMQXRService version p920-L200709.
AMQCO2005I: Formatter stopped at:12:19:19 PM WIB Saturday, August 10, 2024
AMQCO2004I: Formatter started at:12:19:19 PM WIB Saturday, August 10, 2024
8/10/24 12:19:19.467  AMQUT0007I: The java.util.logging configuration is now set to /MQHA/SVCBROKERQM/data/SVCBROKER!QM/./amqp/amqptraceOff.properties.
8/10/24 12:19:21.644  AMQXR0015I: AMQP Service started successfully (0 channels running, 0 channels stopped). PID(1215).
AMQCO2004I: Formatter started at:12:19:52 PM WIB Saturday, August 10, 2024
8/10/24 12:19:52.833  AMQUT0007I: The java.util.logging configuration is now set to /opt/mqm/amqp/config/amqptraceOff.properties.
8/10/24 12:19:53.040  AMQXR0005I: Running com.ibm.mq.MQXRService.RunMQXRService version p920-L200709.
AMQCO2005I: Formatter stopped at:12:19:53 PM WIB Saturday, August 10, 2024
AMQCO2004I: Formatter started at:12:19:53 PM WIB Saturday, August 10, 2024
8/10/24 12:19:53.046  AMQUT0007I: The java.util.logging configuration is now set to /MQHA/SVCBROKERQM/data/SVCBROKER!QM/./amqp/amqptraceOff.properties.
8/10/24 12:19:55.427  AMQXR0015I: AMQP Service started successfully (0 channels running, 0 channels stopped). PID(1221).
AMQCO2004I: Formatter started at:12:20:24 PM WIB Saturday, August 10, 2024
8/10/24 12:20:24.699  AMQUT0007I: The java.util.logging configuration is now set to /opt/mqm/amqp/config/amqptraceOff.properties.
8/10/24 12:20:24.887  AMQXR0005I: Running com.ibm.mq.MQXRService.RunMQXRService version p920-L200709.
AMQCO2005I: Formatter stopped at:12:20:24 PM WIB Saturday, August 10, 2024
AMQCO2004I: Formatter started at:12:20:24 PM WIB Saturday, August 10, 2024
8/10/24 12:20:24.894  AMQUT0007I: The java.util.logging configuration is now set to /MQHA/SVCBROKERQM/data/SVCBROKER!QM/./amqp/amqptraceOff.properties.
8/10/24 12:20:27.021  AMQXR0015I: AMQP Service started successfully (0 channels running, 0 channels stopped). PID(1182).
AMQCO2004I: Formatter started at:12:37:57 PM WIB Saturday, August 10, 2024
8/10/24 12:37:57.482  AMQUT0007I: The java.util.logging configuration is now set to /opt/mqm/amqp/config/amqptraceOff.properties.
8/10/24 12:37:57.659  AMQXR0005I: Running com.ibm.mq.MQXRService.RunMQXRService version p920-L200709.
AMQCO2005I: Formatter stopped at:12:37:57 PM WIB Saturday, August 10, 2024
AMQCO2004I: Formatter started at:12:37:57 PM WIB Saturday, August 10, 2024
8/10/24 12:37:57.666  AMQUT0007I: The java.util.logging configuration is now set to /MQHA/SVCBROKERQM/data/SVCBROKER!QM/./amqp/amqptraceOff.properties.
8/10/24 12:37:59.860  AMQXR0015I: AMQP Service started successfully (0 channels running, 0 channels stopped). PID(1152).
AMQCO2004I: Formatter started at:1:33:21 PM WIB Saturday, August 10, 2024
8/10/24 13:33:21.739  AMQUT0007I: The java.util.logging configuration is now set to /opt/mqm/amqp/config/amqptraceOff.properties.
8/10/24 13:33:24.291  AMQXR0005I: Running com.ibm.mq.MQXRService.RunMQXRService version p920-L200709.
AMQCO2005I: Formatter stopped at:1:33:24 PM WIB Saturday, August 10, 2024
AMQCO2004I: Formatter started at:1:33:24 PM WIB Saturday, August 10, 2024
8/10/24 13:33:24.557  AMQUT0007I: The java.util.logging configuration is now set to /MQHA/SVCBROKERQM/data/SVCBROKER!QM/./amqp/amqptraceOff.properties.
8/10/24 13:33:56.463  AMQXR0015I: AMQP Service started successfully (0 channels running, 0 channels stopped). PID(1163).
AMQCO2004I: Formatter started at:1:42:43 PM WIB Saturday, August 10, 2024
8/10/24 13:42:43.866  AMQUT0007I: The java.util.logging configuration is now set to /opt/mqm/amqp/config/amqptraceOff.properties.
8/10/24 13:42:44.057  AMQXR0005I: Running com.ibm.mq.MQXRService.RunMQXRService version p920-L200709.
AMQCO2005I: Formatter stopped at:1:42:44 PM WIB Saturday, August 10, 2024
AMQCO2004I: Formatter started at:1:42:44 PM WIB Saturday, August 10, 2024
8/10/24 13:42:44.067  AMQUT0007I: The java.util.logging configuration is now set to /MQHA/SVCBROKERQM/data/SVCBROKER!QM/./amqp/amqptraceOff.properties.
8/10/24 13:42:46.635  AMQXR0015I: AMQP Service started successfully (0 channels running, 0 channels stopped). PID(1243).
AMQCO2004I: Formatter started at:12:54:11 AM WIB Sunday, August 11, 2024
8/11/24 00:54:11.678  AMQUT0007I: The java.util.logging configuration is now set to /opt/mqm/amqp/config/amqptraceOff.properties.
8/11/24 00:54:11.798  AMQXR0005I: Running com.ibm.mq.MQXRService.RunMQXRService version p920-L200709.
AMQCO2005I: Formatter stopped at:12:54:11 AM WIB Sunday, August 11, 2024
AMQCO2004I: Formatter started at:12:54:11 AM WIB Sunday, August 11, 2024
8/11/24 00:54:11.803  AMQUT0007I: The java.util.logging configuration is now set to /MQHA/SVCBROKERQM/data/SVCBROKER!QM/./amqp/amqptraceOff.properties.
8/11/24 00:54:13.292  AMQXR0015I: AMQP Service started successfully (0 channels running, 0 channels stopped). PID(1222).
AMQCO2004I: Formatter started at:2:41:58 AM WIB Sunday, August 11, 2024
8/11/24 02:41:58.473  AMQUT0007I: The java.util.logging configuration is now set to /opt/mqm/amqp/config/amqptraceOff.properties.
8/11/24 02:41:58.643  AMQXR0005I: Running com.ibm.mq.MQXRService.RunMQXRService version p920-L200709.
AMQCO2005I: Formatter stopped at:2:41:58 AM WIB Sunday, August 11, 2024
AMQCO2004I: Formatter started at:2:41:58 AM WIB Sunday, August 11, 2024
8/11/24 02:41:58.651  AMQUT0007I: The java.util.logging configuration is now set to /MQHA/SVCBROKERQM/data/SVCBROKER!QM/./amqp/amqptraceOff.properties.
8/11/24 02:42:00.981  AMQXR0015I: AMQP Service started successfully (0 channels running, 0 channels stopped). PID(1183).
AMQCO2004I: Formatter started at:12:28:17 PM WIB Sunday, August 11, 2024
8/11/24 12:28:17.297  AMQUT0007I: The java.util.logging configuration is now set to /opt/mqm/amqp/config/amqptraceOff.properties.
8/11/24 12:28:17.451  AMQXR0005I: Running com.ibm.mq.MQXRService.RunMQXRService version p920-L200709.
AMQCO2005I: Formatter stopped at:12:28:17 PM WIB Sunday, August 11, 2024
AMQCO2004I: Formatter started at:12:28:17 PM WIB Sunday, August 11, 2024
8/11/24 12:28:17.457  AMQUT0007I: The java.util.logging configuration is now set to /MQHA/SVCBROKERQM/data/SVCBROKER!QM/./amqp/amqptraceOff.properties.
8/11/24 12:28:19.291  AMQXR0015I: AMQP Service started successfully (0 channels running, 0 channels stopped). PID(1183).
AMQCO2004I: Formatter started at:3:51:33 PM WIB Sunday, August 11, 2024
8/11/24 15:51:33.146  AMQUT0007I: The java.util.logging configuration is now set to /opt/mqm/amqp/config/amqptraceOff.properties.
8/11/24 15:51:36.235  AMQXR0005I: Running com.ibm.mq.MQXRService.RunMQXRService version p920-L200709.
AMQCO2005I: Formatter stopped at:3:51:36 PM WIB Sunday, August 11, 2024
AMQCO2004I: Formatter started at:3:51:36 PM WIB Sunday, August 11, 2024
8/11/24 15:51:36.392  AMQUT0007I: The java.util.logging configuration is now set to /MQHA/SVCBROKERQM/data/SVCBROKER!QM/./amqp/amqptraceOff.properties.
8/11/24 15:52:07.966  AMQXR0015I: AMQP Service started successfully (0 channels running, 0 channels stopped). PID(1191).
AMQCO2004I: Formatter started at:10:27:05 PM WIB Monday, August 12, 2024
8/12/24 22:27:05.558  AMQUT0007I: The java.util.logging configuration is now set to /opt/mqm/amqp/config/amqptraceOff.properties.
8/12/24 22:27:05.672  AMQXR0005I: Running com.ibm.mq.MQXRService.RunMQXRService version p920-L200709.
AMQCO2005I: Formatter stopped at:10:27:05 PM WIB Monday, August 12, 2024
AMQCO2004I: Formatter started at:10:27:05 PM WIB Monday, August 12, 2024
8/12/24 22:27:05.676  AMQUT0007I: The java.util.logging configuration is now set to /MQHA/SVCBROKERQM/data/SVCBROKER!QM/./amqp/amqptraceOff.properties.
8/12/24 22:27:07.099  AMQXR0015I: AMQP Service started successfully (0 channels running, 0 channels stopped). PID(1210).
AMQCO2004I: Formatter started at:11:48:21 PM WIB Saturday, August 17, 2024
8/17/24 23:48:21.257  AMQUT0007I: The java.util.logging configuration is now set to /opt/mqm/amqp/config/amqptraceOff.properties.
8/17/24 23:48:21.418  AMQXR0005I: Running com.ibm.mq.MQXRService.RunMQXRService version p920-L200709.
AMQCO2005I: Formatter stopped at:11:48:21 PM WIB Saturday, August 17, 2024
AMQCO2004I: Formatter started at:11:48:21 PM WIB Saturday, August 17, 2024
8/17/24 23:48:21.430  AMQUT0007I: The java.util.logging configuration is now set to /MQHA/SVCBROKERQM/data/SVCBROKER!QM/./amqp/amqptraceOff.properties.
8/17/24 23:48:23.158  AMQXR0015I: AMQP Service started successfully (0 channels running, 0 channels stopped). PID(1270).
AMQCO2004I: Formatter started at:11:51:11 PM WIB Saturday, August 17, 2024
8/17/24 23:51:11.246  AMQUT0007I: The java.util.logging configuration is now set to /opt/mqm/amqp/config/amqptraceOff.properties.
8/17/24 23:51:11.423  AMQXR0005I: Running com.ibm.mq.MQXRService.RunMQXRService version p920-L200709.
AMQCO2005I: Formatter stopped at:11:51:11 PM WIB Saturday, August 17, 2024
AMQCO2004I: Formatter started at:11:51:11 PM WIB Saturday, August 17, 2024
8/17/24 23:51:11.429  AMQUT0007I: The java.util.logging configuration is now set to /MQHA/SVCBROKERQM/data/SVCBROKER!QM/./amqp/amqptraceOff.properties.
8/17/24 23:51:13.712  AMQXR0015I: AMQP Service started successfully (0 channels running, 0 channels stopped). PID(1199).
AMQCO2004I: Formatter started at:12:08:56 AM WIB Sunday, August 18, 2024
8/18/24 00:08:56.789  AMQUT0007I: The java.util.logging configuration is now set to /opt/mqm/amqp/config/amqptraceOff.properties.
8/18/24 00:08:57.067  AMQXR0005I: Running com.ibm.mq.MQXRService.RunMQXRService version p920-L200709.
AMQCO2005I: Formatter stopped at:12:08:57 AM WIB Sunday, August 18, 2024
AMQCO2004I: Formatter started at:12:08:57 AM WIB Sunday, August 18, 2024
8/18/24 00:08:57.076  AMQUT0007I: The java.util.logging configuration is now set to /MQHA/SVCBROKERQM/data/SVCBROKER!QM/./amqp/amqptraceOff.properties.
8/18/24 00:09:00.539  AMQXR0015I: AMQP Service started successfully (0 channels running, 0 channels stopped). PID(1208).
AMQCO2004I: Formatter started at:11:22:23 AM WIB Tuesday, August 20, 2024
8/20/24 11:22:23.579  AMQUT0007I: The java.util.logging configuration is now set to /opt/mqm/amqp/config/amqptraceOff.properties.
8/20/24 11:22:23.750  AMQXR0005I: Running com.ibm.mq.MQXRService.RunMQXRService version p920-L200709.
AMQCO2005I: Formatter stopped at:11:22:23 AM WIB Tuesday, August 20, 2024
AMQCO2004I: Formatter started at:11:22:23 AM WIB Tuesday, August 20, 2024
8/20/24 11:22:23.756  AMQUT0007I: The java.util.logging configuration is now set to /MQHA/SVCBROKERQM/data/SVCBROKER!QM/./amqp/amqptraceOff.properties.
8/20/24 11:22:25.754  AMQXR0015I: AMQP Service started successfully (0 channels running, 0 channels stopped). PID(1212).
AMQCO2004I: Formatter started at:2:42:42 PM WIB Tuesday, August 20, 2024
8/20/24 14:42:42.475  AMQUT0007I: The java.util.logging configuration is now set to /opt/mqm/amqp/config/amqptraceOff.properties.
8/20/24 14:42:42.718  AMQXR0005I: Running com.ibm.mq.MQXRService.RunMQXRService version p920-L200709.
AMQCO2005I: Formatter stopped at:2:42:42 PM WIB Tuesday, August 20, 2024
AMQCO2004I: Formatter started at:2:42:42 PM WIB Tuesday, August 20, 2024
8/20/24 14:42:42.742  AMQUT0007I: The java.util.logging configuration is now set to /MQHA/SVCBROKERQM/data/SVCBROKER!QM/./amqp/amqptraceOff.properties.
8/20/24 14:42:45.314  AMQXR0015I: AMQP Service started successfully (0 channels running, 0 channels stopped). PID(1211).
AMQCO2004I: Formatter started at:2:54:30 AM WIB Sunday, August 25, 2024
8/25/24 02:54:30.634  AMQUT0007I: The java.util.logging configuration is now set to /opt/mqm/amqp/config/amqptraceOff.properties.
8/25/24 02:54:30.820  AMQXR0005I: Running com.ibm.mq.MQXRService.RunMQXRService version p920-L200709.
AMQCO2005I: Formatter stopped at:2:54:30 AM WIB Sunday, August 25, 2024
AMQCO2004I: Formatter started at:2:54:30 AM WIB Sunday, August 25, 2024
8/25/24 02:54:30.829  AMQUT0007I: The java.util.logging configuration is now set to /MQHA/SVCBROKERQM/data/SVCBROKER!QM/./amqp/amqptraceOff.properties.
8/25/24 02:54:33.009  AMQXR0015I: AMQP Service started successfully (0 channels running, 0 channels stopped). PID(1199).
AMQCO2004I: Formatter started at:11:59:36 AM WIB Sunday, August 25, 2024
8/25/24 11:59:36.455  AMQUT0007I: The java.util.logging configuration is now set to /opt/mqm/amqp/config/amqptraceOff.properties.
8/25/24 11:59:36.570  AMQXR0005I: Running com.ibm.mq.MQXRService.RunMQXRService version p920-L200709.
AMQCO2005I: Formatter stopped at:11:59:36 AM WIB Sunday, August 25, 2024
AMQCO2004I: Formatter started at:11:59:36 AM WIB Sunday, August 25, 2024
8/25/24 11:59:36.572  AMQUT0007I: The java.util.logging configuration is now set to /MQHA/SVCBROKERQM/data/SVCBROKER!QM/./amqp/amqptraceOff.properties.
8/25/24 11:59:37.943  AMQXR0015I: AMQP Service started successfully (0 channels running, 0 channels stopped). PID(1270).
AMQCO2004I: Formatter started at:12:12:00 PM WIB Sunday, August 25, 2024
8/25/24 12:12:00.111  AMQUT0007I: The java.util.logging configuration is now set to /opt/mqm/amqp/config/amqptraceOff.properties.
8/25/24 12:12:00.262  AMQXR0005I: Running com.ibm.mq.MQXRService.RunMQXRService version p920-L200709.
AMQCO2005I: Formatter stopped at:12:12:00 PM WIB Sunday, August 25, 2024
AMQCO2004I: Formatter started at:12:12:00 PM WIB Sunday, August 25, 2024
8/25/24 12:12:00.267  AMQUT0007I: The java.util.logging configuration is now set to /MQHA/SVCBROKERQM/data/SVCBROKER!QM/./amqp/amqptraceOff.properties.
8/25/24 12:12:02.554  AMQXR0015I: AMQP Service started successfully (0 channels running, 0 channels stopped). PID(1179).
AMQCO2004I: Formatter started at:12:20:20 PM WIB Sunday, August 25, 2024
8/25/24 12:20:20.428  AMQUT0007I: The java.util.logging configuration is now set to /opt/mqm/amqp/config/amqptraceOff.properties.
8/25/24 12:20:20.620  AMQXR0005I: Running com.ibm.mq.MQXRService.RunMQXRService version p920-L200709.
AMQCO2005I: Formatter stopped at:12:20:20 PM WIB Sunday, August 25, 2024
AMQCO2004I: Formatter started at:12:20:20 PM WIB Sunday, August 25, 2024
8/25/24 12:20:20.626  AMQUT0007I: The java.util.logging configuration is now set to /MQHA/SVCBROKERQM/data/SVCBROKER!QM/./amqp/amqptraceOff.properties.
8/25/24 12:20:23.007  AMQXR0015I: AMQP Service started successfully (0 channels running, 0 channels stopped). PID(1212).
AMQCO2004I: Formatter started at:12:24:37 PM WIB Sunday, August 25, 2024
8/25/24 12:24:37.089  AMQUT0007I: The java.util.logging configuration is now set to /opt/mqm/amqp/config/amqptraceOff.properties.
8/25/24 12:24:37.258  AMQXR0005I: Running com.ibm.mq.MQXRService.RunMQXRService version p920-L200709.
AMQCO2005I: Formatter stopped at:12:24:37 PM WIB Sunday, August 25, 2024
AMQCO2004I: Formatter started at:12:24:37 PM WIB Sunday, August 25, 2024
8/25/24 12:24:37.264  AMQUT0007I: The java.util.logging configuration is now set to /MQHA/SVCBROKERQM/data/SVCBROKER!QM/./amqp/amqptraceOff.properties.
8/25/24 12:24:39.479  AMQXR0015I: AMQP Service started successfully (0 channels running, 0 channels stopped). PID(1198).
AMQCO2004I: Formatter started at:11:02:43 AM WIB Tuesday, August 27, 2024
8/27/24 11:02:43.855  AMQUT0007I: The java.util.logging configuration is now set to /opt/mqm/amqp/config/amqptraceOff.properties.
8/27/24 11:02:43.993  AMQXR0005I: Running com.ibm.mq.MQXRService.RunMQXRService version p920-L200709.
AMQCO2005I: Formatter stopped at:11:02:43 AM WIB Tuesday, August 27, 2024
AMQCO2004I: Formatter started at:11:02:44 AM WIB Tuesday, August 27, 2024
8/27/24 11:02:43.999  AMQUT0007I: The java.util.logging configuration is now set to /MQHA/SVCBROKERQM/data/SVCBROKER!QM/./amqp/amqptraceOff.properties.
8/27/24 11:02:45.974  AMQXR0015I: AMQP Service started successfully (0 channels running, 0 channels stopped). PID(1249).
AMQCO2004I: Formatter started at:2:56:21 PM WIB Saturday, August 31, 2024
8/31/24 14:56:21.748  AMQUT0007I: The java.util.logging configuration is now set to /opt/mqm/amqp/config/amqptraceOff.properties.
8/31/24 14:56:21.904  AMQXR0005I: Running com.ibm.mq.MQXRService.RunMQXRService version p920-L200709.
AMQCO2005I: Formatter stopped at:2:56:21 PM WIB Saturday, August 31, 2024
AMQCO2004I: Formatter started at:2:56:21 PM WIB Saturday, August 31, 2024
8/31/24 14:56:21.910  AMQUT0007I: The java.util.logging configuration is now set to /MQHA/SVCBROKERQM/data/SVCBROKER!QM/./amqp/amqptraceOff.properties.
8/31/24 14:56:24.029  AMQXR0015I: AMQP Service started successfully (0 channels running, 0 channels stopped). PID(1275).
AMQCO2004I: Formatter started at:7:51:27 PM WIB Sunday, September 1, 2024
9/1/24 19:51:27.461  AMQUT0007I: The java.util.logging configuration is now set to /opt/mqm/amqp/config/amqptraceOff.properties.
9/1/24 19:51:27.655  AMQXR0005I: Running com.ibm.mq.MQXRService.RunMQXRService version p920-L200709.
AMQCO2005I: Formatter stopped at:7:51:27 PM WIB Sunday, September 1, 2024
AMQCO2004I: Formatter started at:7:51:27 PM WIB Sunday, September 1, 2024
9/1/24 19:51:27.666  AMQUT0007I: The java.util.logging configuration is now set to /MQHA/SVCBROKERQM/data/SVCBROKER!QM/./amqp/amqptraceOff.properties.
9/1/24 19:51:30.206  AMQXR0015I: AMQP Service started successfully (0 channels running, 0 channels stopped). PID(1223).
AMQCO2004I: Formatter started at:2:55:26 AM WIB Tuesday, September 3, 2024
9/3/24 02:55:26.933  AMQUT0007I: The java.util.logging configuration is now set to /opt/mqm/amqp/config/amqptraceOff.properties.
9/3/24 02:55:27.124  AMQXR0005I: Running com.ibm.mq.MQXRService.RunMQXRService version p920-L200709.
AMQCO2005I: Formatter stopped at:2:55:27 AM WIB Tuesday, September 3, 2024
AMQCO2004I: Formatter started at:2:55:27 AM WIB Tuesday, September 3, 2024
9/3/24 02:55:27.129  AMQUT0007I: The java.util.logging configuration is now set to /MQHA/SVCBROKERQM/data/SVCBROKER!QM/./amqp/amqptraceOff.properties.
9/3/24 02:55:29.620  AMQXR0015I: AMQP Service started successfully (0 channels running, 0 channels stopped). PID(1274).
AMQCO2004I: Formatter started at:7:55:51 PM WIB Tuesday, September 3, 2024
9/3/24 19:55:51.171  AMQUT0007I: The java.util.logging configuration is now set to /opt/mqm/amqp/config/amqptraceOff.properties.
9/3/24 19:55:51.417  AMQXR0005I: Running com.ibm.mq.MQXRService.RunMQXRService version p920-L200709.
AMQCO2005I: Formatter stopped at:7:55:51 PM WIB Tuesday, September 3, 2024
AMQCO2004I: Formatter started at:7:55:51 PM WIB Tuesday, September 3, 2024
9/3/24 19:55:51.437  AMQUT0007I: The java.util.logging configuration is now set to /MQHA/SVCBROKERQM/data/SVCBROKER!QM/./amqp/amqptraceOff.properties.
9/3/24 19:55:53.494  AMQXR0015I: AMQP Service started successfully (0 channels running, 0 channels stopped). PID(1269).
AMQCO2004I: Formatter started at:10:36:32 AM WIB Monday, September 9, 2024
9/9/24 10:36:32.449  AMQUT0007I: The java.util.logging configuration is now set to /opt/mqm/amqp/config/amqptraceOff.properties.
9/9/24 10:36:32.735  AMQXR0005I: Running com.ibm.mq.MQXRService.RunMQXRService version p920-L200709.
AMQCO2005I: Formatter stopped at:10:36:32 AM WIB Monday, September 9, 2024
AMQCO2004I: Formatter started at:10:36:32 AM WIB Monday, September 9, 2024
9/9/24 10:36:32.744  AMQUT0007I: The java.util.logging configuration is now set to /MQHA/SVCBROKERQM/data/SVCBROKER!QM/./amqp/amqptraceOff.properties.
9/9/24 10:36:35.381  AMQXR0015I: AMQP Service started successfully (0 channels running, 0 channels stopped). PID(1270).
AMQCO2004I: Formatter started at:11:07:44 AM WIB Monday, September 9, 2024
9/9/24 11:07:44.110  AMQUT0007I: The java.util.logging configuration is now set to /opt/mqm/amqp/config/amqptraceOff.properties.
9/9/24 11:07:44.331  AMQXR0005I: Running com.ibm.mq.MQXRService.RunMQXRService version p920-L200709.
AMQCO2005I: Formatter stopped at:11:07:44 AM WIB Monday, September 9, 2024
AMQCO2004I: Formatter started at:11:07:44 AM WIB Monday, September 9, 2024
9/9/24 11:07:44.345  AMQUT0007I: The java.util.logging configuration is now set to /MQHA/SVCBROKERQM/data/SVCBROKER!QM/./amqp/amqptraceOff.properties.
9/9/24 11:07:46.945  AMQXR0015I: AMQP Service started successfully (0 channels running, 0 channels stopped). PID(1199).
AMQCO2004I: Formatter started at:4:45:21 PM WIB Friday, September 13, 2024
9/13/24 16:45:21.698  AMQUT0007I: The java.util.logging configuration is now set to /opt/mqm/amqp/config/amqptraceOff.properties.
9/13/24 16:45:21.948  AMQXR0005I: Running com.ibm.mq.MQXRService.RunMQXRService version p920-L200709.
AMQCO2005I: Formatter stopped at:4:45:21 PM WIB Friday, September 13, 2024
AMQCO2004I: Formatter started at:4:45:21 PM WIB Friday, September 13, 2024
9/13/24 16:45:21.957  AMQUT0007I: The java.util.logging configuration is now set to /MQHA/SVCBROKERQM/data/SVCBROKER!QM/./amqp/amqptraceOff.properties.
9/13/24 16:45:24.879  AMQXR0015I: AMQP Service started successfully (0 channels running, 0 channels stopped). PID(1215).
AMQCO2004I: Formatter started at:8:38:22 PM WIB Friday, September 13, 2024
9/13/24 20:38:22.782  AMQUT0007I: The java.util.logging configuration is now set to /opt/mqm/amqp/config/amqptraceOff.properties.
9/13/24 20:38:22.975  AMQXR0005I: Running com.ibm.mq.MQXRService.RunMQXRService version p920-L200709.
AMQCO2005I: Formatter stopped at:8:38:22 PM WIB Friday, September 13, 2024
AMQCO2004I: Formatter started at:8:38:23 PM WIB Friday, September 13, 2024
9/13/24 20:38:22.997  AMQUT0007I: The java.util.logging configuration is now set to /MQHA/SVCBROKERQM/data/SVCBROKER!QM/./amqp/amqptraceOff.properties.
9/13/24 20:38:26.103  AMQXR0015I: AMQP Service started successfully (0 channels running, 0 channels stopped). PID(1270).
AMQCO2004I: Formatter started at:8:13:54 PM WIB Monday, September 16, 2024
9/16/24 20:13:54.331  AMQUT0007I: The java.util.logging configuration is now set to /opt/mqm/amqp/config/amqptraceOff.properties.
9/16/24 20:13:54.587  AMQXR0005I: Running com.ibm.mq.MQXRService.RunMQXRService version p920-L200709.
AMQCO2005I: Formatter stopped at:8:13:54 PM WIB Monday, September 16, 2024
AMQCO2004I: Formatter started at:8:13:54 PM WIB Monday, September 16, 2024
9/16/24 20:13:54.596  AMQUT0007I: The java.util.logging configuration is now set to /MQHA/SVCBROKERQM/data/SVCBROKER!QM/./amqp/amqptraceOff.properties.
9/16/24 20:13:57.187  AMQXR0015I: AMQP Service started successfully (0 channels running, 0 channels stopped). PID(1217).
AMQCO2004I: Formatter started at:12:11:55 AM WIB Friday, September 20, 2024
9/20/24 00:11:55.420  AMQUT0007I: The java.util.logging configuration is now set to /opt/mqm/amqp/config/amqptraceOff.properties.
9/20/24 00:11:55.685  AMQXR0005I: Running com.ibm.mq.MQXRService.RunMQXRService version p920-L200709.
AMQCO2005I: Formatter stopped at:12:11:55 AM WIB Friday, September 20, 2024
AMQCO2004I: Formatter started at:12:11:55 AM WIB Friday, September 20, 2024
9/20/24 00:11:55.693  AMQUT0007I: The java.util.logging configuration is now set to /MQHA/SVCBROKERQM/data/SVCBROKER!QM/./amqp/amqptraceOff.properties.
9/20/24 00:11:57.919  AMQXR0015I: AMQP Service started successfully (0 channels running, 0 channels stopped). PID(1267).
AMQCO2004I: Formatter started at:6:02:07 AM WIB Saturday, September 21, 2024
9/21/24 06:02:07.622  AMQUT0007I: The java.util.logging configuration is now set to /opt/mqm/amqp/config/amqptraceOff.properties.
9/21/24 06:02:07.819  AMQXR0005I: Running com.ibm.mq.MQXRService.RunMQXRService version p920-L200709.
AMQCO2005I: Formatter stopped at:6:02:07 AM WIB Saturday, September 21, 2024
AMQCO2004I: Formatter started at:6:02:07 AM WIB Saturday, September 21, 2024
9/21/24 06:02:07.830  AMQUT0007I: The java.util.logging configuration is now set to /MQHA/SVCBROKERQM/data/SVCBROKER!QM/./amqp/amqptraceOff.properties.
9/21/24 06:02:10.460  AMQXR0015I: AMQP Service started successfully (0 channels running, 0 channels stopped). PID(1268).
AMQCO2004I: Formatter started at:11:43:12 PM WIB Sunday, September 22, 2024
9/22/24 23:43:12.759  AMQUT0007I: The java.util.logging configuration is now set to /opt/mqm/amqp/config/amqptraceOff.properties.
9/22/24 23:43:13.090  AMQXR0005I: Running com.ibm.mq.MQXRService.RunMQXRService version p920-L200709.
AMQCO2005I: Formatter stopped at:11:43:13 PM WIB Sunday, September 22, 2024
AMQCO2004I: Formatter started at:11:43:13 PM WIB Sunday, September 22, 2024
9/22/24 23:43:13.104  AMQUT0007I: The java.util.logging configuration is now set to /MQHA/SVCBROKERQM/data/SVCBROKER!QM/./amqp/amqptraceOff.properties.
9/22/24 23:43:16.153  AMQXR0015I: AMQP Service started successfully (0 channels running, 0 channels stopped). PID(1250).
AMQCO2004I: Formatter started at:3:20:13 PM WIB Saturday, September 28, 2024
9/28/24 15:20:13.759  AMQUT0007I: The java.util.logging configuration is now set to /opt/mqm/amqp/config/amqptraceOff.properties.
9/28/24 15:20:13.966  AMQXR0005I: Running com.ibm.mq.MQXRService.RunMQXRService version p920-L200709.
AMQCO2005I: Formatter stopped at:3:20:13 PM WIB Saturday, September 28, 2024
AMQCO2004I: Formatter started at:3:20:13 PM WIB Saturday, September 28, 2024
9/28/24 15:20:13.974  AMQUT0007I: The java.util.logging configuration is now set to /MQHA/SVCBROKERQM/data/SVCBROKER!QM/./amqp/amqptraceOff.properties.
9/28/24 15:20:16.369  AMQXR0015I: AMQP Service started successfully (0 channels running, 0 channels stopped). PID(1217).
AMQCO2004I: Formatter started at:4:24:58 AM WIB Monday, September 30, 2024
9/30/24 04:24:58.012  AMQUT0007I: The java.util.logging configuration is now set to /opt/mqm/amqp/config/amqptraceOff.properties.
9/30/24 04:24:58.211  AMQXR0005I: Running com.ibm.mq.MQXRService.RunMQXRService version p920-L200709.
AMQCO2005I: Formatter stopped at:4:24:58 AM WIB Monday, September 30, 2024
AMQCO2004I: Formatter started at:4:24:58 AM WIB Monday, September 30, 2024
9/30/24 04:24:58.227  AMQUT0007I: The java.util.logging configuration is now set to /MQHA/SVCBROKERQM/data/SVCBROKER!QM/./amqp/amqptraceOff.properties.
9/30/24 04:25:00.684  AMQXR0015I: AMQP Service started successfully (0 channels running, 0 channels stopped). PID(1194).
AMQCO2004I: Formatter started at:7:57:53 PM WIB Monday, September 30, 2024
9/30/24 19:57:53.611  AMQUT0007I: The java.util.logging configuration is now set to /opt/mqm/amqp/config/amqptraceOff.properties.
9/30/24 19:57:53.916  AMQXR0005I: Running com.ibm.mq.MQXRService.RunMQXRService version p920-L200709.
AMQCO2005I: Formatter stopped at:7:57:53 PM WIB Monday, September 30, 2024
AMQCO2004I: Formatter started at:7:57:53 PM WIB Monday, September 30, 2024
9/30/24 19:57:53.928  AMQUT0007I: The java.util.logging configuration is now set to /MQHA/SVCBROKERQM/data/SVCBROKER!QM/./amqp/amqptraceOff.properties.
9/30/24 19:57:56.580  AMQXR0015I: AMQP Service started successfully (0 channels running, 0 channels stopped). PID(1218).
AMQCO2004I: Formatter started at:12:05:17 AM WIB Friday, October 4, 2024
10/4/24 00:05:17.742  AMQUT0007I: The java.util.logging configuration is now set to /opt/mqm/amqp/config/amqptraceOff.properties.
10/4/24 00:05:17.974  AMQXR0005I: Running com.ibm.mq.MQXRService.RunMQXRService version p920-L200709.
AMQCO2005I: Formatter stopped at:12:05:17 AM WIB Friday, October 4, 2024
AMQCO2004I: Formatter started at:12:05:17 AM WIB Friday, October 4, 2024
10/4/24 00:05:17.985  AMQUT0007I: The java.util.logging configuration is now set to /MQHA/SVCBROKERQM/data/SVCBROKER!QM/./amqp/amqptraceOff.properties.
10/4/24 00:05:20.268  AMQXR0015I: AMQP Service started successfully (0 channels running, 0 channels stopped). PID(1219).
AMQCO2004I: Formatter started at:5:48:04 PM WIB Saturday, October 5, 2024
10/5/24 17:48:04.865  AMQUT0007I: The java.util.logging configuration is now set to /opt/mqm/amqp/config/amqptraceOff.properties.
10/5/24 17:48:05.087  AMQXR0005I: Running com.ibm.mq.MQXRService.RunMQXRService version p920-L200709.
AMQCO2005I: Formatter stopped at:5:48:05 PM WIB Saturday, October 5, 2024
AMQCO2004I: Formatter started at:5:48:05 PM WIB Saturday, October 5, 2024
10/5/24 17:48:05.100  AMQUT0007I: The java.util.logging configuration is now set to /MQHA/SVCBROKERQM/data/SVCBROKER!QM/./amqp/amqptraceOff.properties.
10/5/24 17:48:07.321  AMQXR0015I: AMQP Service started successfully (0 channels running, 0 channels stopped). PID(1268).
AMQCO2004I: Formatter started at:7:35:25 PM WIB Sunday, October 6, 2024
10/6/24 19:35:25.709  AMQUT0007I: The java.util.logging configuration is now set to /opt/mqm/amqp/config/amqptraceOff.properties.
10/6/24 19:35:25.908  AMQXR0005I: Running com.ibm.mq.MQXRService.RunMQXRService version p920-L200709.
AMQCO2005I: Formatter stopped at:7:35:25 PM WIB Sunday, October 6, 2024
AMQCO2004I: Formatter started at:7:35:25 PM WIB Sunday, October 6, 2024
10/6/24 19:35:25.921  AMQUT0007I: The java.util.logging configuration is now set to /MQHA/SVCBROKERQM/data/SVCBROKER!QM/./amqp/amqptraceOff.properties.
10/6/24 19:35:28.458  AMQXR0015I: AMQP Service started successfully (0 channels running, 0 channels stopped). PID(1198).
AMQCO2004I: Formatter started at:7:37:00 PM WIB Monday, October 7, 2024
10/7/24 19:37:00.400  AMQUT0007I: The java.util.logging configuration is now set to /opt/mqm/amqp/config/amqptraceOff.properties.
10/7/24 19:37:00.599  AMQXR0005I: Running com.ibm.mq.MQXRService.RunMQXRService version p920-L200709.
AMQCO2005I: Formatter stopped at:7:37:00 PM WIB Monday, October 7, 2024
AMQCO2004I: Formatter started at:7:37:00 PM WIB Monday, October 7, 2024
10/7/24 19:37:00.605  AMQUT0007I: The java.util.logging configuration is now set to /MQHA/SVCBROKERQM/data/SVCBROKER!QM/./amqp/amqptraceOff.properties.
10/7/24 19:37:03.441  AMQXR0015I: AMQP Service started successfully (0 channels running, 0 channels stopped). PID(1269).
AMQCO2004I: Formatter started at:3:30:58 PM WIB Tuesday, October 8, 2024
10/8/24 15:30:58.250  AMQUT0007I: The java.util.logging configuration is now set to /opt/mqm/amqp/config/amqptraceOff.properties.
10/8/24 15:30:58.558  AMQXR0005I: Running com.ibm.mq.MQXRService.RunMQXRService version p920-L200709.
AMQCO2005I: Formatter stopped at:3:30:58 PM WIB Tuesday, October 8, 2024
AMQCO2004I: Formatter started at:3:30:58 PM WIB Tuesday, October 8, 2024
10/8/24 15:30:58.564  AMQUT0007I: The java.util.logging configuration is now set to /MQHA/SVCBROKERQM/data/SVCBROKER!QM/./amqp/amqptraceOff.properties.
10/8/24 15:31:01.632  AMQXR0015I: AMQP Service started successfully (0 channels running, 0 channels stopped). PID(1266).
AMQCO2004I: Formatter started at:4:08:43 AM WIB Thursday, October 10, 2024
10/10/24 04:08:43.691  AMQUT0007I: The java.util.logging configuration is now set to /opt/mqm/amqp/config/amqptraceOff.properties.
10/10/24 04:08:43.929  AMQXR0005I: Running com.ibm.mq.MQXRService.RunMQXRService version p920-L200709.
AMQCO2005I: Formatter stopped at:4:08:43 AM WIB Thursday, October 10, 2024
AMQCO2004I: Formatter started at:4:08:43 AM WIB Thursday, October 10, 2024
10/10/24 04:08:43.942  AMQUT0007I: The java.util.logging configuration is now set to /MQHA/SVCBROKERQM/data/SVCBROKER!QM/./amqp/amqptraceOff.properties.
10/10/24 04:08:48.619  AMQXR0015I: AMQP Service started successfully (0 channels running, 0 channels stopped). PID(1218).
AMQCO2004I: Formatter started at:12:57:36 PM WIB Thursday, October 10, 2024
10/10/24 12:57:36.749  AMQUT0007I: The java.util.logging configuration is now set to /opt/mqm/amqp/config/amqptraceOff.properties.
10/10/24 12:57:36.991  AMQXR0005I: Running com.ibm.mq.MQXRService.RunMQXRService version p920-L200709.
AMQCO2005I: Formatter stopped at:12:57:37 PM WIB Thursday, October 10, 2024
AMQCO2004I: Formatter started at:12:57:37 PM WIB Thursday, October 10, 2024
10/10/24 12:57:37.008  AMQUT0007I: The java.util.logging configuration is now set to /MQHA/SVCBROKERQM/data/SVCBROKER!QM/./amqp/amqptraceOff.properties.
10/10/24 12:57:39.983  AMQXR0015I: AMQP Service started successfully (0 channels running, 0 channels stopped). PID(1205).
AMQCO2004I: Formatter started at:4:03:59 PM WIB Thursday, October 10, 2024
10/10/24 16:03:59.756  AMQUT0007I: The java.util.logging configuration is now set to /opt/mqm/amqp/config/amqptraceOff.properties.
10/10/24 16:03:59.967  AMQXR0005I: Running com.ibm.mq.MQXRService.RunMQXRService version p920-L200709.
AMQCO2005I: Formatter stopped at:4:03:59 PM WIB Thursday, October 10, 2024
AMQCO2004I: Formatter started at:4:03:59 PM WIB Thursday, October 10, 2024
10/10/24 16:03:59.980  AMQUT0007I: The java.util.logging configuration is now set to /MQHA/SVCBROKERQM/data/SVCBROKER!QM/./amqp/amqptraceOff.properties.
10/10/24 16:04:02.529  AMQXR0015I: AMQP Service started successfully (0 channels running, 0 channels stopped). PID(1201).
AMQCO2004I: Formatter started at:12:55:12 PM WIB Saturday, October 12, 2024
10/12/24 12:55:12.194  AMQUT0007I: The java.util.logging configuration is now set to /opt/mqm/amqp/config/amqptraceOff.properties.
10/12/24 12:55:12.484  AMQXR0005I: Running com.ibm.mq.MQXRService.RunMQXRService version p920-L200709.
AMQCO2005I: Formatter stopped at:12:55:12 PM WIB Saturday, October 12, 2024
AMQCO2004I: Formatter started at:12:55:12 PM WIB Saturday, October 12, 2024
10/12/24 12:55:12.495  AMQUT0007I: The java.util.logging configuration is now set to /MQHA/SVCBROKERQM/data/SVCBROKER!QM/./amqp/amqptraceOff.properties.
10/12/24 12:55:15.533  AMQXR0015I: AMQP Service started successfully (0 channels running, 0 channels stopped). PID(1252).
AMQCO2004I: Formatter started at:3:55:19 PM WIB Sunday, October 13, 2024
10/13/24 15:55:19.820  AMQUT0007I: The java.util.logging configuration is now set to /opt/mqm/amqp/config/amqptraceOff.properties.
10/13/24 15:55:20.178  AMQXR0005I: Running com.ibm.mq.MQXRService.RunMQXRService version p920-L200709.
AMQCO2005I: Formatter stopped at:3:55:20 PM WIB Sunday, October 13, 2024
AMQCO2004I: Formatter started at:3:55:20 PM WIB Sunday, October 13, 2024
10/13/24 15:55:20.214  AMQUT0007I: The java.util.logging configuration is now set to /MQHA/SVCBROKERQM/data/SVCBROKER!QM/./amqp/amqptraceOff.properties.
10/13/24 15:55:24.094  AMQXR0015I: AMQP Service started successfully (0 channels running, 0 channels stopped). PID(1269).
AMQCO2004I: Formatter started at:3:43:16 PM WIB Tuesday, October 15, 2024
10/15/24 15:43:16.064  AMQUT0007I: The java.util.logging configuration is now set to /opt/mqm/amqp/config/amqptraceOff.properties.
10/15/24 15:43:16.253  AMQXR0005I: Running com.ibm.mq.MQXRService.RunMQXRService version p920-L200709.
AMQCO2005I: Formatter stopped at:3:43:16 PM WIB Tuesday, October 15, 2024
AMQCO2004I: Formatter started at:3:43:16 PM WIB Tuesday, October 15, 2024
10/15/24 15:43:16.264  AMQUT0007I: The java.util.logging configuration is now set to /MQHA/SVCBROKERQM/data/SVCBROKER!QM/./amqp/amqptraceOff.properties.
10/15/24 15:43:18.571  AMQXR0015I: AMQP Service started successfully (0 channels running, 0 channels stopped). PID(1250).
AMQCO2004I: Formatter started at:4:57:48 PM WIB Saturday, October 19, 2024
10/19/24 16:57:48.029  AMQUT0007I: The java.util.logging configuration is now set to /opt/mqm/amqp/config/amqptraceOff.properties.
10/19/24 16:57:48.188  AMQXR0005I: Running com.ibm.mq.MQXRService.RunMQXRService version p920-L200709.
AMQCO2005I: Formatter stopped at:4:57:48 PM WIB Saturday, October 19, 2024
AMQCO2004I: Formatter started at:4:57:48 PM WIB Saturday, October 19, 2024
10/19/24 16:57:48.196  AMQUT0007I: The java.util.logging configuration is now set to /MQHA/SVCBROKERQM/data/SVCBROKER!QM/./amqp/amqptraceOff.properties.
10/19/24 16:57:50.489  AMQXR0015I: AMQP Service started successfully (0 channels running, 0 channels stopped). PID(1257).
AMQCO2004I: Formatter started at:2:36:21 AM WIB Monday, October 21, 2024
10/21/24 02:36:21.659  AMQUT0007I: The java.util.logging configuration is now set to /opt/mqm/amqp/config/amqptraceOff.properties.
10/21/24 02:36:21.933  AMQXR0005I: Running com.ibm.mq.MQXRService.RunMQXRService version p920-L200709.
AMQCO2005I: Formatter stopped at:2:36:21 AM WIB Monday, October 21, 2024
AMQCO2004I: Formatter started at:2:36:21 AM WIB Monday, October 21, 2024
10/21/24 02:36:21.954  AMQUT0007I: The java.util.logging configuration is now set to /MQHA/SVCBROKERQM/data/SVCBROKER!QM/./amqp/amqptraceOff.properties.
10/21/24 02:36:26.520  AMQXR0015I: AMQP Service started successfully (0 channels running, 0 channels stopped). PID(1197).
AMQCO2004I: Formatter started at:2:40:58 AM WIB Monday, October 21, 2024
10/21/24 02:40:58.235  AMQUT0007I: The java.util.logging configuration is now set to /opt/mqm/amqp/config/amqptraceOff.properties.
10/21/24 02:40:58.533  AMQXR0005I: Running com.ibm.mq.MQXRService.RunMQXRService version p920-L200709.
AMQCO2005I: Formatter stopped at:2:40:58 AM WIB Monday, October 21, 2024
AMQCO2004I: Formatter started at:2:40:58 AM WIB Monday, October 21, 2024
10/21/24 02:40:58.542  AMQUT0007I: The java.util.logging configuration is now set to /MQHA/SVCBROKERQM/data/SVCBROKER!QM/./amqp/amqptraceOff.properties.
10/21/24 02:41:01.950  AMQXR0015I: AMQP Service started successfully (0 channels running, 0 channels stopped). PID(1192).
AMQCO2004I: Formatter started at:2:47:53 AM WIB Monday, October 21, 2024
10/21/24 02:47:53.458  AMQUT0007I: The java.util.logging configuration is now set to /opt/mqm/amqp/config/amqptraceOff.properties.
10/21/24 02:47:53.659  AMQXR0005I: Running com.ibm.mq.MQXRService.RunMQXRService version p920-L200709.
AMQCO2005I: Formatter stopped at:2:47:53 AM WIB Monday, October 21, 2024
AMQCO2004I: Formatter started at:2:47:53 AM WIB Monday, October 21, 2024
10/21/24 02:47:53.676  AMQUT0007I: The java.util.logging configuration is now set to /MQHA/SVCBROKERQM/data/SVCBROKER!QM/./amqp/amqptraceOff.properties.
10/21/24 02:47:57.054  AMQXR0015I: AMQP Service started successfully (0 channels running, 0 channels stopped). PID(1191).
