
==============================================

!Wed Sep 21 21:33:44 ICT 2022

Processing file ISO_BILLPAYMENT_APP\ISO_REVERSAL_FLOW.msgflow.
Successfully added file ISO_BILLPAYMENT_APP\ISO_REVERSAL_FLOW.msgflow to BAR file.

==============================================

!Wed Sep 21 21:33:44 ICT 2022

Processing file ISO_BILLPAYMENT_APP\ISO_PAYMENT_FLOW.msgflow.
Successfully added file ISO_BILLPAYMENT_APP\ISO_PAYMENT_FLOW.msgflow to BAR file.

==============================================

!Wed Sep 21 21:33:45 ICT 2022

Processing file ISO_BILLPAYMENT_APP\ISO_INQUIRY_FLOW.msgflow.
Successfully added file ISO_BILLPAYMENT_APP\ISO_INQUIRY_FLOW.msgflow to BAR file.

==============================================

!Wed Sep 21 21:33:45 ICT 2022

Processing file ISO_BILLPAYMENT_APP\BP_PARSER.esql.
Successfully added file ISO_BILLPAYMENT_APP\BP_PARSER.esql to BAR file.

==============================================

!Wed Sep 21 21:33:45 ICT 2022

Processing file ISO_BILLPAYMENT_APP\BP_PARSER.subflow.
Successfully added file ISO_BILLPAYMENT_APP\BP_PARSER.subflow to BAR file.

==============================================

!Wed Sep 21 21:33:45 ICT 2022

Processing file ISO_BILLPAYMENT_APP\ISO_INQUIRY_FLOW.esql.
Successfully added file ISO_BILLPAYMENT_APP\ISO_INQUIRY_FLOW.esql to BAR file.

==============================================

!Wed Sep 21 21:33:45 ICT 2022

Processing file ISO_BILLPAYMENT_APP\ISO_PAYMENT_FLOW.esql.
Successfully added file ISO_BILLPAYMENT_APP\ISO_PAYMENT_FLOW.esql to BAR file.

==============================================

!Wed Sep 21 21:33:45 ICT 2022

Processing file ISO_BILLPAYMENT_APP\ISO_REVERSAL_FLOW.esql.
Successfully added file ISO_BILLPAYMENT_APP\ISO_REVERSAL_FLOW.esql to BAR file.

==============================================

!Wed Sep 21 21:33:45 ICT 2022

Processing file ISO_BILLPAYMENT_APP\application.descriptor.
Successfully added file ISO_BILLPAYMENT_APP\application.descriptor to BAR file.
Elapsed time: 0.001 second(s).

Successfully added file ISO_BILLPAYMENT_APP\application.descriptor to BAR file.

==============================================

!Wed Sep 21 21:33:45 ICT 2022

Processing file ISO_BILLPAYMENT_APP\application.descriptor.
Successfully added file ISO_BILLPAYMENT_APP\application.descriptor to BAR file.
Elapsed time: 0 second(s).

Successfully added file ISO_BILLPAYMENT_APP\application.descriptor to BAR file.

==============================================

!Wed Sep 21 21:33:45 ICT 2022

Processing file SUBFLOW_LOGDB_LIB.
Library file SUBFLOW_LOGDB_LIB.libzip successfully added to the BAR.
Library compiled contents:
    
    Processing file SUBFLOW_LOGDB_LIB\LOG_DB_SOAP_SUBFLOW.esql.
    Successfully added file SUBFLOW_LOGDB_LIB\LOG_DB_SOAP_SUBFLOW.esql to BAR file.
    
    
    Processing file SUBFLOW_LOGDB_LIB\LOG_DB_SOAP.subflow.
    Successfully added file SUBFLOW_LOGDB_LIB\LOG_DB_SOAP.subflow to BAR file.
    
    
    Processing file SUBFLOW_LOGDB_LIB\LOG_DB_REST_CLIENT_SUBFLOW.esql.
    Successfully added file SUBFLOW_LOGDB_LIB\LOG_DB_REST_CLIENT_SUBFLOW.esql to BAR file.
    
    
    Processing file SUBFLOW_LOGDB_LIB\LOG_DB_SOAP_CLIENT.subflow.
    Successfully added file SUBFLOW_LOGDB_LIB\LOG_DB_SOAP_CLIENT.subflow to BAR file.
    
    
    Processing file SUBFLOW_LOGDB_LIB\library.descriptor.
    Successfully added file SUBFLOW_LOGDB_LIB\library.descriptor to BAR file.
    Elapsed time: 0 second(s).
    
    Successfully added file SUBFLOW_LOGDB_LIB\library.descriptor to BAR file.
    
    
    Processing file SUBFLOW_LOGDB_LIB\LOG_DB_REST_CLIENT.subflow.
    Successfully added file SUBFLOW_LOGDB_LIB\LOG_DB_REST_CLIENT.subflow to BAR file.
    
    
    Processing file SUBFLOW_LOGDB_LIB\LOG_DB_SUBFLOW.subflow.
    Successfully added file SUBFLOW_LOGDB_LIB\LOG_DB_SUBFLOW.subflow to BAR file.
    
    
    Processing file SUBFLOW_LOGDB_LIB\LOG_DB_ERROR_SUBFLOW.subflow.
    Successfully added file SUBFLOW_LOGDB_LIB\LOG_DB_ERROR_SUBFLOW.subflow to BAR file.
    
    
    Processing file SUBFLOW_LOGDB_LIB\LOG_DB_SOAP_CLIENT_SUBFLOW.esql.
    Successfully added file SUBFLOW_LOGDB_LIB\LOG_DB_SOAP_CLIENT_SUBFLOW.esql to BAR file.
    

Elapsed time: 0.289 second(s).

