
==============================================

!Tue Dec 19 21:28:25 WIB 2023

Processing file DUMMY_SERVER_PROJECT/DUMMY_TCPIPSERVER_FLOW.msgflow.
Successfully added file DUMMY_SERVER_PROJECT/DUMMY_TCPIPSERVER_FLOW.msgflow to BAR file.

==============================================

!Tue Dec 19 21:28:25 WIB 2023

Processing file DUMMY_SERVER_PROJECT/DUMMY_TCPIPSERVER_FLOW_CHECK_TIMER.esql.
Successfully added file DUMMY_SERVER_PROJECT/DUMMY_TCPIPSERVER_FLOW_CHECK_TIMER.esql to BAR file.

==============================================

!Tue Dec 19 21:28:25 WIB 2023

Processing file DUMMY_SERVER_PROJECT/application.descriptor.
Successfully added file DUMMY_SERVER_PROJECT/application.descriptor to BAR file.
Elapsed time: 0 second(s).

Successfully added file DUMMY_SERVER_PROJECT/application.descriptor to BAR file.

==============================================

!Tue Dec 19 21:28:25 WIB 2023

Processing file DUMMY_SERVER_PROJECT/application.descriptor.
Successfully added file DUMMY_SERVER_PROJECT/application.descriptor to BAR file.
Elapsed time: 0 second(s).

Successfully added file DUMMY_SERVER_PROJECT/application.descriptor to BAR file.

