AMQCO2004I: Formatter started at:2:28:01 PM WIB Tuesday, August 27, 2024
8/27/24 14:28:01.675  AMQUT0007I: The java.util.logging configuration is now set to /opt/mqm/amqp/config/amqptraceOff.properties.
8/27/24 14:28:01.742  AMQXR0005I: Running com.ibm.mq.MQXRService.RunMQXRService version p920-L200709.
AMQCO2005I: Formatter stopped at:2:28:01 PM WIB Tuesday, August 27, 2024
AMQCO2004I: Formatter started at:2:28:01 PM WIB Tuesday, August 27, 2024
8/27/24 14:28:01.771  AMQUT0007I: The java.util.logging configuration is now set to /MQHA/FNTBROKERQM/data/FNTBROKER!QM/./amqp/amqptraceOff.properties.
8/27/24 14:28:02.856  AMQXR0015I: AMQP Service started successfully (0 channels running, 0 channels stopped). PID(9963).
AMQCO2004I: Formatter started at:3:08:48 PM WIB Saturday, August 31, 2024
8/31/24 15:08:48.906  AMQUT0007I: The java.util.logging configuration is now set to /opt/mqm/amqp/config/amqptraceOff.properties.
8/31/24 15:08:49.032  AMQXR0005I: Running com.ibm.mq.MQXRService.RunMQXRService version p920-L200709.
AMQCO2005I: Formatter stopped at:3:08:49 PM WIB Saturday, August 31, 2024
AMQCO2004I: Formatter started at:3:08:49 PM WIB Saturday, August 31, 2024
8/31/24 15:08:49.049  AMQUT0007I: The java.util.logging configuration is now set to /MQHA/FNTBROKERQM/data/FNTBROKER!QM/./amqp/amqptraceOff.properties.
8/31/24 15:08:50.868  AMQXR0015I: AMQP Service started successfully (0 channels running, 0 channels stopped). PID(7792).
AMQCO2004I: Formatter started at:10:51:53 AM WIB Monday, September 2, 2024
9/2/24 10:51:53.130  AMQUT0007I: The java.util.logging configuration is now set to /opt/mqm/amqp/config/amqptraceOff.properties.
9/2/24 10:51:53.238  AMQXR0005I: Running com.ibm.mq.MQXRService.RunMQXRService version p920-L200709.
AMQCO2005I: Formatter stopped at:10:51:53 AM WIB Monday, September 2, 2024
AMQCO2004I: Formatter started at:10:51:53 AM WIB Monday, September 2, 2024
9/2/24 10:51:53.243  AMQUT0007I: The java.util.logging configuration is now set to /MQHA/FNTBROKERQM/data/FNTBROKER!QM/./amqp/amqptraceOff.properties.
9/2/24 10:51:54.968  AMQXR0015I: AMQP Service started successfully (0 channels running, 0 channels stopped). PID(7933).
AMQCO2004I: Formatter started at:2:57:40 AM WIB Tuesday, September 3, 2024
9/3/24 02:57:40.663  AMQUT0007I: The java.util.logging configuration is now set to /opt/mqm/amqp/config/amqptraceOff.properties.
9/3/24 02:57:40.789  AMQXR0005I: Running com.ibm.mq.MQXRService.RunMQXRService version p920-L200709.
AMQCO2005I: Formatter stopped at:2:57:40 AM WIB Tuesday, September 3, 2024
AMQCO2004I: Formatter started at:2:57:40 AM WIB Tuesday, September 3, 2024
9/3/24 02:57:40.803  AMQUT0007I: The java.util.logging configuration is now set to /MQHA/FNTBROKERQM/data/FNTBROKER!QM/./amqp/amqptraceOff.properties.
9/3/24 02:57:42.639  AMQXR0015I: AMQP Service started successfully (0 channels running, 0 channels stopped). PID(6937).
AMQCO2004I: Formatter started at:7:55:51 PM WIB Tuesday, September 3, 2024
9/3/24 19:55:51.304  AMQUT0007I: The java.util.logging configuration is now set to /opt/mqm/amqp/config/amqptraceOff.properties.
9/3/24 19:55:51.521  AMQXR0005I: Running com.ibm.mq.MQXRService.RunMQXRService version p920-L200709.
AMQCO2005I: Formatter stopped at:7:55:51 PM WIB Tuesday, September 3, 2024
AMQCO2004I: Formatter started at:7:55:51 PM WIB Tuesday, September 3, 2024
9/3/24 19:55:51.527  AMQUT0007I: The java.util.logging configuration is now set to /MQHA/FNTBROKERQM/data/FNTBROKER!QM/./amqp/amqptraceOff.properties.
9/3/24 19:55:53.585  AMQXR0015I: AMQP Service started successfully (0 channels running, 0 channels stopped). PID(1458).
AMQCO2004I: Formatter started at:10:36:33 AM WIB Monday, September 9, 2024
9/9/24 10:36:33.022  AMQUT0007I: The java.util.logging configuration is now set to /opt/mqm/amqp/config/amqptraceOff.properties.
9/9/24 10:36:33.217  AMQXR0005I: Running com.ibm.mq.MQXRService.RunMQXRService version p920-L200709.
AMQCO2005I: Formatter stopped at:10:36:33 AM WIB Monday, September 9, 2024
AMQCO2004I: Formatter started at:10:36:33 AM WIB Monday, September 9, 2024
9/9/24 10:36:33.226  AMQUT0007I: The java.util.logging configuration is now set to /MQHA/FNTBROKERQM/data/FNTBROKER!QM/./amqp/amqptraceOff.properties.
9/9/24 10:36:35.556  AMQXR0015I: AMQP Service started successfully (0 channels running, 0 channels stopped). PID(1449).
AMQCO2004I: Formatter started at:11:07:44 AM WIB Monday, September 9, 2024
9/9/24 11:07:44.910  AMQUT0007I: The java.util.logging configuration is now set to /opt/mqm/amqp/config/amqptraceOff.properties.
9/9/24 11:07:45.062  AMQXR0005I: Running com.ibm.mq.MQXRService.RunMQXRService version p920-L200709.
AMQCO2005I: Formatter stopped at:11:07:45 AM WIB Monday, September 9, 2024
AMQCO2004I: Formatter started at:11:07:45 AM WIB Monday, September 9, 2024
9/9/24 11:07:45.067  AMQUT0007I: The java.util.logging configuration is now set to /MQHA/FNTBROKERQM/data/FNTBROKER!QM/./amqp/amqptraceOff.properties.
9/9/24 11:07:47.259  AMQXR0015I: AMQP Service started successfully (0 channels running, 0 channels stopped). PID(1428).
AMQCO2004I: Formatter started at:4:45:22 PM WIB Friday, September 13, 2024
9/13/24 16:45:22.668  AMQUT0007I: The java.util.logging configuration is now set to /opt/mqm/amqp/config/amqptraceOff.properties.
9/13/24 16:45:22.816  AMQXR0005I: Running com.ibm.mq.MQXRService.RunMQXRService version p920-L200709.
AMQCO2005I: Formatter stopped at:4:45:22 PM WIB Friday, September 13, 2024
AMQCO2004I: Formatter started at:4:45:22 PM WIB Friday, September 13, 2024
9/13/24 16:45:22.825  AMQUT0007I: The java.util.logging configuration is now set to /MQHA/FNTBROKERQM/data/FNTBROKER!QM/./amqp/amqptraceOff.properties.
9/13/24 16:45:25.166  AMQXR0015I: AMQP Service started successfully (0 channels running, 0 channels stopped). PID(1425).
AMQCO2004I: Formatter started at:8:38:23 PM WIB Friday, September 13, 2024
9/13/24 20:38:23.383  AMQUT0007I: The java.util.logging configuration is now set to /opt/mqm/amqp/config/amqptraceOff.properties.
9/13/24 20:38:23.581  AMQXR0005I: Running com.ibm.mq.MQXRService.RunMQXRService version p920-L200709.
AMQCO2005I: Formatter stopped at:8:38:23 PM WIB Friday, September 13, 2024
AMQCO2004I: Formatter started at:8:38:23 PM WIB Friday, September 13, 2024
9/13/24 20:38:23.587  AMQUT0007I: The java.util.logging configuration is now set to /MQHA/FNTBROKERQM/data/FNTBROKER!QM/./amqp/amqptraceOff.properties.
9/13/24 20:38:26.397  AMQXR0015I: AMQP Service started successfully (0 channels running, 0 channels stopped). PID(1477).
AMQCO2004I: Formatter started at:8:13:54 PM WIB Monday, September 16, 2024
9/16/24 20:13:54.753  AMQUT0007I: The java.util.logging configuration is now set to /opt/mqm/amqp/config/amqptraceOff.properties.
9/16/24 20:13:54.984  AMQXR0005I: Running com.ibm.mq.MQXRService.RunMQXRService version p920-L200709.
AMQCO2005I: Formatter stopped at:8:13:54 PM WIB Monday, September 16, 2024
AMQCO2004I: Formatter started at:8:13:55 PM WIB Monday, September 16, 2024
9/16/24 20:13:55.005  AMQUT0007I: The java.util.logging configuration is now set to /MQHA/FNTBROKERQM/data/FNTBROKER!QM/./amqp/amqptraceOff.properties.
9/16/24 20:13:57.364  AMQXR0015I: AMQP Service started successfully (0 channels running, 0 channels stopped). PID(1429).
AMQCO2004I: Formatter started at:12:11:55 AM WIB Friday, September 20, 2024
9/20/24 00:11:55.612  AMQUT0007I: The java.util.logging configuration is now set to /opt/mqm/amqp/config/amqptraceOff.properties.
9/20/24 00:11:55.814  AMQXR0005I: Running com.ibm.mq.MQXRService.RunMQXRService version p920-L200709.
AMQCO2005I: Formatter stopped at:12:11:55 AM WIB Friday, September 20, 2024
AMQCO2004I: Formatter started at:12:11:55 AM WIB Friday, September 20, 2024
9/20/24 00:11:55.824  AMQUT0007I: The java.util.logging configuration is now set to /MQHA/FNTBROKERQM/data/FNTBROKER!QM/./amqp/amqptraceOff.properties.
9/20/24 00:11:57.973  AMQXR0015I: AMQP Service started successfully (0 channels running, 0 channels stopped). PID(1440).
AMQCO2004I: Formatter started at:6:02:08 AM WIB Saturday, September 21, 2024
9/21/24 06:02:08.437  AMQUT0007I: The java.util.logging configuration is now set to /opt/mqm/amqp/config/amqptraceOff.properties.
9/21/24 06:02:08.618  AMQXR0005I: Running com.ibm.mq.MQXRService.RunMQXRService version p920-L200709.
AMQCO2005I: Formatter stopped at:6:02:08 AM WIB Saturday, September 21, 2024
AMQCO2004I: Formatter started at:6:02:08 AM WIB Saturday, September 21, 2024
9/21/24 06:02:08.627  AMQUT0007I: The java.util.logging configuration is now set to /MQHA/FNTBROKERQM/data/FNTBROKER!QM/./amqp/amqptraceOff.properties.
9/21/24 06:02:10.765  AMQXR0015I: AMQP Service started successfully (0 channels running, 0 channels stopped). PID(1466).
AMQCO2004I: Formatter started at:11:43:13 PM WIB Sunday, September 22, 2024
9/22/24 23:43:13.206  AMQUT0007I: The java.util.logging configuration is now set to /opt/mqm/amqp/config/amqptraceOff.properties.
9/22/24 23:43:13.419  AMQXR0005I: Running com.ibm.mq.MQXRService.RunMQXRService version p920-L200709.
AMQCO2005I: Formatter stopped at:11:43:13 PM WIB Sunday, September 22, 2024
AMQCO2004I: Formatter started at:11:43:13 PM WIB Sunday, September 22, 2024
9/22/24 23:43:13.435  AMQUT0007I: The java.util.logging configuration is now set to /MQHA/FNTBROKERQM/data/FNTBROKER!QM/./amqp/amqptraceOff.properties.
9/22/24 23:43:16.145  AMQXR0015I: AMQP Service started successfully (0 channels running, 0 channels stopped). PID(1470).
AMQCO2004I: Formatter started at:3:20:14 PM WIB Saturday, September 28, 2024
9/28/24 15:20:14.208  AMQUT0007I: The java.util.logging configuration is now set to /opt/mqm/amqp/config/amqptraceOff.properties.
9/28/24 15:20:14.376  AMQXR0005I: Running com.ibm.mq.MQXRService.RunMQXRService version p920-L200709.
AMQCO2005I: Formatter stopped at:3:20:14 PM WIB Saturday, September 28, 2024
AMQCO2004I: Formatter started at:3:20:14 PM WIB Saturday, September 28, 2024
9/28/24 15:20:14.392  AMQUT0007I: The java.util.logging configuration is now set to /MQHA/FNTBROKERQM/data/FNTBROKER!QM/./amqp/amqptraceOff.properties.
9/28/24 15:20:16.505  AMQXR0015I: AMQP Service started successfully (0 channels running, 0 channels stopped). PID(1418).
AMQCO2004I: Formatter started at:4:24:58 AM WIB Monday, September 30, 2024
9/30/24 04:24:58.619  AMQUT0007I: The java.util.logging configuration is now set to /opt/mqm/amqp/config/amqptraceOff.properties.
9/30/24 04:24:58.786  AMQXR0005I: Running com.ibm.mq.MQXRService.RunMQXRService version p920-L200709.
AMQCO2005I: Formatter stopped at:4:24:58 AM WIB Monday, September 30, 2024
AMQCO2004I: Formatter started at:4:24:58 AM WIB Monday, September 30, 2024
9/30/24 04:24:58.793  AMQUT0007I: The java.util.logging configuration is now set to /MQHA/FNTBROKERQM/data/FNTBROKER!QM/./amqp/amqptraceOff.properties.
9/30/24 04:25:00.862  AMQXR0015I: AMQP Service started successfully (0 channels running, 0 channels stopped). PID(1416).
AMQCO2004I: Formatter started at:7:57:54 PM WIB Monday, September 30, 2024
9/30/24 19:57:54.012  AMQUT0007I: The java.util.logging configuration is now set to /opt/mqm/amqp/config/amqptraceOff.properties.
9/30/24 19:57:54.271  AMQXR0005I: Running com.ibm.mq.MQXRService.RunMQXRService version p920-L200709.
AMQCO2005I: Formatter stopped at:7:57:54 PM WIB Monday, September 30, 2024
AMQCO2004I: Formatter started at:7:57:54 PM WIB Monday, September 30, 2024
9/30/24 19:57:54.284  AMQUT0007I: The java.util.logging configuration is now set to /MQHA/FNTBROKERQM/data/FNTBROKER!QM/./amqp/amqptraceOff.properties.
9/30/24 19:57:56.608  AMQXR0015I: AMQP Service started successfully (0 channels running, 0 channels stopped). PID(1412).
AMQCO2004I: Formatter started at:12:05:18 AM WIB Friday, October 4, 2024
10/4/24 00:05:18.315  AMQUT0007I: The java.util.logging configuration is now set to /opt/mqm/amqp/config/amqptraceOff.properties.
10/4/24 00:05:18.524  AMQXR0005I: Running com.ibm.mq.MQXRService.RunMQXRService version p920-L200709.
AMQCO2005I: Formatter stopped at:12:05:18 AM WIB Friday, October 4, 2024
AMQCO2004I: Formatter started at:12:05:18 AM WIB Friday, October 4, 2024
10/4/24 00:05:18.530  AMQUT0007I: The java.util.logging configuration is now set to /MQHA/FNTBROKERQM/data/FNTBROKER!QM/./amqp/amqptraceOff.properties.
10/4/24 00:05:20.443  AMQXR0015I: AMQP Service started successfully (0 channels running, 0 channels stopped). PID(1422).
AMQCO2004I: Formatter started at:5:48:05 PM WIB Saturday, October 5, 2024
10/5/24 17:48:05.178  AMQUT0007I: The java.util.logging configuration is now set to /opt/mqm/amqp/config/amqptraceOff.properties.
10/5/24 17:48:05.329  AMQXR0005I: Running com.ibm.mq.MQXRService.RunMQXRService version p920-L200709.
AMQCO2005I: Formatter stopped at:5:48:05 PM WIB Saturday, October 5, 2024
AMQCO2004I: Formatter started at:5:48:05 PM WIB Saturday, October 5, 2024
10/5/24 17:48:05.341  AMQUT0007I: The java.util.logging configuration is now set to /MQHA/FNTBROKERQM/data/FNTBROKER!QM/./amqp/amqptraceOff.properties.
10/5/24 17:48:07.498  AMQXR0015I: AMQP Service started successfully (0 channels running, 0 channels stopped). PID(1457).
AMQCO2004I: Formatter started at:7:35:25 PM WIB Sunday, October 6, 2024
10/6/24 19:35:25.934  AMQUT0007I: The java.util.logging configuration is now set to /opt/mqm/amqp/config/amqptraceOff.properties.
10/6/24 19:35:26.083  AMQXR0005I: Running com.ibm.mq.MQXRService.RunMQXRService version p920-L200709.
AMQCO2005I: Formatter stopped at:7:35:26 PM WIB Sunday, October 6, 2024
AMQCO2004I: Formatter started at:7:35:26 PM WIB Sunday, October 6, 2024
10/6/24 19:35:26.089  AMQUT0007I: The java.util.logging configuration is now set to /MQHA/FNTBROKERQM/data/FNTBROKER!QM/./amqp/amqptraceOff.properties.
10/6/24 19:35:28.466  AMQXR0015I: AMQP Service started successfully (0 channels running, 0 channels stopped). PID(1401).
AMQCO2004I: Formatter started at:7:37:00 PM WIB Monday, October 7, 2024
10/7/24 19:37:00.846  AMQUT0007I: The java.util.logging configuration is now set to /opt/mqm/amqp/config/amqptraceOff.properties.
10/7/24 19:37:01.077  AMQXR0005I: Running com.ibm.mq.MQXRService.RunMQXRService version p920-L200709.
AMQCO2005I: Formatter stopped at:7:37:01 PM WIB Monday, October 7, 2024
AMQCO2004I: Formatter started at:7:37:01 PM WIB Monday, October 7, 2024
10/7/24 19:37:01.094  AMQUT0007I: The java.util.logging configuration is now set to /MQHA/FNTBROKERQM/data/FNTBROKER!QM/./amqp/amqptraceOff.properties.
10/7/24 19:37:03.848  AMQXR0015I: AMQP Service started successfully (0 channels running, 0 channels stopped). PID(1478).
AMQCO2004I: Formatter started at:3:30:58 PM WIB Tuesday, October 8, 2024
10/8/24 15:30:58.697  AMQUT0007I: The java.util.logging configuration is now set to /opt/mqm/amqp/config/amqptraceOff.properties.
10/8/24 15:30:58.876  AMQXR0005I: Running com.ibm.mq.MQXRService.RunMQXRService version p920-L200709.
AMQCO2005I: Formatter stopped at:3:30:58 PM WIB Tuesday, October 8, 2024
AMQCO2004I: Formatter started at:3:30:58 PM WIB Tuesday, October 8, 2024
10/8/24 15:30:58.888  AMQUT0007I: The java.util.logging configuration is now set to /MQHA/FNTBROKERQM/data/FNTBROKER!QM/./amqp/amqptraceOff.properties.
10/8/24 15:31:01.617  AMQXR0015I: AMQP Service started successfully (0 channels running, 0 channels stopped). PID(1467).
AMQCO2004I: Formatter started at:4:08:44 AM WIB Thursday, October 10, 2024
10/10/24 04:08:44.285  AMQUT0007I: The java.util.logging configuration is now set to /opt/mqm/amqp/config/amqptraceOff.properties.
10/10/24 04:08:44.721  AMQXR0005I: Running com.ibm.mq.MQXRService.RunMQXRService version p920-L200709.
AMQCO2005I: Formatter stopped at:4:08:44 AM WIB Thursday, October 10, 2024
AMQCO2004I: Formatter started at:4:08:44 AM WIB Thursday, October 10, 2024
10/10/24 04:08:44.738  AMQUT0007I: The java.util.logging configuration is now set to /MQHA/FNTBROKERQM/data/FNTBROKER!QM/./amqp/amqptraceOff.properties.
10/10/24 04:08:48.727  AMQXR0015I: AMQP Service started successfully (0 channels running, 0 channels stopped). PID(1411).
AMQCO2004I: Formatter started at:12:57:37 PM WIB Thursday, October 10, 2024
10/10/24 12:57:37.196  AMQUT0007I: The java.util.logging configuration is now set to /opt/mqm/amqp/config/amqptraceOff.properties.
10/10/24 12:57:37.379  AMQXR0005I: Running com.ibm.mq.MQXRService.RunMQXRService version p920-L200709.
AMQCO2005I: Formatter stopped at:12:57:37 PM WIB Thursday, October 10, 2024
AMQCO2004I: Formatter started at:12:57:37 PM WIB Thursday, October 10, 2024
10/10/24 12:57:37.391  AMQUT0007I: The java.util.logging configuration is now set to /MQHA/FNTBROKERQM/data/FNTBROKER!QM/./amqp/amqptraceOff.properties.
10/10/24 12:57:40.276  AMQXR0015I: AMQP Service started successfully (0 channels running, 0 channels stopped). PID(1414).
AMQCO2004I: Formatter started at:4:04:00 PM WIB Thursday, October 10, 2024
10/10/24 16:04:00.208  AMQUT0007I: The java.util.logging configuration is now set to /opt/mqm/amqp/config/amqptraceOff.properties.
10/10/24 16:04:00.401  AMQXR0005I: Running com.ibm.mq.MQXRService.RunMQXRService version p920-L200709.
AMQCO2005I: Formatter stopped at:4:04:00 PM WIB Thursday, October 10, 2024
AMQCO2004I: Formatter started at:4:04:00 PM WIB Thursday, October 10, 2024
10/10/24 16:04:00.419  AMQUT0007I: The java.util.logging configuration is now set to /MQHA/FNTBROKERQM/data/FNTBROKER!QM/./amqp/amqptraceOff.properties.
10/10/24 16:04:02.664  AMQXR0015I: AMQP Service started successfully (0 channels running, 0 channels stopped). PID(1418).
AMQCO2004I: Formatter started at:12:55:12 PM WIB Saturday, October 12, 2024
10/12/24 12:55:12.940  AMQUT0007I: The java.util.logging configuration is now set to /opt/mqm/amqp/config/amqptraceOff.properties.
10/12/24 12:55:13.169  AMQXR0005I: Running com.ibm.mq.MQXRService.RunMQXRService version p920-L200709.
AMQCO2005I: Formatter stopped at:12:55:13 PM WIB Saturday, October 12, 2024
AMQCO2004I: Formatter started at:12:55:13 PM WIB Saturday, October 12, 2024
10/12/24 12:55:13.175  AMQUT0007I: The java.util.logging configuration is now set to /MQHA/FNTBROKERQM/data/FNTBROKER!QM/./amqp/amqptraceOff.properties.
10/12/24 12:55:15.950  AMQXR0015I: AMQP Service started successfully (0 channels running, 0 channels stopped). PID(1457).
AMQCO2004I: Formatter started at:3:55:21 PM WIB Sunday, October 13, 2024
10/13/24 15:55:21.471  AMQUT0007I: The java.util.logging configuration is now set to /opt/mqm/amqp/config/amqptraceOff.properties.
10/13/24 15:55:21.776  AMQXR0005I: Running com.ibm.mq.MQXRService.RunMQXRService version p920-L200709.
AMQCO2005I: Formatter stopped at:3:55:21 PM WIB Sunday, October 13, 2024
AMQCO2004I: Formatter started at:3:55:21 PM WIB Sunday, October 13, 2024
10/13/24 15:55:21.793  AMQUT0007I: The java.util.logging configuration is now set to /MQHA/FNTBROKERQM/data/FNTBROKER!QM/./amqp/amqptraceOff.properties.
10/13/24 15:55:24.581  AMQXR0015I: AMQP Service started successfully (0 channels running, 0 channels stopped). PID(1471).
AMQCO2004I: Formatter started at:3:43:16 PM WIB Tuesday, October 15, 2024
10/15/24 15:43:16.538  AMQUT0007I: The java.util.logging configuration is now set to /opt/mqm/amqp/config/amqptraceOff.properties.
10/15/24 15:43:16.690  AMQXR0005I: Running com.ibm.mq.MQXRService.RunMQXRService version p920-L200709.
AMQCO2005I: Formatter stopped at:3:43:16 PM WIB Tuesday, October 15, 2024
AMQCO2004I: Formatter started at:3:43:16 PM WIB Tuesday, October 15, 2024
10/15/24 15:43:16.697  AMQUT0007I: The java.util.logging configuration is now set to /MQHA/FNTBROKERQM/data/FNTBROKER!QM/./amqp/amqptraceOff.properties.
10/15/24 15:43:18.706  AMQXR0015I: AMQP Service started successfully (0 channels running, 0 channels stopped). PID(1482).
AMQCO2004I: Formatter started at:4:57:48 PM WIB Saturday, October 19, 2024
10/19/24 16:57:48.400  AMQUT0007I: The java.util.logging configuration is now set to /opt/mqm/amqp/config/amqptraceOff.properties.
10/19/24 16:57:48.563  AMQXR0005I: Running com.ibm.mq.MQXRService.RunMQXRService version p920-L200709.
AMQCO2005I: Formatter stopped at:4:57:48 PM WIB Saturday, October 19, 2024
AMQCO2004I: Formatter started at:4:57:48 PM WIB Saturday, October 19, 2024
10/19/24 16:57:48.576  AMQUT0007I: The java.util.logging configuration is now set to /MQHA/FNTBROKERQM/data/FNTBROKER!QM/./amqp/amqptraceOff.properties.
10/19/24 16:57:50.654  AMQXR0015I: AMQP Service started successfully (0 channels running, 0 channels stopped). PID(1466).
AMQCO2004I: Formatter started at:2:36:22 AM WIB Monday, October 21, 2024
10/21/24 02:36:22.155  AMQUT0007I: The java.util.logging configuration is now set to /opt/mqm/amqp/config/amqptraceOff.properties.
10/21/24 02:36:22.586  AMQXR0005I: Running com.ibm.mq.MQXRService.RunMQXRService version p920-L200709.
AMQCO2005I: Formatter stopped at:2:36:22 AM WIB Monday, October 21, 2024
AMQCO2004I: Formatter started at:2:36:22 AM WIB Monday, October 21, 2024
10/21/24 02:36:22.610  AMQUT0007I: The java.util.logging configuration is now set to /MQHA/FNTBROKERQM/data/FNTBROKER!QM/./amqp/amqptraceOff.properties.
10/21/24 02:36:26.698  AMQXR0015I: AMQP Service started successfully (0 channels running, 0 channels stopped). PID(1420).
AMQCO2004I: Formatter started at:2:40:58 AM WIB Monday, October 21, 2024
10/21/24 02:40:58.778  AMQUT0007I: The java.util.logging configuration is now set to /opt/mqm/amqp/config/amqptraceOff.properties.
10/21/24 02:40:59.006  AMQXR0005I: Running com.ibm.mq.MQXRService.RunMQXRService version p920-L200709.
AMQCO2005I: Formatter stopped at:2:40:59 AM WIB Monday, October 21, 2024
AMQCO2004I: Formatter started at:2:40:59 AM WIB Monday, October 21, 2024
10/21/24 02:40:59.043  AMQUT0007I: The java.util.logging configuration is now set to /MQHA/FNTBROKERQM/data/FNTBROKER!QM/./amqp/amqptraceOff.properties.
10/21/24 02:41:02.286  AMQXR0015I: AMQP Service started successfully (0 channels running, 0 channels stopped). PID(1387).
AMQCO2004I: Formatter started at:2:47:53 AM WIB Monday, October 21, 2024
10/21/24 02:47:53.463  AMQUT0007I: The java.util.logging configuration is now set to /opt/mqm/amqp/config/amqptraceOff.properties.
10/21/24 02:47:53.749  AMQXR0005I: Running com.ibm.mq.MQXRService.RunMQXRService version p920-L200709.
AMQCO2005I: Formatter stopped at:2:47:53 AM WIB Monday, October 21, 2024
AMQCO2004I: Formatter started at:2:47:53 AM WIB Monday, October 21, 2024
10/21/24 02:47:53.757  AMQUT0007I: The java.util.logging configuration is now set to /MQHA/FNTBROKERQM/data/FNTBROKER!QM/./amqp/amqptraceOff.properties.
10/21/24 02:47:57.064  AMQXR0015I: AMQP Service started successfully (0 channels running, 0 channels stopped). PID(1385).
