
==============================================

!Mon Aug 19 15:10:35 ICT 2024

Successfully added file ACE_LIB\ACE_LIB\COMMON.esql to BAR file.

Successfully added file ACE_LIB\ACE_LIB\GENERATE_RESPONSE.esql to BAR file.

Successfully added file ACE_LIB\ACE_LIB\GENERATE_RESPONSE.esql to BAR file.

Successfully added file ACE_LIB\ACE_LIB\GENERATE_RESPONSE.esql to BAR file.

Successfully added file ACE_LIB\ACE_LIB\GEN_ERROR.esql to BAR file.

Successfully added file ACE_LIB\ACE_LIB\GEN_ERROR.esql to BAR file.

Successfully added file ACE_LIB\ACE_LIB\LOG.esql to BAR file.

Successfully added file ACE_LIB\ACE_LIB\SIGNATURE.esql to BAR file.

Successfully added file ACE_LIB\GATEWAY\HTTP_PROCESS.subflow to BAR file.

Successfully added file ACE_LIB\GATEWAY\HTTP_PROCESS_SET_RESPONSE.esql to BAR file.

Successfully added file ACE_LIB\GATEWAY\HTTP_PROCESS_SET_RESPONSE.esql to BAR file.

Successfully added file ACE_LIB\GATEWAY\HTTP_PROCESS_SET_RESPONSE.esql to BAR file.

Successfully added file ACE_LIB\GATEWAY\HTTP_PROCESS_SET_RESPONSE.esql to BAR file.

Successfully added file ACE_LIB\GATEWAY\HTTP_PROCESS_SET_RESPONSE.esql to BAR file.

Successfully added file ACE_LIB\GATEWAY\HTTP_PROCESS_SET_RESPONSE.esql to BAR file.

Successfully added file ACE_LIB\GATEWAY\REQ_TOKEN.subflow to BAR file.

Successfully added file ACE_LIB\GATEWAY\REQ_TOKEN_REQ_TOKEN_ERROR.esql to BAR file.

Successfully added file ACE_LIB\GATEWAY\REQ_TOKEN_REQ_TOKEN_FAIL.esql to BAR file.

Successfully added file ACE_LIB\GATEWAY\REQ_TOKEN_REQ_TOKEN_FAIL.esql to BAR file.

Successfully added file ACE_LIB\GATEWAY\REQ_TOKEN_REQ_TOKEN_FAIL.esql to BAR file.

Successfully added file ACE_LIB\GATEWAY\REQ_TOKEN_SET_REQUEST_AFTER_TOKEN.esql to BAR file.

Successfully added file ACE_LIB\GATEWAY\REQ_TOKEN_SET_REQUEST_AFTER_TOKEN.esql to BAR file.

Successfully added file ACE_LIB\GATEWAY\SET_REQ.subflow to BAR file.

Successfully added file ACE_LIB\GATEWAY\SET_REQ_SET_REQUEST.esql to BAR file.

Successfully added file ACE_LIB\GATEWAY\SET_REQ_SET_REQUEST.esql to BAR file.

Successfully added file ACE_LIB\GATEWAY\SET_REQ_SET_REQUEST.esql to BAR file.

Successfully added file ACE_LIB\library.descriptor to BAR file.

Successfully added file ACE_LIB\library.descriptor to BAR file.

Successfully added file ACE_LIB\library.descriptor to BAR file.

Successfully added file ACE_LIB\library.descriptor to BAR file.

Successfully added file java_btn_lib\.classpath to BAR file.
