
==============================================

!Mon Aug 19 15:10:35 ICT 2024

Processing file ACE_LIB\ACE_LIB\COMMON.esql.
Successfully added file ACE_LIB\ACE_LIB\COMMON.esql to BAR file.

==============================================

!Mon Aug 19 15:10:35 ICT 2024

Processing file ACE_LIB\ACE_LIB\GENERATE_RESPONSE.esql.
Dependent ESQL file ACE_LIB/COMMON.esql is added to the BAR file.

Dependent ESQL file ACE_LIB/GEN_ERROR.esql is added to the BAR file.

Successfully added file ACE_LIB\ACE_LIB\GENERATE_RESPONSE.esql to BAR file.

==============================================

!Mon Aug 19 15:10:35 ICT 2024

Processing file ACE_LIB\ACE_LIB\GEN_ERROR.esql.
Dependent ESQL file ACE_LIB/GENERATE_RESPONSE.esql is added to the BAR file.

Successfully added file ACE_LIB\ACE_LIB\GEN_ERROR.esql to BAR file.

==============================================

!Mon Aug 19 15:10:35 ICT 2024

Processing file ACE_LIB\ACE_LIB\LOG.esql.
Successfully added file ACE_LIB\ACE_LIB\LOG.esql to BAR file.

==============================================

!Mon Aug 19 15:10:35 ICT 2024

Processing file ACE_LIB\ACE_LIB\SIGNATURE.esql.
Successfully added file ACE_LIB\ACE_LIB\SIGNATURE.esql to BAR file.

==============================================

!Mon Aug 19 15:10:35 ICT 2024

Processing file ACE_LIB\GATEWAY\HTTP_PROCESS.subflow.
Successfully added file ACE_LIB\GATEWAY\HTTP_PROCESS.subflow to BAR file.

==============================================

!Mon Aug 19 15:10:35 ICT 2024

Processing file ACE_LIB\GATEWAY\HTTP_PROCESS_SET_RESPONSE.esql.
Dependent ESQL file ACE_LIB/LOG.esql is added to the BAR file.

Dependent ESQL file ACE_LIB/SIGNATURE.esql is added to the BAR file.

Dependent ESQL file ACE_LIB/GENERATE_RESPONSE.esql is added to the BAR file.

Dependent ESQL file ACE_LIB/GEN_ERROR.esql is added to the BAR file.

Dependent ESQL file ACE_LIB/COMMON.esql is added to the BAR file.

Successfully added file ACE_LIB\GATEWAY\HTTP_PROCESS_SET_RESPONSE.esql to BAR file.

==============================================

!Mon Aug 19 15:10:35 ICT 2024

Processing file ACE_LIB\GATEWAY\REQ_TOKEN.subflow.
Successfully added file ACE_LIB\GATEWAY\REQ_TOKEN.subflow to BAR file.

==============================================

!Mon Aug 19 15:10:35 ICT 2024

Processing file ACE_LIB\GATEWAY\REQ_TOKEN_REQ_TOKEN_ERROR.esql.
Successfully added file ACE_LIB\GATEWAY\REQ_TOKEN_REQ_TOKEN_ERROR.esql to BAR file.

==============================================

!Mon Aug 19 15:10:35 ICT 2024

Processing file ACE_LIB\GATEWAY\REQ_TOKEN_REQ_TOKEN_FAIL.esql.
Dependent ESQL file ACE_LIB/GEN_ERROR.esql is added to the BAR file.

Dependent ESQL file ACE_LIB/LOG.esql is added to the BAR file.

Successfully added file ACE_LIB\GATEWAY\REQ_TOKEN_REQ_TOKEN_FAIL.esql to BAR file.

==============================================

!Mon Aug 19 15:10:35 ICT 2024

Processing file ACE_LIB\GATEWAY\REQ_TOKEN_SET_REQUEST_AFTER_TOKEN.esql.
Dependent ESQL file GATEWAY/SET_REQ_SET_REQUEST.esql is added to the BAR file.

Successfully added file ACE_LIB\GATEWAY\REQ_TOKEN_SET_REQUEST_AFTER_TOKEN.esql to BAR file.

==============================================

!Mon Aug 19 15:10:35 ICT 2024

Processing file ACE_LIB\GATEWAY\SET_REQ.subflow.
Successfully added file ACE_LIB\GATEWAY\SET_REQ.subflow to BAR file.

==============================================

!Mon Aug 19 15:10:35 ICT 2024

Processing file ACE_LIB\GATEWAY\SET_REQ_SET_REQUEST.esql.
Dependent ESQL file ACE_LIB/LOG.esql is added to the BAR file.

Dependent ESQL file ACE_LIB/SIGNATURE.esql is added to the BAR file.

Successfully added file ACE_LIB\GATEWAY\SET_REQ_SET_REQUEST.esql to BAR file.

==============================================

!Mon Aug 19 15:10:35 ICT 2024

Processing file ACE_LIB\library.descriptor.
Successfully added file ACE_LIB\library.descriptor to BAR file.
Elapsed time: 0 second(s).

Successfully added file ACE_LIB\library.descriptor to BAR file.

==============================================

!Mon Aug 19 15:10:35 ICT 2024

Processing file ACE_LIB\library.descriptor.
Successfully added file ACE_LIB\library.descriptor to BAR file.
Elapsed time: 0 second(s).

Successfully added file ACE_LIB\library.descriptor to BAR file.

==============================================

!Mon Aug 19 15:10:35 ICT 2024

Processing file java_btn_lib\.classpath.
Successfully added file java_btn_lib\.classpath to BAR file.
Elapsed time: 0 second(s).
