
==============================================

!Sun Jan 16 15:14:16 ICT 2022

Processing file ROUTER_APP\ROUTER_FLOW.msgflow.
Successfully added file ROUTER_APP\ROUTER_FLOW.msgflow to BAR file.

==============================================

!Sun Jan 16 15:14:16 ICT 2022

Processing file ROUTER_APP\ROUTER_FLOW.esql.
Successfully added file ROUTER_APP\ROUTER_FLOW.esql to BAR file.

==============================================

!Sun Jan 16 15:14:16 ICT 2022

Processing file ROUTER_APP\application.descriptor.
Successfully added file ROUTER_APP\application.descriptor to BAR file.
Elapsed time: 0 second(s).

Successfully added file ROUTER_APP\application.descriptor to BAR file.

==============================================

!Sun Jan 16 15:14:16 ICT 2022

Processing file ROUTER_APP\application.descriptor.
Successfully added file ROUTER_APP\application.descriptor to BAR file.
Elapsed time: 0 second(s).

Successfully added file ROUTER_APP\application.descriptor to BAR file.

==============================================

!Sun Jan 16 15:14:16 ICT 2022

Processing file SUBFLOW_LOGDB_PROJECT.
Library file SUBFLOW_LOGDB_PROJECT.libzip successfully added to the BAR.
Library compiled contents:
    
    Processing file SUBFLOW_LOGDB_PROJECT\library.descriptor.
    Successfully added file SUBFLOW_LOGDB_PROJECT\library.descriptor to BAR file.
    Elapsed time: 0.001 second(s).
    
    Successfully added file SUBFLOW_LOGDB_PROJECT\library.descriptor to BAR file.
    
    
    Processing file SUBFLOW_LOGDB_PROJECT\LOG_DB_SUBFLOW.subflow.
    Successfully added file SUBFLOW_LOGDB_PROJECT\LOG_DB_SUBFLOW.subflow to BAR file.
    
    
    Processing file SUBFLOW_LOGDB_PROJECT\LOG_DB_ERROR_SUBFLOW.subflow.
    Successfully added file SUBFLOW_LOGDB_PROJECT\LOG_DB_ERROR_SUBFLOW.subflow to BAR file.
    

Elapsed time: 0.077 second(s).

