
==============================================

!Sun Jan 16 22:38:38 ICT 2022

Processing file ISO_CLIENT_ADAPTER_APP\ISO_CLIENT_ADAPTER_FLOW.msgflow.
Successfully added file ISO_CLIENT_ADAPTER_APP\ISO_CLIENT_ADAPTER_FLOW.msgflow to BAR file.

==============================================

!Sun Jan 16 22:38:38 ICT 2022

Processing file ISO_CLIENT_ADAPTER_APP\ISO_CLIENT_ADAPTER_FLOW.esql.
Successfully added file ISO_CLIENT_ADAPTER_APP\ISO_CLIENT_ADAPTER_FLOW.esql to BAR file.

==============================================

!Sun Jan 16 22:38:38 ICT 2022

Processing file ISO_CLIENT_ADAPTER_APP\NETMAN_SUBFLOW.esql.
Successfully added file ISO_CLIENT_ADAPTER_APP\NETMAN_SUBFLOW.esql to BAR file.

==============================================

!Sun Jan 16 22:38:38 ICT 2022

Processing file ISO_CLIENT_ADAPTER_APP\NETMAN_SUBFLOW.subflow.
Successfully added file ISO_CLIENT_ADAPTER_APP\NETMAN_SUBFLOW.subflow to BAR file.

==============================================

!Sun Jan 16 22:38:38 ICT 2022

Processing file ISO_CLIENT_ADAPTER_APP\SAF_PROCESS.subflow.
Successfully added file ISO_CLIENT_ADAPTER_APP\SAF_PROCESS.subflow to BAR file.

==============================================

!Sun Jan 16 22:38:38 ICT 2022

Processing file ISO_CLIENT_ADAPTER_APP\STORE_PAY_BILLER_REQ.subflow.
Successfully added file ISO_CLIENT_ADAPTER_APP\STORE_PAY_BILLER_REQ.subflow to BAR file.

==============================================

!Sun Jan 16 22:38:38 ICT 2022

Processing file ISO_CLIENT_ADAPTER_APP\TCPIP_ADAPTER.esql.
Dependent ESQL file ISO_CLIENT_ADAPTER_FLOW.esql is added to the BAR file.

Successfully added file ISO_CLIENT_ADAPTER_APP\TCPIP_ADAPTER.esql to BAR file.

==============================================

!Sun Jan 16 22:38:38 ICT 2022

Processing file ISO_CLIENT_ADAPTER_APP\TCPIP_ADAPTER.subflow.
Successfully added file ISO_CLIENT_ADAPTER_APP\TCPIP_ADAPTER.subflow to BAR file.

==============================================

!Sun Jan 16 22:38:38 ICT 2022

Processing file ISO_CLIENT_ADAPTER_APP\VARIABLE_LIB.esql.
Successfully added file ISO_CLIENT_ADAPTER_APP\VARIABLE_LIB.esql to BAR file.

==============================================

!Sun Jan 16 22:38:38 ICT 2022

Processing file ISO_CLIENT_ADAPTER_APP\application.descriptor.
Successfully added file ISO_CLIENT_ADAPTER_APP\application.descriptor to BAR file.
Elapsed time: 0 second(s).

Successfully added file ISO_CLIENT_ADAPTER_APP\application.descriptor to BAR file.

==============================================

!Sun Jan 16 22:38:38 ICT 2022

Processing file ISO_CLIENT_ADAPTER_APP\application.descriptor.
Successfully added file ISO_CLIENT_ADAPTER_APP\application.descriptor to BAR file.
Elapsed time: 0 second(s).

Successfully added file ISO_CLIENT_ADAPTER_APP\application.descriptor to BAR file.

==============================================

!Sun Jan 16 22:38:38 ICT 2022

Processing file SUBFLOW_LOGDB_LIB.
Library file SUBFLOW_LOGDB_LIB.libzip successfully added to the BAR.
Library compiled contents:
    
    Processing file SUBFLOW_LOGDB_LIB\LOG_DB_SOAP_SUBFLOW.esql.
    Successfully added file SUBFLOW_LOGDB_LIB\LOG_DB_SOAP_SUBFLOW.esql to BAR file.
    
    
    Processing file SUBFLOW_LOGDB_LIB\LOG_DB_SOAP.subflow.
    Successfully added file SUBFLOW_LOGDB_LIB\LOG_DB_SOAP.subflow to BAR file.
    
    
    Processing file SUBFLOW_LOGDB_LIB\LOG_DB_REST_CLIENT_SUBFLOW.esql.
    Successfully added file SUBFLOW_LOGDB_LIB\LOG_DB_REST_CLIENT_SUBFLOW.esql to BAR file.
    
    
    Processing file SUBFLOW_LOGDB_LIB\LOG_DB_SOAP_CLIENT.subflow.
    Successfully added file SUBFLOW_LOGDB_LIB\LOG_DB_SOAP_CLIENT.subflow to BAR file.
    
    
    Processing file SUBFLOW_LOGDB_LIB\library.descriptor.
    Successfully added file SUBFLOW_LOGDB_LIB\library.descriptor to BAR file.
    Elapsed time: 0 second(s).
    
    Successfully added file SUBFLOW_LOGDB_LIB\library.descriptor to BAR file.
    
    
    Processing file SUBFLOW_LOGDB_LIB\LOG_DB_REST_CLIENT.subflow.
    Successfully added file SUBFLOW_LOGDB_LIB\LOG_DB_REST_CLIENT.subflow to BAR file.
    
    
    Processing file SUBFLOW_LOGDB_LIB\LOG_DB_SUBFLOW.subflow.
    Successfully added file SUBFLOW_LOGDB_LIB\LOG_DB_SUBFLOW.subflow to BAR file.
    
    
    Processing file SUBFLOW_LOGDB_LIB\LOG_DB_ERROR_SUBFLOW.subflow.
    Successfully added file SUBFLOW_LOGDB_LIB\LOG_DB_ERROR_SUBFLOW.subflow to BAR file.
    
    
    Processing file SUBFLOW_LOGDB_LIB\LOG_DB_SOAP_CLIENT_SUBFLOW.esql.
    Successfully added file SUBFLOW_LOGDB_LIB\LOG_DB_SOAP_CLIENT_SUBFLOW.esql to BAR file.
    

Elapsed time: 0.221 second(s).

