
==============================================

!Fri Jan 14 18:45:44 ICT 2022

Processing file UB_APP\UB_CLIENT_FLOW.msgflow.
Successfully added file UB_APP\UB_CLIENT_FLOW.msgflow to BAR file.

==============================================

!Fri Jan 14 18:45:44 ICT 2022

Processing file UB_APP\PARSER_DB_ABCS_REQ_FLOW.esql.
Successfully added file UB_APP\PARSER_DB_ABCS_REQ_FLOW.esql to BAR file.

==============================================

!Fri Jan 14 18:45:44 ICT 2022

Processing file UB_APP\PARSER_DB_ABCS_REQ_FLOW.subflow.
Successfully added file UB_APP\PARSER_DB_ABCS_REQ_FLOW.subflow to BAR file.

==============================================

!Fri Jan 14 18:45:44 ICT 2022

Processing file UB_APP\UB_CLIENT.esql.
Successfully added file UB_APP\UB_CLIENT.esql to BAR file.

==============================================

!Fri Jan 14 18:45:44 ICT 2022

Processing file UB_APP\UB_CLIENT_FLOW.esql.
Successfully added file UB_APP\UB_CLIENT_FLOW.esql to BAR file.

==============================================

!Fri Jan 14 18:45:44 ICT 2022

Processing file UB_APP\application.descriptor.
Successfully added file UB_APP\application.descriptor to BAR file.
Elapsed time: 0 second(s).

Successfully added file UB_APP\application.descriptor to BAR file.

==============================================

!Fri Jan 14 18:45:44 ICT 2022

Processing file UB_APP\application.descriptor.
Successfully added file UB_APP\application.descriptor to BAR file.
Elapsed time: 0 second(s).

Successfully added file UB_APP\application.descriptor to BAR file.

==============================================

!Fri Jan 14 18:45:44 ICT 2022

Processing file UB_APP\gen\subflow\ECHOTEST.subflow.
Successfully added file UB_APP\gen\subflow\ECHOTEST.subflow to BAR file.

==============================================

!Fri Jan 14 18:45:44 ICT 2022

Processing file UB_APP\gen\subflow\INQUIRY.esql.
Dependent ESQL file gen/subflow/REVERSAL.esql is added to the BAR file.

Successfully added file UB_APP\gen\subflow\INQUIRY.esql to BAR file.

==============================================

!Fri Jan 14 18:45:44 ICT 2022

Processing file UB_APP\gen\subflow\INQUIRY.subflow.
Successfully added file UB_APP\gen\subflow\INQUIRY.subflow to BAR file.

==============================================

!Fri Jan 14 18:45:44 ICT 2022

Processing file UB_APP\gen\subflow\PAYMENT.esql.
Dependent ESQL file gen/subflow/INQUIRY.esql is added to the BAR file.

Dependent ESQL file gen/subflow/REVERSAL.esql is added to the BAR file.

Successfully added file UB_APP\gen\subflow\PAYMENT.esql to BAR file.

==============================================

!Fri Jan 14 18:45:44 ICT 2022

Processing file UB_APP\gen\subflow\PAYMENT.subflow.
Successfully added file UB_APP\gen\subflow\PAYMENT.subflow to BAR file.

==============================================

!Fri Jan 14 18:45:44 ICT 2022

Processing file UB_APP\gen\subflow\REVERSAL.esql.
Dependent ESQL file gen/subflow/INQUIRY.esql is added to the BAR file.

Successfully added file UB_APP\gen\subflow\REVERSAL.esql to BAR file.

==============================================

!Fri Jan 14 18:45:45 ICT 2022

Processing file UB_APP\gen\subflow\REVERSAL.subflow.
Successfully added file UB_APP\gen\subflow\REVERSAL.subflow to BAR file.

==============================================

!Fri Jan 14 18:45:45 ICT 2022

Processing file UB_APP\subflow\SOAP_PROCESS_SUBFLOW.esql.
Successfully added file UB_APP\subflow\SOAP_PROCESS_SUBFLOW.esql to BAR file.

==============================================

!Fri Jan 14 18:45:45 ICT 2022

Processing file UB_APP\subflow\SOAP_PROCESS_SUBFLOW.subflow.
Successfully added file UB_APP\subflow\SOAP_PROCESS_SUBFLOW.subflow to BAR file.

==============================================

!Fri Jan 14 18:45:45 ICT 2022
Generating .xsdzip file for message set "UB_SET" 

Generating schema for no XML Wire format
Generating schema using the lax option


Processing File : "/UB_SET_PROJECT/UB_SET/org/xmlsoap/schemas/soap/envelope/soapenv11.mxsd"



Processing File : "/UB_SET_PROJECT/UB_SET/soap.mxsd"



Processing File : "/UB_SET_PROJECT/UB_SET/ws/billpayment/h2h/univbrawijaya/develunbra_.mxsd"



Processing File : "/UB_SET_PROJECT/UB_SET/ws/billpayment/h2h/univbrawijaya/develunbra__InlineSchema1.mxsd"

Saving File : "/UB_SET_PROJECT/.GeneratedSchemas/org/xmlsoap/schemas/soap/envelope/soapenv11.xsd" 

Saving File : "/UB_SET_PROJECT/.GeneratedSchemas/soap.xsd" 

Saving File : "/UB_SET_PROJECT/.GeneratedSchemas/ws/billpayment/h2h/univbrawijaya/develunbra_.xsd" 

Saving File : "/UB_SET_PROJECT/.GeneratedSchemas/ws/billpayment/h2h/univbrawijaya/develunbra__InlineSchema1.xsd" 

Processing file "/UB_SET_PROJECT/UB_SET/ws/billpayment/h2h/univbrawijaya/develunbra_.wsdl" 

Saving file "/UB_SET_PROJECT/.ModifiedWSDLs/ws/billpayment/h2h/univbrawijaya/develunbra_.wsdl" 

Saving file "/UB_SET_PROJECT/.KeywordsFile/meta-inf/keywords.txt" 

Saving file "/UB_SET_PROJECT/UB_SET/messageSet.mset" 


Elapsed time: 0.127 seconds
Warnings: 0


Operation complete



