AMQCO2004I: Formatter started at:2:42:53 PM WIB Tuesday, August 6, 2024
8/6/24 14:42:53.787  AMQUT0007I: The java.util.logging configuration is now set to /opt/mqm/amqp/config/amqptraceOff.properties.
8/6/24 14:42:53.885  AMQXR0005I: Running com.ibm.mq.MQXRService.RunMQXRService version p920-L200709.
AMQCO2005I: Formatter stopped at:2:42:53 PM WIB Tuesday, August 6, 2024
AMQCO2004I: Formatter started at:2:42:53 PM WIB Tuesday, August 6, 2024
8/6/24 14:42:53.933  AMQUT0007I: The java.util.logging configuration is now set to /MQHA/ISOBROKERQM/data/ISOBROKER!QM/./amqp/amqptraceOff.properties.
8/6/24 14:42:55.811  AMQXR0015I: AMQP Service started successfully (0 channels running, 0 channels stopped). PID(940).
AMQCO2004I: Formatter started at:12:17:58 PM WIB Saturday, August 10, 2024
8/10/24 12:17:58.089  AMQUT0007I: The java.util.logging configuration is now set to /opt/mqm/amqp/config/amqptraceOff.properties.
8/10/24 12:17:58.247  AMQXR0005I: Running com.ibm.mq.MQXRService.RunMQXRService version p920-L200709.
AMQCO2005I: Formatter stopped at:12:17:58 PM WIB Saturday, August 10, 2024
AMQCO2004I: Formatter started at:12:17:58 PM WIB Saturday, August 10, 2024
8/10/24 12:17:58.252  AMQUT0007I: The java.util.logging configuration is now set to /MQHA/ISOBROKERQM/data/ISOBROKER!QM/./amqp/amqptraceOff.properties.
8/10/24 12:18:00.758  AMQXR0015I: AMQP Service started successfully (0 channels running, 0 channels stopped). PID(492).
AMQCO2004I: Formatter started at:12:18:05 PM WIB Saturday, August 10, 2024
8/10/24 12:18:05.957  AMQUT0007I: The java.util.logging configuration is now set to /opt/mqm/amqp/config/amqptraceOff.properties.
8/10/24 12:18:06.075  AMQXR0005I: Running com.ibm.mq.MQXRService.RunMQXRService version p920-L200709.
AMQCO2005I: Formatter stopped at:12:18:06 PM WIB Saturday, August 10, 2024
AMQCO2004I: Formatter started at:12:18:06 PM WIB Saturday, August 10, 2024
8/10/24 12:18:06.081  AMQUT0007I: The java.util.logging configuration is now set to /MQHA/ISOBROKERQM/data/ISOBROKER!QM/./amqp/amqptraceOff.properties.
8/10/24 12:18:08.219  AMQXR0015I: AMQP Service started successfully (0 channels running, 0 channels stopped). PID(460).
AMQCO2004I: Formatter started at:12:18:11 PM WIB Saturday, August 10, 2024
8/10/24 12:18:11.365  AMQUT0007I: The java.util.logging configuration is now set to /opt/mqm/amqp/config/amqptraceOff.properties.
8/10/24 12:18:11.572  AMQXR0005I: Running com.ibm.mq.MQXRService.RunMQXRService version p920-L200709.
AMQCO2005I: Formatter stopped at:12:18:11 PM WIB Saturday, August 10, 2024
AMQCO2004I: Formatter started at:12:18:11 PM WIB Saturday, August 10, 2024
8/10/24 12:18:11.580  AMQUT0007I: The java.util.logging configuration is now set to /MQHA/ISOBROKERQM/data/ISOBROKER!QM/./amqp/amqptraceOff.properties.
8/10/24 12:18:13.691  AMQXR0015I: AMQP Service started successfully (0 channels running, 0 channels stopped). PID(440).
AMQCO2004I: Formatter started at:12:18:17 PM WIB Saturday, August 10, 2024
8/10/24 12:18:17.284  AMQUT0007I: The java.util.logging configuration is now set to /opt/mqm/amqp/config/amqptraceOff.properties.
8/10/24 12:18:17.451  AMQXR0005I: Running com.ibm.mq.MQXRService.RunMQXRService version p920-L200709.
AMQCO2005I: Formatter stopped at:12:18:17 PM WIB Saturday, August 10, 2024
AMQCO2004I: Formatter started at:12:18:17 PM WIB Saturday, August 10, 2024
8/10/24 12:18:17.458  AMQUT0007I: The java.util.logging configuration is now set to /MQHA/ISOBROKERQM/data/ISOBROKER!QM/./amqp/amqptraceOff.properties.
8/10/24 12:18:19.579  AMQXR0015I: AMQP Service started successfully (0 channels running, 0 channels stopped). PID(458).
AMQCO2004I: Formatter started at:12:18:23 PM WIB Saturday, August 10, 2024
8/10/24 12:18:23.956  AMQUT0007I: The java.util.logging configuration is now set to /opt/mqm/amqp/config/amqptraceOff.properties.
8/10/24 12:18:24.102  AMQXR0005I: Running com.ibm.mq.MQXRService.RunMQXRService version p920-L200709.
AMQCO2005I: Formatter stopped at:12:18:24 PM WIB Saturday, August 10, 2024
AMQCO2004I: Formatter started at:12:18:24 PM WIB Saturday, August 10, 2024
8/10/24 12:18:24.109  AMQUT0007I: The java.util.logging configuration is now set to /MQHA/ISOBROKERQM/data/ISOBROKER!QM/./amqp/amqptraceOff.properties.
8/10/24 12:18:26.470  AMQXR0015I: AMQP Service started successfully (0 channels running, 0 channels stopped). PID(439).
AMQCO2004I: Formatter started at:12:18:32 PM WIB Saturday, August 10, 2024
8/10/24 12:18:32.167  AMQUT0007I: The java.util.logging configuration is now set to /opt/mqm/amqp/config/amqptraceOff.properties.
8/10/24 12:18:32.352  AMQXR0005I: Running com.ibm.mq.MQXRService.RunMQXRService version p920-L200709.
AMQCO2005I: Formatter stopped at:12:18:32 PM WIB Saturday, August 10, 2024
AMQCO2004I: Formatter started at:12:18:32 PM WIB Saturday, August 10, 2024
8/10/24 12:18:32.360  AMQUT0007I: The java.util.logging configuration is now set to /MQHA/ISOBROKERQM/data/ISOBROKER!QM/./amqp/amqptraceOff.properties.
8/10/24 12:18:34.992  AMQXR0015I: AMQP Service started successfully (0 channels running, 0 channels stopped). PID(460).
AMQCO2004I: Formatter started at:12:18:42 PM WIB Saturday, August 10, 2024
8/10/24 12:18:42.063  AMQUT0007I: The java.util.logging configuration is now set to /opt/mqm/amqp/config/amqptraceOff.properties.
8/10/24 12:18:42.235  AMQXR0005I: Running com.ibm.mq.MQXRService.RunMQXRService version p920-L200709.
AMQCO2005I: Formatter stopped at:12:18:42 PM WIB Saturday, August 10, 2024
AMQCO2004I: Formatter started at:12:18:42 PM WIB Saturday, August 10, 2024
8/10/24 12:18:42.241  AMQUT0007I: The java.util.logging configuration is now set to /MQHA/ISOBROKERQM/data/ISOBROKER!QM/./amqp/amqptraceOff.properties.
8/10/24 12:18:45.070  AMQXR0015I: AMQP Service started successfully (0 channels running, 0 channels stopped). PID(440).
AMQCO2004I: Formatter started at:12:18:56 PM WIB Saturday, August 10, 2024
8/10/24 12:18:56.819  AMQUT0007I: The java.util.logging configuration is now set to /opt/mqm/amqp/config/amqptraceOff.properties.
8/10/24 12:18:56.972  AMQXR0005I: Running com.ibm.mq.MQXRService.RunMQXRService version p920-L200709.
AMQCO2005I: Formatter stopped at:12:18:56 PM WIB Saturday, August 10, 2024
AMQCO2004I: Formatter started at:12:18:56 PM WIB Saturday, August 10, 2024
8/10/24 12:18:56.978  AMQUT0007I: The java.util.logging configuration is now set to /MQHA/ISOBROKERQM/data/ISOBROKER!QM/./amqp/amqptraceOff.properties.
8/10/24 12:19:00.081  AMQXR0015I: AMQP Service started successfully (0 channels running, 0 channels stopped). PID(460).
AMQCO2004I: Formatter started at:12:19:17 PM WIB Saturday, August 10, 2024
8/10/24 12:19:17.363  AMQUT0007I: The java.util.logging configuration is now set to /opt/mqm/amqp/config/amqptraceOff.properties.
8/10/24 12:19:17.525  AMQXR0005I: Running com.ibm.mq.MQXRService.RunMQXRService version p920-L200709.
AMQCO2005I: Formatter stopped at:12:19:17 PM WIB Saturday, August 10, 2024
AMQCO2004I: Formatter started at:12:19:17 PM WIB Saturday, August 10, 2024
8/10/24 12:19:17.532  AMQUT0007I: The java.util.logging configuration is now set to /MQHA/ISOBROKERQM/data/ISOBROKER!QM/./amqp/amqptraceOff.properties.
8/10/24 12:19:20.696  AMQXR0015I: AMQP Service started successfully (0 channels running, 0 channels stopped). PID(468).
AMQCO2004I: Formatter started at:12:19:50 PM WIB Saturday, August 10, 2024
8/10/24 12:19:50.976  AMQUT0007I: The java.util.logging configuration is now set to /opt/mqm/amqp/config/amqptraceOff.properties.
8/10/24 12:19:51.160  AMQXR0005I: Running com.ibm.mq.MQXRService.RunMQXRService version p920-L200709.
AMQCO2005I: Formatter stopped at:12:19:51 PM WIB Saturday, August 10, 2024
AMQCO2004I: Formatter started at:12:19:51 PM WIB Saturday, August 10, 2024
8/10/24 12:19:51.167  AMQUT0007I: The java.util.logging configuration is now set to /MQHA/ISOBROKERQM/data/ISOBROKER!QM/./amqp/amqptraceOff.properties.
8/10/24 12:19:53.980  AMQXR0015I: AMQP Service started successfully (0 channels running, 0 channels stopped). PID(440).
AMQCO2004I: Formatter started at:12:20:23 PM WIB Saturday, August 10, 2024
8/10/24 12:20:23.252  AMQUT0007I: The java.util.logging configuration is now set to /opt/mqm/amqp/config/amqptraceOff.properties.
8/10/24 12:20:23.415  AMQXR0005I: Running com.ibm.mq.MQXRService.RunMQXRService version p920-L200709.
AMQCO2005I: Formatter stopped at:12:20:23 PM WIB Saturday, August 10, 2024
AMQCO2004I: Formatter started at:12:20:23 PM WIB Saturday, August 10, 2024
8/10/24 12:20:23.421  AMQUT0007I: The java.util.logging configuration is now set to /MQHA/ISOBROKERQM/data/ISOBROKER!QM/./amqp/amqptraceOff.properties.
8/10/24 12:20:26.189  AMQXR0015I: AMQP Service started successfully (0 channels running, 0 channels stopped). PID(429).
AMQCO2004I: Formatter started at:12:37:55 PM WIB Saturday, August 10, 2024
8/10/24 12:37:55.826  AMQUT0007I: The java.util.logging configuration is now set to /opt/mqm/amqp/config/amqptraceOff.properties.
8/10/24 12:37:55.976  AMQXR0005I: Running com.ibm.mq.MQXRService.RunMQXRService version p920-L200709.
AMQCO2005I: Formatter stopped at:12:37:55 PM WIB Saturday, August 10, 2024
AMQCO2004I: Formatter started at:12:37:55 PM WIB Saturday, August 10, 2024
8/10/24 12:37:55.984  AMQUT0007I: The java.util.logging configuration is now set to /MQHA/ISOBROKERQM/data/ISOBROKER!QM/./amqp/amqptraceOff.properties.
8/10/24 12:37:58.730  AMQXR0015I: AMQP Service started successfully (0 channels running, 0 channels stopped). PID(409).
AMQCO2004I: Formatter started at:1:33:05 PM WIB Saturday, August 10, 2024
8/10/24 13:33:05.898  AMQUT0007I: The java.util.logging configuration is now set to /opt/mqm/amqp/config/amqptraceOff.properties.
8/10/24 13:33:06.569  AMQXR0005I: Running com.ibm.mq.MQXRService.RunMQXRService version p920-L200709.
AMQCO2005I: Formatter stopped at:1:33:06 PM WIB Saturday, August 10, 2024
AMQCO2004I: Formatter started at:1:33:06 PM WIB Saturday, August 10, 2024
8/10/24 13:33:06.590  AMQUT0007I: The java.util.logging configuration is now set to /MQHA/ISOBROKERQM/data/ISOBROKER!QM/./amqp/amqptraceOff.properties.
8/10/24 13:33:37.914  AMQXR0015I: AMQP Service started successfully (0 channels running, 0 channels stopped). PID(409).
AMQCO2004I: Formatter started at:1:42:42 PM WIB Saturday, August 10, 2024
8/10/24 13:42:42.183  AMQUT0007I: The java.util.logging configuration is now set to /opt/mqm/amqp/config/amqptraceOff.properties.
8/10/24 13:42:42.390  AMQXR0005I: Running com.ibm.mq.MQXRService.RunMQXRService version p920-L200709.
AMQCO2005I: Formatter stopped at:1:42:42 PM WIB Saturday, August 10, 2024
AMQCO2004I: Formatter started at:1:42:42 PM WIB Saturday, August 10, 2024
8/10/24 13:42:42.397  AMQUT0007I: The java.util.logging configuration is now set to /MQHA/ISOBROKERQM/data/ISOBROKER!QM/./amqp/amqptraceOff.properties.
8/10/24 13:42:45.521  AMQXR0015I: AMQP Service started successfully (0 channels running, 0 channels stopped). PID(433).
AMQCO2004I: Formatter started at:12:54:10 AM WIB Sunday, August 11, 2024
8/11/24 00:54:10.495  AMQUT0007I: The java.util.logging configuration is now set to /opt/mqm/amqp/config/amqptraceOff.properties.
8/11/24 00:54:10.612  AMQXR0005I: Running com.ibm.mq.MQXRService.RunMQXRService version p920-L200709.
AMQCO2005I: Formatter stopped at:12:54:10 AM WIB Sunday, August 11, 2024
AMQCO2004I: Formatter started at:12:54:10 AM WIB Sunday, August 11, 2024
8/11/24 00:54:10.618  AMQUT0007I: The java.util.logging configuration is now set to /MQHA/ISOBROKERQM/data/ISOBROKER!QM/./amqp/amqptraceOff.properties.
8/11/24 00:54:12.501  AMQXR0015I: AMQP Service started successfully (0 channels running, 0 channels stopped). PID(451).
AMQCO2004I: Formatter started at:2:41:56 AM WIB Sunday, August 11, 2024
8/11/24 02:41:56.401  AMQUT0007I: The java.util.logging configuration is now set to /opt/mqm/amqp/config/amqptraceOff.properties.
8/11/24 02:41:56.586  AMQXR0005I: Running com.ibm.mq.MQXRService.RunMQXRService version p920-L200709.
AMQCO2005I: Formatter stopped at:2:41:56 AM WIB Sunday, August 11, 2024
AMQCO2004I: Formatter started at:2:41:56 AM WIB Sunday, August 11, 2024
8/11/24 02:41:56.592  AMQUT0007I: The java.util.logging configuration is now set to /MQHA/ISOBROKERQM/data/ISOBROKER!QM/./amqp/amqptraceOff.properties.
8/11/24 02:41:59.725  AMQXR0015I: AMQP Service started successfully (0 channels running, 0 channels stopped). PID(409).
AMQCO2004I: Formatter started at:12:28:15 PM WIB Sunday, August 11, 2024
8/11/24 12:28:15.972  AMQUT0007I: The java.util.logging configuration is now set to /opt/mqm/amqp/config/amqptraceOff.properties.
8/11/24 12:28:16.115  AMQXR0005I: Running com.ibm.mq.MQXRService.RunMQXRService version p920-L200709.
AMQCO2005I: Formatter stopped at:12:28:16 PM WIB Sunday, August 11, 2024
AMQCO2004I: Formatter started at:12:28:16 PM WIB Sunday, August 11, 2024
8/11/24 12:28:16.121  AMQUT0007I: The java.util.logging configuration is now set to /MQHA/ISOBROKERQM/data/ISOBROKER!QM/./amqp/amqptraceOff.properties.
8/11/24 12:28:18.585  AMQXR0015I: AMQP Service started successfully (0 channels running, 0 channels stopped). PID(407).
AMQCO2004I: Formatter started at:3:51:12 PM WIB Sunday, August 11, 2024
8/11/24 15:51:12.779  AMQUT0007I: The java.util.logging configuration is now set to /opt/mqm/amqp/config/amqptraceOff.properties.
8/11/24 15:51:13.708  AMQXR0005I: Running com.ibm.mq.MQXRService.RunMQXRService version p920-L200709.
AMQCO2005I: Formatter stopped at:3:51:13 PM WIB Sunday, August 11, 2024
AMQCO2004I: Formatter started at:3:51:13 PM WIB Sunday, August 11, 2024
8/11/24 15:51:13.738  AMQUT0007I: The java.util.logging configuration is now set to /MQHA/ISOBROKERQM/data/ISOBROKER!QM/./amqp/amqptraceOff.properties.
8/11/24 15:51:58.526  AMQXR0015I: AMQP Service started successfully (0 channels running, 0 channels stopped). PID(429).
AMQCO2004I: Formatter started at:10:27:04 PM WIB Monday, August 12, 2024
8/12/24 22:27:04.360  AMQUT0007I: The java.util.logging configuration is now set to /opt/mqm/amqp/config/amqptraceOff.properties.
8/12/24 22:27:04.458  AMQXR0005I: Running com.ibm.mq.MQXRService.RunMQXRService version p920-L200709.
AMQCO2005I: Formatter stopped at:10:27:04 PM WIB Monday, August 12, 2024
AMQCO2004I: Formatter started at:10:27:04 PM WIB Monday, August 12, 2024
8/12/24 22:27:04.464  AMQUT0007I: The java.util.logging configuration is now set to /MQHA/ISOBROKERQM/data/ISOBROKER!QM/./amqp/amqptraceOff.properties.
8/12/24 22:27:06.426  AMQXR0015I: AMQP Service started successfully (0 channels running, 0 channels stopped). PID(428).
AMQCO2004I: Formatter started at:11:48:19 PM WIB Saturday, August 17, 2024
8/17/24 23:48:19.663  AMQUT0007I: The java.util.logging configuration is now set to /opt/mqm/amqp/config/amqptraceOff.properties.
8/17/24 23:48:19.785  AMQXR0005I: Running com.ibm.mq.MQXRService.RunMQXRService version p920-L200709.
AMQCO2005I: Formatter stopped at:11:48:19 PM WIB Saturday, August 17, 2024
AMQCO2004I: Formatter started at:11:48:19 PM WIB Saturday, August 17, 2024
8/17/24 23:48:19.791  AMQUT0007I: The java.util.logging configuration is now set to /MQHA/ISOBROKERQM/data/ISOBROKER!QM/./amqp/amqptraceOff.properties.
8/17/24 23:48:22.098  AMQXR0015I: AMQP Service started successfully (0 channels running, 0 channels stopped). PID(452).
AMQCO2004I: Formatter started at:11:51:09 PM WIB Saturday, August 17, 2024
8/17/24 23:51:09.336  AMQUT0007I: The java.util.logging configuration is now set to /opt/mqm/amqp/config/amqptraceOff.properties.
8/17/24 23:51:09.480  AMQXR0005I: Running com.ibm.mq.MQXRService.RunMQXRService version p920-L200709.
AMQCO2005I: Formatter stopped at:11:51:09 PM WIB Saturday, August 17, 2024
AMQCO2004I: Formatter started at:11:51:09 PM WIB Saturday, August 17, 2024
8/17/24 23:51:09.487  AMQUT0007I: The java.util.logging configuration is now set to /MQHA/ISOBROKERQM/data/ISOBROKER!QM/./amqp/amqptraceOff.properties.
8/17/24 23:51:12.575  AMQXR0015I: AMQP Service started successfully (0 channels running, 0 channels stopped). PID(419).
AMQCO2004I: Formatter started at:12:08:54 AM WIB Sunday, August 18, 2024
8/18/24 00:08:54.747  AMQUT0007I: The java.util.logging configuration is now set to /opt/mqm/amqp/config/amqptraceOff.properties.
8/18/24 00:08:54.939  AMQXR0005I: Running com.ibm.mq.MQXRService.RunMQXRService version p920-L200709.
AMQCO2005I: Formatter stopped at:12:08:54 AM WIB Sunday, August 18, 2024
AMQCO2004I: Formatter started at:12:08:54 AM WIB Sunday, August 18, 2024
8/18/24 00:08:54.946  AMQUT0007I: The java.util.logging configuration is now set to /MQHA/ISOBROKERQM/data/ISOBROKER!QM/./amqp/amqptraceOff.properties.
8/18/24 00:08:59.093  AMQXR0015I: AMQP Service started successfully (0 channels running, 0 channels stopped). PID(408).
AMQCO2004I: Formatter started at:11:22:22 AM WIB Tuesday, August 20, 2024
8/20/24 11:22:22.367  AMQUT0007I: The java.util.logging configuration is now set to /opt/mqm/amqp/config/amqptraceOff.properties.
8/20/24 11:22:22.470  AMQXR0005I: Running com.ibm.mq.MQXRService.RunMQXRService version p920-L200709.
AMQCO2005I: Formatter stopped at:11:22:22 AM WIB Tuesday, August 20, 2024
AMQCO2004I: Formatter started at:11:22:22 AM WIB Tuesday, August 20, 2024
8/20/24 11:22:22.473  AMQUT0007I: The java.util.logging configuration is now set to /MQHA/ISOBROKERQM/data/ISOBROKER!QM/./amqp/amqptraceOff.properties.
8/20/24 11:22:24.853  AMQXR0015I: AMQP Service started successfully (0 channels running, 0 channels stopped). PID(428).
AMQCO2004I: Formatter started at:2:42:40 PM WIB Tuesday, August 20, 2024
8/20/24 14:42:40.749  AMQUT0007I: The java.util.logging configuration is now set to /opt/mqm/amqp/config/amqptraceOff.properties.
8/20/24 14:42:40.893  AMQXR0005I: Running com.ibm.mq.MQXRService.RunMQXRService version p920-L200709.
AMQCO2005I: Formatter stopped at:2:42:40 PM WIB Tuesday, August 20, 2024
AMQCO2004I: Formatter started at:2:42:40 PM WIB Tuesday, August 20, 2024
8/20/24 14:42:40.903  AMQUT0007I: The java.util.logging configuration is now set to /MQHA/ISOBROKERQM/data/ISOBROKER!QM/./amqp/amqptraceOff.properties.
8/20/24 14:42:44.195  AMQXR0015I: AMQP Service started successfully (0 channels running, 0 channels stopped). PID(427).
AMQCO2004I: Formatter started at:2:54:28 AM WIB Sunday, August 25, 2024
8/25/24 02:54:28.685  AMQUT0007I: The java.util.logging configuration is now set to /opt/mqm/amqp/config/amqptraceOff.properties.
8/25/24 02:54:28.851  AMQXR0005I: Running com.ibm.mq.MQXRService.RunMQXRService version p920-L200709.
AMQCO2005I: Formatter stopped at:2:54:28 AM WIB Sunday, August 25, 2024
AMQCO2004I: Formatter started at:2:54:28 AM WIB Sunday, August 25, 2024
8/25/24 02:54:28.862  AMQUT0007I: The java.util.logging configuration is now set to /MQHA/ISOBROKERQM/data/ISOBROKER!QM/./amqp/amqptraceOff.properties.
8/25/24 02:54:31.633  AMQXR0015I: AMQP Service started successfully (0 channels running, 0 channels stopped). PID(430).
AMQCO2004I: Formatter started at:11:59:35 AM WIB Sunday, August 25, 2024
8/25/24 11:59:35.422  AMQUT0007I: The java.util.logging configuration is now set to /opt/mqm/amqp/config/amqptraceOff.properties.
8/25/24 11:59:35.527  AMQXR0005I: Running com.ibm.mq.MQXRService.RunMQXRService version p920-L200709.
AMQCO2005I: Formatter stopped at:11:59:35 AM WIB Sunday, August 25, 2024
AMQCO2004I: Formatter started at:11:59:35 AM WIB Sunday, August 25, 2024
8/25/24 11:59:35.531  AMQUT0007I: The java.util.logging configuration is now set to /MQHA/ISOBROKERQM/data/ISOBROKER!QM/./amqp/amqptraceOff.properties.
8/25/24 11:59:37.268  AMQXR0015I: AMQP Service started successfully (0 channels running, 0 channels stopped). PID(453).
AMQCO2004I: Formatter started at:12:11:58 PM WIB Sunday, August 25, 2024
8/25/24 12:11:58.609  AMQUT0007I: The java.util.logging configuration is now set to /opt/mqm/amqp/config/amqptraceOff.properties.
8/25/24 12:11:58.755  AMQXR0005I: Running com.ibm.mq.MQXRService.RunMQXRService version p920-L200709.
AMQCO2005I: Formatter stopped at:12:11:58 PM WIB Sunday, August 25, 2024
AMQCO2004I: Formatter started at:12:11:58 PM WIB Sunday, August 25, 2024
8/25/24 12:11:58.762  AMQUT0007I: The java.util.logging configuration is now set to /MQHA/ISOBROKERQM/data/ISOBROKER!QM/./amqp/amqptraceOff.properties.
8/25/24 12:12:01.442  AMQXR0015I: AMQP Service started successfully (0 channels running, 0 channels stopped). PID(421).
AMQCO2004I: Formatter started at:12:20:18 PM WIB Sunday, August 25, 2024
8/25/24 12:20:18.911  AMQUT0007I: The java.util.logging configuration is now set to /opt/mqm/amqp/config/amqptraceOff.properties.
8/25/24 12:20:19.077  AMQXR0005I: Running com.ibm.mq.MQXRService.RunMQXRService version p920-L200709.
AMQCO2005I: Formatter stopped at:12:20:19 PM WIB Sunday, August 25, 2024
AMQCO2004I: Formatter started at:12:20:19 PM WIB Sunday, August 25, 2024
8/25/24 12:20:19.087  AMQUT0007I: The java.util.logging configuration is now set to /MQHA/ISOBROKERQM/data/ISOBROKER!QM/./amqp/amqptraceOff.properties.
8/25/24 12:20:21.650  AMQXR0015I: AMQP Service started successfully (0 channels running, 0 channels stopped). PID(409).
AMQCO2004I: Formatter started at:12:24:35 PM WIB Sunday, August 25, 2024
8/25/24 12:24:35.653  AMQUT0007I: The java.util.logging configuration is now set to /opt/mqm/amqp/config/amqptraceOff.properties.
8/25/24 12:24:35.793  AMQXR0005I: Running com.ibm.mq.MQXRService.RunMQXRService version p920-L200709.
AMQCO2005I: Formatter stopped at:12:24:35 PM WIB Sunday, August 25, 2024
AMQCO2004I: Formatter started at:12:24:35 PM WIB Sunday, August 25, 2024
8/25/24 12:24:35.797  AMQUT0007I: The java.util.logging configuration is now set to /MQHA/ISOBROKERQM/data/ISOBROKER!QM/./amqp/amqptraceOff.properties.
8/25/24 12:24:38.331  AMQXR0015I: AMQP Service started successfully (0 channels running, 0 channels stopped). PID(421).
AMQCO2004I: Formatter started at:11:02:42 AM WIB Tuesday, August 27, 2024
8/27/24 11:02:42.610  AMQUT0007I: The java.util.logging configuration is now set to /opt/mqm/amqp/config/amqptraceOff.properties.
8/27/24 11:02:42.754  AMQXR0005I: Running com.ibm.mq.MQXRService.RunMQXRService version p920-L200709.
AMQCO2005I: Formatter stopped at:11:02:42 AM WIB Tuesday, August 27, 2024
AMQCO2004I: Formatter started at:11:02:42 AM WIB Tuesday, August 27, 2024
8/27/24 11:02:42.758  AMQUT0007I: The java.util.logging configuration is now set to /MQHA/ISOBROKERQM/data/ISOBROKER!QM/./amqp/amqptraceOff.properties.
8/27/24 11:02:45.063  AMQXR0015I: AMQP Service started successfully (0 channels running, 0 channels stopped). PID(433).
AMQCO2004I: Formatter started at:2:56:20 PM WIB Saturday, August 31, 2024
8/31/24 14:56:20.154  AMQUT0007I: The java.util.logging configuration is now set to /opt/mqm/amqp/config/amqptraceOff.properties.
8/31/24 14:56:20.350  AMQXR0005I: Running com.ibm.mq.MQXRService.RunMQXRService version p920-L200709.
AMQCO2005I: Formatter stopped at:2:56:20 PM WIB Saturday, August 31, 2024
AMQCO2004I: Formatter started at:2:56:20 PM WIB Saturday, August 31, 2024
8/31/24 14:56:20.355  AMQUT0007I: The java.util.logging configuration is now set to /MQHA/ISOBROKERQM/data/ISOBROKER!QM/./amqp/amqptraceOff.properties.
8/31/24 14:56:23.179  AMQXR0015I: AMQP Service started successfully (0 channels running, 0 channels stopped). PID(431).
AMQCO2004I: Formatter started at:7:51:25 PM WIB Sunday, September 1, 2024
9/1/24 19:51:25.824  AMQUT0007I: The java.util.logging configuration is now set to /opt/mqm/amqp/config/amqptraceOff.properties.
9/1/24 19:51:25.946  AMQXR0005I: Running com.ibm.mq.MQXRService.RunMQXRService version p920-L200709.
AMQCO2005I: Formatter stopped at:7:51:25 PM WIB Sunday, September 1, 2024
AMQCO2004I: Formatter started at:7:51:25 PM WIB Sunday, September 1, 2024
9/1/24 19:51:25.951  AMQUT0007I: The java.util.logging configuration is now set to /MQHA/ISOBROKERQM/data/ISOBROKER!QM/./amqp/amqptraceOff.properties.
9/1/24 19:51:28.395  AMQXR0015I: AMQP Service started successfully (0 channels running, 0 channels stopped). PID(431).
AMQCO2004I: Formatter started at:2:55:24 AM WIB Tuesday, September 3, 2024
9/3/24 02:55:24.962  AMQUT0007I: The java.util.logging configuration is now set to /opt/mqm/amqp/config/amqptraceOff.properties.
9/3/24 02:55:25.113  AMQXR0005I: Running com.ibm.mq.MQXRService.RunMQXRService version p920-L200709.
AMQCO2005I: Formatter stopped at:2:55:25 AM WIB Tuesday, September 3, 2024
AMQCO2004I: Formatter started at:2:55:25 AM WIB Tuesday, September 3, 2024
9/3/24 02:55:25.120  AMQUT0007I: The java.util.logging configuration is now set to /MQHA/ISOBROKERQM/data/ISOBROKER!QM/./amqp/amqptraceOff.properties.
9/3/24 02:55:28.290  AMQXR0015I: AMQP Service started successfully (0 channels running, 0 channels stopped). PID(452).
AMQCO2004I: Formatter started at:7:55:49 PM WIB Tuesday, September 3, 2024
9/3/24 19:55:49.102  AMQUT0007I: The java.util.logging configuration is now set to /opt/mqm/amqp/config/amqptraceOff.properties.
9/3/24 19:55:49.276  AMQXR0005I: Running com.ibm.mq.MQXRService.RunMQXRService version p920-L200709.
AMQCO2005I: Formatter stopped at:7:55:49 PM WIB Tuesday, September 3, 2024
AMQCO2004I: Formatter started at:7:55:49 PM WIB Tuesday, September 3, 2024
9/3/24 19:55:49.284  AMQUT0007I: The java.util.logging configuration is now set to /MQHA/ISOBROKERQM/data/ISOBROKER!QM/./amqp/amqptraceOff.properties.
9/3/24 19:55:52.287  AMQXR0015I: AMQP Service started successfully (0 channels running, 0 channels stopped). PID(434).
AMQCO2004I: Formatter started at:10:36:30 AM WIB Monday, September 9, 2024
9/9/24 10:36:30.363  AMQUT0007I: The java.util.logging configuration is now set to /opt/mqm/amqp/config/amqptraceOff.properties.
9/9/24 10:36:30.576  AMQXR0005I: Running com.ibm.mq.MQXRService.RunMQXRService version p920-L200709.
AMQCO2005I: Formatter stopped at:10:36:30 AM WIB Monday, September 9, 2024
AMQCO2004I: Formatter started at:10:36:30 AM WIB Monday, September 9, 2024
9/9/24 10:36:30.595  AMQUT0007I: The java.util.logging configuration is now set to /MQHA/ISOBROKERQM/data/ISOBROKER!QM/./amqp/amqptraceOff.properties.
9/9/24 10:36:34.092  AMQXR0015I: AMQP Service started successfully (0 channels running, 0 channels stopped). PID(454).
AMQCO2004I: Formatter started at:11:07:42 AM WIB Monday, September 9, 2024
9/9/24 11:07:42.482  AMQUT0007I: The java.util.logging configuration is now set to /opt/mqm/amqp/config/amqptraceOff.properties.
9/9/24 11:07:42.650  AMQXR0005I: Running com.ibm.mq.MQXRService.RunMQXRService version p920-L200709.
AMQCO2005I: Formatter stopped at:11:07:42 AM WIB Monday, September 9, 2024
AMQCO2004I: Formatter started at:11:07:42 AM WIB Monday, September 9, 2024
9/9/24 11:07:42.656  AMQUT0007I: The java.util.logging configuration is now set to /MQHA/ISOBROKERQM/data/ISOBROKER!QM/./amqp/amqptraceOff.properties.
9/9/24 11:07:45.864  AMQXR0015I: AMQP Service started successfully (0 channels running, 0 channels stopped). PID(416).
AMQCO2004I: Formatter started at:4:45:20 PM WIB Friday, September 13, 2024
9/13/24 16:45:20.095  AMQUT0007I: The java.util.logging configuration is now set to /opt/mqm/amqp/config/amqptraceOff.properties.
9/13/24 16:45:20.267  AMQXR0005I: Running com.ibm.mq.MQXRService.RunMQXRService version p920-L200709.
AMQCO2005I: Formatter stopped at:4:45:20 PM WIB Friday, September 13, 2024
AMQCO2004I: Formatter started at:4:45:20 PM WIB Friday, September 13, 2024
9/13/24 16:45:20.287  AMQUT0007I: The java.util.logging configuration is now set to /MQHA/ISOBROKERQM/data/ISOBROKER!QM/./amqp/amqptraceOff.properties.
9/13/24 16:45:24.142  AMQXR0015I: AMQP Service started successfully (0 channels running, 0 channels stopped). PID(414).
AMQCO2004I: Formatter started at:8:38:20 PM WIB Friday, September 13, 2024
9/13/24 20:38:20.685  AMQUT0007I: The java.util.logging configuration is now set to /opt/mqm/amqp/config/amqptraceOff.properties.
9/13/24 20:38:20.828  AMQXR0005I: Running com.ibm.mq.MQXRService.RunMQXRService version p920-L200709.
AMQCO2005I: Formatter stopped at:8:38:20 PM WIB Friday, September 13, 2024
AMQCO2004I: Formatter started at:8:38:20 PM WIB Friday, September 13, 2024
9/13/24 20:38:20.835  AMQUT0007I: The java.util.logging configuration is now set to /MQHA/ISOBROKERQM/data/ISOBROKER!QM/./amqp/amqptraceOff.properties.
9/13/24 20:38:24.559  AMQXR0015I: AMQP Service started successfully (0 channels running, 0 channels stopped). PID(454).
AMQCO2004I: Formatter started at:8:13:52 PM WIB Monday, September 16, 2024
9/16/24 20:13:52.702  AMQUT0007I: The java.util.logging configuration is now set to /opt/mqm/amqp/config/amqptraceOff.properties.
9/16/24 20:13:52.841  AMQXR0005I: Running com.ibm.mq.MQXRService.RunMQXRService version p920-L200709.
AMQCO2005I: Formatter stopped at:8:13:52 PM WIB Monday, September 16, 2024
AMQCO2004I: Formatter started at:8:13:52 PM WIB Monday, September 16, 2024
9/16/24 20:13:52.849  AMQUT0007I: The java.util.logging configuration is now set to /MQHA/ISOBROKERQM/data/ISOBROKER!QM/./amqp/amqptraceOff.properties.
9/16/24 20:13:56.085  AMQXR0015I: AMQP Service started successfully (0 channels running, 0 channels stopped). PID(434).
AMQCO2004I: Formatter started at:12:11:53 AM WIB Friday, September 20, 2024
9/20/24 00:11:53.249  AMQUT0007I: The java.util.logging configuration is now set to /opt/mqm/amqp/config/amqptraceOff.properties.
9/20/24 00:11:53.397  AMQXR0005I: Running com.ibm.mq.MQXRService.RunMQXRService version p920-L200709.
AMQCO2005I: Formatter stopped at:12:11:53 AM WIB Friday, September 20, 2024
AMQCO2004I: Formatter started at:12:11:53 AM WIB Friday, September 20, 2024
9/20/24 00:11:53.402  AMQUT0007I: The java.util.logging configuration is now set to /MQHA/ISOBROKERQM/data/ISOBROKER!QM/./amqp/amqptraceOff.properties.
9/20/24 00:11:56.620  AMQXR0015I: AMQP Service started successfully (0 channels running, 0 channels stopped). PID(455).
AMQCO2004I: Formatter started at:6:02:05 AM WIB Saturday, September 21, 2024
9/21/24 06:02:05.935  AMQUT0007I: The java.util.logging configuration is now set to /opt/mqm/amqp/config/amqptraceOff.properties.
9/21/24 06:02:06.090  AMQXR0005I: Running com.ibm.mq.MQXRService.RunMQXRService version p920-L200709.
AMQCO2005I: Formatter stopped at:6:02:06 AM WIB Saturday, September 21, 2024
AMQCO2004I: Formatter started at:6:02:06 AM WIB Saturday, September 21, 2024
9/21/24 06:02:06.096  AMQUT0007I: The java.util.logging configuration is now set to /MQHA/ISOBROKERQM/data/ISOBROKER!QM/./amqp/amqptraceOff.properties.
9/21/24 06:02:09.340  AMQXR0015I: AMQP Service started successfully (0 channels running, 0 channels stopped). PID(454).
AMQCO2004I: Formatter started at:11:43:10 PM WIB Sunday, September 22, 2024
9/22/24 23:43:10.462  AMQUT0007I: The java.util.logging configuration is now set to /opt/mqm/amqp/config/amqptraceOff.properties.
9/22/24 23:43:10.632  AMQXR0005I: Running com.ibm.mq.MQXRService.RunMQXRService version p920-L200709.
AMQCO2005I: Formatter stopped at:11:43:10 PM WIB Sunday, September 22, 2024
AMQCO2004I: Formatter started at:11:43:10 PM WIB Sunday, September 22, 2024
9/22/24 23:43:10.640  AMQUT0007I: The java.util.logging configuration is now set to /MQHA/ISOBROKERQM/data/ISOBROKER!QM/./amqp/amqptraceOff.properties.
9/22/24 23:43:14.752  AMQXR0015I: AMQP Service started successfully (0 channels running, 0 channels stopped). PID(434).
AMQCO2004I: Formatter started at:3:20:12 PM WIB Saturday, September 28, 2024
9/28/24 15:20:12.091  AMQUT0007I: The java.util.logging configuration is now set to /opt/mqm/amqp/config/amqptraceOff.properties.
9/28/24 15:20:12.256  AMQXR0005I: Running com.ibm.mq.MQXRService.RunMQXRService version p920-L200709.
AMQCO2005I: Formatter stopped at:3:20:12 PM WIB Saturday, September 28, 2024
AMQCO2004I: Formatter started at:3:20:12 PM WIB Saturday, September 28, 2024
9/28/24 15:20:12.264  AMQUT0007I: The java.util.logging configuration is now set to /MQHA/ISOBROKERQM/data/ISOBROKER!QM/./amqp/amqptraceOff.properties.
9/28/24 15:20:15.363  AMQXR0015I: AMQP Service started successfully (0 channels running, 0 channels stopped). PID(434).
AMQCO2004I: Formatter started at:4:24:56 AM WIB Monday, September 30, 2024
9/30/24 04:24:56.514  AMQUT0007I: The java.util.logging configuration is now set to /opt/mqm/amqp/config/amqptraceOff.properties.
9/30/24 04:24:56.655  AMQXR0005I: Running com.ibm.mq.MQXRService.RunMQXRService version p920-L200709.
AMQCO2005I: Formatter stopped at:4:24:56 AM WIB Monday, September 30, 2024
AMQCO2004I: Formatter started at:4:24:56 AM WIB Monday, September 30, 2024
9/30/24 04:24:56.661  AMQUT0007I: The java.util.logging configuration is now set to /MQHA/ISOBROKERQM/data/ISOBROKER!QM/./amqp/amqptraceOff.properties.
9/30/24 04:24:59.899  AMQXR0015I: AMQP Service started successfully (0 channels running, 0 channels stopped). PID(434).
AMQCO2004I: Formatter started at:7:57:51 PM WIB Monday, September 30, 2024
9/30/24 19:57:51.313  AMQUT0007I: The java.util.logging configuration is now set to /opt/mqm/amqp/config/amqptraceOff.properties.
9/30/24 19:57:51.437  AMQXR0005I: Running com.ibm.mq.MQXRService.RunMQXRService version p920-L200709.
AMQCO2005I: Formatter stopped at:7:57:51 PM WIB Monday, September 30, 2024
AMQCO2004I: Formatter started at:7:57:51 PM WIB Monday, September 30, 2024
9/30/24 19:57:51.442  AMQUT0007I: The java.util.logging configuration is now set to /MQHA/ISOBROKERQM/data/ISOBROKER!QM/./amqp/amqptraceOff.properties.
9/30/24 19:57:54.953  AMQXR0015I: AMQP Service started successfully (0 channels running, 0 channels stopped). PID(434).
AMQCO2004I: Formatter started at:12:05:15 AM WIB Friday, October 4, 2024
10/4/24 00:05:15.793  AMQUT0007I: The java.util.logging configuration is now set to /opt/mqm/amqp/config/amqptraceOff.properties.
10/4/24 00:05:15.966  AMQXR0005I: Running com.ibm.mq.MQXRService.RunMQXRService version p920-L200709.
AMQCO2005I: Formatter stopped at:12:05:15 AM WIB Friday, October 4, 2024
AMQCO2004I: Formatter started at:12:05:15 AM WIB Friday, October 4, 2024
10/4/24 00:05:15.972  AMQUT0007I: The java.util.logging configuration is now set to /MQHA/ISOBROKERQM/data/ISOBROKER!QM/./amqp/amqptraceOff.properties.
10/4/24 00:05:19.203  AMQXR0015I: AMQP Service started successfully (0 channels running, 0 channels stopped). PID(434).
AMQCO2004I: Formatter started at:5:48:02 PM WIB Saturday, October 5, 2024
10/5/24 17:48:02.953  AMQUT0007I: The java.util.logging configuration is now set to /opt/mqm/amqp/config/amqptraceOff.properties.
10/5/24 17:48:03.098  AMQXR0005I: Running com.ibm.mq.MQXRService.RunMQXRService version p920-L200709.
AMQCO2005I: Formatter stopped at:5:48:03 PM WIB Saturday, October 5, 2024
AMQCO2004I: Formatter started at:5:48:03 PM WIB Saturday, October 5, 2024
10/5/24 17:48:03.111  AMQUT0007I: The java.util.logging configuration is now set to /MQHA/ISOBROKERQM/data/ISOBROKER!QM/./amqp/amqptraceOff.properties.
10/5/24 17:48:06.346  AMQXR0015I: AMQP Service started successfully (0 channels running, 0 channels stopped). PID(434).
AMQCO2004I: Formatter started at:7:35:23 PM WIB Sunday, October 6, 2024
10/6/24 19:35:23.489  AMQUT0007I: The java.util.logging configuration is now set to /opt/mqm/amqp/config/amqptraceOff.properties.
10/6/24 19:35:23.639  AMQXR0005I: Running com.ibm.mq.MQXRService.RunMQXRService version p920-L200709.
AMQCO2005I: Formatter stopped at:7:35:23 PM WIB Sunday, October 6, 2024
AMQCO2004I: Formatter started at:7:35:23 PM WIB Sunday, October 6, 2024
10/6/24 19:35:23.645  AMQUT0007I: The java.util.logging configuration is now set to /MQHA/ISOBROKERQM/data/ISOBROKER!QM/./amqp/amqptraceOff.properties.
10/6/24 19:35:27.148  AMQXR0015I: AMQP Service started successfully (0 channels running, 0 channels stopped). PID(434).
AMQCO2004I: Formatter started at:7:36:58 PM WIB Monday, October 7, 2024
10/7/24 19:36:58.555  AMQUT0007I: The java.util.logging configuration is now set to /opt/mqm/amqp/config/amqptraceOff.properties.
10/7/24 19:36:58.735  AMQXR0005I: Running com.ibm.mq.MQXRService.RunMQXRService version p920-L200709.
AMQCO2005I: Formatter stopped at:7:36:58 PM WIB Monday, October 7, 2024
AMQCO2004I: Formatter started at:7:36:58 PM WIB Monday, October 7, 2024
10/7/24 19:36:58.742  AMQUT0007I: The java.util.logging configuration is now set to /MQHA/ISOBROKERQM/data/ISOBROKER!QM/./amqp/amqptraceOff.properties.
10/7/24 19:37:02.332  AMQXR0015I: AMQP Service started successfully (0 channels running, 0 channels stopped). PID(456).
AMQCO2004I: Formatter started at:3:30:55 PM WIB Tuesday, October 8, 2024
10/8/24 15:30:55.702  AMQUT0007I: The java.util.logging configuration is now set to /opt/mqm/amqp/config/amqptraceOff.properties.
10/8/24 15:30:55.904  AMQXR0005I: Running com.ibm.mq.MQXRService.RunMQXRService version p920-L200709.
AMQCO2005I: Formatter stopped at:3:30:55 PM WIB Tuesday, October 8, 2024
AMQCO2004I: Formatter started at:3:30:55 PM WIB Tuesday, October 8, 2024
10/8/24 15:30:55.911  AMQUT0007I: The java.util.logging configuration is now set to /MQHA/ISOBROKERQM/data/ISOBROKER!QM/./amqp/amqptraceOff.properties.
10/8/24 15:31:00.244  AMQXR0015I: AMQP Service started successfully (0 channels running, 0 channels stopped). PID(434).
AMQCO2004I: Formatter started at:4:08:41 AM WIB Thursday, October 10, 2024
10/10/24 04:08:41.343  AMQUT0007I: The java.util.logging configuration is now set to /opt/mqm/amqp/config/amqptraceOff.properties.
10/10/24 04:08:41.485  AMQXR0005I: Running com.ibm.mq.MQXRService.RunMQXRService version p920-L200709.
AMQCO2005I: Formatter stopped at:4:08:41 AM WIB Thursday, October 10, 2024
AMQCO2004I: Formatter started at:4:08:41 AM WIB Thursday, October 10, 2024
10/10/24 04:08:41.492  AMQUT0007I: The java.util.logging configuration is now set to /MQHA/ISOBROKERQM/data/ISOBROKER!QM/./amqp/amqptraceOff.properties.
10/10/24 04:08:47.288  AMQXR0015I: AMQP Service started successfully (0 channels running, 0 channels stopped). PID(414).
AMQCO2004I: Formatter started at:12:57:34 PM WIB Thursday, October 10, 2024
10/10/24 12:57:34.256  AMQUT0007I: The java.util.logging configuration is now set to /opt/mqm/amqp/config/amqptraceOff.properties.
10/10/24 12:57:34.500  AMQXR0005I: Running com.ibm.mq.MQXRService.RunMQXRService version p920-L200709.
AMQCO2005I: Formatter stopped at:12:57:34 PM WIB Thursday, October 10, 2024
AMQCO2004I: Formatter started at:12:57:34 PM WIB Thursday, October 10, 2024
10/10/24 12:57:34.510  AMQUT0007I: The java.util.logging configuration is now set to /MQHA/ISOBROKERQM/data/ISOBROKER!QM/./amqp/amqptraceOff.properties.
10/10/24 12:57:38.649  AMQXR0015I: AMQP Service started successfully (0 channels running, 0 channels stopped). PID(414).
AMQCO2004I: Formatter started at:4:03:57 PM WIB Thursday, October 10, 2024
10/10/24 16:03:57.869  AMQUT0007I: The java.util.logging configuration is now set to /opt/mqm/amqp/config/amqptraceOff.properties.
10/10/24 16:03:58.069  AMQXR0005I: Running com.ibm.mq.MQXRService.RunMQXRService version p920-L200709.
AMQCO2005I: Formatter stopped at:4:03:58 PM WIB Thursday, October 10, 2024
AMQCO2004I: Formatter started at:4:03:58 PM WIB Thursday, October 10, 2024
10/10/24 16:03:58.075  AMQUT0007I: The java.util.logging configuration is now set to /MQHA/ISOBROKERQM/data/ISOBROKER!QM/./amqp/amqptraceOff.properties.
10/10/24 16:04:01.493  AMQXR0015I: AMQP Service started successfully (0 channels running, 0 channels stopped). PID(434).
AMQCO2004I: Formatter started at:12:55:09 PM WIB Saturday, October 12, 2024
10/12/24 12:55:09.740  AMQUT0007I: The java.util.logging configuration is now set to /opt/mqm/amqp/config/amqptraceOff.properties.
10/12/24 12:55:09.912  AMQXR0005I: Running com.ibm.mq.MQXRService.RunMQXRService version p920-L200709.
AMQCO2005I: Formatter stopped at:12:55:09 PM WIB Saturday, October 12, 2024
AMQCO2004I: Formatter started at:12:55:09 PM WIB Saturday, October 12, 2024
10/12/24 12:55:09.919  AMQUT0007I: The java.util.logging configuration is now set to /MQHA/ISOBROKERQM/data/ISOBROKER!QM/./amqp/amqptraceOff.properties.
10/12/24 12:55:14.324  AMQXR0015I: AMQP Service started successfully (0 channels running, 0 channels stopped). PID(434).
AMQCO2004I: Formatter started at:3:55:17 PM WIB Sunday, October 13, 2024
10/13/24 15:55:17.710  AMQUT0007I: The java.util.logging configuration is now set to /opt/mqm/amqp/config/amqptraceOff.properties.
10/13/24 15:55:17.954  AMQXR0005I: Running com.ibm.mq.MQXRService.RunMQXRService version p920-L200709.
AMQCO2005I: Formatter stopped at:3:55:17 PM WIB Sunday, October 13, 2024
AMQCO2004I: Formatter started at:3:55:17 PM WIB Sunday, October 13, 2024
10/13/24 15:55:17.970  AMQUT0007I: The java.util.logging configuration is now set to /MQHA/ISOBROKERQM/data/ISOBROKER!QM/./amqp/amqptraceOff.properties.
10/13/24 15:55:23.026  AMQXR0015I: AMQP Service started successfully (0 channels running, 0 channels stopped). PID(434).
AMQCO2004I: Formatter started at:3:43:13 PM WIB Tuesday, October 15, 2024
10/15/24 15:43:13.709  AMQUT0007I: The java.util.logging configuration is now set to /opt/mqm/amqp/config/amqptraceOff.properties.
10/15/24 15:43:13.917  AMQXR0005I: Running com.ibm.mq.MQXRService.RunMQXRService version p920-L200709.
AMQCO2005I: Formatter stopped at:3:43:13 PM WIB Tuesday, October 15, 2024
AMQCO2004I: Formatter started at:3:43:13 PM WIB Tuesday, October 15, 2024
10/15/24 15:43:13.927  AMQUT0007I: The java.util.logging configuration is now set to /MQHA/ISOBROKERQM/data/ISOBROKER!QM/./amqp/amqptraceOff.properties.
10/15/24 15:43:17.467  AMQXR0015I: AMQP Service started successfully (0 channels running, 0 channels stopped). PID(434).
AMQCO2004I: Formatter started at:4:57:45 PM WIB Saturday, October 19, 2024
10/19/24 16:57:45.887  AMQUT0007I: The java.util.logging configuration is now set to /opt/mqm/amqp/config/amqptraceOff.properties.
10/19/24 16:57:46.075  AMQXR0005I: Running com.ibm.mq.MQXRService.RunMQXRService version p920-L200709.
AMQCO2005I: Formatter stopped at:4:57:46 PM WIB Saturday, October 19, 2024
AMQCO2004I: Formatter started at:4:57:46 PM WIB Saturday, October 19, 2024
10/19/24 16:57:46.080  AMQUT0007I: The java.util.logging configuration is now set to /MQHA/ISOBROKERQM/data/ISOBROKER!QM/./amqp/amqptraceOff.properties.
10/19/24 16:57:49.828  AMQXR0015I: AMQP Service started successfully (0 channels running, 0 channels stopped). PID(454).
AMQCO2004I: Formatter started at:2:36:18 AM WIB Monday, October 21, 2024
10/21/24 02:36:18.359  AMQUT0007I: The java.util.logging configuration is now set to /opt/mqm/amqp/config/amqptraceOff.properties.
10/21/24 02:36:18.599  AMQXR0005I: Running com.ibm.mq.MQXRService.RunMQXRService version p920-L200709.
AMQCO2005I: Formatter stopped at:2:36:18 AM WIB Monday, October 21, 2024
AMQCO2004I: Formatter started at:2:36:18 AM WIB Monday, October 21, 2024
10/21/24 02:36:18.612  AMQUT0007I: The java.util.logging configuration is now set to /MQHA/ISOBROKERQM/data/ISOBROKER!QM/./amqp/amqptraceOff.properties.
10/21/24 02:36:24.244  AMQXR0015I: AMQP Service started successfully (0 channels running, 0 channels stopped). PID(436).
AMQCO2004I: Formatter started at:2:40:55 AM WIB Monday, October 21, 2024
10/21/24 02:40:55.625  AMQUT0007I: The java.util.logging configuration is now set to /opt/mqm/amqp/config/amqptraceOff.properties.
10/21/24 02:40:56.015  AMQXR0005I: Running com.ibm.mq.MQXRService.RunMQXRService version p920-L200709.
AMQCO2005I: Formatter stopped at:2:40:56 AM WIB Monday, October 21, 2024
AMQCO2004I: Formatter started at:2:40:56 AM WIB Monday, October 21, 2024
10/21/24 02:40:56.024  AMQUT0007I: The java.util.logging configuration is now set to /MQHA/ISOBROKERQM/data/ISOBROKER!QM/./amqp/amqptraceOff.properties.
10/21/24 02:41:00.971  AMQXR0015I: AMQP Service started successfully (0 channels running, 0 channels stopped). PID(421).
AMQCO2004I: Formatter started at:2:47:50 AM WIB Monday, October 21, 2024
10/21/24 02:47:50.361  AMQUT0007I: The java.util.logging configuration is now set to /opt/mqm/amqp/config/amqptraceOff.properties.
10/21/24 02:47:50.582  AMQXR0005I: Running com.ibm.mq.MQXRService.RunMQXRService version p920-L200709.
AMQCO2005I: Formatter stopped at:2:47:50 AM WIB Monday, October 21, 2024
AMQCO2004I: Formatter started at:2:47:50 AM WIB Monday, October 21, 2024
10/21/24 02:47:50.597  AMQUT0007I: The java.util.logging configuration is now set to /MQHA/ISOBROKERQM/data/ISOBROKER!QM/./amqp/amqptraceOff.properties.
10/21/24 02:47:55.368  AMQXR0015I: AMQP Service started successfully (0 channels running, 0 channels stopped). PID(402).
