
==============================================

!Tue Aug 27 21:25:57 WIB 2024

Processing file SUBFLOW_LOGDB_LIB/LOG_DB_ERROR_SUBFLOW.subflow.
Successfully added file SUBFLOW_LOGDB_LIB/LOG_DB_ERROR_SUBFLOW.subflow to BAR file.

==============================================

!Tue Aug 27 21:25:57 WIB 2024

Processing file SUBFLOW_LOGDB_LIB/LOG_DB_REST_CLIENT.subflow.
Successfully added file SUBFLOW_LOGDB_LIB/LOG_DB_REST_CLIENT.subflow to BAR file.

==============================================

!Tue Aug 27 21:25:57 WIB 2024

Processing file SUBFLOW_LOGDB_LIB/LOG_DB_REST_CLIENT_SUBFLOW.esql.
Successfully added file SUBFLOW_LOGDB_LIB/LOG_DB_REST_CLIENT_SUBFLOW.esql to BAR file.

==============================================

!Tue Aug 27 21:25:57 WIB 2024

Processing file SUBFLOW_LOGDB_LIB/LOG_DB_SOAP.subflow.
Successfully added file SUBFLOW_LOGDB_LIB/LOG_DB_SOAP.subflow to BAR file.

==============================================

!Tue Aug 27 21:25:57 WIB 2024

Processing file SUBFLOW_LOGDB_LIB/LOG_DB_SOAP_CLIENT.subflow.
Successfully added file SUBFLOW_LOGDB_LIB/LOG_DB_SOAP_CLIENT.subflow to BAR file.

==============================================

!Tue Aug 27 21:25:57 WIB 2024

Processing file SUBFLOW_LOGDB_LIB/LOG_DB_SOAP_CLIENT_SUBFLOW.esql.
Successfully added file SUBFLOW_LOGDB_LIB/LOG_DB_SOAP_CLIENT_SUBFLOW.esql to BAR file.

==============================================

!Tue Aug 27 21:25:57 WIB 2024

Processing file SUBFLOW_LOGDB_LIB/LOG_DB_SOAP_SUBFLOW.esql.
Successfully added file SUBFLOW_LOGDB_LIB/LOG_DB_SOAP_SUBFLOW.esql to BAR file.

==============================================

!Tue Aug 27 21:25:57 WIB 2024

Processing file SUBFLOW_LOGDB_LIB/LOG_DB_SUBFLOW.subflow.
Successfully added file SUBFLOW_LOGDB_LIB/LOG_DB_SUBFLOW.subflow to BAR file.

==============================================

!Tue Aug 27 21:25:57 WIB 2024

Processing file SUBFLOW_LOGDB_LIB/library.descriptor.
Successfully added file SUBFLOW_LOGDB_LIB/library.descriptor to BAR file.
Elapsed time: 0 second(s).

Successfully added file SUBFLOW_LOGDB_LIB/library.descriptor to BAR file.

==============================================

!Tue Aug 27 21:25:57 WIB 2024

Processing file SUBFLOW_LOGDB_LIB/library.descriptor.
Successfully added file SUBFLOW_LOGDB_LIB/library.descriptor to BAR file.
Elapsed time: 0 second(s).

Successfully added file SUBFLOW_LOGDB_LIB/library.descriptor to BAR file.
