
==============================================

!Wed Jan 19 23:30:50 ICT 2022

Processing file ISO_PROJECT_TEMPLATE_APP\TEST_TCPIP.msgflow.
Successfully added file ISO_PROJECT_TEMPLATE_APP\TEST_TCPIP.msgflow to BAR file.

==============================================

!Wed Jan 19 23:30:50 ICT 2022

Processing file ISO_PROJECT_TEMPLATE_APP\TCPIP_TESTER_FLOW.msgflow.
Successfully added file ISO_PROJECT_TEMPLATE_APP\TCPIP_TESTER_FLOW.msgflow to BAR file.

==============================================

!Wed Jan 19 23:30:51 ICT 2022

Processing file ISO_PROJECT_TEMPLATE_APP\MASTER_ISO_FLOW.msgflow.
Successfully added file ISO_PROJECT_TEMPLATE_APP\MASTER_ISO_FLOW.msgflow to BAR file.

==============================================

!Wed Jan 19 23:30:51 ICT 2022

Processing file ISO_PROJECT_TEMPLATE_APP\MAN_ADVICE_FLOW.msgflow.
Successfully added file ISO_PROJECT_TEMPLATE_APP\MAN_ADVICE_FLOW.msgflow to BAR file.

==============================================

!Wed Jan 19 23:30:51 ICT 2022

Processing file ISO_PROJECT_TEMPLATE_APP\LATE_REVERSE_HANDLER.msgflow.
Successfully added file ISO_PROJECT_TEMPLATE_APP\LATE_REVERSE_HANDLER.msgflow to BAR file.

==============================================

!Wed Jan 19 23:30:51 ICT 2022

Processing file ISO_PROJECT_TEMPLATE_APP\MAN_ADVICE_FLOW.esql.
Successfully added file ISO_PROJECT_TEMPLATE_APP\MAN_ADVICE_FLOW.esql to BAR file.

==============================================

!Wed Jan 19 23:30:51 ICT 2022

Processing file ISO_PROJECT_TEMPLATE_APP\MASTER_ISO_FLOW.esql.
Successfully added file ISO_PROJECT_TEMPLATE_APP\MASTER_ISO_FLOW.esql to BAR file.

==============================================

!Wed Jan 19 23:30:51 ICT 2022

Processing file ISO_PROJECT_TEMPLATE_APP\TCPIP_TESTER_FLOW.esql.
Successfully added file ISO_PROJECT_TEMPLATE_APP\TCPIP_TESTER_FLOW.esql to BAR file.

==============================================

!Wed Jan 19 23:30:51 ICT 2022

Processing file ISO_PROJECT_TEMPLATE_APP\application.descriptor.
Successfully added file ISO_PROJECT_TEMPLATE_APP\application.descriptor to BAR file.
Elapsed time: 0 second(s).

Successfully added file ISO_PROJECT_TEMPLATE_APP\application.descriptor to BAR file.

==============================================

!Wed Jan 19 23:30:51 ICT 2022

Processing file ISO_PROJECT_TEMPLATE_APP\application.descriptor.
Successfully added file ISO_PROJECT_TEMPLATE_APP\application.descriptor to BAR file.
Elapsed time: 0 second(s).

Successfully added file ISO_PROJECT_TEMPLATE_APP\application.descriptor to BAR file.

==============================================

!Wed Jan 19 23:30:51 ICT 2022

Processing file ISO_PROJECT_TEMPLATE_APP\script\MWCONFIG.MAPPING.xml.
Successfully added file ISO_PROJECT_TEMPLATE_APP\script\MWCONFIG.MAPPING.xml to BAR file.

==============================================

!Wed Jan 19 23:30:51 ICT 2022

Processing file ISO_PROJECT_TEMPLATE_APP\script\MWCONFIG.MAPPING_GROUP.xml.
Successfully added file ISO_PROJECT_TEMPLATE_APP\script\MWCONFIG.MAPPING_GROUP.xml to BAR file.

==============================================

!Wed Jan 19 23:30:51 ICT 2022

Processing file ISO_PROJECT_TEMPLATE_APP\script\MWCONFIG.MAPPING_GROUP_LINE.xml.
Successfully added file ISO_PROJECT_TEMPLATE_APP\script\MWCONFIG.MAPPING_GROUP_LINE.xml to BAR file.

==============================================

!Wed Jan 19 23:30:51 ICT 2022

Processing file ISO_PROJECT_TEMPLATE_APP\script\MWLOG.DLOG_MD.xml.
Successfully added file ISO_PROJECT_TEMPLATE_APP\script\MWLOG.DLOG_MD.xml to BAR file.

==============================================

!Wed Jan 19 23:30:51 ICT 2022

Processing file ISO_PROJECT_TEMPLATE_APP\subflow\ISO_FLOW.esql.
Dependent ESQL file subflow/VARIABLE_LIB.esql is added to the BAR file.

Dependent ESQL file subflow/NETMAN_SUBFLOW.esql is added to the BAR file.

Successfully added file ISO_PROJECT_TEMPLATE_APP\subflow\ISO_FLOW.esql to BAR file.

==============================================

!Wed Jan 19 23:30:51 ICT 2022

Processing file ISO_PROJECT_TEMPLATE_APP\subflow\NETMAN_SUBFLOW.esql.
Successfully added file ISO_PROJECT_TEMPLATE_APP\subflow\NETMAN_SUBFLOW.esql to BAR file.

==============================================

!Wed Jan 19 23:30:51 ICT 2022

Processing file ISO_PROJECT_TEMPLATE_APP\subflow\NETMAN_SUBFLOW.subflow.
Successfully added file ISO_PROJECT_TEMPLATE_APP\subflow\NETMAN_SUBFLOW.subflow to BAR file.

==============================================

!Wed Jan 19 23:30:51 ICT 2022

Processing file ISO_PROJECT_TEMPLATE_APP\subflow\RESP_PARSING_SUBFLOW.esql.
Successfully added file ISO_PROJECT_TEMPLATE_APP\subflow\RESP_PARSING_SUBFLOW.esql to BAR file.

==============================================

!Wed Jan 19 23:30:51 ICT 2022

Processing file ISO_PROJECT_TEMPLATE_APP\subflow\RESP_PARSING_SUBFLOW.subflow.
Successfully added file ISO_PROJECT_TEMPLATE_APP\subflow\RESP_PARSING_SUBFLOW.subflow to BAR file.

==============================================

!Wed Jan 19 23:30:51 ICT 2022

Processing file ISO_PROJECT_TEMPLATE_APP\subflow\SAF_PROCESS.esql.
Successfully added file ISO_PROJECT_TEMPLATE_APP\subflow\SAF_PROCESS.esql to BAR file.

==============================================

!Wed Jan 19 23:30:51 ICT 2022

Processing file ISO_PROJECT_TEMPLATE_APP\subflow\SAF_PROCESS.subflow.
Successfully added file ISO_PROJECT_TEMPLATE_APP\subflow\SAF_PROCESS.subflow to BAR file.

==============================================

!Wed Jan 19 23:30:51 ICT 2022

Processing file ISO_PROJECT_TEMPLATE_APP\subflow\TCPIP_ADAPTER.esql.
Dependent ESQL file subflow/VARIABLE_LIB.esql is added to the BAR file.

Successfully added file ISO_PROJECT_TEMPLATE_APP\subflow\TCPIP_ADAPTER.esql to BAR file.

==============================================

!Wed Jan 19 23:30:52 ICT 2022

Processing file ISO_PROJECT_TEMPLATE_APP\subflow\TCPIP_ADAPTER.subflow.
Successfully added file ISO_PROJECT_TEMPLATE_APP\subflow\TCPIP_ADAPTER.subflow to BAR file.

==============================================

!Wed Jan 19 23:30:52 ICT 2022

Processing file ISO_PROJECT_TEMPLATE_APP\subflow\VARIABLE_LIB.esql.
Successfully added file ISO_PROJECT_TEMPLATE_APP\subflow\VARIABLE_LIB.esql to BAR file.

==============================================

!Wed Jan 19 23:30:53 ICT 2022

Processing file SUBFLOW_LOGDB_LIB.
Library file SUBFLOW_LOGDB_LIB.libzip successfully added to the BAR.
Library compiled contents:
    
    Processing file SUBFLOW_LOGDB_LIB\LOG_DB_SOAP_SUBFLOW.esql.
    Successfully added file SUBFLOW_LOGDB_LIB\LOG_DB_SOAP_SUBFLOW.esql to BAR file.
    
    
    Processing file SUBFLOW_LOGDB_LIB\LOG_DB_SOAP.subflow.
    Successfully added file SUBFLOW_LOGDB_LIB\LOG_DB_SOAP.subflow to BAR file.
    
    
    Processing file SUBFLOW_LOGDB_LIB\LOG_DB_REST_CLIENT_SUBFLOW.esql.
    Successfully added file SUBFLOW_LOGDB_LIB\LOG_DB_REST_CLIENT_SUBFLOW.esql to BAR file.
    
    
    Processing file SUBFLOW_LOGDB_LIB\LOG_DB_SOAP_CLIENT.subflow.
    Successfully added file SUBFLOW_LOGDB_LIB\LOG_DB_SOAP_CLIENT.subflow to BAR file.
    
    
    Processing file SUBFLOW_LOGDB_LIB\library.descriptor.
    Successfully added file SUBFLOW_LOGDB_LIB\library.descriptor to BAR file.
    Elapsed time: 0 second(s).
    
    Successfully added file SUBFLOW_LOGDB_LIB\library.descriptor to BAR file.
    
    
    Processing file SUBFLOW_LOGDB_LIB\LOG_DB_REST_CLIENT.subflow.
    Successfully added file SUBFLOW_LOGDB_LIB\LOG_DB_REST_CLIENT.subflow to BAR file.
    
    
    Processing file SUBFLOW_LOGDB_LIB\LOG_DB_SUBFLOW.subflow.
    Successfully added file SUBFLOW_LOGDB_LIB\LOG_DB_SUBFLOW.subflow to BAR file.
    
    
    Processing file SUBFLOW_LOGDB_LIB\LOG_DB_ERROR_SUBFLOW.subflow.
    Successfully added file SUBFLOW_LOGDB_LIB\LOG_DB_ERROR_SUBFLOW.subflow to BAR file.
    
    
    Processing file SUBFLOW_LOGDB_LIB\LOG_DB_SOAP_CLIENT_SUBFLOW.esql.
    Successfully added file SUBFLOW_LOGDB_LIB\LOG_DB_SOAP_CLIENT_SUBFLOW.esql to BAR file.
    

Elapsed time: 0.44 second(s).

