
==============================================

!Sun Jan 16 12:32:01 ICT 2022

Processing file ISO_NETWORK_APP\ISO_NETWORK_FLOW.msgflow.
Successfully added file ISO_NETWORK_APP\ISO_NETWORK_FLOW.msgflow to BAR file.

==============================================

!Sun Jan 16 12:32:01 ICT 2022

Processing file ISO_NETWORK_APP\ISO_NETWORK_FLOW.esql.
Successfully added file ISO_NETWORK_APP\ISO_NETWORK_FLOW.esql to BAR file.

==============================================

!Sun Jan 16 12:32:01 ICT 2022

Processing file ISO_NETWORK_APP\ISO_NETWORK_MANAGEMENT_SUBFLOW.subflow.
Successfully added file ISO_NETWORK_APP\ISO_NETWORK_MANAGEMENT_SUBFLOW.subflow to BAR file.

==============================================

!Sun Jan 16 12:32:01 ICT 2022

Processing file ISO_NETWORK_APP\application.descriptor.
Successfully added file ISO_NETWORK_APP\application.descriptor to BAR file.
Elapsed time: 0 second(s).

Successfully added file ISO_NETWORK_APP\application.descriptor to BAR file.

==============================================

!Sun Jan 16 12:32:01 ICT 2022

Processing file ISO_NETWORK_APP\application.descriptor.
Successfully added file ISO_NETWORK_APP\application.descriptor to BAR file.
Elapsed time: 0.001 second(s).

Successfully added file ISO_NETWORK_APP\application.descriptor to BAR file.

