
==============================================

!Tue Aug 27 21:25:57 WIB 2024

Processing file SUBFLOW_NETMAN_LIB/NETMAN_SUBFLOW.esql.
Successfully added file SUBFLOW_NETMAN_LIB/NETMAN_SUBFLOW.esql to BAR file.

==============================================

!Tue Aug 27 21:25:57 WIB 2024

Processing file SUBFLOW_NETMAN_LIB/NETMAN_SUBFLOW.subflow.
Successfully added file SUBFLOW_NETMAN_LIB/NETMAN_SUBFLOW.subflow to BAR file.

==============================================

!Tue Aug 27 21:25:58 WIB 2024

Processing file SUBFLOW_NETMAN_LIB/library.descriptor.
Successfully added file SUBFLOW_NETMAN_LIB/library.descriptor to BAR file.
Elapsed time: 0 second(s).

Successfully added file SUBFLOW_NETMAN_LIB/library.descriptor to BAR file.

==============================================

!Tue Aug 27 21:25:58 WIB 2024

Processing file SUBFLOW_NETMAN_LIB/library.descriptor.
Successfully added file SUBFLOW_NETMAN_LIB/library.descriptor to BAR file.
Elapsed time: 0 second(s).

Successfully added file SUBFLOW_NETMAN_LIB/library.descriptor to BAR file.
