
==============================================

!Tue Feb 28 15:24:52 ICT 2023

Processing file ITM_APP\ITM_FLOW.msgflow.
Successfully added file ITM_APP\ITM_FLOW.msgflow to BAR file.

==============================================

!Tue Feb 28 15:24:52 ICT 2023

Processing file ITM_APP\ITM_FLOW.esql.
Successfully added file ITM_APP\ITM_FLOW.esql to BAR file.

==============================================

!Tue Feb 28 15:24:52 ICT 2023

Processing file ITM_APP\application.descriptor.
Successfully added file ITM_APP\application.descriptor to BAR file.
Elapsed time: 0.001 second(s).

Successfully added file ITM_APP\application.descriptor to BAR file.

==============================================

!Tue Feb 28 15:24:52 ICT 2023

Processing file ITM_APP\application.descriptor.
Successfully added file ITM_APP\application.descriptor to BAR file.
Elapsed time: 0 second(s).

Successfully added file ITM_APP\application.descriptor to BAR file.

==============================================

!Tue Feb 28 15:24:54 ICT 2023

Processing file SUBFLOW_UTIL_PROJECT.
Library file SUBFLOW_UTIL_PROJECT.libzip successfully added to the BAR.
Library compiled contents:
    
    Processing file SUBFLOW_UTIL_PROJECT\CHECK_EOD_WS_SUBFLOW.subflow.
    Successfully added file SUBFLOW_UTIL_PROJECT\CHECK_EOD_WS_SUBFLOW.subflow to BAR file.
    
    
    Processing file SUBFLOW_UTIL_PROJECT\FAULT_MESSAGE.esql.
    Successfully added file SUBFLOW_UTIL_PROJECT\FAULT_MESSAGE.esql to BAR file.
    
    
    Processing file SUBFLOW_UTIL_PROJECT\WS_MBASE_SUBFLOW.esql.
    Successfully added file SUBFLOW_UTIL_PROJECT\WS_MBASE_SUBFLOW.esql to BAR file.
    
    
    Processing file SUBFLOW_UTIL_PROJECT\DECRYPT_DOTNET_SUBFLOW.esql.
    Successfully added file SUBFLOW_UTIL_PROJECT\DECRYPT_DOTNET_SUBFLOW.esql to BAR file.
    
    
    Processing file SUBFLOW_UTIL_PROJECT\CHECK_EOD_SUBFLOW.subflow.
    Successfully added file SUBFLOW_UTIL_PROJECT\CHECK_EOD_SUBFLOW.subflow to BAR file.
    
    
    Processing file SUBFLOW_UTIL_PROJECT\WS_MBASE_SUBFLOW.subflow.
    Successfully added file SUBFLOW_UTIL_PROJECT\WS_MBASE_SUBFLOW.subflow to BAR file.
    
    
    Processing file SUBFLOW_UTIL_PROJECT\DECRYPT_DOTNET_SOAP_SUBFLOW.esql.
    Successfully added file SUBFLOW_UTIL_PROJECT\DECRYPT_DOTNET_SOAP_SUBFLOW.esql to BAR file.
    
    
    Processing file SUBFLOW_UTIL_PROJECT\WS_LOG_ERROR.subflow.
    Successfully added file SUBFLOW_UTIL_PROJECT\WS_LOG_ERROR.subflow to BAR file.
    
    
    Processing file SUBFLOW_UTIL_PROJECT\library.descriptor.
    Successfully added file SUBFLOW_UTIL_PROJECT\library.descriptor to BAR file.
    Elapsed time: 0 second(s).
    
    Successfully added file SUBFLOW_UTIL_PROJECT\library.descriptor to BAR file.
    
    
    Processing file SUBFLOW_UTIL_PROJECT\WS_EXTRACT_SUBFLOW.subflow.
    Successfully added file SUBFLOW_UTIL_PROJECT\WS_EXTRACT_SUBFLOW.subflow to BAR file.
    
    
    Processing file SUBFLOW_UTIL_PROJECT\ISO_NETWORK_MANAGEMENT_SUBFLOW.subflow.
    Successfully added file SUBFLOW_UTIL_PROJECT\ISO_NETWORK_MANAGEMENT_SUBFLOW.subflow to BAR file.
    
    
    Processing file SUBFLOW_UTIL_PROJECT\CHECK_EMPTY_SOAP_REQUEST_SUBFLOW.subflow.
    Successfully added file SUBFLOW_UTIL_PROJECT\CHECK_EMPTY_SOAP_REQUEST_SUBFLOW.subflow to BAR file.
    
    
    Processing file SUBFLOW_UTIL_PROJECT\WS_UTIL.esql.
    Successfully added file SUBFLOW_UTIL_PROJECT\WS_UTIL.esql to BAR file.
    
    
    Processing file SUBFLOW_UTIL_PROJECT\REVERSAL_QUEUE_SUBFLOW.subflow.
    Successfully added file SUBFLOW_UTIL_PROJECT\REVERSAL_QUEUE_SUBFLOW.subflow to BAR file.
    
    
    Processing file SUBFLOW_UTIL_PROJECT\WS_LOG_ERROR.esql.
    Successfully added file SUBFLOW_UTIL_PROJECT\WS_LOG_ERROR.esql to BAR file.
    
    
    Processing file SUBFLOW_UTIL_PROJECT\WS_ROUTER.esql.
    Successfully added file SUBFLOW_UTIL_PROJECT\WS_ROUTER.esql to BAR file.
    
    
    Processing file SUBFLOW_UTIL_PROJECT\ISO_UTIL.esql.
    Successfully added file SUBFLOW_UTIL_PROJECT\ISO_UTIL.esql to BAR file.
    
    
    Processing file SUBFLOW_UTIL_PROJECT\DECRYPT_DOTNET_SOAP_SUBFLOW.subflow.
    Successfully added file SUBFLOW_UTIL_PROJECT\DECRYPT_DOTNET_SOAP_SUBFLOW.subflow to BAR file.
    
    
    Processing file SUBFLOW_UTIL_PROJECT\WS_ROUTER_SUBFLOW.subflow.
    Successfully added file SUBFLOW_UTIL_PROJECT\WS_ROUTER_SUBFLOW.subflow to BAR file.
    
    
    Processing file SUBFLOW_UTIL_PROJECT\FILTER_UTIL.esql.
    Successfully added file SUBFLOW_UTIL_PROJECT\FILTER_UTIL.esql to BAR file.
    
    
    Processing file SUBFLOW_UTIL_PROJECT\CHECK_EOD_SUBFLOW.esql.
    Successfully added file SUBFLOW_UTIL_PROJECT\CHECK_EOD_SUBFLOW.esql to BAR file.
    
    
    Processing file SUBFLOW_UTIL_PROJECT\DECRYPT_DOTNET_SUBFLOW.subflow.
    Successfully added file SUBFLOW_UTIL_PROJECT\DECRYPT_DOTNET_SUBFLOW.subflow to BAR file.
    
    
    Processing file SUBFLOW_UTIL_PROJECT\ESQL_UTIL.esql.
    Successfully added file SUBFLOW_UTIL_PROJECT\ESQL_UTIL.esql to BAR file.
    
    
    Processing file SUBFLOW_UTIL_PROJECT\WS_ROUTER_SUBFLOW.esql.
    Successfully added file SUBFLOW_UTIL_PROJECT\WS_ROUTER_SUBFLOW.esql to BAR file.
    
    
    Processing file SUBFLOW_UTIL_PROJECT\CHECK_EMPTY_SOAP_SUBFLOW.subflow.
    Successfully added file SUBFLOW_UTIL_PROJECT\CHECK_EMPTY_SOAP_SUBFLOW.subflow to BAR file.
    

Elapsed time: 1.457 second(s).

==============================================

!Tue Feb 28 15:24:54 ICT 2023

Processing file SUBFLOW_LOGDB_LIB.
Library file SUBFLOW_LOGDB_LIB.libzip successfully added to the BAR.
Library compiled contents:
    
    Processing file SUBFLOW_LOGDB_LIB\LOG_DB_SOAP_SUBFLOW.esql.
    Successfully added file SUBFLOW_LOGDB_LIB\LOG_DB_SOAP_SUBFLOW.esql to BAR file.
    
    
    Processing file SUBFLOW_LOGDB_LIB\LOG_DB_SOAP.subflow.
    Successfully added file SUBFLOW_LOGDB_LIB\LOG_DB_SOAP.subflow to BAR file.
    
    
    Processing file SUBFLOW_LOGDB_LIB\LOG_DB_REST_CLIENT_SUBFLOW.esql.
    Successfully added file SUBFLOW_LOGDB_LIB\LOG_DB_REST_CLIENT_SUBFLOW.esql to BAR file.
    
    
    Processing file SUBFLOW_LOGDB_LIB\LOG_DB_SOAP_CLIENT.subflow.
    Successfully added file SUBFLOW_LOGDB_LIB\LOG_DB_SOAP_CLIENT.subflow to BAR file.
    
    
    Processing file SUBFLOW_LOGDB_LIB\library.descriptor.
    Successfully added file SUBFLOW_LOGDB_LIB\library.descriptor to BAR file.
    Elapsed time: 0 second(s).
    
    Successfully added file SUBFLOW_LOGDB_LIB\library.descriptor to BAR file.
    
    
    Processing file SUBFLOW_LOGDB_LIB\LOG_DB_REST_CLIENT.subflow.
    Successfully added file SUBFLOW_LOGDB_LIB\LOG_DB_REST_CLIENT.subflow to BAR file.
    
    
    Processing file SUBFLOW_LOGDB_LIB\LOG_DB_SUBFLOW.subflow.
    Successfully added file SUBFLOW_LOGDB_LIB\LOG_DB_SUBFLOW.subflow to BAR file.
    
    
    Processing file SUBFLOW_LOGDB_LIB\LOG_DB_ERROR_SUBFLOW.subflow.
    Successfully added file SUBFLOW_LOGDB_LIB\LOG_DB_ERROR_SUBFLOW.subflow to BAR file.
    
    
    Processing file SUBFLOW_LOGDB_LIB\LOG_DB_SOAP_CLIENT_SUBFLOW.esql.
    Successfully added file SUBFLOW_LOGDB_LIB\LOG_DB_SOAP_CLIENT_SUBFLOW.esql to BAR file.
    

Elapsed time: 0.795 second(s).

==============================================

!Tue Feb 28 15:24:55 ICT 2023

Processing file SUBFLOW_LOGDB_SOAP_LIB.
Library file SUBFLOW_LOGDB_SOAP_LIB.libzip successfully added to the BAR.
Library compiled contents:
    
    Processing file SUBFLOW_LOGDB_SOAP_LIB\LOG_DB_SOAP_SUBFLOW.esql.
    Successfully added file SUBFLOW_LOGDB_SOAP_LIB\LOG_DB_SOAP_SUBFLOW.esql to BAR file.
    
    
    Processing file SUBFLOW_LOGDB_SOAP_LIB\LOG_DB_SOAP_ERROR_REPLY_SUBFLOW.esql.
    Successfully added file SUBFLOW_LOGDB_SOAP_LIB\LOG_DB_SOAP_ERROR_REPLY_SUBFLOW.esql to BAR file.
    
    
    Processing file SUBFLOW_LOGDB_SOAP_LIB\LOG_DB_SOAP_SUBFLOW.subflow.
    Successfully added file SUBFLOW_LOGDB_SOAP_LIB\LOG_DB_SOAP_SUBFLOW.subflow to BAR file.
    
    
    Processing file SUBFLOW_LOGDB_SOAP_LIB\LOG_DB_SOAP_REPLY_SUBFLOW.subflow.
    Successfully added file SUBFLOW_LOGDB_SOAP_LIB\LOG_DB_SOAP_REPLY_SUBFLOW.subflow to BAR file.
    
    
    Processing file SUBFLOW_LOGDB_SOAP_LIB\library.descriptor.
    Successfully added file SUBFLOW_LOGDB_SOAP_LIB\library.descriptor to BAR file.
    Elapsed time: 0 second(s).
    
    Successfully added file SUBFLOW_LOGDB_SOAP_LIB\library.descriptor to BAR file.
    

Elapsed time: 0.185 second(s).

==============================================

!Tue Feb 28 15:24:56 ICT 2023

Processing file UTIL_JAVA_PROJECTLIB.
Library file UTIL_JAVA_PROJECTLIB.libzip successfully added to the BAR.
Library compiled contents:
    
    Processing file UTIL_JAVA_PROJECT\.classpath.
    Successfully added file UTIL_JAVA_PROJECT\.classpath to BAR file.
    Elapsed time: 1.418 second(s).
    
    
    Processing file UTIL_JAVA_PROJECTLIB\library.descriptor.
    Successfully added file UTIL_JAVA_PROJECTLIB\library.descriptor to BAR file.
    Elapsed time: 0.001 second(s).
    
    Successfully added file UTIL_JAVA_PROJECTLIB\library.descriptor to BAR file.
    

Elapsed time: 1.422 second(s).

