AMQCO2004I: Formatter started at:2:42:59 PM WIB Tuesday, August 6, 2024
8/6/24 14:42:59.791  AMQUT0007I: The java.util.logging configuration is now set to /opt/mqm/amqp/config/amqptraceOff.properties.
8/6/24 14:42:59.879  AMQXR0005I: Running com.ibm.mq.MQXRService.RunMQXRService version p920-L200709.
AMQCO2005I: Formatter stopped at:2:42:59 PM WIB Tuesday, August 6, 2024
AMQCO2004I: Formatter started at:2:42:59 PM WIB Tuesday, August 6, 2024
8/6/24 14:42:59.918  AMQUT0007I: The java.util.logging configuration is now set to /MQHA/SMSBROKERQM/data/SMSBROKER!QM/./amqp/amqptraceOff.properties.
8/6/24 14:43:01.165  AMQXR0015I: AMQP Service started successfully (0 channels running, 0 channels stopped). PID(2070).
AMQCO2004I: Formatter started at:12:17:59 PM WIB Saturday, August 10, 2024
8/10/24 12:17:59.937  AMQUT0007I: The java.util.logging configuration is now set to /opt/mqm/amqp/config/amqptraceOff.properties.
8/10/24 12:18:00.116  AMQXR0005I: Running com.ibm.mq.MQXRService.RunMQXRService version p920-L200709.
AMQCO2005I: Formatter stopped at:12:18:00 PM WIB Saturday, August 10, 2024
AMQCO2004I: Formatter started at:12:18:00 PM WIB Saturday, August 10, 2024
8/10/24 12:18:00.125  AMQUT0007I: The java.util.logging configuration is now set to /MQHA/SMSBROKERQM/data/SMSBROKER!QM/./amqp/amqptraceOff.properties.
8/10/24 12:18:02.352  AMQXR0015I: AMQP Service started successfully (0 channels running, 0 channels stopped). PID(1120).
AMQCO2004I: Formatter started at:12:18:06 PM WIB Saturday, August 10, 2024
8/10/24 12:18:06.882  AMQUT0007I: The java.util.logging configuration is now set to /opt/mqm/amqp/config/amqptraceOff.properties.
8/10/24 12:18:07.080  AMQXR0005I: Running com.ibm.mq.MQXRService.RunMQXRService version p920-L200709.
AMQCO2005I: Formatter stopped at:12:18:07 PM WIB Saturday, August 10, 2024
AMQCO2004I: Formatter started at:12:18:07 PM WIB Saturday, August 10, 2024
8/10/24 12:18:07.090  AMQUT0007I: The java.util.logging configuration is now set to /MQHA/SMSBROKERQM/data/SMSBROKER!QM/./amqp/amqptraceOff.properties.
8/10/24 12:18:08.845  AMQXR0015I: AMQP Service started successfully (0 channels running, 0 channels stopped). PID(1044).
AMQCO2004I: Formatter started at:12:18:12 PM WIB Saturday, August 10, 2024
8/10/24 12:18:12.489  AMQUT0007I: The java.util.logging configuration is now set to /opt/mqm/amqp/config/amqptraceOff.properties.
8/10/24 12:18:12.597  AMQXR0005I: Running com.ibm.mq.MQXRService.RunMQXRService version p920-L200709.
AMQCO2005I: Formatter stopped at:12:18:12 PM WIB Saturday, August 10, 2024
AMQCO2004I: Formatter started at:12:18:12 PM WIB Saturday, August 10, 2024
8/10/24 12:18:12.601  AMQUT0007I: The java.util.logging configuration is now set to /MQHA/SMSBROKERQM/data/SMSBROKER!QM/./amqp/amqptraceOff.properties.
8/10/24 12:18:14.604  AMQXR0015I: AMQP Service started successfully (0 channels running, 0 channels stopped). PID(1043).
AMQCO2004I: Formatter started at:12:18:18 PM WIB Saturday, August 10, 2024
8/10/24 12:18:18.359  AMQUT0007I: The java.util.logging configuration is now set to /opt/mqm/amqp/config/amqptraceOff.properties.
8/10/24 12:18:18.492  AMQXR0005I: Running com.ibm.mq.MQXRService.RunMQXRService version p920-L200709.
AMQCO2005I: Formatter stopped at:12:18:18 PM WIB Saturday, August 10, 2024
AMQCO2004I: Formatter started at:12:18:18 PM WIB Saturday, August 10, 2024
8/10/24 12:18:18.496  AMQUT0007I: The java.util.logging configuration is now set to /MQHA/SMSBROKERQM/data/SMSBROKER!QM/./amqp/amqptraceOff.properties.
8/10/24 12:18:20.559  AMQXR0015I: AMQP Service started successfully (0 channels running, 0 channels stopped). PID(1024).
AMQCO2004I: Formatter started at:12:18:24 PM WIB Saturday, August 10, 2024
8/10/24 12:18:24.912  AMQUT0007I: The java.util.logging configuration is now set to /opt/mqm/amqp/config/amqptraceOff.properties.
8/10/24 12:18:25.016  AMQXR0005I: Running com.ibm.mq.MQXRService.RunMQXRService version p920-L200709.
AMQCO2005I: Formatter stopped at:12:18:25 PM WIB Saturday, August 10, 2024
AMQCO2004I: Formatter started at:12:18:25 PM WIB Saturday, August 10, 2024
8/10/24 12:18:25.023  AMQUT0007I: The java.util.logging configuration is now set to /MQHA/SMSBROKERQM/data/SMSBROKER!QM/./amqp/amqptraceOff.properties.
8/10/24 12:18:26.989  AMQXR0015I: AMQP Service started successfully (0 channels running, 0 channels stopped). PID(1043).
AMQCO2004I: Formatter started at:12:18:33 PM WIB Saturday, August 10, 2024
8/10/24 12:18:33.554  AMQUT0007I: The java.util.logging configuration is now set to /opt/mqm/amqp/config/amqptraceOff.properties.
8/10/24 12:18:33.719  AMQXR0005I: Running com.ibm.mq.MQXRService.RunMQXRService version p920-L200709.
AMQCO2005I: Formatter stopped at:12:18:33 PM WIB Saturday, August 10, 2024
AMQCO2004I: Formatter started at:12:18:33 PM WIB Saturday, August 10, 2024
8/10/24 12:18:33.725  AMQUT0007I: The java.util.logging configuration is now set to /MQHA/SMSBROKERQM/data/SMSBROKER!QM/./amqp/amqptraceOff.properties.
8/10/24 12:18:35.762  AMQXR0015I: AMQP Service started successfully (0 channels running, 0 channels stopped). PID(1045).
AMQCO2004I: Formatter started at:12:18:43 PM WIB Saturday, August 10, 2024
8/10/24 12:18:43.270  AMQUT0007I: The java.util.logging configuration is now set to /opt/mqm/amqp/config/amqptraceOff.properties.
8/10/24 12:18:43.437  AMQXR0005I: Running com.ibm.mq.MQXRService.RunMQXRService version p920-L200709.
AMQCO2005I: Formatter stopped at:12:18:43 PM WIB Saturday, August 10, 2024
AMQCO2004I: Formatter started at:12:18:43 PM WIB Saturday, August 10, 2024
8/10/24 12:18:43.444  AMQUT0007I: The java.util.logging configuration is now set to /MQHA/SMSBROKERQM/data/SMSBROKER!QM/./amqp/amqptraceOff.properties.
8/10/24 12:18:46.037  AMQXR0015I: AMQP Service started successfully (0 channels running, 0 channels stopped). PID(1022).
AMQCO2004I: Formatter started at:12:18:58 PM WIB Saturday, August 10, 2024
8/10/24 12:18:57.988  AMQUT0007I: The java.util.logging configuration is now set to /opt/mqm/amqp/config/amqptraceOff.properties.
8/10/24 12:18:58.196  AMQXR0005I: Running com.ibm.mq.MQXRService.RunMQXRService version p920-L200709.
AMQCO2005I: Formatter stopped at:12:18:58 PM WIB Saturday, August 10, 2024
AMQCO2004I: Formatter started at:12:18:58 PM WIB Saturday, August 10, 2024
8/10/24 12:18:58.202  AMQUT0007I: The java.util.logging configuration is now set to /MQHA/SMSBROKERQM/data/SMSBROKER!QM/./amqp/amqptraceOff.properties.
8/10/24 12:19:00.556  AMQXR0015I: AMQP Service started successfully (0 channels running, 0 channels stopped). PID(1024).
AMQCO2004I: Formatter started at:12:19:18 PM WIB Saturday, August 10, 2024
8/10/24 12:19:18.927  AMQUT0007I: The java.util.logging configuration is now set to /opt/mqm/amqp/config/amqptraceOff.properties.
8/10/24 12:19:19.104  AMQXR0005I: Running com.ibm.mq.MQXRService.RunMQXRService version p920-L200709.
AMQCO2005I: Formatter stopped at:12:19:19 PM WIB Saturday, August 10, 2024
AMQCO2004I: Formatter started at:12:19:19 PM WIB Saturday, August 10, 2024
8/10/24 12:19:19.110  AMQUT0007I: The java.util.logging configuration is now set to /MQHA/SMSBROKERQM/data/SMSBROKER!QM/./amqp/amqptraceOff.properties.
8/10/24 12:19:21.360  AMQXR0015I: AMQP Service started successfully (0 channels running, 0 channels stopped). PID(1038).
AMQCO2004I: Formatter started at:12:19:52 PM WIB Saturday, August 10, 2024
8/10/24 12:19:52.222  AMQUT0007I: The java.util.logging configuration is now set to /opt/mqm/amqp/config/amqptraceOff.properties.
8/10/24 12:19:52.371  AMQXR0005I: Running com.ibm.mq.MQXRService.RunMQXRService version p920-L200709.
AMQCO2005I: Formatter stopped at:12:19:52 PM WIB Saturday, August 10, 2024
AMQCO2004I: Formatter started at:12:19:52 PM WIB Saturday, August 10, 2024
8/10/24 12:19:52.377  AMQUT0007I: The java.util.logging configuration is now set to /MQHA/SMSBROKERQM/data/SMSBROKER!QM/./amqp/amqptraceOff.properties.
8/10/24 12:19:54.935  AMQXR0015I: AMQP Service started successfully (0 channels running, 0 channels stopped). PID(1042).
AMQCO2004I: Formatter started at:12:20:24 PM WIB Saturday, August 10, 2024
8/10/24 12:20:24.350  AMQUT0007I: The java.util.logging configuration is now set to /opt/mqm/amqp/config/amqptraceOff.properties.
8/10/24 12:20:24.545  AMQXR0005I: Running com.ibm.mq.MQXRService.RunMQXRService version p920-L200709.
AMQCO2005I: Formatter stopped at:12:20:24 PM WIB Saturday, August 10, 2024
AMQCO2004I: Formatter started at:12:20:24 PM WIB Saturday, August 10, 2024
8/10/24 12:20:24.551  AMQUT0007I: The java.util.logging configuration is now set to /MQHA/SMSBROKERQM/data/SMSBROKER!QM/./amqp/amqptraceOff.properties.
8/10/24 12:20:26.945  AMQXR0015I: AMQP Service started successfully (0 channels running, 0 channels stopped). PID(994).
AMQCO2004I: Formatter started at:12:37:57 PM WIB Saturday, August 10, 2024
8/10/24 12:37:57.181  AMQUT0007I: The java.util.logging configuration is now set to /opt/mqm/amqp/config/amqptraceOff.properties.
8/10/24 12:37:57.315  AMQXR0005I: Running com.ibm.mq.MQXRService.RunMQXRService version p920-L200709.
AMQCO2005I: Formatter stopped at:12:37:57 PM WIB Saturday, August 10, 2024
AMQCO2004I: Formatter started at:12:37:57 PM WIB Saturday, August 10, 2024
8/10/24 12:37:57.325  AMQUT0007I: The java.util.logging configuration is now set to /MQHA/SMSBROKERQM/data/SMSBROKER!QM/./amqp/amqptraceOff.properties.
8/10/24 12:37:59.840  AMQXR0015I: AMQP Service started successfully (0 channels running, 0 channels stopped). PID(994).
AMQCO2004I: Formatter started at:1:33:16 PM WIB Saturday, August 10, 2024
8/10/24 13:33:16.613  AMQUT0007I: The java.util.logging configuration is now set to /opt/mqm/amqp/config/amqptraceOff.properties.
8/10/24 13:33:18.484  AMQXR0005I: Running com.ibm.mq.MQXRService.RunMQXRService version p920-L200709.
AMQCO2005I: Formatter stopped at:1:33:18 PM WIB Saturday, August 10, 2024
AMQCO2004I: Formatter started at:1:33:18 PM WIB Saturday, August 10, 2024
8/10/24 13:33:18.639  AMQUT0007I: The java.util.logging configuration is now set to /MQHA/SMSBROKERQM/data/SMSBROKER!QM/./amqp/amqptraceOff.properties.
8/10/24 13:33:53.363  AMQXR0015I: AMQP Service started successfully (0 channels running, 0 channels stopped). PID(994).
AMQCO2004I: Formatter started at:1:42:43 PM WIB Saturday, August 10, 2024
8/10/24 13:42:43.490  AMQUT0007I: The java.util.logging configuration is now set to /opt/mqm/amqp/config/amqptraceOff.properties.
8/10/24 13:42:43.659  AMQXR0005I: Running com.ibm.mq.MQXRService.RunMQXRService version p920-L200709.
AMQCO2005I: Formatter stopped at:1:42:43 PM WIB Saturday, August 10, 2024
AMQCO2004I: Formatter started at:1:42:43 PM WIB Saturday, August 10, 2024
8/10/24 13:42:43.666  AMQUT0007I: The java.util.logging configuration is now set to /MQHA/SMSBROKERQM/data/SMSBROKER!QM/./amqp/amqptraceOff.properties.
8/10/24 13:42:46.485  AMQXR0015I: AMQP Service started successfully (0 channels running, 0 channels stopped). PID(1074).
AMQCO2004I: Formatter started at:12:54:11 AM WIB Sunday, August 11, 2024
8/11/24 00:54:11.454  AMQUT0007I: The java.util.logging configuration is now set to /opt/mqm/amqp/config/amqptraceOff.properties.
8/11/24 00:54:11.581  AMQXR0005I: Running com.ibm.mq.MQXRService.RunMQXRService version p920-L200709.
AMQCO2005I: Formatter stopped at:12:54:11 AM WIB Sunday, August 11, 2024
AMQCO2004I: Formatter started at:12:54:11 AM WIB Sunday, August 11, 2024
8/11/24 00:54:11.586  AMQUT0007I: The java.util.logging configuration is now set to /MQHA/SMSBROKERQM/data/SMSBROKER!QM/./amqp/amqptraceOff.properties.
8/11/24 00:54:13.226  AMQXR0015I: AMQP Service started successfully (0 channels running, 0 channels stopped). PID(1072).
AMQCO2004I: Formatter started at:2:41:57 AM WIB Sunday, August 11, 2024
8/11/24 02:41:57.629  AMQUT0007I: The java.util.logging configuration is now set to /opt/mqm/amqp/config/amqptraceOff.properties.
8/11/24 02:41:57.836  AMQXR0005I: Running com.ibm.mq.MQXRService.RunMQXRService version p920-L200709.
AMQCO2005I: Formatter stopped at:2:41:57 AM WIB Sunday, August 11, 2024
AMQCO2004I: Formatter started at:2:41:57 AM WIB Sunday, August 11, 2024
8/11/24 02:41:57.859  AMQUT0007I: The java.util.logging configuration is now set to /MQHA/SMSBROKERQM/data/SMSBROKER!QM/./amqp/amqptraceOff.properties.
8/11/24 02:42:00.607  AMQXR0015I: AMQP Service started successfully (0 channels running, 0 channels stopped). PID(1012).
AMQCO2004I: Formatter started at:12:28:16 PM WIB Sunday, August 11, 2024
8/11/24 12:28:16.874  AMQUT0007I: The java.util.logging configuration is now set to /opt/mqm/amqp/config/amqptraceOff.properties.
8/11/24 12:28:17.048  AMQXR0005I: Running com.ibm.mq.MQXRService.RunMQXRService version p920-L200709.
AMQCO2005I: Formatter stopped at:12:28:17 PM WIB Sunday, August 11, 2024
AMQCO2004I: Formatter started at:12:28:17 PM WIB Sunday, August 11, 2024
8/11/24 12:28:17.068  AMQUT0007I: The java.util.logging configuration is now set to /MQHA/SMSBROKERQM/data/SMSBROKER!QM/./amqp/amqptraceOff.properties.
8/11/24 12:28:19.141  AMQXR0015I: AMQP Service started successfully (0 channels running, 0 channels stopped). PID(1013).
AMQCO2004I: Formatter started at:3:51:32 PM WIB Sunday, August 11, 2024
8/11/24 15:51:32.143  AMQUT0007I: The java.util.logging configuration is now set to /opt/mqm/amqp/config/amqptraceOff.properties.
8/11/24 15:51:36.018  AMQXR0005I: Running com.ibm.mq.MQXRService.RunMQXRService version p920-L200709.
AMQCO2005I: Formatter stopped at:3:51:36 PM WIB Sunday, August 11, 2024
AMQCO2004I: Formatter started at:3:51:36 PM WIB Sunday, August 11, 2024
8/11/24 15:51:36.266  AMQUT0007I: The java.util.logging configuration is now set to /MQHA/SMSBROKERQM/data/SMSBROKER!QM/./amqp/amqptraceOff.properties.
8/11/24 15:52:09.643  AMQXR0015I: AMQP Service started successfully (0 channels running, 0 channels stopped). PID(993).
AMQCO2004I: Formatter started at:10:27:05 PM WIB Monday, August 12, 2024
8/12/24 22:27:05.117  AMQUT0007I: The java.util.logging configuration is now set to /opt/mqm/amqp/config/amqptraceOff.properties.
8/12/24 22:27:05.270  AMQXR0005I: Running com.ibm.mq.MQXRService.RunMQXRService version p920-L200709.
AMQCO2005I: Formatter stopped at:10:27:05 PM WIB Monday, August 12, 2024
AMQCO2004I: Formatter started at:10:27:05 PM WIB Monday, August 12, 2024
8/12/24 22:27:05.275  AMQUT0007I: The java.util.logging configuration is now set to /MQHA/SMSBROKERQM/data/SMSBROKER!QM/./amqp/amqptraceOff.properties.
8/12/24 22:27:06.850  AMQXR0015I: AMQP Service started successfully (0 channels running, 0 channels stopped). PID(1013).
AMQCO2004I: Formatter started at:11:48:20 PM WIB Saturday, August 17, 2024
8/17/24 23:48:20.764  AMQUT0007I: The java.util.logging configuration is now set to /opt/mqm/amqp/config/amqptraceOff.properties.
8/17/24 23:48:20.907  AMQXR0005I: Running com.ibm.mq.MQXRService.RunMQXRService version p920-L200709.
AMQCO2005I: Formatter stopped at:11:48:20 PM WIB Saturday, August 17, 2024
AMQCO2004I: Formatter started at:11:48:20 PM WIB Saturday, August 17, 2024
8/17/24 23:48:20.912  AMQUT0007I: The java.util.logging configuration is now set to /MQHA/SMSBROKERQM/data/SMSBROKER!QM/./amqp/amqptraceOff.properties.
8/17/24 23:48:22.852  AMQXR0015I: AMQP Service started successfully (0 channels running, 0 channels stopped). PID(1074).
AMQCO2004I: Formatter started at:11:51:10 PM WIB Saturday, August 17, 2024
8/17/24 23:51:10.902  AMQUT0007I: The java.util.logging configuration is now set to /opt/mqm/amqp/config/amqptraceOff.properties.
8/17/24 23:51:11.122  AMQXR0005I: Running com.ibm.mq.MQXRService.RunMQXRService version p920-L200709.
AMQCO2005I: Formatter stopped at:11:51:11 PM WIB Saturday, August 17, 2024
AMQCO2004I: Formatter started at:11:51:11 PM WIB Saturday, August 17, 2024
8/17/24 23:51:11.130  AMQUT0007I: The java.util.logging configuration is now set to /MQHA/SMSBROKERQM/data/SMSBROKER!QM/./amqp/amqptraceOff.properties.
8/17/24 23:51:13.525  AMQXR0015I: AMQP Service started successfully (0 channels running, 0 channels stopped). PID(980).
AMQCO2004I: Formatter started at:12:08:56 AM WIB Sunday, August 18, 2024
8/18/24 00:08:56.322  AMQUT0007I: The java.util.logging configuration is now set to /opt/mqm/amqp/config/amqptraceOff.properties.
8/18/24 00:08:56.574  AMQXR0005I: Running com.ibm.mq.MQXRService.RunMQXRService version p920-L200709.
AMQCO2005I: Formatter stopped at:12:08:56 AM WIB Sunday, August 18, 2024
AMQCO2004I: Formatter started at:12:08:56 AM WIB Sunday, August 18, 2024
8/18/24 00:08:56.592  AMQUT0007I: The java.util.logging configuration is now set to /MQHA/SMSBROKERQM/data/SMSBROKER!QM/./amqp/amqptraceOff.properties.
8/18/24 00:09:00.284  AMQXR0015I: AMQP Service started successfully (0 channels running, 0 channels stopped). PID(1013).
AMQCO2004I: Formatter started at:11:22:23 AM WIB Tuesday, August 20, 2024
8/20/24 11:22:23.241  AMQUT0007I: The java.util.logging configuration is now set to /opt/mqm/amqp/config/amqptraceOff.properties.
8/20/24 11:22:23.438  AMQXR0005I: Running com.ibm.mq.MQXRService.RunMQXRService version p920-L200709.
AMQCO2005I: Formatter stopped at:11:22:23 AM WIB Tuesday, August 20, 2024
AMQCO2004I: Formatter started at:11:22:23 AM WIB Tuesday, August 20, 2024
8/20/24 11:22:23.445  AMQUT0007I: The java.util.logging configuration is now set to /MQHA/SMSBROKERQM/data/SMSBROKER!QM/./amqp/amqptraceOff.properties.
8/20/24 11:22:25.599  AMQXR0015I: AMQP Service started successfully (0 channels running, 0 channels stopped). PID(1013).
AMQCO2004I: Formatter started at:2:42:42 PM WIB Tuesday, August 20, 2024
8/20/24 14:42:42.034  AMQUT0007I: The java.util.logging configuration is now set to /opt/mqm/amqp/config/amqptraceOff.properties.
8/20/24 14:42:42.252  AMQXR0005I: Running com.ibm.mq.MQXRService.RunMQXRService version p920-L200709.
AMQCO2005I: Formatter stopped at:2:42:42 PM WIB Tuesday, August 20, 2024
AMQCO2004I: Formatter started at:2:42:42 PM WIB Tuesday, August 20, 2024
8/20/24 14:42:42.264  AMQUT0007I: The java.util.logging configuration is now set to /MQHA/SMSBROKERQM/data/SMSBROKER!QM/./amqp/amqptraceOff.properties.
8/20/24 14:42:44.949  AMQXR0015I: AMQP Service started successfully (0 channels running, 0 channels stopped). PID(1013).
AMQCO2004I: Formatter started at:2:54:30 AM WIB Sunday, August 25, 2024
8/25/24 02:54:30.128  AMQUT0007I: The java.util.logging configuration is now set to /opt/mqm/amqp/config/amqptraceOff.properties.
8/25/24 02:54:30.388  AMQXR0005I: Running com.ibm.mq.MQXRService.RunMQXRService version p920-L200709.
AMQCO2005I: Formatter stopped at:2:54:30 AM WIB Sunday, August 25, 2024
AMQCO2004I: Formatter started at:2:54:30 AM WIB Sunday, August 25, 2024
8/25/24 02:54:30.394  AMQUT0007I: The java.util.logging configuration is now set to /MQHA/SMSBROKERQM/data/SMSBROKER!QM/./amqp/amqptraceOff.properties.
8/25/24 02:54:32.751  AMQXR0015I: AMQP Service started successfully (0 channels running, 0 channels stopped). PID(1020).
AMQCO2004I: Formatter started at:11:59:36 AM WIB Sunday, August 25, 2024
8/25/24 11:59:36.125  AMQUT0007I: The java.util.logging configuration is now set to /opt/mqm/amqp/config/amqptraceOff.properties.
8/25/24 11:59:36.228  AMQXR0005I: Running com.ibm.mq.MQXRService.RunMQXRService version p920-L200709.
AMQCO2005I: Formatter stopped at:11:59:36 AM WIB Sunday, August 25, 2024
AMQCO2004I: Formatter started at:11:59:36 AM WIB Sunday, August 25, 2024
8/25/24 11:59:36.231  AMQUT0007I: The java.util.logging configuration is now set to /MQHA/SMSBROKERQM/data/SMSBROKER!QM/./amqp/amqptraceOff.properties.
8/25/24 11:59:37.694  AMQXR0015I: AMQP Service started successfully (0 channels running, 0 channels stopped). PID(1074).
AMQCO2004I: Formatter started at:12:11:59 PM WIB Sunday, August 25, 2024
8/25/24 12:11:59.953  AMQUT0007I: The java.util.logging configuration is now set to /opt/mqm/amqp/config/amqptraceOff.properties.
8/25/24 12:12:00.127  AMQXR0005I: Running com.ibm.mq.MQXRService.RunMQXRService version p920-L200709.
AMQCO2005I: Formatter stopped at:12:12:00 PM WIB Sunday, August 25, 2024
AMQCO2004I: Formatter started at:12:12:00 PM WIB Sunday, August 25, 2024
8/25/24 12:12:00.146  AMQUT0007I: The java.util.logging configuration is now set to /MQHA/SMSBROKERQM/data/SMSBROKER!QM/./amqp/amqptraceOff.properties.
8/25/24 12:12:02.304  AMQXR0015I: AMQP Service started successfully (0 channels running, 0 channels stopped). PID(985).
AMQCO2004I: Formatter started at:12:20:20 PM WIB Sunday, August 25, 2024
8/25/24 12:20:20.104  AMQUT0007I: The java.util.logging configuration is now set to /opt/mqm/amqp/config/amqptraceOff.properties.
8/25/24 12:20:20.277  AMQXR0005I: Running com.ibm.mq.MQXRService.RunMQXRService version p920-L200709.
AMQCO2005I: Formatter stopped at:12:20:20 PM WIB Sunday, August 25, 2024
AMQCO2004I: Formatter started at:12:20:20 PM WIB Sunday, August 25, 2024
8/25/24 12:20:20.284  AMQUT0007I: The java.util.logging configuration is now set to /MQHA/SMSBROKERQM/data/SMSBROKER!QM/./amqp/amqptraceOff.properties.
8/25/24 12:20:22.666  AMQXR0015I: AMQP Service started successfully (0 channels running, 0 channels stopped). PID(1013).
AMQCO2004I: Formatter started at:12:24:36 PM WIB Sunday, August 25, 2024
8/25/24 12:24:36.779  AMQUT0007I: The java.util.logging configuration is now set to /opt/mqm/amqp/config/amqptraceOff.properties.
8/25/24 12:24:36.932  AMQXR0005I: Running com.ibm.mq.MQXRService.RunMQXRService version p920-L200709.
AMQCO2005I: Formatter stopped at:12:24:36 PM WIB Sunday, August 25, 2024
AMQCO2004I: Formatter started at:12:24:36 PM WIB Sunday, August 25, 2024
8/25/24 12:24:36.939  AMQUT0007I: The java.util.logging configuration is now set to /MQHA/SMSBROKERQM/data/SMSBROKER!QM/./amqp/amqptraceOff.properties.
8/25/24 12:24:39.269  AMQXR0015I: AMQP Service started successfully (0 channels running, 0 channels stopped). PID(979).
AMQCO2004I: Formatter started at:11:02:43 AM WIB Tuesday, August 27, 2024
8/27/24 11:02:43.555  AMQUT0007I: The java.util.logging configuration is now set to /opt/mqm/amqp/config/amqptraceOff.properties.
8/27/24 11:02:43.674  AMQXR0005I: Running com.ibm.mq.MQXRService.RunMQXRService version p920-L200709.
AMQCO2005I: Formatter stopped at:11:02:43 AM WIB Tuesday, August 27, 2024
AMQCO2004I: Formatter started at:11:02:43 AM WIB Tuesday, August 27, 2024
8/27/24 11:02:43.678  AMQUT0007I: The java.util.logging configuration is now set to /MQHA/SMSBROKERQM/data/SMSBROKER!QM/./amqp/amqptraceOff.properties.
8/27/24 11:02:45.876  AMQXR0015I: AMQP Service started successfully (0 channels running, 0 channels stopped). PID(1057).
AMQCO2004I: Formatter started at:2:56:21 PM WIB Saturday, August 31, 2024
8/31/24 14:56:21.365  AMQUT0007I: The java.util.logging configuration is now set to /opt/mqm/amqp/config/amqptraceOff.properties.
8/31/24 14:56:21.517  AMQXR0005I: Running com.ibm.mq.MQXRService.RunMQXRService version p920-L200709.
AMQCO2005I: Formatter stopped at:2:56:21 PM WIB Saturday, August 31, 2024
AMQCO2004I: Formatter started at:2:56:21 PM WIB Saturday, August 31, 2024
8/31/24 14:56:21.522  AMQUT0007I: The java.util.logging configuration is now set to /MQHA/SMSBROKERQM/data/SMSBROKER!QM/./amqp/amqptraceOff.properties.
8/31/24 14:56:23.752  AMQXR0015I: AMQP Service started successfully (0 channels running, 0 channels stopped). PID(1077).
AMQCO2004I: Formatter started at:7:51:27 PM WIB Sunday, September 1, 2024
9/1/24 19:51:27.023  AMQUT0007I: The java.util.logging configuration is now set to /opt/mqm/amqp/config/amqptraceOff.properties.
9/1/24 19:51:27.219  AMQXR0005I: Running com.ibm.mq.MQXRService.RunMQXRService version p920-L200709.
AMQCO2005I: Formatter stopped at:7:51:27 PM WIB Sunday, September 1, 2024
AMQCO2004I: Formatter started at:7:51:27 PM WIB Sunday, September 1, 2024
9/1/24 19:51:27.228  AMQUT0007I: The java.util.logging configuration is now set to /MQHA/SMSBROKERQM/data/SMSBROKER!QM/./amqp/amqptraceOff.properties.
9/1/24 19:51:30.070  AMQXR0015I: AMQP Service started successfully (0 channels running, 0 channels stopped). PID(1007).
AMQCO2004I: Formatter started at:2:55:26 AM WIB Tuesday, September 3, 2024
9/3/24 02:55:26.513  AMQUT0007I: The java.util.logging configuration is now set to /opt/mqm/amqp/config/amqptraceOff.properties.
9/3/24 02:55:26.735  AMQXR0005I: Running com.ibm.mq.MQXRService.RunMQXRService version p920-L200709.
AMQCO2005I: Formatter stopped at:2:55:26 AM WIB Tuesday, September 3, 2024
AMQCO2004I: Formatter started at:2:55:26 AM WIB Tuesday, September 3, 2024
9/3/24 02:55:26.742  AMQUT0007I: The java.util.logging configuration is now set to /MQHA/SMSBROKERQM/data/SMSBROKER!QM/./amqp/amqptraceOff.properties.
9/3/24 02:55:29.262  AMQXR0015I: AMQP Service started successfully (0 channels running, 0 channels stopped). PID(1076).
AMQCO2004I: Formatter started at:7:55:50 PM WIB Tuesday, September 3, 2024
9/3/24 19:55:50.577  AMQUT0007I: The java.util.logging configuration is now set to /opt/mqm/amqp/config/amqptraceOff.properties.
9/3/24 19:55:50.742  AMQXR0005I: Running com.ibm.mq.MQXRService.RunMQXRService version p920-L200709.
AMQCO2005I: Formatter stopped at:7:55:50 PM WIB Tuesday, September 3, 2024
AMQCO2004I: Formatter started at:7:55:50 PM WIB Tuesday, September 3, 2024
9/3/24 19:55:50.748  AMQUT0007I: The java.util.logging configuration is now set to /MQHA/SMSBROKERQM/data/SMSBROKER!QM/./amqp/amqptraceOff.properties.
9/3/24 19:55:53.277  AMQXR0015I: AMQP Service started successfully (0 channels running, 0 channels stopped). PID(1078).
AMQCO2004I: Formatter started at:10:36:31 AM WIB Monday, September 9, 2024
9/9/24 10:36:31.774  AMQUT0007I: The java.util.logging configuration is now set to /opt/mqm/amqp/config/amqptraceOff.properties.
9/9/24 10:36:31.934  AMQXR0005I: Running com.ibm.mq.MQXRService.RunMQXRService version p920-L200709.
AMQCO2005I: Formatter stopped at:10:36:31 AM WIB Monday, September 9, 2024
AMQCO2004I: Formatter started at:10:36:31 AM WIB Monday, September 9, 2024
9/9/24 10:36:31.946  AMQUT0007I: The java.util.logging configuration is now set to /MQHA/SMSBROKERQM/data/SMSBROKER!QM/./amqp/amqptraceOff.properties.
9/9/24 10:36:35.141  AMQXR0015I: AMQP Service started successfully (0 channels running, 0 channels stopped). PID(1081).
AMQCO2004I: Formatter started at:11:07:43 AM WIB Monday, September 9, 2024
9/9/24 11:07:43.911  AMQUT0007I: The java.util.logging configuration is now set to /opt/mqm/amqp/config/amqptraceOff.properties.
9/9/24 11:07:44.115  AMQXR0005I: Running com.ibm.mq.MQXRService.RunMQXRService version p920-L200709.
AMQCO2005I: Formatter stopped at:11:07:44 AM WIB Monday, September 9, 2024
AMQCO2004I: Formatter started at:11:07:44 AM WIB Monday, September 9, 2024
9/9/24 11:07:44.123  AMQUT0007I: The java.util.logging configuration is now set to /MQHA/SMSBROKERQM/data/SMSBROKER!QM/./amqp/amqptraceOff.properties.
9/9/24 11:07:46.788  AMQXR0015I: AMQP Service started successfully (0 channels running, 0 channels stopped). PID(1028).
AMQCO2004I: Formatter started at:4:45:21 PM WIB Friday, September 13, 2024
9/13/24 16:45:21.122  AMQUT0007I: The java.util.logging configuration is now set to /opt/mqm/amqp/config/amqptraceOff.properties.
9/13/24 16:45:21.428  AMQXR0005I: Running com.ibm.mq.MQXRService.RunMQXRService version p920-L200709.
AMQCO2005I: Formatter stopped at:4:45:21 PM WIB Friday, September 13, 2024
AMQCO2004I: Formatter started at:4:45:21 PM WIB Friday, September 13, 2024
9/13/24 16:45:21.449  AMQUT0007I: The java.util.logging configuration is now set to /MQHA/SMSBROKERQM/data/SMSBROKER!QM/./amqp/amqptraceOff.properties.
9/13/24 16:45:24.582  AMQXR0015I: AMQP Service started successfully (0 channels running, 0 channels stopped). PID(1025).
AMQCO2004I: Formatter started at:8:38:22 PM WIB Friday, September 13, 2024
9/13/24 20:38:22.383  AMQUT0007I: The java.util.logging configuration is now set to /opt/mqm/amqp/config/amqptraceOff.properties.
9/13/24 20:38:22.626  AMQXR0005I: Running com.ibm.mq.MQXRService.RunMQXRService version p920-L200709.
AMQCO2005I: Formatter stopped at:8:38:22 PM WIB Friday, September 13, 2024
AMQCO2004I: Formatter started at:8:38:22 PM WIB Friday, September 13, 2024
9/13/24 20:38:22.648  AMQUT0007I: The java.util.logging configuration is now set to /MQHA/SMSBROKERQM/data/SMSBROKER!QM/./amqp/amqptraceOff.properties.
9/13/24 20:38:25.879  AMQXR0015I: AMQP Service started successfully (0 channels running, 0 channels stopped). PID(1082).
AMQCO2004I: Formatter started at:8:13:53 PM WIB Monday, September 16, 2024
9/16/24 20:13:53.901  AMQUT0007I: The java.util.logging configuration is now set to /opt/mqm/amqp/config/amqptraceOff.properties.
9/16/24 20:13:54.105  AMQXR0005I: Running com.ibm.mq.MQXRService.RunMQXRService version p920-L200709.
AMQCO2005I: Formatter stopped at:8:13:54 PM WIB Monday, September 16, 2024
AMQCO2004I: Formatter started at:8:13:54 PM WIB Monday, September 16, 2024
9/16/24 20:13:54.119  AMQUT0007I: The java.util.logging configuration is now set to /MQHA/SMSBROKERQM/data/SMSBROKER!QM/./amqp/amqptraceOff.properties.
9/16/24 20:13:57.028  AMQXR0015I: AMQP Service started successfully (0 channels running, 0 channels stopped). PID(1027).
AMQCO2004I: Formatter started at:12:11:54 AM WIB Friday, September 20, 2024
9/20/24 00:11:54.502  AMQUT0007I: The java.util.logging configuration is now set to /opt/mqm/amqp/config/amqptraceOff.properties.
9/20/24 00:11:54.711  AMQXR0005I: Running com.ibm.mq.MQXRService.RunMQXRService version p920-L200709.
AMQCO2005I: Formatter stopped at:12:11:54 AM WIB Friday, September 20, 2024
AMQCO2004I: Formatter started at:12:11:54 AM WIB Friday, September 20, 2024
9/20/24 00:11:54.721  AMQUT0007I: The java.util.logging configuration is now set to /MQHA/SMSBROKERQM/data/SMSBROKER!QM/./amqp/amqptraceOff.properties.
9/20/24 00:11:57.543  AMQXR0015I: AMQP Service started successfully (0 channels running, 0 channels stopped). PID(1061).
AMQCO2004I: Formatter started at:6:02:07 AM WIB Saturday, September 21, 2024
9/21/24 06:02:07.068  AMQUT0007I: The java.util.logging configuration is now set to /opt/mqm/amqp/config/amqptraceOff.properties.
9/21/24 06:02:07.294  AMQXR0005I: Running com.ibm.mq.MQXRService.RunMQXRService version p920-L200709.
AMQCO2005I: Formatter stopped at:6:02:07 AM WIB Saturday, September 21, 2024
AMQCO2004I: Formatter started at:6:02:07 AM WIB Saturday, September 21, 2024
9/21/24 06:02:07.300  AMQUT0007I: The java.util.logging configuration is now set to /MQHA/SMSBROKERQM/data/SMSBROKER!QM/./amqp/amqptraceOff.properties.
9/21/24 06:02:10.201  AMQXR0015I: AMQP Service started successfully (0 channels running, 0 channels stopped). PID(1060).
AMQCO2004I: Formatter started at:11:43:12 PM WIB Sunday, September 22, 2024
9/22/24 23:43:12.259  AMQUT0007I: The java.util.logging configuration is now set to /opt/mqm/amqp/config/amqptraceOff.properties.
9/22/24 23:43:12.696  AMQXR0005I: Running com.ibm.mq.MQXRService.RunMQXRService version p920-L200709.
AMQCO2005I: Formatter stopped at:11:43:12 PM WIB Sunday, September 22, 2024
AMQCO2004I: Formatter started at:11:43:12 PM WIB Sunday, September 22, 2024
9/22/24 23:43:12.712  AMQUT0007I: The java.util.logging configuration is now set to /MQHA/SMSBROKERQM/data/SMSBROKER!QM/./amqp/amqptraceOff.properties.
9/22/24 23:43:16.135  AMQXR0015I: AMQP Service started successfully (0 channels running, 0 channels stopped). PID(1059).
AMQCO2004I: Formatter started at:3:20:13 PM WIB Saturday, September 28, 2024
9/28/24 15:20:13.251  AMQUT0007I: The java.util.logging configuration is now set to /opt/mqm/amqp/config/amqptraceOff.properties.
9/28/24 15:20:13.548  AMQXR0005I: Running com.ibm.mq.MQXRService.RunMQXRService version p920-L200709.
AMQCO2005I: Formatter stopped at:3:20:13 PM WIB Saturday, September 28, 2024
AMQCO2004I: Formatter started at:3:20:13 PM WIB Saturday, September 28, 2024
9/28/24 15:20:13.564  AMQUT0007I: The java.util.logging configuration is now set to /MQHA/SMSBROKERQM/data/SMSBROKER!QM/./amqp/amqptraceOff.properties.
9/28/24 15:20:16.263  AMQXR0015I: AMQP Service started successfully (0 channels running, 0 channels stopped). PID(1025).
AMQCO2004I: Formatter started at:4:24:57 AM WIB Monday, September 30, 2024
9/30/24 04:24:57.834  AMQUT0007I: The java.util.logging configuration is now set to /opt/mqm/amqp/config/amqptraceOff.properties.
9/30/24 04:24:58.110  AMQXR0005I: Running com.ibm.mq.MQXRService.RunMQXRService version p920-L200709.
AMQCO2005I: Formatter stopped at:4:24:58 AM WIB Monday, September 30, 2024
AMQCO2004I: Formatter started at:4:24:58 AM WIB Monday, September 30, 2024
9/30/24 04:24:58.135  AMQUT0007I: The java.util.logging configuration is now set to /MQHA/SMSBROKERQM/data/SMSBROKER!QM/./amqp/amqptraceOff.properties.
9/30/24 04:25:00.594  AMQXR0015I: AMQP Service started successfully (0 channels running, 0 channels stopped). PID(1027).
AMQCO2004I: Formatter started at:7:57:52 PM WIB Monday, September 30, 2024
9/30/24 19:57:52.754  AMQUT0007I: The java.util.logging configuration is now set to /opt/mqm/amqp/config/amqptraceOff.properties.
9/30/24 19:57:52.962  AMQXR0005I: Running com.ibm.mq.MQXRService.RunMQXRService version p920-L200709.
AMQCO2005I: Formatter stopped at:7:57:52 PM WIB Monday, September 30, 2024
AMQCO2004I: Formatter started at:7:57:52 PM WIB Monday, September 30, 2024
9/30/24 19:57:52.968  AMQUT0007I: The java.util.logging configuration is now set to /MQHA/SMSBROKERQM/data/SMSBROKER!QM/./amqp/amqptraceOff.properties.
9/30/24 19:57:56.032  AMQXR0015I: AMQP Service started successfully (0 channels running, 0 channels stopped). PID(1008).
AMQCO2004I: Formatter started at:12:05:17 AM WIB Friday, October 4, 2024
10/4/24 00:05:17.195  AMQUT0007I: The java.util.logging configuration is now set to /opt/mqm/amqp/config/amqptraceOff.properties.
10/4/24 00:05:17.419  AMQXR0005I: Running com.ibm.mq.MQXRService.RunMQXRService version p920-L200709.
AMQCO2005I: Formatter stopped at:12:05:17 AM WIB Friday, October 4, 2024
AMQCO2004I: Formatter started at:12:05:17 AM WIB Friday, October 4, 2024
10/4/24 00:05:17.434  AMQUT0007I: The java.util.logging configuration is now set to /MQHA/SMSBROKERQM/data/SMSBROKER!QM/./amqp/amqptraceOff.properties.
10/4/24 00:05:19.989  AMQXR0015I: AMQP Service started successfully (0 channels running, 0 channels stopped). PID(1029).
AMQCO2004I: Formatter started at:5:48:04 PM WIB Saturday, October 5, 2024
10/5/24 17:48:04.436  AMQUT0007I: The java.util.logging configuration is now set to /opt/mqm/amqp/config/amqptraceOff.properties.
10/5/24 17:48:04.640  AMQXR0005I: Running com.ibm.mq.MQXRService.RunMQXRService version p920-L200709.
AMQCO2005I: Formatter stopped at:5:48:04 PM WIB Saturday, October 5, 2024
AMQCO2004I: Formatter started at:5:48:04 PM WIB Saturday, October 5, 2024
10/5/24 17:48:04.646  AMQUT0007I: The java.util.logging configuration is now set to /MQHA/SMSBROKERQM/data/SMSBROKER!QM/./amqp/amqptraceOff.properties.
10/5/24 17:48:07.161  AMQXR0015I: AMQP Service started successfully (0 channels running, 0 channels stopped). PID(1078).
AMQCO2004I: Formatter started at:7:35:25 PM WIB Sunday, October 6, 2024
10/6/24 19:35:25.198  AMQUT0007I: The java.util.logging configuration is now set to /opt/mqm/amqp/config/amqptraceOff.properties.
10/6/24 19:35:25.455  AMQXR0005I: Running com.ibm.mq.MQXRService.RunMQXRService version p920-L200709.
AMQCO2005I: Formatter stopped at:7:35:25 PM WIB Sunday, October 6, 2024
AMQCO2004I: Formatter started at:7:35:25 PM WIB Sunday, October 6, 2024
10/6/24 19:35:25.474  AMQUT0007I: The java.util.logging configuration is now set to /MQHA/SMSBROKERQM/data/SMSBROKER!QM/./amqp/amqptraceOff.properties.
10/6/24 19:35:28.275  AMQXR0015I: AMQP Service started successfully (0 channels running, 0 channels stopped). PID(1026).
AMQCO2004I: Formatter started at:7:36:59 PM WIB Monday, October 7, 2024
10/7/24 19:36:59.866  AMQUT0007I: The java.util.logging configuration is now set to /opt/mqm/amqp/config/amqptraceOff.properties.
10/7/24 19:37:00.100  AMQXR0005I: Running com.ibm.mq.MQXRService.RunMQXRService version p920-L200709.
AMQCO2005I: Formatter stopped at:7:37:00 PM WIB Monday, October 7, 2024
AMQCO2004I: Formatter started at:7:37:00 PM WIB Monday, October 7, 2024
10/7/24 19:37:00.121  AMQUT0007I: The java.util.logging configuration is now set to /MQHA/SMSBROKERQM/data/SMSBROKER!QM/./amqp/amqptraceOff.properties.
10/7/24 19:37:03.114  AMQXR0015I: AMQP Service started successfully (0 channels running, 0 channels stopped). PID(1081).
AMQCO2004I: Formatter started at:3:30:57 PM WIB Tuesday, October 8, 2024
10/8/24 15:30:57.814  AMQUT0007I: The java.util.logging configuration is now set to /opt/mqm/amqp/config/amqptraceOff.properties.
10/8/24 15:30:58.131  AMQXR0005I: Running com.ibm.mq.MQXRService.RunMQXRService version p920-L200709.
AMQCO2005I: Formatter stopped at:3:30:58 PM WIB Tuesday, October 8, 2024
AMQCO2004I: Formatter started at:3:30:58 PM WIB Tuesday, October 8, 2024
10/8/24 15:30:58.140  AMQUT0007I: The java.util.logging configuration is now set to /MQHA/SMSBROKERQM/data/SMSBROKER!QM/./amqp/amqptraceOff.properties.
10/8/24 15:31:01.254  AMQXR0015I: AMQP Service started successfully (0 channels running, 0 channels stopped). PID(1078).
AMQCO2004I: Formatter started at:4:08:43 AM WIB Thursday, October 10, 2024
10/10/24 04:08:42.965  AMQUT0007I: The java.util.logging configuration is now set to /opt/mqm/amqp/config/amqptraceOff.properties.
10/10/24 04:08:43.321  AMQXR0005I: Running com.ibm.mq.MQXRService.RunMQXRService version p920-L200709.
AMQCO2005I: Formatter stopped at:4:08:43 AM WIB Thursday, October 10, 2024
AMQCO2004I: Formatter started at:4:08:43 AM WIB Thursday, October 10, 2024
10/10/24 04:08:43.333  AMQUT0007I: The java.util.logging configuration is now set to /MQHA/SMSBROKERQM/data/SMSBROKER!QM/./amqp/amqptraceOff.properties.
10/10/24 04:08:48.262  AMQXR0015I: AMQP Service started successfully (0 channels running, 0 channels stopped). PID(1027).
AMQCO2004I: Formatter started at:12:57:36 PM WIB Thursday, October 10, 2024
10/10/24 12:57:36.552  AMQUT0007I: The java.util.logging configuration is now set to /opt/mqm/amqp/config/amqptraceOff.properties.
10/10/24 12:57:36.772  AMQXR0005I: Running com.ibm.mq.MQXRService.RunMQXRService version p920-L200709.
AMQCO2005I: Formatter stopped at:12:57:36 PM WIB Thursday, October 10, 2024
AMQCO2004I: Formatter started at:12:57:36 PM WIB Thursday, October 10, 2024
10/10/24 12:57:36.784  AMQUT0007I: The java.util.logging configuration is now set to /MQHA/SMSBROKERQM/data/SMSBROKER!QM/./amqp/amqptraceOff.properties.
10/10/24 12:57:39.837  AMQXR0015I: AMQP Service started successfully (0 channels running, 0 channels stopped). PID(1026).
AMQCO2004I: Formatter started at:4:03:59 PM WIB Thursday, October 10, 2024
10/10/24 16:03:59.670  AMQUT0007I: The java.util.logging configuration is now set to /opt/mqm/amqp/config/amqptraceOff.properties.
10/10/24 16:03:59.890  AMQXR0005I: Running com.ibm.mq.MQXRService.RunMQXRService version p920-L200709.
AMQCO2005I: Formatter stopped at:4:03:59 PM WIB Thursday, October 10, 2024
AMQCO2004I: Formatter started at:4:03:59 PM WIB Thursday, October 10, 2024
10/10/24 16:03:59.899  AMQUT0007I: The java.util.logging configuration is now set to /MQHA/SMSBROKERQM/data/SMSBROKER!QM/./amqp/amqptraceOff.properties.
10/10/24 16:04:02.566  AMQXR0015I: AMQP Service started successfully (0 channels running, 0 channels stopped). PID(1023).
AMQCO2004I: Formatter started at:12:55:12 PM WIB Saturday, October 12, 2024
10/12/24 12:55:12.155  AMQUT0007I: The java.util.logging configuration is now set to /opt/mqm/amqp/config/amqptraceOff.properties.
10/12/24 12:55:12.339  AMQXR0005I: Running com.ibm.mq.MQXRService.RunMQXRService version p920-L200709.
AMQCO2005I: Formatter stopped at:12:55:12 PM WIB Saturday, October 12, 2024
AMQCO2004I: Formatter started at:12:55:12 PM WIB Saturday, October 12, 2024
10/12/24 12:55:12.365  AMQUT0007I: The java.util.logging configuration is now set to /MQHA/SMSBROKERQM/data/SMSBROKER!QM/./amqp/amqptraceOff.properties.
10/12/24 12:55:15.512  AMQXR0015I: AMQP Service started successfully (0 channels running, 0 channels stopped). PID(1081).
AMQCO2004I: Formatter started at:3:55:19 PM WIB Sunday, October 13, 2024
10/13/24 15:55:19.798  AMQUT0007I: The java.util.logging configuration is now set to /opt/mqm/amqp/config/amqptraceOff.properties.
10/13/24 15:55:20.140  AMQXR0005I: Running com.ibm.mq.MQXRService.RunMQXRService version p920-L200709.
AMQCO2005I: Formatter stopped at:3:55:20 PM WIB Sunday, October 13, 2024
AMQCO2004I: Formatter started at:3:55:20 PM WIB Sunday, October 13, 2024
10/13/24 15:55:20.171  AMQUT0007I: The java.util.logging configuration is now set to /MQHA/SMSBROKERQM/data/SMSBROKER!QM/./amqp/amqptraceOff.properties.
10/13/24 15:55:24.109  AMQXR0015I: AMQP Service started successfully (0 channels running, 0 channels stopped). PID(1074).
AMQCO2004I: Formatter started at:3:43:15 PM WIB Tuesday, October 15, 2024
10/15/24 15:43:15.672  AMQUT0007I: The java.util.logging configuration is now set to /opt/mqm/amqp/config/amqptraceOff.properties.
10/15/24 15:43:15.866  AMQXR0005I: Running com.ibm.mq.MQXRService.RunMQXRService version p920-L200709.
AMQCO2005I: Formatter stopped at:3:43:15 PM WIB Tuesday, October 15, 2024
AMQCO2004I: Formatter started at:3:43:15 PM WIB Tuesday, October 15, 2024
10/15/24 15:43:15.877  AMQUT0007I: The java.util.logging configuration is now set to /MQHA/SMSBROKERQM/data/SMSBROKER!QM/./amqp/amqptraceOff.properties.
10/15/24 15:43:18.277  AMQXR0015I: AMQP Service started successfully (0 channels running, 0 channels stopped). PID(1079).
AMQCO2004I: Formatter started at:4:57:47 PM WIB Saturday, October 19, 2024
10/19/24 16:57:47.879  AMQUT0007I: The java.util.logging configuration is now set to /opt/mqm/amqp/config/amqptraceOff.properties.
10/19/24 16:57:48.104  AMQXR0005I: Running com.ibm.mq.MQXRService.RunMQXRService version p920-L200709.
AMQCO2005I: Formatter stopped at:4:57:48 PM WIB Saturday, October 19, 2024
AMQCO2004I: Formatter started at:4:57:48 PM WIB Saturday, October 19, 2024
10/19/24 16:57:48.116  AMQUT0007I: The java.util.logging configuration is now set to /MQHA/SMSBROKERQM/data/SMSBROKER!QM/./amqp/amqptraceOff.properties.
10/19/24 16:57:50.460  AMQXR0015I: AMQP Service started successfully (0 channels running, 0 channels stopped). PID(1071).
AMQCO2004I: Formatter started at:2:36:20 AM WIB Monday, October 21, 2024
10/21/24 02:36:20.888  AMQUT0007I: The java.util.logging configuration is now set to /opt/mqm/amqp/config/amqptraceOff.properties.
10/21/24 02:36:21.357  AMQXR0005I: Running com.ibm.mq.MQXRService.RunMQXRService version p920-L200709.
AMQCO2005I: Formatter stopped at:2:36:21 AM WIB Monday, October 21, 2024
AMQCO2004I: Formatter started at:2:36:21 AM WIB Monday, October 21, 2024
10/21/24 02:36:21.366  AMQUT0007I: The java.util.logging configuration is now set to /MQHA/SMSBROKERQM/data/SMSBROKER!QM/./amqp/amqptraceOff.properties.
10/21/24 02:36:26.119  AMQXR0015I: AMQP Service started successfully (0 channels running, 0 channels stopped). PID(1027).
AMQCO2004I: Formatter started at:2:40:57 AM WIB Monday, October 21, 2024
10/21/24 02:40:57.717  AMQUT0007I: The java.util.logging configuration is now set to /opt/mqm/amqp/config/amqptraceOff.properties.
10/21/24 02:40:58.168  AMQXR0005I: Running com.ibm.mq.MQXRService.RunMQXRService version p920-L200709.
AMQCO2005I: Formatter stopped at:2:40:58 AM WIB Monday, October 21, 2024
AMQCO2004I: Formatter started at:2:40:58 AM WIB Monday, October 21, 2024
10/21/24 02:40:58.201  AMQUT0007I: The java.util.logging configuration is now set to /MQHA/SMSBROKERQM/data/SMSBROKER!QM/./amqp/amqptraceOff.properties.
10/21/24 02:41:01.779  AMQXR0015I: AMQP Service started successfully (0 channels running, 0 channels stopped). PID(1002).
AMQCO2004I: Formatter started at:2:47:52 AM WIB Monday, October 21, 2024
10/21/24 02:47:52.414  AMQUT0007I: The java.util.logging configuration is now set to /opt/mqm/amqp/config/amqptraceOff.properties.
10/21/24 02:47:52.818  AMQXR0005I: Running com.ibm.mq.MQXRService.RunMQXRService version p920-L200709.
AMQCO2005I: Formatter stopped at:2:47:52 AM WIB Monday, October 21, 2024
AMQCO2004I: Formatter started at:2:47:52 AM WIB Monday, October 21, 2024
10/21/24 02:47:52.822  AMQUT0007I: The java.util.logging configuration is now set to /MQHA/SMSBROKERQM/data/SMSBROKER!QM/./amqp/amqptraceOff.properties.
10/21/24 02:47:56.546  AMQXR0015I: AMQP Service started successfully (0 channels running, 0 channels stopped). PID(1000).
