
==============================================

!Mon Jan 17 00:22:38 ICT 2022

Processing file WS_BILLPAYMENT_APP\WS_REVERSAL.msgflow.
Successfully added file WS_BILLPAYMENT_APP\WS_REVERSAL.msgflow to BAR file.

==============================================

!Mon Jan 17 00:22:38 ICT 2022

Processing file WS_BILLPAYMENT_APP\WS_PAYMENT.msgflow.
Successfully added file WS_BILLPAYMENT_APP\WS_PAYMENT.msgflow to BAR file.

==============================================

!Mon Jan 17 00:22:38 ICT 2022

Processing file WS_BILLPAYMENT_APP\WS_INQUIRY.msgflow.
Successfully added file WS_BILLPAYMENT_APP\WS_INQUIRY.msgflow to BAR file.

==============================================

!Mon Jan 17 00:22:38 ICT 2022

Processing file WS_BILLPAYMENT_APP\BP_PARSER.esql.
Successfully added file WS_BILLPAYMENT_APP\BP_PARSER.esql to BAR file.

==============================================

!Mon Jan 17 00:22:38 ICT 2022

Processing file WS_BILLPAYMENT_APP\BP_PARSER.subflow.
Successfully added file WS_BILLPAYMENT_APP\BP_PARSER.subflow to BAR file.

==============================================

!Mon Jan 17 00:22:38 ICT 2022

Processing file WS_BILLPAYMENT_APP\WS_INQUIRY.esql.
Successfully added file WS_BILLPAYMENT_APP\WS_INQUIRY.esql to BAR file.

==============================================

!Mon Jan 17 00:22:38 ICT 2022

Processing file WS_BILLPAYMENT_APP\WS_PAYMENT.esql.
Successfully added file WS_BILLPAYMENT_APP\WS_PAYMENT.esql to BAR file.

==============================================

!Mon Jan 17 00:22:38 ICT 2022

Processing file WS_BILLPAYMENT_APP\WS_REVERSAL.esql.
Successfully added file WS_BILLPAYMENT_APP\WS_REVERSAL.esql to BAR file.

==============================================

!Mon Jan 17 00:22:38 ICT 2022

Processing file WS_BILLPAYMENT_APP\application.descriptor.
Successfully added file WS_BILLPAYMENT_APP\application.descriptor to BAR file.
Elapsed time: 0 second(s).

Successfully added file WS_BILLPAYMENT_APP\application.descriptor to BAR file.

==============================================

!Mon Jan 17 00:22:38 ICT 2022

Processing file WS_BILLPAYMENT_APP\application.descriptor.
Successfully added file WS_BILLPAYMENT_APP\application.descriptor to BAR file.
Elapsed time: 0 second(s).

Successfully added file WS_BILLPAYMENT_APP\application.descriptor to BAR file.

==============================================

!Mon Jan 17 00:22:38 ICT 2022

Processing file SUBFLOW_LOGDB_LIB.
Library file SUBFLOW_LOGDB_LIB.libzip successfully added to the BAR.
Library compiled contents:
    
    Processing file SUBFLOW_LOGDB_LIB\LOG_DB_SOAP_SUBFLOW.esql.
    Successfully added file SUBFLOW_LOGDB_LIB\LOG_DB_SOAP_SUBFLOW.esql to BAR file.
    
    
    Processing file SUBFLOW_LOGDB_LIB\LOG_DB_SOAP.subflow.
    Successfully added file SUBFLOW_LOGDB_LIB\LOG_DB_SOAP.subflow to BAR file.
    
    
    Processing file SUBFLOW_LOGDB_LIB\LOG_DB_REST_CLIENT_SUBFLOW.esql.
    Successfully added file SUBFLOW_LOGDB_LIB\LOG_DB_REST_CLIENT_SUBFLOW.esql to BAR file.
    
    
    Processing file SUBFLOW_LOGDB_LIB\LOG_DB_SOAP_CLIENT.subflow.
    Successfully added file SUBFLOW_LOGDB_LIB\LOG_DB_SOAP_CLIENT.subflow to BAR file.
    
    
    Processing file SUBFLOW_LOGDB_LIB\library.descriptor.
    Successfully added file SUBFLOW_LOGDB_LIB\library.descriptor to BAR file.
    Elapsed time: 0 second(s).
    
    Successfully added file SUBFLOW_LOGDB_LIB\library.descriptor to BAR file.
    
    
    Processing file SUBFLOW_LOGDB_LIB\LOG_DB_REST_CLIENT.subflow.
    Successfully added file SUBFLOW_LOGDB_LIB\LOG_DB_REST_CLIENT.subflow to BAR file.
    
    
    Processing file SUBFLOW_LOGDB_LIB\LOG_DB_SUBFLOW.subflow.
    Successfully added file SUBFLOW_LOGDB_LIB\LOG_DB_SUBFLOW.subflow to BAR file.
    
    
    Processing file SUBFLOW_LOGDB_LIB\LOG_DB_ERROR_SUBFLOW.subflow.
    Successfully added file SUBFLOW_LOGDB_LIB\LOG_DB_ERROR_SUBFLOW.subflow to BAR file.
    
    
    Processing file SUBFLOW_LOGDB_LIB\LOG_DB_SOAP_CLIENT_SUBFLOW.esql.
    Successfully added file SUBFLOW_LOGDB_LIB\LOG_DB_SOAP_CLIENT_SUBFLOW.esql to BAR file.
    

Elapsed time: 0.226 second(s).

