
==============================================

!Wed Jan 19 23:59:19 ICT 2022

Processing file SMS_IBFT_APP\ON_US_FLOW.msgflow.
Successfully added file SMS_IBFT_APP\ON_US_FLOW.msgflow to BAR file.

==============================================

!Wed Jan 19 23:59:20 ICT 2022

Processing file SMS_IBFT_APP\IBFT_REV_FLOW.msgflow.
Successfully added file SMS_IBFT_APP\IBFT_REV_FLOW.msgflow to BAR file.

==============================================

!Wed Jan 19 23:59:21 ICT 2022

Processing file SMS_IBFT_APP\IBFT_PAY_FLOW.msgflow.
Successfully added file SMS_IBFT_APP\IBFT_PAY_FLOW.msgflow to BAR file.

==============================================

!Wed Jan 19 23:59:21 ICT 2022

Processing file SMS_IBFT_APP\IBFT_INQ_FLOW.msgflow.
Successfully added file SMS_IBFT_APP\IBFT_INQ_FLOW.msgflow to BAR file.

==============================================

!Wed Jan 19 23:59:21 ICT 2022

Processing file SMS_IBFT_APP\DUMMY.esql.
Successfully added file SMS_IBFT_APP\DUMMY.esql to BAR file.

==============================================

!Wed Jan 19 23:59:21 ICT 2022

Processing file SMS_IBFT_APP\IBFT_INQ_FLOW.esql.
Successfully added file SMS_IBFT_APP\IBFT_INQ_FLOW.esql to BAR file.

==============================================

!Wed Jan 19 23:59:21 ICT 2022

Processing file SMS_IBFT_APP\IBFT_PAY_FLOW.esql.
Successfully added file SMS_IBFT_APP\IBFT_PAY_FLOW.esql to BAR file.

==============================================

!Wed Jan 19 23:59:21 ICT 2022

Processing file SMS_IBFT_APP\IBFT_REV_FLOW.esql.
Successfully added file SMS_IBFT_APP\IBFT_REV_FLOW.esql to BAR file.

==============================================

!Wed Jan 19 23:59:21 ICT 2022

Processing file SMS_IBFT_APP\ON_US_FLOW.esql.
Successfully added file SMS_IBFT_APP\ON_US_FLOW.esql to BAR file.

==============================================

!Wed Jan 19 23:59:21 ICT 2022

Processing file SMS_IBFT_APP\UTIL_SMS.esql.
Successfully added file SMS_IBFT_APP\UTIL_SMS.esql to BAR file.

==============================================

!Wed Jan 19 23:59:21 ICT 2022

Processing file SMS_IBFT_APP\application.descriptor.
Successfully added file SMS_IBFT_APP\application.descriptor to BAR file.
Elapsed time: 0 second(s).

Successfully added file SMS_IBFT_APP\application.descriptor to BAR file.

==============================================

!Wed Jan 19 23:59:21 ICT 2022

Processing file SMS_IBFT_APP\application.descriptor.
Successfully added file SMS_IBFT_APP\application.descriptor to BAR file.
Elapsed time: 0 second(s).

Successfully added file SMS_IBFT_APP\application.descriptor to BAR file.

==============================================

!Wed Jan 19 23:59:21 ICT 2022

Processing file SUBFLOW_LOGDB_LIB.
Library file SUBFLOW_LOGDB_LIB.libzip successfully added to the BAR.
Library compiled contents:
    
    Processing file SUBFLOW_LOGDB_LIB\LOG_DB_SOAP_SUBFLOW.esql.
    Successfully added file SUBFLOW_LOGDB_LIB\LOG_DB_SOAP_SUBFLOW.esql to BAR file.
    
    
    Processing file SUBFLOW_LOGDB_LIB\LOG_DB_SOAP.subflow.
    Successfully added file SUBFLOW_LOGDB_LIB\LOG_DB_SOAP.subflow to BAR file.
    
    
    Processing file SUBFLOW_LOGDB_LIB\LOG_DB_REST_CLIENT_SUBFLOW.esql.
    Successfully added file SUBFLOW_LOGDB_LIB\LOG_DB_REST_CLIENT_SUBFLOW.esql to BAR file.
    
    
    Processing file SUBFLOW_LOGDB_LIB\LOG_DB_SOAP_CLIENT.subflow.
    Successfully added file SUBFLOW_LOGDB_LIB\LOG_DB_SOAP_CLIENT.subflow to BAR file.
    
    
    Processing file SUBFLOW_LOGDB_LIB\library.descriptor.
    Successfully added file SUBFLOW_LOGDB_LIB\library.descriptor to BAR file.
    Elapsed time: 0 second(s).
    
    Successfully added file SUBFLOW_LOGDB_LIB\library.descriptor to BAR file.
    
    
    Processing file SUBFLOW_LOGDB_LIB\LOG_DB_REST_CLIENT.subflow.
    Successfully added file SUBFLOW_LOGDB_LIB\LOG_DB_REST_CLIENT.subflow to BAR file.
    
    
    Processing file SUBFLOW_LOGDB_LIB\LOG_DB_SUBFLOW.subflow.
    Successfully added file SUBFLOW_LOGDB_LIB\LOG_DB_SUBFLOW.subflow to BAR file.
    
    
    Processing file SUBFLOW_LOGDB_LIB\LOG_DB_ERROR_SUBFLOW.subflow.
    Successfully added file SUBFLOW_LOGDB_LIB\LOG_DB_ERROR_SUBFLOW.subflow to BAR file.
    
    
    Processing file SUBFLOW_LOGDB_LIB\LOG_DB_SOAP_CLIENT_SUBFLOW.esql.
    Successfully added file SUBFLOW_LOGDB_LIB\LOG_DB_SOAP_CLIENT_SUBFLOW.esql to BAR file.
    

Elapsed time: 0.432 second(s).


