
==============================================

!Tue Apr 11 15:07:46 ICT 2023

Processing file LOG_DB_JSON_APP\LOG_DB_JSON_FLOW.msgflow.
Successfully added file LOG_DB_JSON_APP\LOG_DB_JSON_FLOW.msgflow to BAR file.

==============================================

!Tue Apr 11 15:07:46 ICT 2023

Processing file LOG_DB_JSON_APP\LOG_DB_JSON_FLOW.esql.
Successfully added file LOG_DB_JSON_APP\LOG_DB_JSON_FLOW.esql to BAR file.

==============================================

!Tue Apr 11 15:07:46 ICT 2023

Processing file LOG_DB_JSON_APP\application.descriptor.
Successfully added file LOG_DB_JSON_APP\application.descriptor to BAR file.
Elapsed time: 0.001 second(s).

Successfully added file LOG_DB_JSON_APP\application.descriptor to BAR file.

==============================================

!Tue Apr 11 15:07:46 ICT 2023

Processing file LOG_DB_JSON_APP\application.descriptor.
Successfully added file LOG_DB_JSON_APP\application.descriptor to BAR file.
Elapsed time: 0 second(s).

Successfully added file LOG_DB_JSON_APP\application.descriptor to BAR file.

